11:53:45.722 [main                     ] DEBUG GameApplication      - Logger initialized
11:53:45.734 [main                     ] DEBUG GameApplication      - Logging settings
Title: AndreaGameApp
Version: 0.1
Width: 600
Height: 600
Fullscreen: false
Intro: false
Profiling: false
Single step:false
App Mode: DEVELOPER
Menu Key: ESCAPE
Stage Style: DECORATED
Scene Factory: class com.almasb.fxgl.app.scene.SceneFactory

11:53:46.101 [JavaFX Application Thread] DEBUG GameApplication      - Initializing FXGL
11:53:46.107 [JavaFX Application Thread] INFO  Engine               - FXGL-11.9 (27.05.2020 17.31) on WINDOWS (J:14.0.1 FX:13.0.2)
11:53:46.107 [JavaFX Application Thread] DEBUG Engine               - JRE Vendor Name: Oracle Corporation
11:53:46.108 [JavaFX Application Thread] DEBUG Engine               - Running on OS: Windows 10 version 10.0
11:53:46.108 [JavaFX Application Thread] DEBUG Engine               - Architecture: amd64
11:53:46.108 [JavaFX Application Thread] INFO  Engine               - Source code and latest versions at: https://github.com/AlmasB/FXGL
11:53:46.108 [JavaFX Application Thread] INFO  Engine               -              Join the FXGL chat at: https://gitter.im/AlmasB/FXGL
11:53:46.196 [JavaFX Application Thread] DEBUG MainWindow           - Creating a JavaFX scene
11:53:46.236 [JavaFX Application Thread] DEBUG MainWindow           - Target settings size: 600.0 x 600.0
11:53:46.236 [JavaFX Application Thread] DEBUG MainWindow           - Scaled scene size:    600.0 x 600.0
11:53:46.236 [JavaFX Application Thread] DEBUG MainWindow           - Scaled ratio: (1.0, 1.0)
11:53:46.237 [JavaFX Application Thread] DEBUG MainWindow           - Set initial scene to FXGLStartupScene
11:53:46.242 [JavaFX Application Thread] DEBUG MainWindow           - Opening main window
11:53:46.312 [JavaFX Application Thread] DEBUG MainWindow           - Window border size: (14.4000244140625, 37.5999755859375)
11:53:46.312 [JavaFX Application Thread] DEBUG MainWindow           - Scaled size: 600.0 x 600.0
11:53:46.312 [JavaFX Application Thread] DEBUG MainWindow           - Scaled ratio: (1.0, 1.0)
11:53:46.313 [JavaFX Application Thread] DEBUG MainWindow           - Scene size: 600.0 x 600.0
11:53:46.313 [JavaFX Application Thread] DEBUG MainWindow           - Stage size: 614.4000244140625 x 637.5999755859375
11:53:46.321 [FXGL Background Thread 1 ] DEBUG Engine               - Initializing environment variables
11:53:46.351 [FXGL Background Thread 1 ] DEBUG WindowService        - Applying CSS: fxgl_dark.css
11:53:46.351 [FXGL Background Thread 1 ] DEBUG AssetLoaderService   - Loading from file system: /assets/ui/css/fxgl_dark.css
11:53:46.395 [FXGL Background Thread 1 ] DEBUG WindowService        - Initializing application scenes
11:53:46.428 [FXGL Background Thread 1 ] DEBUG GameWorld            - Game world initialized
11:53:46.470 [FXGL Background Thread 1 ] DEBUG PhysicsWorld         - Physics world initialized: appHeight=600, physics.ppm=50,0
11:53:46.472 [FXGL Background Thread 1 ] DEBUG GameScene            - Game scene initialized: 600x600
11:53:46.498 [FXGL Background Thread 1 ] DEBUG AssetLoaderService   - Loading from file system: /assets/textures/particles/trace_horizontal.png
11:53:46.553 [FXGL Background Thread 1 ] WARN  FXGL.DefaultMenu     - FXGLDefaultMenu is not designed for resolutions < 800x600
11:53:46.553 [FXGL Background Thread 1 ] DEBUG FXGL.DefaultMenu     - createMenuBodyGameMenu()
11:53:46.569 [FXGL Background Thread 1 ] DEBUG FXGL.DefaultMenu     - createOptionsMenu()
11:53:46.573 [FXGL Background Thread 1 ] DEBUG AssetLoaderService   - Loading from file system: /assets/textures/particles/smoke.png
11:53:46.645 [FXGL Background Thread 1 ] DEBUG WindowService        - Application scenes initialized
11:53:46.656 [FXGL Background Thread 1 ] DEBUG SystemBundleService  - Loading FXGL system data
11:53:46.660 [FXGL Background Thread 1 ] DEBUG FileSystemAccess     - Reading from: C:\Users\Andrea\Desktop\informatica\1a-2s-Metodologie di programmazione\Progetto\traffic-scut-sac\JavaTraffic\system\fxgl.bundle
11:53:46.665 [FXGL Background Thread 1 ] DEBUG SystemBundleService  - Bundle FXGL: {}
11:53:46.665 [FXGL Background Thread 1 ] INFO  Engine               - FXGL initialization took: 0,341 sec
11:53:46.667 [FXGL Background Thread 1 ] DEBUG GameApplication      - Loading localizations
11:53:46.668 [FXGL Background Thread 1 ] DEBUG AssetLoaderService   - Loading from file system: /assets/languages/english.lang
11:53:46.678 [FXGL Background Thread 1 ] DEBUG AssetLoaderService   - Loading from file system: /assets/languages/french.lang
11:53:46.680 [FXGL Background Thread 1 ] DEBUG AssetLoaderService   - Loading from file system: /assets/languages/german.lang
11:53:46.681 [FXGL Background Thread 1 ] DEBUG AssetLoaderService   - Loading from file system: /assets/languages/hungarian.lang
11:53:46.683 [FXGL Background Thread 1 ] DEBUG AssetLoaderService   - Loading from file system: /assets/languages/russian.lang
11:53:46.685 [FXGL Background Thread 1 ] DEBUG GameApplication      - Registering font factories with UI factory
11:53:46.685 [FXGL Background Thread 1 ] DEBUG AssetLoaderService   - Loading from file system: /assets/ui/fonts/VarelaRound-Regular.ttf
11:53:46.724 [FXGL Background Thread 1 ] DEBUG AssetLoaderService   - Loading from file system: /assets/ui/fonts/Abel-Regular.ttf
11:53:46.727 [FXGL Background Thread 1 ] DEBUG AssetLoaderService   - Loading from file system: /assets/ui/fonts/lucida_console.ttf
11:53:46.731 [FXGL Background Thread 1 ] DEBUG AssetLoaderService   - Loading from file system: /assets/ui/fonts/Courier-Prime.ttf
11:53:46.740 [JavaFX Application Thread] DEBUG Input                - Registered new binding: Move Right - D
11:53:46.740 [JavaFX Application Thread] DEBUG Input                - Registered new binding: Move Left - A
11:53:46.740 [JavaFX Application Thread] DEBUG Input                - Registered new binding: Move Up - W
11:53:46.741 [JavaFX Application Thread] DEBUG Input                - Registered new binding: Move Down - S
11:53:46.741 [JavaFX Application Thread] DEBUG AssetLoaderService   - Loading from file system: /assets/textures/fxgl_icon.png
11:53:46.757 [JavaFX Application Thread] DEBUG AssetLoaderService   - Loading from file system: /assets/ui/cursors/fxgl_default.png
11:53:46.759 [JavaFX Application Thread] DEBUG Input                - Registered new binding: Screenshot - P
11:53:46.760 [JavaFX Application Thread] DEBUG Input                - Registered new binding: System info dump - CTRL+9
11:53:46.760 [JavaFX Application Thread] DEBUG Input                - Registered new binding: Restart - CTRL+R
11:53:46.761 [JavaFX Application Thread] DEBUG LoopRunner           - Starting loop
11:53:46.779 [JavaFX Application Thread] DEBUG FXGLStartupScene     - STARTUP
11:53:46.779 [JavaFX Application Thread] DEBUG WindowService        - Starting new game
11:53:46.780 [JavaFX Application Thread] DEBUG Input                - Clearing active input actions
11:53:46.790 [JavaFX Application Thread] DEBUG WindowService        - Removing overlay from FXGLStartupScene and adding to FXGLLoadingScene
11:53:46.790 [JavaFX Application Thread] DEBUG MainWindow           - FXGLStartupScene -> FXGLLoadingScene
11:53:46.790 [JavaFX Application Thread] DEBUG WindowService        - Clearing previous game
11:53:46.790 [JavaFX Application Thread] DEBUG GameScene            - Clearing game scene
11:53:46.791 [JavaFX Application Thread] DEBUG GameWorld            - Clearing game world
11:53:46.791 [JavaFX Application Thread] DEBUG PhysicsWorld         - Clearing physics world
11:53:46.792 [FXGL Background Thread 1 ] DEBUG GameApplication      - Initializing game
11:53:46.800 [FXGL Background Thread 1 ] DEBUG AssetLoaderService   - Loading from file system: /assets/textures/gioco-01.png
11:53:46.800 [FXGL Background Thread 1 ] WARN  AssetLoaderService   - Failed to load texture gioco-01.png Error: java.lang.IllegalArgumentException: Asset "/assets/textures/gioco-01.png" was not found!
11:53:46.883 [FXGL Background Thread 1 ] DEBUG AssetLoaderService   - Loading from file system: /assets/textures/gioco-01.png
11:53:46.883 [FXGL Background Thread 1 ] WARN  AssetLoaderService   - Failed to load texture gioco-01.png Error: java.lang.IllegalArgumentException: Asset "/assets/textures/gioco-01.png" was not found!
11:53:46.884 [FXGL Background Thread 1 ] INFO  GameApplication      - Game initialization took: 0,091 sec
11:53:46.884 [JavaFX Application Thread] DEBUG Input                - Clearing active input actions
11:53:46.892 [JavaFX Application Thread] DEBUG WindowService        - Removing overlay from FXGLLoadingScene and adding to GameScene
11:53:46.893 [JavaFX Application Thread] DEBUG MainWindow           - FXGLLoadingScene -> GameScene
11:53:49.668 [FXGL Background Thread 2 ] DEBUG Engine               - Logging environment variables
11:53:49.668 [FXGL Background Thread 2 ] DEBUG Engine               - achievements: []
11:53:49.668 [FXGL Background Thread 2 ] DEBUG Engine               - appIcon: fxgl_icon.png
11:53:49.668 [FXGL Background Thread 2 ] DEBUG Engine               - applicationMode: DEVELOPER
11:53:49.668 [FXGL Background Thread 2 ] DEBUG Engine               - cSSList: [fxgl_dark.css]
11:53:49.668 [FXGL Background Thread 2 ] DEBUG Engine               - configClass: Optional.empty
11:53:49.669 [FXGL Background Thread 2 ] DEBUG Engine               - credits: []
11:53:49.669 [FXGL Background Thread 2 ] DEBUG Engine               - devBBoxColorProperty: ObjectProperty [value: 0xff0000ff]
11:53:49.669 [FXGL Background Thread 2 ] DEBUG Engine               - devSensorColorProperty: ObjectProperty [value: 0xffff00ff]
11:53:49.669 [FXGL Background Thread 2 ] DEBUG Engine               - devShowBBoxProperty: BooleanProperty [value: false]
11:53:49.669 [FXGL Background Thread 2 ] DEBUG Engine               - devShowPositionProperty: BooleanProperty [value: false]
11:53:49.669 [FXGL Background Thread 2 ] DEBUG Engine               - enabledMenuItems: []
11:53:49.669 [FXGL Background Thread 2 ] DEBUG Engine               - engineServices: [class com.almasb.fxgl.app.GameApplication$GameApplicationService, class com.almasb.fxgl.app.services.WindowService, class com.almasb.fxgl.app.services.FXGLDialogService, class com.almasb.fxgl.app.services.IOTaskExecutorService, class com.almasb.fxgl.event.EventBusService, class com.almasb.fxgl.io.FileSystemService, class com.almasb.fxgl.localization.LocalizationService, class com.almasb.fxgl.app.services.AssetLoaderService, class com.almasb.fxgl.app.services.SystemBundleService, class com.almasb.fxgl.profile.SaveLoadService, class com.almasb.fxgl.ui.FXGLUIFactoryServiceProvider, class com.almasb.fxgl.ui.FXGLDialogFactoryServiceProvider, class com.almasb.fxgl.audio.AudioPlayer, class com.almasb.fxgl.notification.impl.NotificationServiceProvider, class com.almasb.fxgl.achievement.AchievementService, class com.almasb.fxgl.cutscene.CutsceneService, class com.almasb.fxgl.minigames.MiniGameService, class com.almasb.fxgl.net.NetService, class com.almasb.fxgl.app.services.UpdaterService, class com.almasb.fxgl.dev.DevService]
11:53:49.669 [FXGL Background Thread 2 ] DEBUG Engine               - fontGame: Abel-Regular.ttf
11:53:49.670 [FXGL Background Thread 2 ] DEBUG Engine               - fontMono: lucida_console.ttf
11:53:49.670 [FXGL Background Thread 2 ] DEBUG Engine               - fontText: Courier-Prime.ttf
11:53:49.670 [FXGL Background Thread 2 ] DEBUG Engine               - fontUI: VarelaRound-Regular.ttf
11:53:49.670 [FXGL Background Thread 2 ] DEBUG Engine               - fullScreen: BooleanProperty [value: false]
11:53:49.670 [FXGL Background Thread 2 ] DEBUG Engine               - gameDifficulty: MEDIUM
11:53:49.670 [FXGL Background Thread 2 ] DEBUG Engine               - gameDifficultyProperty: ObjectProperty [value: MEDIUM]
11:53:49.670 [FXGL Background Thread 2 ] DEBUG Engine               - globalMusicVolume: 0.5
11:53:49.670 [FXGL Background Thread 2 ] DEBUG Engine               - globalMusicVolumeProperty: DoubleProperty [value: 0.5]
11:53:49.670 [FXGL Background Thread 2 ] DEBUG Engine               - globalSoundVolume: 0.5
11:53:49.670 [FXGL Background Thread 2 ] DEBUG Engine               - globalSoundVolumeProperty: DoubleProperty [value: 0.5]
11:53:49.671 [FXGL Background Thread 2 ] DEBUG Engine               - height: 600
11:53:49.671 [FXGL Background Thread 2 ] DEBUG Engine               - isAndroid: false
11:53:49.671 [FXGL Background Thread 2 ] DEBUG Engine               - isBrowser: false
11:53:49.671 [FXGL Background Thread 2 ] DEBUG Engine               - isClickFeedbackEnabled: false
11:53:49.671 [FXGL Background Thread 2 ] DEBUG Engine               - isCloseConfirmation: false
11:53:49.671 [FXGL Background Thread 2 ] DEBUG Engine               - isDesktop: true
11:53:49.671 [FXGL Background Thread 2 ] DEBUG Engine               - isDeveloperMenuEnabled: false
11:53:49.671 [FXGL Background Thread 2 ] DEBUG Engine               - isExperimentalNative: false
11:53:49.671 [FXGL Background Thread 2 ] DEBUG Engine               - isExperimentalTiledLargeMap: false
11:53:49.671 [FXGL Background Thread 2 ] DEBUG Engine               - isFullScreenAllowed: false
11:53:49.671 [FXGL Background Thread 2 ] DEBUG Engine               - isFullScreenFromStart: false
11:53:49.672 [FXGL Background Thread 2 ] DEBUG Engine               - isGameMenuEnabled: true
11:53:49.672 [FXGL Background Thread 2 ] DEBUG Engine               - isIOS: false
11:53:49.672 [FXGL Background Thread 2 ] DEBUG Engine               - isIntroEnabled: false
11:53:49.672 [FXGL Background Thread 2 ] DEBUG Engine               - isLinux: false
11:53:49.672 [FXGL Background Thread 2 ] DEBUG Engine               - isMac: false
11:53:49.672 [FXGL Background Thread 2 ] DEBUG Engine               - isMainMenuEnabled: false
11:53:49.672 [FXGL Background Thread 2 ] DEBUG Engine               - isManualResizeEnabled: false
11:53:49.672 [FXGL Background Thread 2 ] DEBUG Engine               - isMobile: false
11:53:49.672 [FXGL Background Thread 2 ] DEBUG Engine               - isPreserveResizeRatio: false
11:53:49.672 [FXGL Background Thread 2 ] DEBUG Engine               - isProfilingEnabled: false
11:53:49.672 [FXGL Background Thread 2 ] DEBUG Engine               - isSingleStep: false
11:53:49.673 [FXGL Background Thread 2 ] DEBUG Engine               - isUserProfileEnabled: false
11:53:49.673 [FXGL Background Thread 2 ] DEBUG Engine               - isWindows: true
11:53:49.673 [FXGL Background Thread 2 ] DEBUG Engine               - language: ObjectProperty [value: ENGLISH]
11:53:49.673 [FXGL Background Thread 2 ] DEBUG Engine               - mainWindow: com.almasb.fxgl.app.MainWindow@532212d5
11:53:49.673 [FXGL Background Thread 2 ] DEBUG Engine               - menuKey: ESCAPE
11:53:49.673 [FXGL Background Thread 2 ] DEBUG Engine               - notificationViewClass: class com.almasb.fxgl.notification.view.XboxNotificationView
11:53:49.673 [FXGL Background Thread 2 ] DEBUG Engine               - pixelsPerMeter: 50.0
11:53:49.673 [FXGL Background Thread 2 ] DEBUG Engine               - platform: WINDOWS
11:53:49.673 [FXGL Background Thread 2 ] DEBUG Engine               - profileDir: profiles/
11:53:49.673 [FXGL Background Thread 2 ] DEBUG Engine               - profileName: StringProperty [value: DEFAULT]
11:53:49.673 [FXGL Background Thread 2 ] DEBUG Engine               - randomSeed: -1
11:53:49.673 [FXGL Background Thread 2 ] DEBUG Engine               - runtimeInfo: RuntimeInfo(platform=WINDOWS, version=11.9, build=27.05.2020 17.31)
11:53:49.674 [FXGL Background Thread 2 ] DEBUG Engine               - saveFileExt: sav
11:53:49.674 [FXGL Background Thread 2 ] DEBUG Engine               - sceneFactory: com.almasb.fxgl.app.scene.SceneFactory@162086d5
11:53:49.674 [FXGL Background Thread 2 ] DEBUG Engine               - secondsIn24h: 60
11:53:49.674 [FXGL Background Thread 2 ] DEBUG Engine               - settings: Title: AndreaGameApp
Version: 0.1
Width: 600
Height: 600
Fullscreen: false
Intro: false
Profiling: false
Single step:false
App Mode: DEVELOPER
Menu Key: ESCAPE
Stage Style: DECORATED
Scene Factory: class com.almasb.fxgl.app.scene.SceneFactory

11:53:49.674 [FXGL Background Thread 2 ] DEBUG Engine               - soundMenuBack: menu/back.wav
11:53:49.674 [FXGL Background Thread 2 ] DEBUG Engine               - soundMenuPress: menu/press.wav
11:53:49.674 [FXGL Background Thread 2 ] DEBUG Engine               - soundMenuSelect: menu/select.wav
11:53:49.674 [FXGL Background Thread 2 ] DEBUG Engine               - soundNotification: core/notification.wav
11:53:49.674 [FXGL Background Thread 2 ] DEBUG Engine               - stageStyle: DECORATED
11:53:49.674 [FXGL Background Thread 2 ] DEBUG Engine               - supportedLanguages: [ENGLISH, FRENCH, GERMAN, HUNGARIAN, RUSSIAN]
11:53:49.674 [FXGL Background Thread 2 ] DEBUG Engine               - title: AndreaGameApp
11:53:49.674 [FXGL Background Thread 2 ] DEBUG Engine               - urlGithub: https://github.com/AlmasB/FXGL
11:53:49.675 [FXGL Background Thread 2 ] DEBUG Engine               - urlLeaderboard: http://fxgl-top.herokuapp.com/
11:53:49.675 [FXGL Background Thread 2 ] DEBUG Engine               - urlPOM: https://raw.githubusercontent.com/AlmasB/FXGL/master/pom.xml
11:53:49.675 [FXGL Background Thread 2 ] DEBUG Engine               - version: 0.1
11:53:49.675 [FXGL Background Thread 2 ] DEBUG Engine               - versionCheckDays: 7
11:53:49.675 [FXGL Background Thread 2 ] DEBUG Engine               - width: 600
11:53:49.675 [FXGL Background Thread 2 ] DEBUG Engine               - Logging services
11:53:49.675 [FXGL Background Thread 2 ] DEBUG Engine               - class com.almasb.fxgl.app.GameApplication$GameApplicationService
11:53:49.675 [FXGL Background Thread 2 ] DEBUG Engine               - class com.almasb.fxgl.app.services.WindowService
11:53:49.675 [FXGL Background Thread 2 ] DEBUG Engine               - class com.almasb.fxgl.app.services.FXGLDialogService
11:53:49.675 [FXGL Background Thread 2 ] DEBUG Engine               - class com.almasb.fxgl.app.services.IOTaskExecutorService
11:53:49.675 [FXGL Background Thread 2 ] DEBUG Engine               - class com.almasb.fxgl.event.EventBusService
11:53:49.675 [FXGL Background Thread 2 ] DEBUG Engine               - class com.almasb.fxgl.io.FileSystemService
11:53:49.675 [FXGL Background Thread 2 ] DEBUG Engine               - class com.almasb.fxgl.localization.LocalizationService
11:53:49.675 [FXGL Background Thread 2 ] DEBUG Engine               - class com.almasb.fxgl.app.services.AssetLoaderService
11:53:49.676 [FXGL Background Thread 2 ] DEBUG Engine               - class com.almasb.fxgl.app.services.SystemBundleService
11:53:49.676 [FXGL Background Thread 2 ] DEBUG Engine               - class com.almasb.fxgl.profile.SaveLoadService
11:53:49.676 [FXGL Background Thread 2 ] DEBUG Engine               - class com.almasb.fxgl.ui.FXGLUIFactoryServiceProvider
11:53:49.676 [FXGL Background Thread 2 ] DEBUG Engine               - class com.almasb.fxgl.ui.FXGLDialogFactoryServiceProvider
11:53:49.676 [FXGL Background Thread 2 ] DEBUG Engine               - class com.almasb.fxgl.audio.AudioPlayer
11:53:49.676 [FXGL Background Thread 2 ] DEBUG Engine               - class com.almasb.fxgl.notification.impl.NotificationServiceProvider
11:53:49.676 [FXGL Background Thread 2 ] DEBUG Engine               - class com.almasb.fxgl.achievement.AchievementService
11:53:49.676 [FXGL Background Thread 2 ] DEBUG Engine               - class com.almasb.fxgl.cutscene.CutsceneService
11:53:49.676 [FXGL Background Thread 2 ] DEBUG Engine               - class com.almasb.fxgl.minigames.MiniGameService
11:53:49.676 [FXGL Background Thread 2 ] DEBUG Engine               - class com.almasb.fxgl.net.NetService
11:53:49.676 [FXGL Background Thread 2 ] DEBUG Engine               - class com.almasb.fxgl.app.services.UpdaterService
11:53:49.677 [FXGL Background Thread 2 ] DEBUG Engine               - class com.almasb.fxgl.dev.DevService
11:53:53.797 [JavaFX Application Thread] DEBUG GameApplication      - Exiting FXGL
11:53:53.798 [JavaFX Application Thread] DEBUG LoopRunner           - Stopping loop
11:53:53.798 [JavaFX Application Thread] DEBUG SystemBundleService  - Saving FXGL system data
11:53:53.799 [JavaFX Application Thread] DEBUG FileSystemAccess     - Writing to: C:\Users\Andrea\Desktop\informatica\1a-2s-Metodologie di programmazione\Progetto\traffic-scut-sac\JavaTraffic\system\fxgl.bundle
11:53:53.800 [JavaFX Application Thread] DEBUG GameApplication      - Shutting down background threads
11:53:53.800 [JavaFX Application Thread] DEBUG GameApplication      - Closing logger and exiting JavaFX
