02:53:26.690 [main                     ] DEBUG GameApplication      - Logger initialized
02:53:26.708 [main                     ] DEBUG GameApplication      - Logging settings
Title: Basic Game App
Version: 0.1
Width: 800
Height: 600
Fullscreen: false
Intro: false
Profiling: true
Single step:false
App Mode: DEVELOPER
Menu Key: ESCAPE
Stage Style: DECORATED
Scene Factory: class com.almasb.fxgl.app.scene.SceneFactory

02:53:27.173 [JavaFX Application Thread] DEBUG GameApplication      - Initializing FXGL
02:53:27.187 [JavaFX Application Thread] INFO  Engine               - FXGL-11.9 (27.05.2020 17.31) on MAC (J:14.0.1 FX:13.0.2)
02:53:27.188 [JavaFX Application Thread] DEBUG Engine               - JRE Vendor Name: Oracle Corporation
02:53:27.189 [JavaFX Application Thread] DEBUG Engine               - Running on OS: Mac OS X version 10.15.5
02:53:27.189 [JavaFX Application Thread] DEBUG Engine               - Architecture: x86_64
02:53:27.190 [JavaFX Application Thread] INFO  Engine               - Source code and latest versions at: https://github.com/AlmasB/FXGL
02:53:27.190 [JavaFX Application Thread] INFO  Engine               -              Join the FXGL chat at: https://gitter.im/AlmasB/FXGL
02:53:27.337 [JavaFX Application Thread] DEBUG MainWindow           - Creating a JavaFX scene
02:53:27.395 [JavaFX Application Thread] DEBUG MainWindow           - Target settings size: 800.0 x 600.0
02:53:27.396 [JavaFX Application Thread] DEBUG MainWindow           - Scaled scene size:    800.0 x 600.0
02:53:27.396 [JavaFX Application Thread] DEBUG MainWindow           - Scaled ratio: (1.0, 1.0)
02:53:27.398 [JavaFX Application Thread] DEBUG MainWindow           - Set initial scene to FXGLStartupScene
02:53:27.406 [JavaFX Application Thread] DEBUG MainWindow           - Opening main window
02:53:27.480 [JavaFX Application Thread] DEBUG MainWindow           - Window border size: (0.0, 22.0)
02:53:27.480 [JavaFX Application Thread] DEBUG MainWindow           - Scaled size: 800.0 x 600.0
02:53:27.480 [JavaFX Application Thread] DEBUG MainWindow           - Scaled ratio: (1.0, 1.0)
02:53:27.480 [JavaFX Application Thread] DEBUG MainWindow           - Scene size: 800.0 x 600.0
02:53:27.481 [JavaFX Application Thread] DEBUG MainWindow           - Stage size: 800.0 x 622.0
02:53:27.487 [FXGL Background Thread 1 ] DEBUG Engine               - Initializing environment variables
02:53:27.515 [FXGL Background Thread 1 ] DEBUG WindowService        - Applying CSS: fxgl_dark.css
02:53:27.516 [FXGL Background Thread 1 ] DEBUG AssetLoaderService   - Loading from file system: /assets/ui/css/fxgl_dark.css
02:53:27.586 [FXGL Background Thread 1 ] DEBUG WindowService        - Initializing application scenes
02:53:27.831 [FXGL Background Thread 1 ] DEBUG GameWorld            - Game world initialized
02:53:27.865 [FXGL Background Thread 1 ] DEBUG PhysicsWorld         - Physics world initialized: appHeight=600, physics.ppm=50,0
02:53:27.868 [FXGL Background Thread 1 ] DEBUG GameScene            - Game scene initialized: 800x600
02:53:27.904 [FXGL Background Thread 1 ] DEBUG AssetLoaderService   - Loading from file system: /assets/textures/particles/trace_horizontal.png
02:53:27.986 [FXGL Background Thread 1 ] DEBUG FXGL.DefaultMenu     - createMenuBodyGameMenu()
02:53:28.006 [FXGL Background Thread 1 ] DEBUG FXGL.DefaultMenu     - createOptionsMenu()
02:53:28.014 [FXGL Background Thread 1 ] DEBUG AssetLoaderService   - Loading from file system: /assets/textures/particles/smoke.png
02:53:28.089 [FXGL Background Thread 1 ] DEBUG WindowService        - Application scenes initialized
02:53:28.099 [FXGL Background Thread 1 ] DEBUG SystemBundleService  - Loading FXGL system data
02:53:28.103 [FXGL Background Thread 1 ] DEBUG FileSystemAccess     - Reading from: /Users/universita/Desktop/ProgettoJava/traffic-scut-sac/JavaTraffic/system/fxgl.bundle
02:53:28.111 [FXGL Background Thread 1 ] DEBUG SystemBundleService  - Bundle FXGL: {}
02:53:28.135 [FXGL Background Thread 1 ] INFO  Engine               - FXGL initialization took: 0,645 sec
02:53:28.137 [FXGL Background Thread 1 ] DEBUG GameApplication      - Loading localizations
02:53:28.138 [FXGL Background Thread 1 ] DEBUG AssetLoaderService   - Loading from file system: /assets/languages/english.lang
02:53:28.150 [FXGL Background Thread 1 ] DEBUG AssetLoaderService   - Loading from file system: /assets/languages/french.lang
02:53:28.153 [FXGL Background Thread 1 ] DEBUG AssetLoaderService   - Loading from file system: /assets/languages/german.lang
02:53:28.156 [FXGL Background Thread 1 ] DEBUG AssetLoaderService   - Loading from file system: /assets/languages/hungarian.lang
02:53:28.160 [FXGL Background Thread 1 ] DEBUG AssetLoaderService   - Loading from file system: /assets/languages/russian.lang
02:53:28.162 [FXGL Background Thread 1 ] DEBUG GameApplication      - Registering font factories with UI factory
02:53:28.163 [FXGL Background Thread 1 ] DEBUG AssetLoaderService   - Loading from file system: /assets/ui/fonts/VarelaRound-Regular.ttf
02:53:28.182 [FXGL Background Thread 1 ] DEBUG AssetLoaderService   - Loading from file system: /assets/ui/fonts/Abel-Regular.ttf
02:53:28.184 [FXGL Background Thread 1 ] DEBUG AssetLoaderService   - Loading from file system: /assets/ui/fonts/lucida_console.ttf
02:53:28.189 [FXGL Background Thread 1 ] DEBUG AssetLoaderService   - Loading from file system: /assets/ui/fonts/Courier-Prime.ttf
02:53:28.203 [JavaFX Application Thread] DEBUG Input                - Registered new binding: Move Right - D
02:53:28.203 [JavaFX Application Thread] DEBUG Input                - Registered new binding: Move Left - A
02:53:28.204 [JavaFX Application Thread] DEBUG Input                - Registered new binding: Move Up - W
02:53:28.204 [JavaFX Application Thread] DEBUG Input                - Registered new binding: Move Down - S
02:53:28.204 [JavaFX Application Thread] DEBUG AssetLoaderService   - Loading from file system: /assets/textures/fxgl_icon.png
02:53:28.232 [JavaFX Application Thread] DEBUG AssetLoaderService   - Loading from file system: /assets/ui/cursors/fxgl_default.png
02:53:28.236 [JavaFX Application Thread] DEBUG Input                - Registered new binding: Screenshot - P
02:53:28.236 [JavaFX Application Thread] DEBUG Input                - Registered new binding: Dev Options - 1
02:53:28.237 [JavaFX Application Thread] DEBUG Input                - Registered new binding: Dev Console - 2
02:53:28.237 [JavaFX Application Thread] DEBUG Input                - Registered new binding: System info dump - CTRL+9
02:53:28.238 [JavaFX Application Thread] DEBUG Input                - Registered new binding: Restart - CTRL+R
02:53:28.239 [JavaFX Application Thread] DEBUG LoopRunner           - Starting loop
02:53:28.277 [JavaFX Application Thread] DEBUG FXGLStartupScene     - STARTUP
02:53:28.277 [JavaFX Application Thread] DEBUG WindowService        - Starting new game
02:53:28.278 [JavaFX Application Thread] DEBUG Input                - Clearing active input actions
02:53:28.295 [JavaFX Application Thread] DEBUG WindowService        - Removing overlay from FXGLStartupScene and adding to FXGLLoadingScene
02:53:28.300 [JavaFX Application Thread] DEBUG MainWindow           - FXGLStartupScene -> FXGLLoadingScene
02:53:28.300 [JavaFX Application Thread] DEBUG WindowService        - Clearing previous game
02:53:28.301 [JavaFX Application Thread] DEBUG GameScene            - Clearing game scene
02:53:28.301 [JavaFX Application Thread] DEBUG GameWorld            - Clearing game world
02:53:28.301 [JavaFX Application Thread] DEBUG PhysicsWorld         - Clearing physics world
02:53:28.303 [FXGL Background Thread 1 ] DEBUG GameApplication      - Initializing game
02:53:28.317 [FXGL Background Thread 1 ] INFO  GameApplication      - Game initialization took: 0,014 sec
02:53:28.499 [JavaFX Application Thread] DEBUG Input                - Clearing active input actions
02:53:28.511 [JavaFX Application Thread] DEBUG WindowService        - Removing overlay from FXGLLoadingScene and adding to GameScene
02:53:28.544 [JavaFX Application Thread] DEBUG MainWindow           - FXGLLoadingScene -> GameScene
02:53:31.140 [FXGL Background Thread 2 ] DEBUG Engine               - Logging environment variables
02:53:31.141 [FXGL Background Thread 2 ] DEBUG Engine               - achievements: []
02:53:31.141 [FXGL Background Thread 2 ] DEBUG Engine               - appIcon: fxgl_icon.png
02:53:31.141 [FXGL Background Thread 2 ] DEBUG Engine               - applicationMode: DEVELOPER
02:53:31.141 [FXGL Background Thread 2 ] DEBUG Engine               - cSSList: [fxgl_dark.css]
02:53:31.141 [FXGL Background Thread 2 ] DEBUG Engine               - configClass: Optional.empty
02:53:31.142 [FXGL Background Thread 2 ] DEBUG Engine               - credits: []
02:53:31.142 [FXGL Background Thread 2 ] DEBUG Engine               - devBBoxColorProperty: ObjectProperty [value: 0xff0000ff]
02:53:31.142 [FXGL Background Thread 2 ] DEBUG Engine               - devSensorColorProperty: ObjectProperty [value: 0xffff00ff]
02:53:31.142 [FXGL Background Thread 2 ] DEBUG Engine               - devShowBBoxProperty: BooleanProperty [value: false]
02:53:31.143 [FXGL Background Thread 2 ] DEBUG Engine               - devShowPositionProperty: BooleanProperty [value: false]
02:53:31.143 [FXGL Background Thread 2 ] DEBUG Engine               - enabledMenuItems: []
02:53:31.143 [FXGL Background Thread 2 ] DEBUG Engine               - engineServices: [class com.almasb.fxgl.app.GameApplication$GameApplicationService, class com.almasb.fxgl.app.services.WindowService, class com.almasb.fxgl.app.services.FXGLDialogService, class com.almasb.fxgl.app.services.IOTaskExecutorService, class com.almasb.fxgl.event.EventBusService, class com.almasb.fxgl.io.FileSystemService, class com.almasb.fxgl.localization.LocalizationService, class com.almasb.fxgl.app.services.AssetLoaderService, class com.almasb.fxgl.app.services.SystemBundleService, class com.almasb.fxgl.profile.SaveLoadService, class com.almasb.fxgl.ui.FXGLUIFactoryServiceProvider, class com.almasb.fxgl.ui.FXGLDialogFactoryServiceProvider, class com.almasb.fxgl.audio.AudioPlayer, class com.almasb.fxgl.notification.impl.NotificationServiceProvider, class com.almasb.fxgl.achievement.AchievementService, class com.almasb.fxgl.cutscene.CutsceneService, class com.almasb.fxgl.minigames.MiniGameService, class com.almasb.fxgl.net.NetService, class com.almasb.fxgl.app.services.UpdaterService, class com.almasb.fxgl.dev.DevService, class com.almasb.fxgl.dev.profiling.ProfilerService]
02:53:31.143 [FXGL Background Thread 2 ] DEBUG Engine               - fontGame: Abel-Regular.ttf
02:53:31.143 [FXGL Background Thread 2 ] DEBUG Engine               - fontMono: lucida_console.ttf
02:53:31.143 [FXGL Background Thread 2 ] DEBUG Engine               - fontText: Courier-Prime.ttf
02:53:31.144 [FXGL Background Thread 2 ] DEBUG Engine               - fontUI: VarelaRound-Regular.ttf
02:53:31.144 [FXGL Background Thread 2 ] DEBUG Engine               - fullScreen: BooleanProperty [value: false]
02:53:31.144 [FXGL Background Thread 2 ] DEBUG Engine               - gameDifficulty: MEDIUM
02:53:31.144 [FXGL Background Thread 2 ] DEBUG Engine               - gameDifficultyProperty: ObjectProperty [value: MEDIUM]
02:53:31.144 [FXGL Background Thread 2 ] DEBUG Engine               - globalMusicVolume: 0.5
02:53:31.145 [FXGL Background Thread 2 ] DEBUG Engine               - globalMusicVolumeProperty: DoubleProperty [value: 0.5]
02:53:31.145 [FXGL Background Thread 2 ] DEBUG Engine               - globalSoundVolume: 0.5
02:53:31.145 [FXGL Background Thread 2 ] DEBUG Engine               - globalSoundVolumeProperty: DoubleProperty [value: 0.5]
02:53:31.145 [FXGL Background Thread 2 ] DEBUG Engine               - height: 600
02:53:31.145 [FXGL Background Thread 2 ] DEBUG Engine               - isAndroid: false
02:53:31.145 [FXGL Background Thread 2 ] DEBUG Engine               - isBrowser: false
02:53:31.146 [FXGL Background Thread 2 ] DEBUG Engine               - isClickFeedbackEnabled: false
02:53:31.146 [FXGL Background Thread 2 ] DEBUG Engine               - isCloseConfirmation: false
02:53:31.146 [FXGL Background Thread 2 ] DEBUG Engine               - isDesktop: true
02:53:31.146 [FXGL Background Thread 2 ] DEBUG Engine               - isDeveloperMenuEnabled: true
02:53:31.146 [FXGL Background Thread 2 ] DEBUG Engine               - isExperimentalNative: false
02:53:31.146 [FXGL Background Thread 2 ] DEBUG Engine               - isExperimentalTiledLargeMap: false
02:53:31.147 [FXGL Background Thread 2 ] DEBUG Engine               - isFullScreenAllowed: false
02:53:31.147 [FXGL Background Thread 2 ] DEBUG Engine               - isFullScreenFromStart: false
02:53:31.147 [FXGL Background Thread 2 ] DEBUG Engine               - isGameMenuEnabled: true
02:53:31.147 [FXGL Background Thread 2 ] DEBUG Engine               - isIOS: false
02:53:31.147 [FXGL Background Thread 2 ] DEBUG Engine               - isIntroEnabled: false
02:53:31.147 [FXGL Background Thread 2 ] DEBUG Engine               - isLinux: false
02:53:31.148 [FXGL Background Thread 2 ] DEBUG Engine               - isMac: true
02:53:31.148 [FXGL Background Thread 2 ] DEBUG Engine               - isMainMenuEnabled: false
02:53:31.148 [FXGL Background Thread 2 ] DEBUG Engine               - isManualResizeEnabled: false
02:53:31.148 [FXGL Background Thread 2 ] DEBUG Engine               - isMobile: false
02:53:31.148 [FXGL Background Thread 2 ] DEBUG Engine               - isPreserveResizeRatio: false
02:53:31.148 [FXGL Background Thread 2 ] DEBUG Engine               - isProfilingEnabled: true
02:53:31.148 [FXGL Background Thread 2 ] DEBUG Engine               - isSingleStep: false
02:53:31.149 [FXGL Background Thread 2 ] DEBUG Engine               - isUserProfileEnabled: false
02:53:31.149 [FXGL Background Thread 2 ] DEBUG Engine               - isWindows: false
02:53:31.149 [FXGL Background Thread 2 ] DEBUG Engine               - language: ObjectProperty [value: ENGLISH]
02:53:31.149 [FXGL Background Thread 2 ] DEBUG Engine               - mainWindow: com.almasb.fxgl.app.MainWindow@62e06aff
02:53:31.149 [FXGL Background Thread 2 ] DEBUG Engine               - menuKey: ESCAPE
02:53:31.149 [FXGL Background Thread 2 ] DEBUG Engine               - notificationViewClass: class com.almasb.fxgl.notification.view.XboxNotificationView
02:53:31.149 [FXGL Background Thread 2 ] DEBUG Engine               - pixelsPerMeter: 50.0
02:53:31.150 [FXGL Background Thread 2 ] DEBUG Engine               - platform: MAC
02:53:31.150 [FXGL Background Thread 2 ] DEBUG Engine               - profileDir: profiles/
02:53:31.150 [FXGL Background Thread 2 ] DEBUG Engine               - profileName: StringProperty [value: DEFAULT]
02:53:31.150 [FXGL Background Thread 2 ] DEBUG Engine               - randomSeed: -1
02:53:31.150 [FXGL Background Thread 2 ] DEBUG Engine               - runtimeInfo: RuntimeInfo(platform=MAC, version=11.9, build=27.05.2020 17.31)
02:53:31.150 [FXGL Background Thread 2 ] DEBUG Engine               - saveFileExt: sav
02:53:31.151 [FXGL Background Thread 2 ] DEBUG Engine               - sceneFactory: com.almasb.fxgl.app.scene.SceneFactory@66dff27b
02:53:31.151 [FXGL Background Thread 2 ] DEBUG Engine               - secondsIn24h: 60
02:53:31.151 [FXGL Background Thread 2 ] DEBUG Engine               - settings: Title: Basic Game App
Version: 0.1
Width: 800
Height: 600
Fullscreen: false
Intro: false
Profiling: true
Single step:false
App Mode: DEVELOPER
Menu Key: ESCAPE
Stage Style: DECORATED
Scene Factory: class com.almasb.fxgl.app.scene.SceneFactory

02:53:31.151 [FXGL Background Thread 2 ] DEBUG Engine               - soundMenuBack: menu/back.wav
02:53:31.151 [FXGL Background Thread 2 ] DEBUG Engine               - soundMenuPress: menu/press.wav
02:53:31.151 [FXGL Background Thread 2 ] DEBUG Engine               - soundMenuSelect: menu/select.wav
02:53:31.151 [FXGL Background Thread 2 ] DEBUG Engine               - soundNotification: core/notification.wav
02:53:31.151 [FXGL Background Thread 2 ] DEBUG Engine               - stageStyle: DECORATED
02:53:31.152 [FXGL Background Thread 2 ] DEBUG Engine               - supportedLanguages: [ENGLISH, FRENCH, GERMAN, HUNGARIAN, RUSSIAN]
02:53:31.152 [FXGL Background Thread 2 ] DEBUG Engine               - title: Basic Game App
02:53:31.152 [FXGL Background Thread 2 ] DEBUG Engine               - urlGithub: https://github.com/AlmasB/FXGL
02:53:31.152 [FXGL Background Thread 2 ] DEBUG Engine               - urlLeaderboard: http://fxgl-top.herokuapp.com/
02:53:31.152 [FXGL Background Thread 2 ] DEBUG Engine               - urlPOM: https://raw.githubusercontent.com/AlmasB/FXGL/master/pom.xml
02:53:31.152 [FXGL Background Thread 2 ] DEBUG Engine               - version: 0.1
02:53:31.152 [FXGL Background Thread 2 ] DEBUG Engine               - versionCheckDays: 7
02:53:31.152 [FXGL Background Thread 2 ] DEBUG Engine               - width: 800
02:53:31.153 [FXGL Background Thread 2 ] DEBUG Engine               - Logging services
02:53:31.153 [FXGL Background Thread 2 ] DEBUG Engine               - class com.almasb.fxgl.app.GameApplication$GameApplicationService
02:53:31.153 [FXGL Background Thread 2 ] DEBUG Engine               - class com.almasb.fxgl.app.services.WindowService
02:53:31.153 [FXGL Background Thread 2 ] DEBUG Engine               - class com.almasb.fxgl.app.services.FXGLDialogService
02:53:31.153 [FXGL Background Thread 2 ] DEBUG Engine               - class com.almasb.fxgl.app.services.IOTaskExecutorService
02:53:31.153 [FXGL Background Thread 2 ] DEBUG Engine               - class com.almasb.fxgl.event.EventBusService
02:53:31.153 [FXGL Background Thread 2 ] DEBUG Engine               - class com.almasb.fxgl.io.FileSystemService
02:53:31.153 [FXGL Background Thread 2 ] DEBUG Engine               - class com.almasb.fxgl.localization.LocalizationService
02:53:31.153 [FXGL Background Thread 2 ] DEBUG Engine               - class com.almasb.fxgl.app.services.AssetLoaderService
02:53:31.154 [FXGL Background Thread 2 ] DEBUG Engine               - class com.almasb.fxgl.app.services.SystemBundleService
02:53:31.154 [FXGL Background Thread 2 ] DEBUG Engine               - class com.almasb.fxgl.profile.SaveLoadService
02:53:31.154 [FXGL Background Thread 2 ] DEBUG Engine               - class com.almasb.fxgl.ui.FXGLUIFactoryServiceProvider
02:53:31.154 [FXGL Background Thread 2 ] DEBUG Engine               - class com.almasb.fxgl.ui.FXGLDialogFactoryServiceProvider
02:53:31.154 [FXGL Background Thread 2 ] DEBUG Engine               - class com.almasb.fxgl.audio.AudioPlayer
02:53:31.154 [FXGL Background Thread 2 ] DEBUG Engine               - class com.almasb.fxgl.notification.impl.NotificationServiceProvider
02:53:31.154 [FXGL Background Thread 2 ] DEBUG Engine               - class com.almasb.fxgl.achievement.AchievementService
02:53:31.154 [FXGL Background Thread 2 ] DEBUG Engine               - class com.almasb.fxgl.cutscene.CutsceneService
02:53:31.155 [FXGL Background Thread 2 ] DEBUG Engine               - class com.almasb.fxgl.minigames.MiniGameService
02:53:31.155 [FXGL Background Thread 2 ] DEBUG Engine               - class com.almasb.fxgl.net.NetService
02:53:31.155 [FXGL Background Thread 2 ] DEBUG Engine               - class com.almasb.fxgl.app.services.UpdaterService
02:53:31.155 [FXGL Background Thread 2 ] DEBUG Engine               - class com.almasb.fxgl.dev.DevService
02:53:31.155 [FXGL Background Thread 2 ] DEBUG Engine               - class com.almasb.fxgl.dev.profiling.ProfilerService
02:53:36.053 [JavaFX Application Thread] DEBUG MainWindow           - Push state: FXGLDefaultMenu
02:53:36.059 [JavaFX Application Thread] DEBUG Input                - Clearing active input actions
02:53:36.063 [JavaFX Application Thread] DEBUG WindowService        - Removing overlay from GameScene and adding to FXGLDefaultMenu
02:53:36.075 [JavaFX Application Thread] DEBUG MainWindow           - GameScene -> FXGLDefaultMenu
02:53:37.084 [JavaFX Application Thread] DEBUG Menu                 - fireExit()
02:53:37.087 [JavaFX Application Thread] DEBUG MainWindow           - Push state: DialogSubScene
02:53:37.088 [JavaFX Application Thread] DEBUG Input                - Clearing active input actions
02:53:37.090 [JavaFX Application Thread] DEBUG WindowService        - Removing overlay from FXGLDefaultMenu and adding to DialogSubScene
02:53:37.103 [JavaFX Application Thread] DEBUG MainWindow           - FXGLDefaultMenu -> DialogSubScene
02:53:37.613 [JavaFX Application Thread] DEBUG MainWindow           - Pop state: DialogSubScene
02:53:37.614 [JavaFX Application Thread] DEBUG Input                - Clearing active input actions
02:53:37.615 [JavaFX Application Thread] DEBUG WindowService        - Removing overlay from DialogSubScene and adding to FXGLDefaultMenu
02:53:37.625 [JavaFX Application Thread] DEBUG MainWindow           - FXGLDefaultMenu <- DialogSubScene
02:53:37.626 [JavaFX Application Thread] DEBUG GameApplication      - Exiting FXGL
02:53:37.626 [JavaFX Application Thread] DEBUG LoopRunner           - Stopping loop
02:53:37.626 [JavaFX Application Thread] DEBUG SystemBundleService  - Saving FXGL system data
02:53:37.629 [JavaFX Application Thread] DEBUG FileSystemAccess     - Writing to: /Users/universita/Desktop/ProgettoJava/traffic-scut-sac/JavaTraffic/system/fxgl.bundle
02:53:37.631 [JavaFX Application Thread] INFO  ProfilerService      - Processed Frames: 659
02:53:37.631 [JavaFX Application Thread] INFO  ProfilerService      - Average FPS: 59
02:53:37.631 [JavaFX Application Thread] INFO  ProfilerService      - Avg Frame Took: 14,12 ms
02:53:37.632 [JavaFX Application Thread] INFO  ProfilerService      - Avg Memory Usage: 20 MB
02:53:37.632 [JavaFX Application Thread] INFO  ProfilerService      - Min Memory Usage: 13 MB
02:53:37.632 [JavaFX Application Thread] INFO  ProfilerService      - Max Memory Usage: 32 MB
02:53:37.632 [JavaFX Application Thread] INFO  ProfilerService      - Estimated GC runs: 1
02:53:37.632 [JavaFX Application Thread] DEBUG GameApplication      - Shutting down background threads
02:53:37.632 [JavaFX Application Thread] DEBUG GameApplication      - Closing logger and exiting JavaFX
