12:57:52.507 [main                     ] DEBUG GameApplication      - Logger initialized
12:57:52.520 [main                     ] DEBUG GameApplication      - Logging settings
Title: AndreaGameApp
Version: 0.1
Width: 600
Height: 600
Fullscreen: false
Intro: false
Profiling: false
Single step:false
App Mode: DEVELOPER
Menu Key: ESCAPE
Stage Style: DECORATED
Scene Factory: class com.almasb.fxgl.app.scene.SceneFactory

12:57:52.886 [JavaFX Application Thread] DEBUG GameApplication      - Initializing FXGL
12:57:52.893 [JavaFX Application Thread] INFO  Engine               - FXGL-11.9 (27.05.2020 17.31) on WINDOWS (J:14.0.1 FX:13.0.2)
12:57:52.893 [JavaFX Application Thread] DEBUG Engine               - JRE Vendor Name: Oracle Corporation
12:57:52.893 [JavaFX Application Thread] DEBUG Engine               - Running on OS: Windows 10 version 10.0
12:57:52.894 [JavaFX Application Thread] DEBUG Engine               - Architecture: amd64
12:57:52.894 [JavaFX Application Thread] INFO  Engine               - Source code and latest versions at: https://github.com/AlmasB/FXGL
12:57:52.894 [JavaFX Application Thread] INFO  Engine               -              Join the FXGL chat at: https://gitter.im/AlmasB/FXGL
12:57:52.984 [JavaFX Application Thread] DEBUG MainWindow           - Creating a JavaFX scene
12:57:53.034 [JavaFX Application Thread] DEBUG MainWindow           - Target settings size: 600.0 x 600.0
12:57:53.034 [JavaFX Application Thread] DEBUG MainWindow           - Scaled scene size:    600.0 x 600.0
12:57:53.035 [JavaFX Application Thread] DEBUG MainWindow           - Scaled ratio: (1.0, 1.0)
12:57:53.036 [JavaFX Application Thread] DEBUG MainWindow           - Set initial scene to FXGLStartupScene
12:57:53.043 [JavaFX Application Thread] DEBUG MainWindow           - Opening main window
12:57:53.122 [JavaFX Application Thread] DEBUG MainWindow           - Window border size: (14.4000244140625, 37.5999755859375)
12:57:53.123 [JavaFX Application Thread] DEBUG MainWindow           - Scaled size: 600.0 x 600.0
12:57:53.123 [JavaFX Application Thread] DEBUG MainWindow           - Scaled ratio: (1.0, 1.0)
12:57:53.124 [JavaFX Application Thread] DEBUG MainWindow           - Scene size: 600.0 x 600.0
12:57:53.124 [JavaFX Application Thread] DEBUG MainWindow           - Stage size: 614.4000244140625 x 637.5999755859375
12:57:53.133 [FXGL Background Thread 1 ] DEBUG Engine               - Initializing environment variables
12:57:53.167 [FXGL Background Thread 1 ] DEBUG WindowService        - Applying CSS: fxgl_dark.css
12:57:53.168 [FXGL Background Thread 1 ] DEBUG AssetLoaderService   - Loading from file system: /assets/ui/css/fxgl_dark.css
12:57:53.211 [FXGL Background Thread 1 ] DEBUG WindowService        - Initializing application scenes
12:57:53.244 [FXGL Background Thread 1 ] DEBUG GameWorld            - Game world initialized
12:57:53.287 [FXGL Background Thread 1 ] DEBUG PhysicsWorld         - Physics world initialized: appHeight=600, physics.ppm=50,0
12:57:53.289 [FXGL Background Thread 1 ] DEBUG GameScene            - Game scene initialized: 600x600
12:57:53.317 [FXGL Background Thread 1 ] DEBUG AssetLoaderService   - Loading from file system: /assets/textures/particles/trace_horizontal.png
12:57:53.370 [FXGL Background Thread 1 ] WARN  FXGL.DefaultMenu     - FXGLDefaultMenu is not designed for resolutions < 800x600
12:57:53.370 [FXGL Background Thread 1 ] DEBUG FXGL.DefaultMenu     - createMenuBodyGameMenu()
12:57:53.384 [FXGL Background Thread 1 ] DEBUG FXGL.DefaultMenu     - createOptionsMenu()
12:57:53.388 [FXGL Background Thread 1 ] DEBUG AssetLoaderService   - Loading from file system: /assets/textures/particles/smoke.png
12:57:53.463 [FXGL Background Thread 1 ] DEBUG WindowService        - Application scenes initialized
12:57:53.472 [FXGL Background Thread 1 ] DEBUG SystemBundleService  - Loading FXGL system data
12:57:53.475 [FXGL Background Thread 1 ] DEBUG FileSystemAccess     - Reading from: C:\Users\Andrea\Desktop\informatica\1a-2s-Metodologie di programmazione\Progetto\traffic-scut-sac\JavaTraffic\system\fxgl.bundle
12:57:53.481 [FXGL Background Thread 1 ] DEBUG SystemBundleService  - Bundle FXGL: {}
12:57:53.481 [FXGL Background Thread 1 ] INFO  Engine               - FXGL initialization took: 0,344 sec
12:57:53.483 [FXGL Background Thread 1 ] DEBUG GameApplication      - Loading localizations
12:57:53.483 [FXGL Background Thread 1 ] DEBUG AssetLoaderService   - Loading from file system: /assets/languages/english.lang
12:57:53.498 [FXGL Background Thread 1 ] DEBUG AssetLoaderService   - Loading from file system: /assets/languages/french.lang
12:57:53.500 [FXGL Background Thread 1 ] DEBUG AssetLoaderService   - Loading from file system: /assets/languages/german.lang
12:57:53.501 [FXGL Background Thread 1 ] DEBUG AssetLoaderService   - Loading from file system: /assets/languages/hungarian.lang
12:57:53.503 [FXGL Background Thread 1 ] DEBUG AssetLoaderService   - Loading from file system: /assets/languages/russian.lang
12:57:53.505 [FXGL Background Thread 1 ] DEBUG GameApplication      - Registering font factories with UI factory
12:57:53.505 [FXGL Background Thread 1 ] DEBUG AssetLoaderService   - Loading from file system: /assets/ui/fonts/VarelaRound-Regular.ttf
12:57:53.547 [FXGL Background Thread 1 ] DEBUG AssetLoaderService   - Loading from file system: /assets/ui/fonts/Abel-Regular.ttf
12:57:53.551 [FXGL Background Thread 1 ] DEBUG AssetLoaderService   - Loading from file system: /assets/ui/fonts/lucida_console.ttf
12:57:53.556 [FXGL Background Thread 1 ] DEBUG AssetLoaderService   - Loading from file system: /assets/ui/fonts/Courier-Prime.ttf
12:57:53.566 [JavaFX Application Thread] DEBUG Input                - Registered new binding: Move Right - D
12:57:53.567 [JavaFX Application Thread] DEBUG Input                - Registered new binding: Move Left - A
12:57:53.567 [JavaFX Application Thread] DEBUG Input                - Registered new binding: Move Up - W
12:57:53.567 [JavaFX Application Thread] DEBUG Input                - Registered new binding: Move Down - S
12:57:53.567 [JavaFX Application Thread] DEBUG AssetLoaderService   - Loading from file system: /assets/textures/fxgl_icon.png
12:57:53.582 [JavaFX Application Thread] DEBUG AssetLoaderService   - Loading from file system: /assets/ui/cursors/fxgl_default.png
12:57:53.584 [JavaFX Application Thread] DEBUG Input                - Registered new binding: Screenshot - P
12:57:53.585 [JavaFX Application Thread] DEBUG Input                - Registered new binding: System info dump - CTRL+9
12:57:53.585 [JavaFX Application Thread] DEBUG Input                - Registered new binding: Restart - CTRL+R
12:57:53.586 [JavaFX Application Thread] DEBUG LoopRunner           - Starting loop
12:57:53.597 [JavaFX Application Thread] DEBUG FXGLStartupScene     - STARTUP
12:57:53.597 [JavaFX Application Thread] DEBUG WindowService        - Starting new game
12:57:53.598 [JavaFX Application Thread] DEBUG Input                - Clearing active input actions
12:57:53.606 [JavaFX Application Thread] DEBUG WindowService        - Removing overlay from FXGLStartupScene and adding to FXGLLoadingScene
12:57:53.607 [JavaFX Application Thread] DEBUG MainWindow           - FXGLStartupScene -> FXGLLoadingScene
12:57:53.607 [JavaFX Application Thread] DEBUG WindowService        - Clearing previous game
12:57:53.607 [JavaFX Application Thread] DEBUG GameScene            - Clearing game scene
12:57:53.607 [JavaFX Application Thread] DEBUG GameWorld            - Clearing game world
12:57:53.607 [JavaFX Application Thread] DEBUG PhysicsWorld         - Clearing physics world
12:57:53.608 [FXGL Background Thread 1 ] DEBUG GameApplication      - Initializing game
12:57:53.614 [FXGL Background Thread 1 ] DEBUG AssetLoaderService   - Loading from file system: /assets/textures/gioco-01.png
12:57:53.615 [FXGL Background Thread 1 ] WARN  AssetLoaderService   - Failed to load texture gioco-01.png Error: java.lang.IllegalArgumentException: Asset "/assets/textures/gioco-01.png" was not found!
12:57:53.701 [FXGL Background Thread 1 ] DEBUG AssetLoaderService   - Loading from file system: /assets/textures/aa
12:57:53.701 [FXGL Background Thread 1 ] WARN  AssetLoaderService   - Failed to load texture aa Error: java.lang.IllegalArgumentException: Asset "/assets/textures/aa" was not found!
12:57:53.704 [FXGL Background Thread 1 ] DEBUG AssetLoaderService   - Loading from file system: /assets/textures/gioco-01.png
12:57:53.705 [FXGL Background Thread 1 ] WARN  AssetLoaderService   - Failed to load texture gioco-01.png Error: java.lang.IllegalArgumentException: Asset "/assets/textures/gioco-01.png" was not found!
12:57:53.705 [FXGL Background Thread 1 ] INFO  GameApplication      - Game initialization took: 0,098 sec
12:57:53.706 [JavaFX Application Thread] DEBUG Input                - Clearing active input actions
12:57:53.719 [JavaFX Application Thread] DEBUG WindowService        - Removing overlay from FXGLLoadingScene and adding to GameScene
12:57:53.720 [JavaFX Application Thread] DEBUG MainWindow           - FXGLLoadingScene -> GameScene
12:57:56.483 [FXGL Background Thread 2 ] DEBUG Engine               - Logging environment variables
12:57:56.484 [FXGL Background Thread 2 ] DEBUG Engine               - achievements: []
12:57:56.484 [FXGL Background Thread 2 ] DEBUG Engine               - appIcon: fxgl_icon.png
12:57:56.484 [FXGL Background Thread 2 ] DEBUG Engine               - applicationMode: DEVELOPER
12:57:56.484 [FXGL Background Thread 2 ] DEBUG Engine               - cSSList: [fxgl_dark.css]
12:57:56.484 [FXGL Background Thread 2 ] DEBUG Engine               - configClass: Optional.empty
12:57:56.484 [FXGL Background Thread 2 ] DEBUG Engine               - credits: []
12:57:56.484 [FXGL Background Thread 2 ] DEBUG Engine               - devBBoxColorProperty: ObjectProperty [value: 0xff0000ff]
12:57:56.484 [FXGL Background Thread 2 ] DEBUG Engine               - devSensorColorProperty: ObjectProperty [value: 0xffff00ff]
12:57:56.485 [FXGL Background Thread 2 ] DEBUG Engine               - devShowBBoxProperty: BooleanProperty [value: false]
12:57:56.485 [FXGL Background Thread 2 ] DEBUG Engine               - devShowPositionProperty: BooleanProperty [value: false]
12:57:56.485 [FXGL Background Thread 2 ] DEBUG Engine               - enabledMenuItems: []
12:57:56.485 [FXGL Background Thread 2 ] DEBUG Engine               - engineServices: [class com.almasb.fxgl.app.GameApplication$GameApplicationService, class com.almasb.fxgl.app.services.WindowService, class com.almasb.fxgl.app.services.FXGLDialogService, class com.almasb.fxgl.app.services.IOTaskExecutorService, class com.almasb.fxgl.event.EventBusService, class com.almasb.fxgl.io.FileSystemService, class com.almasb.fxgl.localization.LocalizationService, class com.almasb.fxgl.app.services.AssetLoaderService, class com.almasb.fxgl.app.services.SystemBundleService, class com.almasb.fxgl.profile.SaveLoadService, class com.almasb.fxgl.ui.FXGLUIFactoryServiceProvider, class com.almasb.fxgl.ui.FXGLDialogFactoryServiceProvider, class com.almasb.fxgl.audio.AudioPlayer, class com.almasb.fxgl.notification.impl.NotificationServiceProvider, class com.almasb.fxgl.achievement.AchievementService, class com.almasb.fxgl.cutscene.CutsceneService, class com.almasb.fxgl.minigames.MiniGameService, class com.almasb.fxgl.net.NetService, class com.almasb.fxgl.app.services.UpdaterService, class com.almasb.fxgl.dev.DevService]
12:57:56.485 [FXGL Background Thread 2 ] DEBUG Engine               - fontGame: Abel-Regular.ttf
12:57:56.485 [FXGL Background Thread 2 ] DEBUG Engine               - fontMono: lucida_console.ttf
12:57:56.485 [FXGL Background Thread 2 ] DEBUG Engine               - fontText: Courier-Prime.ttf
12:57:56.485 [FXGL Background Thread 2 ] DEBUG Engine               - fontUI: VarelaRound-Regular.ttf
12:57:56.485 [FXGL Background Thread 2 ] DEBUG Engine               - fullScreen: BooleanProperty [value: false]
12:57:56.485 [FXGL Background Thread 2 ] DEBUG Engine               - gameDifficulty: MEDIUM
12:57:56.486 [FXGL Background Thread 2 ] DEBUG Engine               - gameDifficultyProperty: ObjectProperty [value: MEDIUM]
12:57:56.486 [FXGL Background Thread 2 ] DEBUG Engine               - globalMusicVolume: 0.5
12:57:56.486 [FXGL Background Thread 2 ] DEBUG Engine               - globalMusicVolumeProperty: DoubleProperty [value: 0.5]
12:57:56.486 [FXGL Background Thread 2 ] DEBUG Engine               - globalSoundVolume: 0.5
12:57:56.486 [FXGL Background Thread 2 ] DEBUG Engine               - globalSoundVolumeProperty: DoubleProperty [value: 0.5]
12:57:56.486 [FXGL Background Thread 2 ] DEBUG Engine               - height: 600
12:57:56.486 [FXGL Background Thread 2 ] DEBUG Engine               - isAndroid: false
12:57:56.486 [FXGL Background Thread 2 ] DEBUG Engine               - isBrowser: false
12:57:56.486 [FXGL Background Thread 2 ] DEBUG Engine               - isClickFeedbackEnabled: false
12:57:56.486 [FXGL Background Thread 2 ] DEBUG Engine               - isCloseConfirmation: false
12:57:56.486 [FXGL Background Thread 2 ] DEBUG Engine               - isDesktop: true
12:57:56.486 [FXGL Background Thread 2 ] DEBUG Engine               - isDeveloperMenuEnabled: false
12:57:56.486 [FXGL Background Thread 2 ] DEBUG Engine               - isExperimentalNative: false
12:57:56.487 [FXGL Background Thread 2 ] DEBUG Engine               - isExperimentalTiledLargeMap: false
12:57:56.487 [FXGL Background Thread 2 ] DEBUG Engine               - isFullScreenAllowed: false
12:57:56.487 [FXGL Background Thread 2 ] DEBUG Engine               - isFullScreenFromStart: false
12:57:56.487 [FXGL Background Thread 2 ] DEBUG Engine               - isGameMenuEnabled: true
12:57:56.487 [FXGL Background Thread 2 ] DEBUG Engine               - isIOS: false
12:57:56.487 [FXGL Background Thread 2 ] DEBUG Engine               - isIntroEnabled: false
12:57:56.487 [FXGL Background Thread 2 ] DEBUG Engine               - isLinux: false
12:57:56.487 [FXGL Background Thread 2 ] DEBUG Engine               - isMac: false
12:57:56.487 [FXGL Background Thread 2 ] DEBUG Engine               - isMainMenuEnabled: false
12:57:56.487 [FXGL Background Thread 2 ] DEBUG Engine               - isManualResizeEnabled: false
12:57:56.487 [FXGL Background Thread 2 ] DEBUG Engine               - isMobile: false
12:57:56.487 [FXGL Background Thread 2 ] DEBUG Engine               - isPreserveResizeRatio: false
12:57:56.487 [FXGL Background Thread 2 ] DEBUG Engine               - isProfilingEnabled: false
12:57:56.487 [FXGL Background Thread 2 ] DEBUG Engine               - isSingleStep: false
12:57:56.488 [FXGL Background Thread 2 ] DEBUG Engine               - isUserProfileEnabled: false
12:57:56.488 [FXGL Background Thread 2 ] DEBUG Engine               - isWindows: true
12:57:56.488 [FXGL Background Thread 2 ] DEBUG Engine               - language: ObjectProperty [value: ENGLISH]
12:57:56.488 [FXGL Background Thread 2 ] DEBUG Engine               - mainWindow: com.almasb.fxgl.app.MainWindow@375de8ac
12:57:56.488 [FXGL Background Thread 2 ] DEBUG Engine               - menuKey: ESCAPE
12:57:56.488 [FXGL Background Thread 2 ] DEBUG Engine               - notificationViewClass: class com.almasb.fxgl.notification.view.XboxNotificationView
12:57:56.488 [FXGL Background Thread 2 ] DEBUG Engine               - pixelsPerMeter: 50.0
12:57:56.488 [FXGL Background Thread 2 ] DEBUG Engine               - platform: WINDOWS
12:57:56.488 [FXGL Background Thread 2 ] DEBUG Engine               - profileDir: profiles/
12:57:56.488 [FXGL Background Thread 2 ] DEBUG Engine               - profileName: StringProperty [value: DEFAULT]
12:57:56.488 [FXGL Background Thread 2 ] DEBUG Engine               - randomSeed: -1
12:57:56.488 [FXGL Background Thread 2 ] DEBUG Engine               - runtimeInfo: RuntimeInfo(platform=WINDOWS, version=11.9, build=27.05.2020 17.31)
12:57:56.488 [FXGL Background Thread 2 ] DEBUG Engine               - saveFileExt: sav
12:57:56.488 [FXGL Background Thread 2 ] DEBUG Engine               - sceneFactory: com.almasb.fxgl.app.scene.SceneFactory@725f6023
12:57:56.489 [FXGL Background Thread 2 ] DEBUG Engine               - secondsIn24h: 60
12:57:56.489 [FXGL Background Thread 2 ] DEBUG Engine               - settings: Title: AndreaGameApp
Version: 0.1
Width: 600
Height: 600
Fullscreen: false
Intro: false
Profiling: false
Single step:false
App Mode: DEVELOPER
Menu Key: ESCAPE
Stage Style: DECORATED
Scene Factory: class com.almasb.fxgl.app.scene.SceneFactory

12:57:56.489 [FXGL Background Thread 2 ] DEBUG Engine               - soundMenuBack: menu/back.wav
12:57:56.489 [FXGL Background Thread 2 ] DEBUG Engine               - soundMenuPress: menu/press.wav
12:57:56.489 [FXGL Background Thread 2 ] DEBUG Engine               - soundMenuSelect: menu/select.wav
12:57:56.489 [FXGL Background Thread 2 ] DEBUG Engine               - soundNotification: core/notification.wav
12:57:56.489 [FXGL Background Thread 2 ] DEBUG Engine               - stageStyle: DECORATED
12:57:56.489 [FXGL Background Thread 2 ] DEBUG Engine               - supportedLanguages: [ENGLISH, FRENCH, GERMAN, HUNGARIAN, RUSSIAN]
12:57:56.489 [FXGL Background Thread 2 ] DEBUG Engine               - title: AndreaGameApp
12:57:56.489 [FXGL Background Thread 2 ] DEBUG Engine               - urlGithub: https://github.com/AlmasB/FXGL
12:57:56.489 [FXGL Background Thread 2 ] DEBUG Engine               - urlLeaderboard: http://fxgl-top.herokuapp.com/
12:57:56.489 [FXGL Background Thread 2 ] DEBUG Engine               - urlPOM: https://raw.githubusercontent.com/AlmasB/FXGL/master/pom.xml
12:57:56.489 [FXGL Background Thread 2 ] DEBUG Engine               - version: 0.1
12:57:56.489 [FXGL Background Thread 2 ] DEBUG Engine               - versionCheckDays: 7
12:57:56.490 [FXGL Background Thread 2 ] DEBUG Engine               - width: 600
12:57:56.490 [FXGL Background Thread 2 ] DEBUG Engine               - Logging services
12:57:56.490 [FXGL Background Thread 2 ] DEBUG Engine               - class com.almasb.fxgl.app.GameApplication$GameApplicationService
12:57:56.490 [FXGL Background Thread 2 ] DEBUG Engine               - class com.almasb.fxgl.app.services.WindowService
12:57:56.490 [FXGL Background Thread 2 ] DEBUG Engine               - class com.almasb.fxgl.app.services.FXGLDialogService
12:57:56.490 [FXGL Background Thread 2 ] DEBUG Engine               - class com.almasb.fxgl.app.services.IOTaskExecutorService
12:57:56.490 [FXGL Background Thread 2 ] DEBUG Engine               - class com.almasb.fxgl.event.EventBusService
12:57:56.490 [FXGL Background Thread 2 ] DEBUG Engine               - class com.almasb.fxgl.io.FileSystemService
12:57:56.490 [FXGL Background Thread 2 ] DEBUG Engine               - class com.almasb.fxgl.localization.LocalizationService
12:57:56.490 [FXGL Background Thread 2 ] DEBUG Engine               - class com.almasb.fxgl.app.services.AssetLoaderService
12:57:56.490 [FXGL Background Thread 2 ] DEBUG Engine               - class com.almasb.fxgl.app.services.SystemBundleService
12:57:56.491 [FXGL Background Thread 2 ] DEBUG Engine               - class com.almasb.fxgl.profile.SaveLoadService
12:57:56.491 [FXGL Background Thread 2 ] DEBUG Engine               - class com.almasb.fxgl.ui.FXGLUIFactoryServiceProvider
12:57:56.491 [FXGL Background Thread 2 ] DEBUG Engine               - class com.almasb.fxgl.ui.FXGLDialogFactoryServiceProvider
12:57:56.491 [FXGL Background Thread 2 ] DEBUG Engine               - class com.almasb.fxgl.audio.AudioPlayer
12:57:56.491 [FXGL Background Thread 2 ] DEBUG Engine               - class com.almasb.fxgl.notification.impl.NotificationServiceProvider
12:57:56.491 [FXGL Background Thread 2 ] DEBUG Engine               - class com.almasb.fxgl.achievement.AchievementService
12:57:56.491 [FXGL Background Thread 2 ] DEBUG Engine               - class com.almasb.fxgl.cutscene.CutsceneService
12:57:56.491 [FXGL Background Thread 2 ] DEBUG Engine               - class com.almasb.fxgl.minigames.MiniGameService
12:57:56.491 [FXGL Background Thread 2 ] DEBUG Engine               - class com.almasb.fxgl.net.NetService
12:57:56.491 [FXGL Background Thread 2 ] DEBUG Engine               - class com.almasb.fxgl.app.services.UpdaterService
12:57:56.491 [FXGL Background Thread 2 ] DEBUG Engine               - class com.almasb.fxgl.dev.DevService
12:58:02.028 [JavaFX Application Thread] DEBUG MainWindow           - Push state: FXGLDefaultMenu
12:58:02.031 [JavaFX Application Thread] DEBUG Input                - Clearing active input actions
12:58:02.037 [JavaFX Application Thread] DEBUG WindowService        - Removing overlay from GameScene and adding to FXGLDefaultMenu
12:58:02.038 [JavaFX Application Thread] DEBUG MainWindow           - GameScene -> FXGLDefaultMenu
12:58:03.572 [JavaFX Application Thread] DEBUG Menu                 - fireExit()
12:58:03.574 [JavaFX Application Thread] DEBUG MainWindow           - Push state: DialogSubScene
12:58:03.574 [JavaFX Application Thread] DEBUG Input                - Clearing active input actions
12:58:03.577 [JavaFX Application Thread] DEBUG WindowService        - Removing overlay from FXGLDefaultMenu and adding to DialogSubScene
12:58:03.577 [JavaFX Application Thread] DEBUG MainWindow           - FXGLDefaultMenu -> DialogSubScene
12:58:05.975 [JavaFX Application Thread] DEBUG MainWindow           - Pop state: DialogSubScene
12:58:05.975 [JavaFX Application Thread] DEBUG Input                - Clearing active input actions
12:58:05.976 [JavaFX Application Thread] DEBUG WindowService        - Removing overlay from DialogSubScene and adding to FXGLDefaultMenu
12:58:05.976 [JavaFX Application Thread] DEBUG MainWindow           - FXGLDefaultMenu <- DialogSubScene
12:58:05.976 [JavaFX Application Thread] DEBUG GameApplication      - Exiting FXGL
12:58:05.976 [JavaFX Application Thread] DEBUG LoopRunner           - Stopping loop
12:58:05.976 [JavaFX Application Thread] DEBUG SystemBundleService  - Saving FXGL system data
12:58:05.977 [JavaFX Application Thread] DEBUG FileSystemAccess     - Writing to: C:\Users\Andrea\Desktop\informatica\1a-2s-Metodologie di programmazione\Progetto\traffic-scut-sac\JavaTraffic\system\fxgl.bundle
12:58:05.979 [JavaFX Application Thread] DEBUG GameApplication      - Shutting down background threads
12:58:05.979 [JavaFX Application Thread] DEBUG GameApplication      - Closing logger and exiting JavaFX
