01:30:29.071 [main                     ] DEBUG GameApplication      - Logger initialized
01:30:29.090 [main                     ] DEBUG GameApplication      - Logging settings
Title: Traffic
Version: 0.0
Width: 800
Height: 600
Fullscreen: false
Intro: false
Profiling: false
Single step:false
App Mode: DEVELOPER
Menu Key: ESCAPE
Stage Style: DECORATED
Scene Factory: class com.almasb.fxgl.app.scene.SceneFactory

01:30:29.593 [JavaFX Application Thread] DEBUG GameApplication      - Initializing FXGL
01:30:29.603 [JavaFX Application Thread] INFO  Engine               - FXGL-11.9 (27.05.2020 17.31) on MAC (J:14.0.1 FX:13.0.2)
01:30:29.604 [JavaFX Application Thread] DEBUG Engine               - JRE Vendor Name: Oracle Corporation
01:30:29.604 [JavaFX Application Thread] DEBUG Engine               - Running on OS: Mac OS X version 10.15.5
01:30:29.604 [JavaFX Application Thread] DEBUG Engine               - Architecture: x86_64
01:30:29.605 [JavaFX Application Thread] INFO  Engine               - Source code and latest versions at: https://github.com/AlmasB/FXGL
01:30:29.605 [JavaFX Application Thread] INFO  Engine               -              Join the FXGL chat at: https://gitter.im/AlmasB/FXGL
01:30:29.767 [JavaFX Application Thread] DEBUG MainWindow           - Creating a JavaFX scene
01:30:29.828 [JavaFX Application Thread] DEBUG MainWindow           - Target settings size: 800.0 x 600.0
01:30:29.829 [JavaFX Application Thread] DEBUG MainWindow           - Scaled scene size:    800.0 x 600.0
01:30:29.829 [JavaFX Application Thread] DEBUG MainWindow           - Scaled ratio: (1.0, 1.0)
01:30:29.831 [JavaFX Application Thread] DEBUG MainWindow           - Set initial scene to FXGLStartupScene
01:30:29.838 [JavaFX Application Thread] DEBUG MainWindow           - Opening main window
01:30:29.932 [JavaFX Application Thread] DEBUG MainWindow           - Window border size: (0.0, 22.0)
01:30:29.932 [JavaFX Application Thread] DEBUG MainWindow           - Scaled size: 800.0 x 600.0
01:30:29.933 [JavaFX Application Thread] DEBUG MainWindow           - Scaled ratio: (1.0, 1.0)
01:30:29.933 [JavaFX Application Thread] DEBUG MainWindow           - Scene size: 800.0 x 600.0
01:30:29.933 [JavaFX Application Thread] DEBUG MainWindow           - Stage size: 800.0 x 622.0
01:30:29.940 [FXGL Background Thread 1 ] DEBUG Engine               - Initializing environment variables
01:30:29.976 [FXGL Background Thread 1 ] DEBUG WindowService        - Applying CSS: fxgl_dark.css
01:30:29.976 [FXGL Background Thread 1 ] DEBUG AssetLoaderService   - Loading from file system: /assets/ui/css/fxgl_dark.css
01:30:30.066 [FXGL Background Thread 1 ] DEBUG WindowService        - Initializing application scenes
01:30:30.352 [FXGL Background Thread 1 ] DEBUG GameWorld            - Game world initialized
01:30:30.399 [FXGL Background Thread 1 ] DEBUG PhysicsWorld         - Physics world initialized: appHeight=600, physics.ppm=50,0
01:30:30.402 [FXGL Background Thread 1 ] DEBUG GameScene            - Game scene initialized: 800x600
01:30:30.443 [FXGL Background Thread 1 ] DEBUG AssetLoaderService   - Loading from file system: /assets/textures/particles/trace_horizontal.png
01:30:30.504 [FXGL Background Thread 1 ] DEBUG FXGL.DefaultMenu     - createMenuBodyGameMenu()
01:30:30.523 [FXGL Background Thread 1 ] DEBUG FXGL.DefaultMenu     - createOptionsMenu()
01:30:30.530 [FXGL Background Thread 1 ] DEBUG AssetLoaderService   - Loading from file system: /assets/textures/particles/smoke.png
01:30:30.596 [FXGL Background Thread 1 ] DEBUG WindowService        - Application scenes initialized
01:30:30.608 [FXGL Background Thread 1 ] DEBUG SystemBundleService  - Loading FXGL system data
01:30:30.613 [FXGL Background Thread 1 ] DEBUG FileSystemAccess     - Reading from: /Users/universita/Desktop/ProgettoJava/traffic-scut-sac/JavaTraffic/system/fxgl.bundle
01:30:30.621 [FXGL Background Thread 1 ] DEBUG SystemBundleService  - Bundle FXGL: {}
01:30:30.621 [FXGL Background Thread 1 ] INFO  Engine               - FXGL initialization took: 0,678 sec
01:30:30.623 [FXGL Background Thread 1 ] DEBUG GameApplication      - Loading localizations
01:30:30.624 [FXGL Background Thread 1 ] DEBUG AssetLoaderService   - Loading from file system: /assets/languages/english.lang
01:30:30.641 [FXGL Background Thread 1 ] DEBUG AssetLoaderService   - Loading from file system: /assets/languages/french.lang
01:30:30.643 [FXGL Background Thread 1 ] DEBUG AssetLoaderService   - Loading from file system: /assets/languages/german.lang
01:30:30.646 [FXGL Background Thread 1 ] DEBUG AssetLoaderService   - Loading from file system: /assets/languages/hungarian.lang
01:30:30.650 [FXGL Background Thread 1 ] DEBUG AssetLoaderService   - Loading from file system: /assets/languages/russian.lang
01:30:30.653 [FXGL Background Thread 1 ] DEBUG GameApplication      - Registering font factories with UI factory
01:30:30.653 [FXGL Background Thread 1 ] DEBUG AssetLoaderService   - Loading from file system: /assets/ui/fonts/VarelaRound-Regular.ttf
01:30:30.677 [FXGL Background Thread 1 ] DEBUG AssetLoaderService   - Loading from file system: /assets/ui/fonts/Abel-Regular.ttf
01:30:30.682 [FXGL Background Thread 1 ] DEBUG AssetLoaderService   - Loading from file system: /assets/ui/fonts/lucida_console.ttf
01:30:30.690 [FXGL Background Thread 1 ] DEBUG AssetLoaderService   - Loading from file system: /assets/ui/fonts/Courier-Prime.ttf
01:30:30.698 [JavaFX Application Thread] DEBUG AssetLoaderService   - Loading from file system: /assets/textures/fxgl_icon.png
01:30:30.733 [JavaFX Application Thread] DEBUG AssetLoaderService   - Loading from file system: /assets/ui/cursors/fxgl_default.png
01:30:30.754 [JavaFX Application Thread] DEBUG Input                - Registered new binding: Screenshot - P
01:30:30.755 [JavaFX Application Thread] DEBUG Input                - Registered new binding: System info dump - CTRL+9
01:30:30.755 [JavaFX Application Thread] DEBUG Input                - Registered new binding: Restart - CTRL+R
01:30:30.756 [JavaFX Application Thread] DEBUG LoopRunner           - Starting loop
01:30:30.775 [JavaFX Application Thread] DEBUG FXGLStartupScene     - STARTUP
01:30:30.776 [JavaFX Application Thread] DEBUG WindowService        - Starting new game
01:30:30.776 [JavaFX Application Thread] DEBUG Input                - Clearing active input actions
01:30:30.794 [JavaFX Application Thread] DEBUG WindowService        - Removing overlay from FXGLStartupScene and adding to FXGLLoadingScene
01:30:30.794 [JavaFX Application Thread] DEBUG MainWindow           - FXGLStartupScene -> FXGLLoadingScene
01:30:30.795 [JavaFX Application Thread] DEBUG WindowService        - Clearing previous game
01:30:30.795 [JavaFX Application Thread] DEBUG GameScene            - Clearing game scene
01:30:30.795 [JavaFX Application Thread] DEBUG GameWorld            - Clearing game world
01:30:30.795 [JavaFX Application Thread] DEBUG PhysicsWorld         - Clearing physics world
01:30:30.796 [FXGL Background Thread 1 ] DEBUG GameApplication      - Initializing game
01:30:30.846 [FXGL Background Thread 1 ] INFO  GameApplication      - Game initialization took: 0,050 sec
01:30:30.860 [JavaFX Application Thread] DEBUG Input                - Clearing active input actions
01:30:30.872 [JavaFX Application Thread] DEBUG WindowService        - Removing overlay from FXGLLoadingScene and adding to GameScene
01:30:30.872 [JavaFX Application Thread] DEBUG MainWindow           - FXGLLoadingScene -> GameScene
01:30:33.628 [FXGL Background Thread 2 ] DEBUG Engine               - Logging environment variables
01:30:33.629 [FXGL Background Thread 2 ] DEBUG Engine               - achievements: []
01:30:33.629 [FXGL Background Thread 2 ] DEBUG Engine               - appIcon: fxgl_icon.png
01:30:33.630 [FXGL Background Thread 2 ] DEBUG Engine               - applicationMode: DEVELOPER
01:30:33.630 [FXGL Background Thread 2 ] DEBUG Engine               - cSSList: [fxgl_dark.css]
01:30:33.630 [FXGL Background Thread 2 ] DEBUG Engine               - configClass: Optional.empty
01:30:33.630 [FXGL Background Thread 2 ] DEBUG Engine               - credits: []
01:30:33.631 [FXGL Background Thread 2 ] DEBUG Engine               - devBBoxColorProperty: ObjectProperty [value: 0xff0000ff]
01:30:33.631 [FXGL Background Thread 2 ] DEBUG Engine               - devSensorColorProperty: ObjectProperty [value: 0xffff00ff]
01:30:33.631 [FXGL Background Thread 2 ] DEBUG Engine               - devShowBBoxProperty: BooleanProperty [value: false]
01:30:33.632 [FXGL Background Thread 2 ] DEBUG Engine               - devShowPositionProperty: BooleanProperty [value: false]
01:30:33.632 [FXGL Background Thread 2 ] DEBUG Engine               - enabledMenuItems: []
01:30:33.632 [FXGL Background Thread 2 ] DEBUG Engine               - engineServices: [class com.almasb.fxgl.app.GameApplication$GameApplicationService, class com.almasb.fxgl.app.services.WindowService, class com.almasb.fxgl.app.services.FXGLDialogService, class com.almasb.fxgl.app.services.IOTaskExecutorService, class com.almasb.fxgl.event.EventBusService, class com.almasb.fxgl.io.FileSystemService, class com.almasb.fxgl.localization.LocalizationService, class com.almasb.fxgl.app.services.AssetLoaderService, class com.almasb.fxgl.app.services.SystemBundleService, class com.almasb.fxgl.profile.SaveLoadService, class com.almasb.fxgl.ui.FXGLUIFactoryServiceProvider, class com.almasb.fxgl.ui.FXGLDialogFactoryServiceProvider, class com.almasb.fxgl.audio.AudioPlayer, class com.almasb.fxgl.notification.impl.NotificationServiceProvider, class com.almasb.fxgl.achievement.AchievementService, class com.almasb.fxgl.cutscene.CutsceneService, class com.almasb.fxgl.minigames.MiniGameService, class com.almasb.fxgl.net.NetService, class com.almasb.fxgl.app.services.UpdaterService, class com.almasb.fxgl.dev.DevService]
01:30:33.632 [FXGL Background Thread 2 ] DEBUG Engine               - fontGame: Abel-Regular.ttf
01:30:33.632 [FXGL Background Thread 2 ] DEBUG Engine               - fontMono: lucida_console.ttf
01:30:33.633 [FXGL Background Thread 2 ] DEBUG Engine               - fontText: Courier-Prime.ttf
01:30:33.633 [FXGL Background Thread 2 ] DEBUG Engine               - fontUI: VarelaRound-Regular.ttf
01:30:33.633 [FXGL Background Thread 2 ] DEBUG Engine               - fullScreen: BooleanProperty [value: false]
01:30:33.633 [FXGL Background Thread 2 ] DEBUG Engine               - gameDifficulty: MEDIUM
01:30:33.633 [FXGL Background Thread 2 ] DEBUG Engine               - gameDifficultyProperty: ObjectProperty [value: MEDIUM]
01:30:33.634 [FXGL Background Thread 2 ] DEBUG Engine               - globalMusicVolume: 0.5
01:30:33.634 [FXGL Background Thread 2 ] DEBUG Engine               - globalMusicVolumeProperty: DoubleProperty [value: 0.5]
01:30:33.634 [FXGL Background Thread 2 ] DEBUG Engine               - globalSoundVolume: 0.5
01:30:33.634 [FXGL Background Thread 2 ] DEBUG Engine               - globalSoundVolumeProperty: DoubleProperty [value: 0.5]
01:30:33.634 [FXGL Background Thread 2 ] DEBUG Engine               - height: 600
01:30:33.635 [FXGL Background Thread 2 ] DEBUG Engine               - isAndroid: false
01:30:33.635 [FXGL Background Thread 2 ] DEBUG Engine               - isBrowser: false
01:30:33.635 [FXGL Background Thread 2 ] DEBUG Engine               - isClickFeedbackEnabled: false
01:30:33.635 [FXGL Background Thread 2 ] DEBUG Engine               - isCloseConfirmation: false
01:30:33.635 [FXGL Background Thread 2 ] DEBUG Engine               - isDesktop: true
01:30:33.635 [FXGL Background Thread 2 ] DEBUG Engine               - isDeveloperMenuEnabled: false
01:30:33.635 [FXGL Background Thread 2 ] DEBUG Engine               - isExperimentalNative: false
01:30:33.636 [FXGL Background Thread 2 ] DEBUG Engine               - isExperimentalTiledLargeMap: false
01:30:33.636 [FXGL Background Thread 2 ] DEBUG Engine               - isFullScreenAllowed: false
01:30:33.636 [FXGL Background Thread 2 ] DEBUG Engine               - isFullScreenFromStart: false
01:30:33.636 [FXGL Background Thread 2 ] DEBUG Engine               - isGameMenuEnabled: true
01:30:33.636 [FXGL Background Thread 2 ] DEBUG Engine               - isIOS: false
01:30:33.636 [FXGL Background Thread 2 ] DEBUG Engine               - isIntroEnabled: false
01:30:33.636 [FXGL Background Thread 2 ] DEBUG Engine               - isLinux: false
01:30:33.637 [FXGL Background Thread 2 ] DEBUG Engine               - isMac: true
01:30:33.637 [FXGL Background Thread 2 ] DEBUG Engine               - isMainMenuEnabled: false
01:30:33.637 [FXGL Background Thread 2 ] DEBUG Engine               - isManualResizeEnabled: false
01:30:33.637 [FXGL Background Thread 2 ] DEBUG Engine               - isMobile: false
01:30:33.637 [FXGL Background Thread 2 ] DEBUG Engine               - isPreserveResizeRatio: false
01:30:33.637 [FXGL Background Thread 2 ] DEBUG Engine               - isProfilingEnabled: false
01:30:33.637 [FXGL Background Thread 2 ] DEBUG Engine               - isSingleStep: false
01:30:33.638 [FXGL Background Thread 2 ] DEBUG Engine               - isUserProfileEnabled: false
01:30:33.638 [FXGL Background Thread 2 ] DEBUG Engine               - isWindows: false
01:30:33.638 [FXGL Background Thread 2 ] DEBUG Engine               - language: ObjectProperty [value: ENGLISH]
01:30:33.638 [FXGL Background Thread 2 ] DEBUG Engine               - mainWindow: com.almasb.fxgl.app.MainWindow@70ceac68
01:30:33.638 [FXGL Background Thread 2 ] DEBUG Engine               - menuKey: ESCAPE
01:30:33.638 [FXGL Background Thread 2 ] DEBUG Engine               - notificationViewClass: class com.almasb.fxgl.notification.view.XboxNotificationView
01:30:33.638 [FXGL Background Thread 2 ] DEBUG Engine               - pixelsPerMeter: 50.0
01:30:33.638 [FXGL Background Thread 2 ] DEBUG Engine               - platform: MAC
01:30:33.639 [FXGL Background Thread 2 ] DEBUG Engine               - profileDir: profiles/
01:30:33.639 [FXGL Background Thread 2 ] DEBUG Engine               - profileName: StringProperty [value: DEFAULT]
01:30:33.639 [FXGL Background Thread 2 ] DEBUG Engine               - randomSeed: -1
01:30:33.639 [FXGL Background Thread 2 ] DEBUG Engine               - runtimeInfo: RuntimeInfo(platform=MAC, version=11.9, build=27.05.2020 17.31)
01:30:33.639 [FXGL Background Thread 2 ] DEBUG Engine               - saveFileExt: sav
01:30:33.639 [FXGL Background Thread 2 ] DEBUG Engine               - sceneFactory: com.almasb.fxgl.app.scene.SceneFactory@74f126a9
01:30:33.639 [FXGL Background Thread 2 ] DEBUG Engine               - secondsIn24h: 60
01:30:33.640 [FXGL Background Thread 2 ] DEBUG Engine               - settings: Title: Traffic
Version: 0.0
Width: 800
Height: 600
Fullscreen: false
Intro: false
Profiling: false
Single step:false
App Mode: DEVELOPER
Menu Key: ESCAPE
Stage Style: DECORATED
Scene Factory: class com.almasb.fxgl.app.scene.SceneFactory

01:30:33.640 [FXGL Background Thread 2 ] DEBUG Engine               - soundMenuBack: menu/back.wav
01:30:33.640 [FXGL Background Thread 2 ] DEBUG Engine               - soundMenuPress: menu/press.wav
01:30:33.640 [FXGL Background Thread 2 ] DEBUG Engine               - soundMenuSelect: menu/select.wav
01:30:33.640 [FXGL Background Thread 2 ] DEBUG Engine               - soundNotification: core/notification.wav
01:30:33.640 [FXGL Background Thread 2 ] DEBUG Engine               - stageStyle: DECORATED
01:30:33.640 [FXGL Background Thread 2 ] DEBUG Engine               - supportedLanguages: [ENGLISH, FRENCH, GERMAN, HUNGARIAN, RUSSIAN]
01:30:33.640 [FXGL Background Thread 2 ] DEBUG Engine               - title: Traffic
01:30:33.641 [FXGL Background Thread 2 ] DEBUG Engine               - urlGithub: https://github.com/AlmasB/FXGL
01:30:33.641 [FXGL Background Thread 2 ] DEBUG Engine               - urlLeaderboard: http://fxgl-top.herokuapp.com/
01:30:33.641 [FXGL Background Thread 2 ] DEBUG Engine               - urlPOM: https://raw.githubusercontent.com/AlmasB/FXGL/master/pom.xml
01:30:33.641 [FXGL Background Thread 2 ] DEBUG Engine               - version: 0.0
01:30:33.641 [FXGL Background Thread 2 ] DEBUG Engine               - versionCheckDays: 7
01:30:33.641 [FXGL Background Thread 2 ] DEBUG Engine               - width: 800
01:30:33.641 [FXGL Background Thread 2 ] DEBUG Engine               - Logging services
01:30:33.641 [FXGL Background Thread 2 ] DEBUG Engine               - class com.almasb.fxgl.app.GameApplication$GameApplicationService
01:30:33.642 [FXGL Background Thread 2 ] DEBUG Engine               - class com.almasb.fxgl.app.services.WindowService
01:30:33.642 [FXGL Background Thread 2 ] DEBUG Engine               - class com.almasb.fxgl.app.services.FXGLDialogService
01:30:33.642 [FXGL Background Thread 2 ] DEBUG Engine               - class com.almasb.fxgl.app.services.IOTaskExecutorService
01:30:33.642 [FXGL Background Thread 2 ] DEBUG Engine               - class com.almasb.fxgl.event.EventBusService
01:30:33.642 [FXGL Background Thread 2 ] DEBUG Engine               - class com.almasb.fxgl.io.FileSystemService
01:30:33.642 [FXGL Background Thread 2 ] DEBUG Engine               - class com.almasb.fxgl.localization.LocalizationService
01:30:33.642 [FXGL Background Thread 2 ] DEBUG Engine               - class com.almasb.fxgl.app.services.AssetLoaderService
01:30:33.642 [FXGL Background Thread 2 ] DEBUG Engine               - class com.almasb.fxgl.app.services.SystemBundleService
01:30:33.643 [FXGL Background Thread 2 ] DEBUG Engine               - class com.almasb.fxgl.profile.SaveLoadService
01:30:33.643 [FXGL Background Thread 2 ] DEBUG Engine               - class com.almasb.fxgl.ui.FXGLUIFactoryServiceProvider
01:30:33.643 [FXGL Background Thread 2 ] DEBUG Engine               - class com.almasb.fxgl.ui.FXGLDialogFactoryServiceProvider
01:30:33.643 [FXGL Background Thread 2 ] DEBUG Engine               - class com.almasb.fxgl.audio.AudioPlayer
01:30:33.643 [FXGL Background Thread 2 ] DEBUG Engine               - class com.almasb.fxgl.notification.impl.NotificationServiceProvider
01:30:33.644 [FXGL Background Thread 2 ] DEBUG Engine               - class com.almasb.fxgl.achievement.AchievementService
01:30:33.644 [FXGL Background Thread 2 ] DEBUG Engine               - class com.almasb.fxgl.cutscene.CutsceneService
01:30:33.644 [FXGL Background Thread 2 ] DEBUG Engine               - class com.almasb.fxgl.minigames.MiniGameService
01:30:33.644 [FXGL Background Thread 2 ] DEBUG Engine               - class com.almasb.fxgl.net.NetService
01:30:33.644 [FXGL Background Thread 2 ] DEBUG Engine               - class com.almasb.fxgl.app.services.UpdaterService
01:30:33.645 [FXGL Background Thread 2 ] DEBUG Engine               - class com.almasb.fxgl.dev.DevService
01:30:46.344 [JavaFX Application Thread] DEBUG GameApplication      - Exiting FXGL
01:30:46.344 [JavaFX Application Thread] DEBUG LoopRunner           - Stopping loop
01:30:46.345 [JavaFX Application Thread] DEBUG SystemBundleService  - Saving FXGL system data
01:30:46.348 [JavaFX Application Thread] DEBUG FileSystemAccess     - Writing to: /Users/universita/Desktop/ProgettoJava/traffic-scut-sac/JavaTraffic/system/fxgl.bundle
01:30:46.351 [JavaFX Application Thread] DEBUG GameApplication      - Shutting down background threads
01:30:46.352 [JavaFX Application Thread] DEBUG GameApplication      - Closing logger and exiting JavaFX
