01:40:26.918 [main                     ] DEBUG GameApplication      - Logger initialized
01:40:26.938 [main                     ] DEBUG GameApplication      - Logging settings
Title:   Traffic  
Version: Alpha 0.0
Width: 800
Height: 600
Fullscreen: false
Intro: false
Profiling: false
Single step:false
App Mode: DEVELOPER
Menu Key: ESCAPE
Stage Style: DECORATED
Scene Factory: class com.almasb.fxgl.app.scene.SceneFactory

01:40:27.396 [JavaFX Application Thread] DEBUG GameApplication      - Initializing FXGL
01:40:27.409 [JavaFX Application Thread] INFO  Engine               - FXGL-11.9 (27.05.2020 17.31) on MAC (J:14.0.1 FX:13.0.2)
01:40:27.409 [JavaFX Application Thread] DEBUG Engine               - JRE Vendor Name: Oracle Corporation
01:40:27.410 [JavaFX Application Thread] DEBUG Engine               - Running on OS: Mac OS X version 10.15.5
01:40:27.410 [JavaFX Application Thread] DEBUG Engine               - Architecture: x86_64
01:40:27.411 [JavaFX Application Thread] INFO  Engine               - Source code and latest versions at: https://github.com/AlmasB/FXGL
01:40:27.411 [JavaFX Application Thread] INFO  Engine               -              Join the FXGL chat at: https://gitter.im/AlmasB/FXGL
01:40:27.598 [JavaFX Application Thread] DEBUG MainWindow           - Creating a JavaFX scene
01:40:27.673 [JavaFX Application Thread] DEBUG MainWindow           - Target settings size: 800.0 x 600.0
01:40:27.673 [JavaFX Application Thread] DEBUG MainWindow           - Scaled scene size:    800.0 x 600.0
01:40:27.674 [JavaFX Application Thread] DEBUG MainWindow           - Scaled ratio: (1.0, 1.0)
01:40:27.677 [JavaFX Application Thread] DEBUG MainWindow           - Set initial scene to FXGLStartupScene
01:40:27.687 [JavaFX Application Thread] DEBUG MainWindow           - Opening main window
01:40:27.772 [JavaFX Application Thread] DEBUG MainWindow           - Window border size: (0.0, 22.0)
01:40:27.772 [JavaFX Application Thread] DEBUG MainWindow           - Scaled size: 800.0 x 600.0
01:40:27.773 [JavaFX Application Thread] DEBUG MainWindow           - Scaled ratio: (1.0, 1.0)
01:40:27.773 [JavaFX Application Thread] DEBUG MainWindow           - Scene size: 800.0 x 600.0
01:40:27.773 [JavaFX Application Thread] DEBUG MainWindow           - Stage size: 800.0 x 622.0
01:40:27.781 [FXGL Background Thread 1 ] DEBUG Engine               - Initializing environment variables
01:40:27.813 [FXGL Background Thread 1 ] DEBUG WindowService        - Applying CSS: fxgl_dark.css
01:40:27.813 [FXGL Background Thread 1 ] DEBUG AssetLoaderService   - Loading from file system: /assets/ui/css/fxgl_dark.css
01:40:27.895 [FXGL Background Thread 1 ] DEBUG WindowService        - Initializing application scenes
01:40:28.162 [FXGL Background Thread 1 ] DEBUG GameWorld            - Game world initialized
01:40:28.202 [FXGL Background Thread 1 ] DEBUG PhysicsWorld         - Physics world initialized: appHeight=600, physics.ppm=50,0
01:40:28.205 [FXGL Background Thread 1 ] DEBUG GameScene            - Game scene initialized: 800x600
01:40:28.244 [FXGL Background Thread 1 ] DEBUG AssetLoaderService   - Loading from file system: /assets/textures/particles/trace_horizontal.png
01:40:28.317 [FXGL Background Thread 1 ] DEBUG FXGL.DefaultMenu     - createMenuBodyGameMenu()
01:40:28.333 [FXGL Background Thread 1 ] DEBUG FXGL.DefaultMenu     - createOptionsMenu()
01:40:28.339 [FXGL Background Thread 1 ] DEBUG AssetLoaderService   - Loading from file system: /assets/textures/particles/smoke.png
01:40:28.427 [FXGL Background Thread 1 ] DEBUG WindowService        - Application scenes initialized
01:40:28.440 [FXGL Background Thread 1 ] DEBUG SystemBundleService  - Loading FXGL system data
01:40:28.445 [FXGL Background Thread 1 ] DEBUG FileSystemAccess     - Reading from: /Users/universita/Desktop/ProgettoJava/traffic-scut-sac/JavaTraffic/system/fxgl.bundle
01:40:28.454 [FXGL Background Thread 1 ] DEBUG SystemBundleService  - Bundle FXGL: {}
01:40:28.480 [FXGL Background Thread 1 ] INFO  Engine               - FXGL initialization took: 0,695 sec
01:40:28.482 [FXGL Background Thread 1 ] DEBUG GameApplication      - Loading localizations
01:40:28.483 [FXGL Background Thread 1 ] DEBUG AssetLoaderService   - Loading from file system: /assets/languages/english.lang
01:40:28.497 [FXGL Background Thread 1 ] DEBUG AssetLoaderService   - Loading from file system: /assets/languages/french.lang
01:40:28.499 [FXGL Background Thread 1 ] DEBUG AssetLoaderService   - Loading from file system: /assets/languages/german.lang
01:40:28.501 [FXGL Background Thread 1 ] DEBUG AssetLoaderService   - Loading from file system: /assets/languages/hungarian.lang
01:40:28.505 [FXGL Background Thread 1 ] DEBUG AssetLoaderService   - Loading from file system: /assets/languages/russian.lang
01:40:28.508 [FXGL Background Thread 1 ] DEBUG GameApplication      - Registering font factories with UI factory
01:40:28.508 [FXGL Background Thread 1 ] DEBUG AssetLoaderService   - Loading from file system: /assets/ui/fonts/VarelaRound-Regular.ttf
01:40:28.525 [FXGL Background Thread 1 ] DEBUG AssetLoaderService   - Loading from file system: /assets/ui/fonts/Abel-Regular.ttf
01:40:28.528 [FXGL Background Thread 1 ] DEBUG AssetLoaderService   - Loading from file system: /assets/ui/fonts/lucida_console.ttf
01:40:28.534 [FXGL Background Thread 1 ] DEBUG AssetLoaderService   - Loading from file system: /assets/ui/fonts/Courier-Prime.ttf
01:40:28.543 [JavaFX Application Thread] DEBUG AssetLoaderService   - Loading from file system: /assets/textures/fxgl_icon.png
01:40:28.574 [JavaFX Application Thread] DEBUG AssetLoaderService   - Loading from file system: /assets/ui/cursors/fxgl_default.png
01:40:28.585 [JavaFX Application Thread] DEBUG Input                - Registered new binding: Screenshot - P
01:40:28.585 [JavaFX Application Thread] DEBUG Input                - Registered new binding: Dev Options - 1
01:40:28.586 [JavaFX Application Thread] DEBUG Input                - Registered new binding: Dev Console - 2
01:40:28.587 [JavaFX Application Thread] DEBUG Input                - Registered new binding: System info dump - CTRL+9
01:40:28.587 [JavaFX Application Thread] DEBUG Input                - Registered new binding: Restart - CTRL+R
01:40:28.589 [JavaFX Application Thread] DEBUG LoopRunner           - Starting loop
01:40:28.632 [JavaFX Application Thread] DEBUG FXGLStartupScene     - STARTUP
01:40:28.632 [JavaFX Application Thread] DEBUG WindowService        - Starting new game
01:40:28.632 [JavaFX Application Thread] DEBUG Input                - Clearing active input actions
01:40:28.647 [JavaFX Application Thread] DEBUG WindowService        - Removing overlay from FXGLStartupScene and adding to FXGLLoadingScene
01:40:28.651 [JavaFX Application Thread] DEBUG MainWindow           - FXGLStartupScene -> FXGLLoadingScene
01:40:28.651 [JavaFX Application Thread] DEBUG WindowService        - Clearing previous game
01:40:28.651 [JavaFX Application Thread] DEBUG GameScene            - Clearing game scene
01:40:28.651 [JavaFX Application Thread] DEBUG GameWorld            - Clearing game world
01:40:28.652 [JavaFX Application Thread] DEBUG PhysicsWorld         - Clearing physics world
01:40:28.653 [FXGL Background Thread 1 ] DEBUG GameApplication      - Initializing game
01:40:28.655 [FXGL Background Thread 1 ] INFO  GameApplication      - Game initialization took: 0,001 sec
01:40:28.847 [JavaFX Application Thread] DEBUG Input                - Clearing active input actions
01:40:28.858 [JavaFX Application Thread] DEBUG WindowService        - Removing overlay from FXGLLoadingScene and adding to GameScene
01:40:28.887 [JavaFX Application Thread] DEBUG MainWindow           - FXGLLoadingScene -> GameScene
01:40:31.486 [FXGL Background Thread 2 ] DEBUG Engine               - Logging environment variables
01:40:31.488 [FXGL Background Thread 2 ] DEBUG Engine               - achievements: []
01:40:31.489 [FXGL Background Thread 2 ] DEBUG Engine               - appIcon: fxgl_icon.png
01:40:31.490 [FXGL Background Thread 2 ] DEBUG Engine               - applicationMode: DEVELOPER
01:40:31.491 [FXGL Background Thread 2 ] DEBUG Engine               - cSSList: [fxgl_dark.css]
01:40:31.491 [FXGL Background Thread 2 ] DEBUG Engine               - configClass: Optional.empty
01:40:31.491 [FXGL Background Thread 2 ] DEBUG Engine               - credits: []
01:40:31.492 [FXGL Background Thread 2 ] DEBUG Engine               - devBBoxColorProperty: ObjectProperty [value: 0xff0000ff]
01:40:31.492 [FXGL Background Thread 2 ] DEBUG Engine               - devSensorColorProperty: ObjectProperty [value: 0xffff00ff]
01:40:31.493 [FXGL Background Thread 2 ] DEBUG Engine               - devShowBBoxProperty: BooleanProperty [value: false]
01:40:31.494 [FXGL Background Thread 2 ] DEBUG Engine               - devShowPositionProperty: BooleanProperty [value: false]
01:40:31.494 [FXGL Background Thread 2 ] DEBUG Engine               - enabledMenuItems: []
01:40:31.495 [FXGL Background Thread 2 ] DEBUG Engine               - engineServices: [class com.almasb.fxgl.app.GameApplication$GameApplicationService, class com.almasb.fxgl.app.services.WindowService, class com.almasb.fxgl.app.services.FXGLDialogService, class com.almasb.fxgl.app.services.IOTaskExecutorService, class com.almasb.fxgl.event.EventBusService, class com.almasb.fxgl.io.FileSystemService, class com.almasb.fxgl.localization.LocalizationService, class com.almasb.fxgl.app.services.AssetLoaderService, class com.almasb.fxgl.app.services.SystemBundleService, class com.almasb.fxgl.profile.SaveLoadService, class com.almasb.fxgl.ui.FXGLUIFactoryServiceProvider, class com.almasb.fxgl.ui.FXGLDialogFactoryServiceProvider, class com.almasb.fxgl.audio.AudioPlayer, class com.almasb.fxgl.notification.impl.NotificationServiceProvider, class com.almasb.fxgl.achievement.AchievementService, class com.almasb.fxgl.cutscene.CutsceneService, class com.almasb.fxgl.minigames.MiniGameService, class com.almasb.fxgl.net.NetService, class com.almasb.fxgl.app.services.UpdaterService, class com.almasb.fxgl.dev.DevService]
01:40:31.495 [FXGL Background Thread 2 ] DEBUG Engine               - fontGame: Abel-Regular.ttf
01:40:31.496 [FXGL Background Thread 2 ] DEBUG Engine               - fontMono: lucida_console.ttf
01:40:31.496 [FXGL Background Thread 2 ] DEBUG Engine               - fontText: Courier-Prime.ttf
01:40:31.496 [FXGL Background Thread 2 ] DEBUG Engine               - fontUI: VarelaRound-Regular.ttf
01:40:31.497 [FXGL Background Thread 2 ] DEBUG Engine               - fullScreen: BooleanProperty [value: false]
01:40:31.497 [FXGL Background Thread 2 ] DEBUG Engine               - gameDifficulty: MEDIUM
01:40:31.497 [FXGL Background Thread 2 ] DEBUG Engine               - gameDifficultyProperty: ObjectProperty [value: MEDIUM]
01:40:31.497 [FXGL Background Thread 2 ] DEBUG Engine               - globalMusicVolume: 0.5
01:40:31.498 [FXGL Background Thread 2 ] DEBUG Engine               - globalMusicVolumeProperty: DoubleProperty [value: 0.5]
01:40:31.498 [FXGL Background Thread 2 ] DEBUG Engine               - globalSoundVolume: 0.5
01:40:31.498 [FXGL Background Thread 2 ] DEBUG Engine               - globalSoundVolumeProperty: DoubleProperty [value: 0.5]
01:40:31.499 [FXGL Background Thread 2 ] DEBUG Engine               - height: 600
01:40:31.499 [FXGL Background Thread 2 ] DEBUG Engine               - isAndroid: false
01:40:31.499 [FXGL Background Thread 2 ] DEBUG Engine               - isBrowser: false
01:40:31.499 [FXGL Background Thread 2 ] DEBUG Engine               - isClickFeedbackEnabled: false
01:40:31.500 [FXGL Background Thread 2 ] DEBUG Engine               - isCloseConfirmation: false
01:40:31.500 [FXGL Background Thread 2 ] DEBUG Engine               - isDesktop: true
01:40:31.500 [FXGL Background Thread 2 ] DEBUG Engine               - isDeveloperMenuEnabled: true
01:40:31.500 [FXGL Background Thread 2 ] DEBUG Engine               - isExperimentalNative: false
01:40:31.501 [FXGL Background Thread 2 ] DEBUG Engine               - isExperimentalTiledLargeMap: false
01:40:31.501 [FXGL Background Thread 2 ] DEBUG Engine               - isFullScreenAllowed: false
01:40:31.502 [FXGL Background Thread 2 ] DEBUG Engine               - isFullScreenFromStart: false
01:40:31.502 [FXGL Background Thread 2 ] DEBUG Engine               - isGameMenuEnabled: true
01:40:31.502 [FXGL Background Thread 2 ] DEBUG Engine               - isIOS: false
01:40:31.503 [FXGL Background Thread 2 ] DEBUG Engine               - isIntroEnabled: false
01:40:31.503 [FXGL Background Thread 2 ] DEBUG Engine               - isLinux: false
01:40:31.503 [FXGL Background Thread 2 ] DEBUG Engine               - isMac: true
01:40:31.503 [FXGL Background Thread 2 ] DEBUG Engine               - isMainMenuEnabled: false
01:40:31.504 [FXGL Background Thread 2 ] DEBUG Engine               - isManualResizeEnabled: false
01:40:31.504 [FXGL Background Thread 2 ] DEBUG Engine               - isMobile: false
01:40:31.504 [FXGL Background Thread 2 ] DEBUG Engine               - isPreserveResizeRatio: false
01:40:31.504 [FXGL Background Thread 2 ] DEBUG Engine               - isProfilingEnabled: false
01:40:31.505 [FXGL Background Thread 2 ] DEBUG Engine               - isSingleStep: false
01:40:31.505 [FXGL Background Thread 2 ] DEBUG Engine               - isUserProfileEnabled: false
01:40:31.505 [FXGL Background Thread 2 ] DEBUG Engine               - isWindows: false
01:40:31.505 [FXGL Background Thread 2 ] DEBUG Engine               - language: ObjectProperty [value: ENGLISH]
01:40:31.506 [FXGL Background Thread 2 ] DEBUG Engine               - mainWindow: com.almasb.fxgl.app.MainWindow@154402af
01:40:31.506 [FXGL Background Thread 2 ] DEBUG Engine               - menuKey: ESCAPE
01:40:31.506 [FXGL Background Thread 2 ] DEBUG Engine               - notificationViewClass: class com.almasb.fxgl.notification.view.XboxNotificationView
01:40:31.507 [FXGL Background Thread 2 ] DEBUG Engine               - pixelsPerMeter: 50.0
01:40:31.507 [FXGL Background Thread 2 ] DEBUG Engine               - platform: MAC
01:40:31.507 [FXGL Background Thread 2 ] DEBUG Engine               - profileDir: profiles/
01:40:31.507 [FXGL Background Thread 2 ] DEBUG Engine               - profileName: StringProperty [value: DEFAULT]
01:40:31.508 [FXGL Background Thread 2 ] DEBUG Engine               - randomSeed: -1
01:40:31.508 [FXGL Background Thread 2 ] DEBUG Engine               - runtimeInfo: RuntimeInfo(platform=MAC, version=11.9, build=27.05.2020 17.31)
01:40:31.508 [FXGL Background Thread 2 ] DEBUG Engine               - saveFileExt: sav
01:40:31.509 [FXGL Background Thread 2 ] DEBUG Engine               - sceneFactory: com.almasb.fxgl.app.scene.SceneFactory@117b84df
01:40:31.510 [FXGL Background Thread 2 ] DEBUG Engine               - secondsIn24h: 60
01:40:31.510 [FXGL Background Thread 2 ] DEBUG Engine               - settings: Title:   Traffic  
Version: Alpha 0.0
Width: 800
Height: 600
Fullscreen: false
Intro: false
Profiling: false
Single step:false
App Mode: DEVELOPER
Menu Key: ESCAPE
Stage Style: DECORATED
Scene Factory: class com.almasb.fxgl.app.scene.SceneFactory

01:40:31.510 [FXGL Background Thread 2 ] DEBUG Engine               - soundMenuBack: menu/back.wav
01:40:31.511 [FXGL Background Thread 2 ] DEBUG Engine               - soundMenuPress: menu/press.wav
01:40:31.511 [FXGL Background Thread 2 ] DEBUG Engine               - soundMenuSelect: menu/select.wav
01:40:31.511 [FXGL Background Thread 2 ] DEBUG Engine               - soundNotification: core/notification.wav
01:40:31.511 [FXGL Background Thread 2 ] DEBUG Engine               - stageStyle: DECORATED
01:40:31.511 [FXGL Background Thread 2 ] DEBUG Engine               - supportedLanguages: [ENGLISH, FRENCH, GERMAN, HUNGARIAN, RUSSIAN]
01:40:31.512 [FXGL Background Thread 2 ] DEBUG Engine               - title:   Traffic  
01:40:31.512 [FXGL Background Thread 2 ] DEBUG Engine               - urlGithub: https://github.com/AlmasB/FXGL
01:40:31.512 [FXGL Background Thread 2 ] DEBUG Engine               - urlLeaderboard: http://fxgl-top.herokuapp.com/
01:40:31.512 [FXGL Background Thread 2 ] DEBUG Engine               - urlPOM: https://raw.githubusercontent.com/AlmasB/FXGL/master/pom.xml
01:40:31.512 [FXGL Background Thread 2 ] DEBUG Engine               - version: Alpha 0.0
01:40:31.513 [FXGL Background Thread 2 ] DEBUG Engine               - versionCheckDays: 7
01:40:31.513 [FXGL Background Thread 2 ] DEBUG Engine               - width: 800
01:40:31.513 [FXGL Background Thread 2 ] DEBUG Engine               - Logging services
01:40:31.514 [FXGL Background Thread 2 ] DEBUG Engine               - class com.almasb.fxgl.app.GameApplication$GameApplicationService
01:40:31.514 [FXGL Background Thread 2 ] DEBUG Engine               - class com.almasb.fxgl.app.services.WindowService
01:40:31.514 [FXGL Background Thread 2 ] DEBUG Engine               - class com.almasb.fxgl.app.services.FXGLDialogService
01:40:31.514 [FXGL Background Thread 2 ] DEBUG Engine               - class com.almasb.fxgl.app.services.IOTaskExecutorService
01:40:31.514 [FXGL Background Thread 2 ] DEBUG Engine               - class com.almasb.fxgl.event.EventBusService
01:40:31.515 [FXGL Background Thread 2 ] DEBUG Engine               - class com.almasb.fxgl.io.FileSystemService
01:40:31.515 [FXGL Background Thread 2 ] DEBUG Engine               - class com.almasb.fxgl.localization.LocalizationService
01:40:31.515 [FXGL Background Thread 2 ] DEBUG Engine               - class com.almasb.fxgl.app.services.AssetLoaderService
01:40:31.515 [FXGL Background Thread 2 ] DEBUG Engine               - class com.almasb.fxgl.app.services.SystemBundleService
01:40:31.516 [FXGL Background Thread 2 ] DEBUG Engine               - class com.almasb.fxgl.profile.SaveLoadService
01:40:31.516 [FXGL Background Thread 2 ] DEBUG Engine               - class com.almasb.fxgl.ui.FXGLUIFactoryServiceProvider
01:40:31.516 [FXGL Background Thread 2 ] DEBUG Engine               - class com.almasb.fxgl.ui.FXGLDialogFactoryServiceProvider
01:40:31.516 [FXGL Background Thread 2 ] DEBUG Engine               - class com.almasb.fxgl.audio.AudioPlayer
01:40:31.516 [FXGL Background Thread 2 ] DEBUG Engine               - class com.almasb.fxgl.notification.impl.NotificationServiceProvider
01:40:31.516 [FXGL Background Thread 2 ] DEBUG Engine               - class com.almasb.fxgl.achievement.AchievementService
01:40:31.517 [FXGL Background Thread 2 ] DEBUG Engine               - class com.almasb.fxgl.cutscene.CutsceneService
01:40:31.517 [FXGL Background Thread 2 ] DEBUG Engine               - class com.almasb.fxgl.minigames.MiniGameService
01:40:31.518 [FXGL Background Thread 2 ] DEBUG Engine               - class com.almasb.fxgl.net.NetService
01:40:31.518 [FXGL Background Thread 2 ] DEBUG Engine               - class com.almasb.fxgl.app.services.UpdaterService
01:40:31.518 [FXGL Background Thread 2 ] DEBUG Engine               - class com.almasb.fxgl.dev.DevService
01:40:32.367 [JavaFX Application Thread] DEBUG MainWindow           - Push state: FXGLDefaultMenu
01:40:32.371 [JavaFX Application Thread] DEBUG Input                - Clearing active input actions
01:40:32.375 [JavaFX Application Thread] DEBUG WindowService        - Removing overlay from GameScene and adding to FXGLDefaultMenu
01:40:32.388 [JavaFX Application Thread] DEBUG MainWindow           - GameScene -> FXGLDefaultMenu
01:40:33.695 [JavaFX Application Thread] DEBUG Menu                 - fireResume()
01:40:33.698 [JavaFX Application Thread] DEBUG MainWindow           - Pop state: FXGLDefaultMenu
01:40:33.698 [JavaFX Application Thread] DEBUG Input                - Clearing active input actions
01:40:33.700 [JavaFX Application Thread] DEBUG WindowService        - Removing overlay from FXGLDefaultMenu and adding to GameScene
01:40:33.710 [JavaFX Application Thread] DEBUG MainWindow           - GameScene <- FXGLDefaultMenu
01:40:34.188 [JavaFX Application Thread] DEBUG MainWindow           - Push state: FXGLDefaultMenu
01:40:34.188 [JavaFX Application Thread] DEBUG Input                - Clearing active input actions
01:40:34.192 [JavaFX Application Thread] DEBUG WindowService        - Removing overlay from GameScene and adding to FXGLDefaultMenu
01:40:34.206 [JavaFX Application Thread] DEBUG MainWindow           - GameScene -> FXGLDefaultMenu
01:40:42.006 [JavaFX Application Thread] DEBUG Menu                 - createContentControls()
01:40:44.736 [JavaFX Application Thread] DEBUG MainWindow           - Pop state: FXGLDefaultMenu
01:40:44.736 [JavaFX Application Thread] DEBUG Input                - Clearing active input actions
01:40:44.737 [JavaFX Application Thread] DEBUG WindowService        - Removing overlay from FXGLDefaultMenu and adding to GameScene
01:40:44.745 [JavaFX Application Thread] DEBUG MainWindow           - GameScene <- FXGLDefaultMenu
01:40:51.402 [JavaFX Application Thread] DEBUG MainWindow           - Push state: FXGLDefaultMenu
01:40:51.403 [JavaFX Application Thread] DEBUG Input                - Clearing active input actions
01:40:51.410 [JavaFX Application Thread] DEBUG WindowService        - Removing overlay from GameScene and adding to FXGLDefaultMenu
01:40:51.420 [JavaFX Application Thread] DEBUG MainWindow           - GameScene -> FXGLDefaultMenu
01:40:51.864 [JavaFX Application Thread] DEBUG MainWindow           - Pop state: FXGLDefaultMenu
01:40:51.864 [JavaFX Application Thread] DEBUG Input                - Clearing active input actions
01:40:51.865 [JavaFX Application Thread] DEBUG WindowService        - Removing overlay from FXGLDefaultMenu and adding to GameScene
01:40:51.870 [JavaFX Application Thread] DEBUG MainWindow           - GameScene <- FXGLDefaultMenu
01:40:52.218 [JavaFX Application Thread] DEBUG MainWindow           - Push state: FXGLDefaultMenu
01:40:52.219 [JavaFX Application Thread] DEBUG Input                - Clearing active input actions
01:40:52.223 [JavaFX Application Thread] DEBUG WindowService        - Removing overlay from GameScene and adding to FXGLDefaultMenu
01:40:52.228 [JavaFX Application Thread] DEBUG MainWindow           - GameScene -> FXGLDefaultMenu
01:40:52.639 [JavaFX Application Thread] DEBUG MainWindow           - Pop state: FXGLDefaultMenu
01:40:52.640 [JavaFX Application Thread] DEBUG Input                - Clearing active input actions
01:40:52.640 [JavaFX Application Thread] DEBUG WindowService        - Removing overlay from FXGLDefaultMenu and adding to GameScene
01:40:52.644 [JavaFX Application Thread] DEBUG MainWindow           - GameScene <- FXGLDefaultMenu
01:41:30.474 [JavaFX Application Thread] DEBUG MainWindow           - Push state: FXGLDefaultMenu
01:41:30.475 [JavaFX Application Thread] DEBUG Input                - Clearing active input actions
01:41:30.481 [JavaFX Application Thread] DEBUG WindowService        - Removing overlay from GameScene and adding to FXGLDefaultMenu
01:41:30.488 [JavaFX Application Thread] DEBUG MainWindow           - GameScene -> FXGLDefaultMenu
01:41:31.671 [JavaFX Application Thread] DEBUG Menu                 - fireExit()
01:41:31.674 [JavaFX Application Thread] DEBUG MainWindow           - Push state: DialogSubScene
01:41:31.674 [JavaFX Application Thread] DEBUG Input                - Clearing active input actions
01:41:31.676 [JavaFX Application Thread] DEBUG WindowService        - Removing overlay from FXGLDefaultMenu and adding to DialogSubScene
01:41:31.680 [JavaFX Application Thread] DEBUG MainWindow           - FXGLDefaultMenu -> DialogSubScene
01:41:32.592 [JavaFX Application Thread] DEBUG MainWindow           - Pop state: DialogSubScene
01:41:32.592 [JavaFX Application Thread] DEBUG Input                - Clearing active input actions
01:41:32.594 [JavaFX Application Thread] DEBUG WindowService        - Removing overlay from DialogSubScene and adding to FXGLDefaultMenu
01:41:32.599 [JavaFX Application Thread] DEBUG MainWindow           - FXGLDefaultMenu <- DialogSubScene
01:41:32.599 [JavaFX Application Thread] DEBUG GameApplication      - Exiting FXGL
01:41:32.599 [JavaFX Application Thread] DEBUG LoopRunner           - Stopping loop
01:41:32.599 [JavaFX Application Thread] DEBUG SystemBundleService  - Saving FXGL system data
01:41:32.601 [JavaFX Application Thread] DEBUG FileSystemAccess     - Writing to: /Users/universita/Desktop/ProgettoJava/traffic-scut-sac/JavaTraffic/system/fxgl.bundle
01:41:32.603 [JavaFX Application Thread] DEBUG GameApplication      - Shutting down background threads
01:41:32.603 [JavaFX Application Thread] DEBUG GameApplication      - Closing logger and exiting JavaFX
