12:24:27.190 [main                     ] DEBUG GameApplication      - Logger initialized
12:24:27.202 [main                     ] DEBUG GameApplication      - Logging settings
Title: AndreaGameApp
Version: 0.1
Width: 600
Height: 600
Fullscreen: false
Intro: false
Profiling: false
Single step:false
App Mode: DEVELOPER
Menu Key: ESCAPE
Stage Style: DECORATED
Scene Factory: class com.almasb.fxgl.app.scene.SceneFactory

12:24:27.573 [JavaFX Application Thread] DEBUG GameApplication      - Initializing FXGL
12:24:27.579 [JavaFX Application Thread] INFO  Engine               - FXGL-11.9 (27.05.2020 17.31) on WINDOWS (J:14.0.1 FX:13.0.2)
12:24:27.580 [JavaFX Application Thread] DEBUG Engine               - JRE Vendor Name: Oracle Corporation
12:24:27.580 [JavaFX Application Thread] DEBUG Engine               - Running on OS: Windows 10 version 10.0
12:24:27.580 [JavaFX Application Thread] DEBUG Engine               - Architecture: amd64
12:24:27.581 [JavaFX Application Thread] INFO  Engine               - Source code and latest versions at: https://github.com/AlmasB/FXGL
12:24:27.581 [JavaFX Application Thread] INFO  Engine               -              Join the FXGL chat at: https://gitter.im/AlmasB/FXGL
12:24:27.671 [JavaFX Application Thread] DEBUG MainWindow           - Creating a JavaFX scene
12:24:27.718 [JavaFX Application Thread] DEBUG MainWindow           - Target settings size: 600.0 x 600.0
12:24:27.718 [JavaFX Application Thread] DEBUG MainWindow           - Scaled scene size:    600.0 x 600.0
12:24:27.718 [JavaFX Application Thread] DEBUG MainWindow           - Scaled ratio: (1.0, 1.0)
12:24:27.720 [JavaFX Application Thread] DEBUG MainWindow           - Set initial scene to FXGLStartupScene
12:24:27.726 [JavaFX Application Thread] DEBUG MainWindow           - Opening main window
12:24:27.798 [JavaFX Application Thread] DEBUG MainWindow           - Window border size: (14.4000244140625, 37.5999755859375)
12:24:27.799 [JavaFX Application Thread] DEBUG MainWindow           - Scaled size: 600.0 x 600.0
12:24:27.799 [JavaFX Application Thread] DEBUG MainWindow           - Scaled ratio: (1.0, 1.0)
12:24:27.799 [JavaFX Application Thread] DEBUG MainWindow           - Scene size: 600.0 x 600.0
12:24:27.799 [JavaFX Application Thread] DEBUG MainWindow           - Stage size: 614.4000244140625 x 637.5999755859375
12:24:27.806 [FXGL Background Thread 1 ] DEBUG Engine               - Initializing environment variables
12:24:27.834 [FXGL Background Thread 1 ] DEBUG WindowService        - Applying CSS: fxgl_dark.css
12:24:27.835 [FXGL Background Thread 1 ] DEBUG AssetLoaderService   - Loading from file system: /assets/ui/css/fxgl_dark.css
12:24:27.877 [FXGL Background Thread 1 ] DEBUG WindowService        - Initializing application scenes
12:24:27.920 [FXGL Background Thread 1 ] DEBUG GameWorld            - Game world initialized
12:24:27.955 [FXGL Background Thread 1 ] DEBUG PhysicsWorld         - Physics world initialized: appHeight=600, physics.ppm=50,0
12:24:27.957 [FXGL Background Thread 1 ] DEBUG GameScene            - Game scene initialized: 600x600
12:24:27.982 [FXGL Background Thread 1 ] DEBUG AssetLoaderService   - Loading from file system: /assets/textures/particles/trace_horizontal.png
12:24:28.032 [FXGL Background Thread 1 ] WARN  FXGL.DefaultMenu     - FXGLDefaultMenu is not designed for resolutions < 800x600
12:24:28.032 [FXGL Background Thread 1 ] DEBUG FXGL.DefaultMenu     - createMenuBodyGameMenu()
12:24:28.045 [FXGL Background Thread 1 ] DEBUG FXGL.DefaultMenu     - createOptionsMenu()
12:24:28.049 [FXGL Background Thread 1 ] DEBUG AssetLoaderService   - Loading from file system: /assets/textures/particles/smoke.png
12:24:28.112 [FXGL Background Thread 1 ] DEBUG WindowService        - Application scenes initialized
12:24:28.122 [FXGL Background Thread 1 ] DEBUG SystemBundleService  - Loading FXGL system data
12:24:28.125 [FXGL Background Thread 1 ] DEBUG FileSystemAccess     - Reading from: C:\Users\Andrea\Desktop\informatica\1a-2s-Metodologie di programmazione\Progetto\traffic-scut-sac\JavaTraffic\system\fxgl.bundle
12:24:28.130 [FXGL Background Thread 1 ] DEBUG SystemBundleService  - Bundle FXGL: {}
12:24:28.130 [FXGL Background Thread 1 ] INFO  Engine               - FXGL initialization took: 0,322 sec
12:24:28.131 [FXGL Background Thread 1 ] DEBUG GameApplication      - Loading localizations
12:24:28.132 [FXGL Background Thread 1 ] DEBUG AssetLoaderService   - Loading from file system: /assets/languages/english.lang
12:24:28.141 [FXGL Background Thread 1 ] DEBUG AssetLoaderService   - Loading from file system: /assets/languages/french.lang
12:24:28.143 [FXGL Background Thread 1 ] DEBUG AssetLoaderService   - Loading from file system: /assets/languages/german.lang
12:24:28.144 [FXGL Background Thread 1 ] DEBUG AssetLoaderService   - Loading from file system: /assets/languages/hungarian.lang
12:24:28.146 [FXGL Background Thread 1 ] DEBUG AssetLoaderService   - Loading from file system: /assets/languages/russian.lang
12:24:28.148 [FXGL Background Thread 1 ] DEBUG GameApplication      - Registering font factories with UI factory
12:24:28.148 [FXGL Background Thread 1 ] DEBUG AssetLoaderService   - Loading from file system: /assets/ui/fonts/VarelaRound-Regular.ttf
12:24:28.189 [FXGL Background Thread 1 ] DEBUG AssetLoaderService   - Loading from file system: /assets/ui/fonts/Abel-Regular.ttf
12:24:28.191 [FXGL Background Thread 1 ] DEBUG AssetLoaderService   - Loading from file system: /assets/ui/fonts/lucida_console.ttf
12:24:28.195 [FXGL Background Thread 1 ] DEBUG AssetLoaderService   - Loading from file system: /assets/ui/fonts/Courier-Prime.ttf
12:24:28.204 [JavaFX Application Thread] DEBUG Input                - Registered new binding: Move Right - D
12:24:28.205 [JavaFX Application Thread] DEBUG Input                - Registered new binding: Move Left - A
12:24:28.205 [JavaFX Application Thread] DEBUG Input                - Registered new binding: Move Up - W
12:24:28.205 [JavaFX Application Thread] DEBUG Input                - Registered new binding: Move Down - S
12:24:28.205 [JavaFX Application Thread] DEBUG AssetLoaderService   - Loading from file system: /assets/textures/fxgl_icon.png
12:24:28.221 [JavaFX Application Thread] DEBUG AssetLoaderService   - Loading from file system: /assets/ui/cursors/fxgl_default.png
12:24:28.223 [JavaFX Application Thread] DEBUG Input                - Registered new binding: Screenshot - P
12:24:28.224 [JavaFX Application Thread] DEBUG Input                - Registered new binding: System info dump - CTRL+9
12:24:28.224 [JavaFX Application Thread] DEBUG Input                - Registered new binding: Restart - CTRL+R
12:24:28.225 [JavaFX Application Thread] DEBUG LoopRunner           - Starting loop
12:24:28.236 [JavaFX Application Thread] DEBUG FXGLStartupScene     - STARTUP
12:24:28.236 [JavaFX Application Thread] DEBUG WindowService        - Starting new game
12:24:28.237 [JavaFX Application Thread] DEBUG Input                - Clearing active input actions
12:24:28.245 [JavaFX Application Thread] DEBUG WindowService        - Removing overlay from FXGLStartupScene and adding to FXGLLoadingScene
12:24:28.245 [JavaFX Application Thread] DEBUG MainWindow           - FXGLStartupScene -> FXGLLoadingScene
12:24:28.246 [JavaFX Application Thread] DEBUG WindowService        - Clearing previous game
12:24:28.246 [JavaFX Application Thread] DEBUG GameScene            - Clearing game scene
12:24:28.246 [JavaFX Application Thread] DEBUG GameWorld            - Clearing game world
12:24:28.246 [JavaFX Application Thread] DEBUG PhysicsWorld         - Clearing physics world
12:24:28.247 [FXGL Background Thread 1 ] DEBUG GameApplication      - Initializing game
12:24:28.255 [FXGL Background Thread 1 ] DEBUG AssetLoaderService   - Loading from file system: /assets/textures/gioco-01.png
12:24:28.255 [FXGL Background Thread 1 ] WARN  AssetLoaderService   - Failed to load texture gioco-01.png Error: java.lang.IllegalArgumentException: Asset "/assets/textures/gioco-01.png" was not found!
12:24:28.330 [FXGL Background Thread 1 ] DEBUG AssetLoaderService   - Loading from file system: /assets/textures/aa
12:24:28.330 [FXGL Background Thread 1 ] WARN  AssetLoaderService   - Failed to load texture aa Error: java.lang.IllegalArgumentException: Asset "/assets/textures/aa" was not found!
12:24:28.333 [FXGL Background Thread 1 ] DEBUG AssetLoaderService   - Loading from file system: /assets/textures/gioco-01.png
12:24:28.334 [FXGL Background Thread 1 ] WARN  AssetLoaderService   - Failed to load texture gioco-01.png Error: java.lang.IllegalArgumentException: Asset "/assets/textures/gioco-01.png" was not found!
12:24:28.334 [FXGL Background Thread 1 ] INFO  GameApplication      - Game initialization took: 0,087 sec
12:24:28.349 [JavaFX Application Thread] DEBUG Input                - Clearing active input actions
12:24:28.358 [JavaFX Application Thread] DEBUG WindowService        - Removing overlay from FXGLLoadingScene and adding to GameScene
12:24:28.359 [JavaFX Application Thread] DEBUG MainWindow           - FXGLLoadingScene -> GameScene
12:24:31.132 [FXGL Background Thread 2 ] DEBUG Engine               - Logging environment variables
12:24:31.133 [FXGL Background Thread 2 ] DEBUG Engine               - achievements: []
12:24:31.133 [FXGL Background Thread 2 ] DEBUG Engine               - appIcon: fxgl_icon.png
12:24:31.133 [FXGL Background Thread 2 ] DEBUG Engine               - applicationMode: DEVELOPER
12:24:31.133 [FXGL Background Thread 2 ] DEBUG Engine               - cSSList: [fxgl_dark.css]
12:24:31.133 [FXGL Background Thread 2 ] DEBUG Engine               - configClass: Optional.empty
12:24:31.133 [FXGL Background Thread 2 ] DEBUG Engine               - credits: []
12:24:31.133 [FXGL Background Thread 2 ] DEBUG Engine               - devBBoxColorProperty: ObjectProperty [value: 0xff0000ff]
12:24:31.133 [FXGL Background Thread 2 ] DEBUG Engine               - devSensorColorProperty: ObjectProperty [value: 0xffff00ff]
12:24:31.134 [FXGL Background Thread 2 ] DEBUG Engine               - devShowBBoxProperty: BooleanProperty [value: false]
12:24:31.134 [FXGL Background Thread 2 ] DEBUG Engine               - devShowPositionProperty: BooleanProperty [value: false]
12:24:31.134 [FXGL Background Thread 2 ] DEBUG Engine               - enabledMenuItems: []
12:24:31.134 [FXGL Background Thread 2 ] DEBUG Engine               - engineServices: [class com.almasb.fxgl.app.GameApplication$GameApplicationService, class com.almasb.fxgl.app.services.WindowService, class com.almasb.fxgl.app.services.FXGLDialogService, class com.almasb.fxgl.app.services.IOTaskExecutorService, class com.almasb.fxgl.event.EventBusService, class com.almasb.fxgl.io.FileSystemService, class com.almasb.fxgl.localization.LocalizationService, class com.almasb.fxgl.app.services.AssetLoaderService, class com.almasb.fxgl.app.services.SystemBundleService, class com.almasb.fxgl.profile.SaveLoadService, class com.almasb.fxgl.ui.FXGLUIFactoryServiceProvider, class com.almasb.fxgl.ui.FXGLDialogFactoryServiceProvider, class com.almasb.fxgl.audio.AudioPlayer, class com.almasb.fxgl.notification.impl.NotificationServiceProvider, class com.almasb.fxgl.achievement.AchievementService, class com.almasb.fxgl.cutscene.CutsceneService, class com.almasb.fxgl.minigames.MiniGameService, class com.almasb.fxgl.net.NetService, class com.almasb.fxgl.app.services.UpdaterService, class com.almasb.fxgl.dev.DevService]
12:24:31.134 [FXGL Background Thread 2 ] DEBUG Engine               - fontGame: Abel-Regular.ttf
12:24:31.134 [FXGL Background Thread 2 ] DEBUG Engine               - fontMono: lucida_console.ttf
12:24:31.134 [FXGL Background Thread 2 ] DEBUG Engine               - fontText: Courier-Prime.ttf
12:24:31.135 [FXGL Background Thread 2 ] DEBUG Engine               - fontUI: VarelaRound-Regular.ttf
12:24:31.135 [FXGL Background Thread 2 ] DEBUG Engine               - fullScreen: BooleanProperty [value: false]
12:24:31.135 [FXGL Background Thread 2 ] DEBUG Engine               - gameDifficulty: MEDIUM
12:24:31.135 [FXGL Background Thread 2 ] DEBUG Engine               - gameDifficultyProperty: ObjectProperty [value: MEDIUM]
12:24:31.135 [FXGL Background Thread 2 ] DEBUG Engine               - globalMusicVolume: 0.5
12:24:31.135 [FXGL Background Thread 2 ] DEBUG Engine               - globalMusicVolumeProperty: DoubleProperty [value: 0.5]
12:24:31.135 [FXGL Background Thread 2 ] DEBUG Engine               - globalSoundVolume: 0.5
12:24:31.135 [FXGL Background Thread 2 ] DEBUG Engine               - globalSoundVolumeProperty: DoubleProperty [value: 0.5]
12:24:31.135 [FXGL Background Thread 2 ] DEBUG Engine               - height: 600
12:24:31.136 [FXGL Background Thread 2 ] DEBUG Engine               - isAndroid: false
12:24:31.136 [FXGL Background Thread 2 ] DEBUG Engine               - isBrowser: false
12:24:31.136 [FXGL Background Thread 2 ] DEBUG Engine               - isClickFeedbackEnabled: false
12:24:31.136 [FXGL Background Thread 2 ] DEBUG Engine               - isCloseConfirmation: false
12:24:31.136 [FXGL Background Thread 2 ] DEBUG Engine               - isDesktop: true
12:24:31.136 [FXGL Background Thread 2 ] DEBUG Engine               - isDeveloperMenuEnabled: false
12:24:31.136 [FXGL Background Thread 2 ] DEBUG Engine               - isExperimentalNative: false
12:24:31.136 [FXGL Background Thread 2 ] DEBUG Engine               - isExperimentalTiledLargeMap: false
12:24:31.136 [FXGL Background Thread 2 ] DEBUG Engine               - isFullScreenAllowed: false
12:24:31.137 [FXGL Background Thread 2 ] DEBUG Engine               - isFullScreenFromStart: false
12:24:31.137 [FXGL Background Thread 2 ] DEBUG Engine               - isGameMenuEnabled: true
12:24:31.137 [FXGL Background Thread 2 ] DEBUG Engine               - isIOS: false
12:24:31.137 [FXGL Background Thread 2 ] DEBUG Engine               - isIntroEnabled: false
12:24:31.137 [FXGL Background Thread 2 ] DEBUG Engine               - isLinux: false
12:24:31.137 [FXGL Background Thread 2 ] DEBUG Engine               - isMac: false
12:24:31.137 [FXGL Background Thread 2 ] DEBUG Engine               - isMainMenuEnabled: false
12:24:31.137 [FXGL Background Thread 2 ] DEBUG Engine               - isManualResizeEnabled: false
12:24:31.137 [FXGL Background Thread 2 ] DEBUG Engine               - isMobile: false
12:24:31.137 [FXGL Background Thread 2 ] DEBUG Engine               - isPreserveResizeRatio: false
12:24:31.137 [FXGL Background Thread 2 ] DEBUG Engine               - isProfilingEnabled: false
12:24:31.138 [FXGL Background Thread 2 ] DEBUG Engine               - isSingleStep: false
12:24:31.138 [FXGL Background Thread 2 ] DEBUG Engine               - isUserProfileEnabled: false
12:24:31.138 [FXGL Background Thread 2 ] DEBUG Engine               - isWindows: true
12:24:31.138 [FXGL Background Thread 2 ] DEBUG Engine               - language: ObjectProperty [value: ENGLISH]
12:24:31.138 [FXGL Background Thread 2 ] DEBUG Engine               - mainWindow: com.almasb.fxgl.app.MainWindow@59fcf07b
12:24:31.138 [FXGL Background Thread 2 ] DEBUG Engine               - menuKey: ESCAPE
12:24:31.138 [FXGL Background Thread 2 ] DEBUG Engine               - notificationViewClass: class com.almasb.fxgl.notification.view.XboxNotificationView
12:24:31.138 [FXGL Background Thread 2 ] DEBUG Engine               - pixelsPerMeter: 50.0
12:24:31.138 [FXGL Background Thread 2 ] DEBUG Engine               - platform: WINDOWS
12:24:31.138 [FXGL Background Thread 2 ] DEBUG Engine               - profileDir: profiles/
12:24:31.139 [FXGL Background Thread 2 ] DEBUG Engine               - profileName: StringProperty [value: DEFAULT]
12:24:31.139 [FXGL Background Thread 2 ] DEBUG Engine               - randomSeed: -1
12:24:31.139 [FXGL Background Thread 2 ] DEBUG Engine               - runtimeInfo: RuntimeInfo(platform=WINDOWS, version=11.9, build=27.05.2020 17.31)
12:24:31.139 [FXGL Background Thread 2 ] DEBUG Engine               - saveFileExt: sav
12:24:31.139 [FXGL Background Thread 2 ] DEBUG Engine               - sceneFactory: com.almasb.fxgl.app.scene.SceneFactory@1cfe6520
12:24:31.139 [FXGL Background Thread 2 ] DEBUG Engine               - secondsIn24h: 60
12:24:31.139 [FXGL Background Thread 2 ] DEBUG Engine               - settings: Title: AndreaGameApp
Version: 0.1
Width: 600
Height: 600
Fullscreen: false
Intro: false
Profiling: false
Single step:false
App Mode: DEVELOPER
Menu Key: ESCAPE
Stage Style: DECORATED
Scene Factory: class com.almasb.fxgl.app.scene.SceneFactory

12:24:31.139 [FXGL Background Thread 2 ] DEBUG Engine               - soundMenuBack: menu/back.wav
12:24:31.139 [FXGL Background Thread 2 ] DEBUG Engine               - soundMenuPress: menu/press.wav
12:24:31.140 [FXGL Background Thread 2 ] DEBUG Engine               - soundMenuSelect: menu/select.wav
12:24:31.140 [FXGL Background Thread 2 ] DEBUG Engine               - soundNotification: core/notification.wav
12:24:31.140 [FXGL Background Thread 2 ] DEBUG Engine               - stageStyle: DECORATED
12:24:31.140 [FXGL Background Thread 2 ] DEBUG Engine               - supportedLanguages: [ENGLISH, FRENCH, GERMAN, HUNGARIAN, RUSSIAN]
12:24:31.140 [FXGL Background Thread 2 ] DEBUG Engine               - title: AndreaGameApp
12:24:31.140 [FXGL Background Thread 2 ] DEBUG Engine               - urlGithub: https://github.com/AlmasB/FXGL
12:24:31.140 [FXGL Background Thread 2 ] DEBUG Engine               - urlLeaderboard: http://fxgl-top.herokuapp.com/
12:24:31.140 [FXGL Background Thread 2 ] DEBUG Engine               - urlPOM: https://raw.githubusercontent.com/AlmasB/FXGL/master/pom.xml
12:24:31.140 [FXGL Background Thread 2 ] DEBUG Engine               - version: 0.1
12:24:31.140 [FXGL Background Thread 2 ] DEBUG Engine               - versionCheckDays: 7
12:24:31.140 [FXGL Background Thread 2 ] DEBUG Engine               - width: 600
12:24:31.140 [FXGL Background Thread 2 ] DEBUG Engine               - Logging services
12:24:31.141 [FXGL Background Thread 2 ] DEBUG Engine               - class com.almasb.fxgl.app.GameApplication$GameApplicationService
12:24:31.141 [FXGL Background Thread 2 ] DEBUG Engine               - class com.almasb.fxgl.app.services.WindowService
12:24:31.141 [FXGL Background Thread 2 ] DEBUG Engine               - class com.almasb.fxgl.app.services.FXGLDialogService
12:24:31.141 [FXGL Background Thread 2 ] DEBUG Engine               - class com.almasb.fxgl.app.services.IOTaskExecutorService
12:24:31.141 [FXGL Background Thread 2 ] DEBUG Engine               - class com.almasb.fxgl.event.EventBusService
12:24:31.141 [FXGL Background Thread 2 ] DEBUG Engine               - class com.almasb.fxgl.io.FileSystemService
12:24:31.141 [FXGL Background Thread 2 ] DEBUG Engine               - class com.almasb.fxgl.localization.LocalizationService
12:24:31.141 [FXGL Background Thread 2 ] DEBUG Engine               - class com.almasb.fxgl.app.services.AssetLoaderService
12:24:31.141 [FXGL Background Thread 2 ] DEBUG Engine               - class com.almasb.fxgl.app.services.SystemBundleService
12:24:31.141 [FXGL Background Thread 2 ] DEBUG Engine               - class com.almasb.fxgl.profile.SaveLoadService
12:24:31.141 [FXGL Background Thread 2 ] DEBUG Engine               - class com.almasb.fxgl.ui.FXGLUIFactoryServiceProvider
12:24:31.141 [FXGL Background Thread 2 ] DEBUG Engine               - class com.almasb.fxgl.ui.FXGLDialogFactoryServiceProvider
12:24:31.142 [FXGL Background Thread 2 ] DEBUG Engine               - class com.almasb.fxgl.audio.AudioPlayer
12:24:31.142 [FXGL Background Thread 2 ] DEBUG Engine               - class com.almasb.fxgl.notification.impl.NotificationServiceProvider
12:24:31.142 [FXGL Background Thread 2 ] DEBUG Engine               - class com.almasb.fxgl.achievement.AchievementService
12:24:31.142 [FXGL Background Thread 2 ] DEBUG Engine               - class com.almasb.fxgl.cutscene.CutsceneService
12:24:31.142 [FXGL Background Thread 2 ] DEBUG Engine               - class com.almasb.fxgl.minigames.MiniGameService
12:24:31.142 [FXGL Background Thread 2 ] DEBUG Engine               - class com.almasb.fxgl.net.NetService
12:24:31.142 [FXGL Background Thread 2 ] DEBUG Engine               - class com.almasb.fxgl.app.services.UpdaterService
12:24:31.142 [FXGL Background Thread 2 ] DEBUG Engine               - class com.almasb.fxgl.dev.DevService
12:24:47.505 [JavaFX Application Thread] DEBUG MainWindow           - Push state: FXGLDefaultMenu
12:24:47.508 [JavaFX Application Thread] DEBUG Input                - Clearing active input actions
12:24:47.515 [JavaFX Application Thread] DEBUG WindowService        - Removing overlay from GameScene and adding to FXGLDefaultMenu
12:24:47.515 [JavaFX Application Thread] DEBUG MainWindow           - GameScene -> FXGLDefaultMenu
12:24:50.644 [JavaFX Application Thread] DEBUG Menu                 - fireExit()
12:24:50.646 [JavaFX Application Thread] DEBUG MainWindow           - Push state: DialogSubScene
12:24:50.646 [JavaFX Application Thread] DEBUG Input                - Clearing active input actions
12:24:50.648 [JavaFX Application Thread] DEBUG WindowService        - Removing overlay from FXGLDefaultMenu and adding to DialogSubScene
12:24:50.649 [JavaFX Application Thread] DEBUG MainWindow           - FXGLDefaultMenu -> DialogSubScene
12:24:53.188 [JavaFX Application Thread] DEBUG MainWindow           - Pop state: DialogSubScene
12:24:53.188 [JavaFX Application Thread] DEBUG Input                - Clearing active input actions
12:24:53.189 [JavaFX Application Thread] DEBUG WindowService        - Removing overlay from DialogSubScene and adding to FXGLDefaultMenu
12:24:53.189 [JavaFX Application Thread] DEBUG MainWindow           - FXGLDefaultMenu <- DialogSubScene
12:24:53.189 [JavaFX Application Thread] DEBUG GameApplication      - Exiting FXGL
12:24:53.189 [JavaFX Application Thread] DEBUG LoopRunner           - Stopping loop
12:24:53.189 [JavaFX Application Thread] DEBUG SystemBundleService  - Saving FXGL system data
12:24:53.191 [JavaFX Application Thread] DEBUG FileSystemAccess     - Writing to: C:\Users\Andrea\Desktop\informatica\1a-2s-Metodologie di programmazione\Progetto\traffic-scut-sac\JavaTraffic\system\fxgl.bundle
12:24:53.192 [JavaFX Application Thread] DEBUG GameApplication      - Shutting down background threads
12:24:53.192 [JavaFX Application Thread] DEBUG GameApplication      - Closing logger and exiting JavaFX
