13:06:18.786 [main                     ] DEBUG GameApplication      - Logger initialized
13:06:18.798 [main                     ] DEBUG GameApplication      - Logging settings
Title: AndreaGameApp
Version: 0.1
Width: 600
Height: 600
Fullscreen: false
Intro: false
Profiling: false
Single step:false
App Mode: DEVELOPER
Menu Key: ESCAPE
Stage Style: DECORATED
Scene Factory: class com.almasb.fxgl.app.scene.SceneFactory

13:06:19.172 [JavaFX Application Thread] DEBUG GameApplication      - Initializing FXGL
13:06:19.179 [JavaFX Application Thread] INFO  Engine               - FXGL-11.9 (27.05.2020 17.31) on WINDOWS (J:14.0.1 FX:13.0.2)
13:06:19.180 [JavaFX Application Thread] DEBUG Engine               - JRE Vendor Name: Oracle Corporation
13:06:19.180 [JavaFX Application Thread] DEBUG Engine               - Running on OS: Windows 10 version 10.0
13:06:19.180 [JavaFX Application Thread] DEBUG Engine               - Architecture: amd64
13:06:19.180 [JavaFX Application Thread] INFO  Engine               - Source code and latest versions at: https://github.com/AlmasB/FXGL
13:06:19.181 [JavaFX Application Thread] INFO  Engine               -              Join the FXGL chat at: https://gitter.im/AlmasB/FXGL
13:06:19.274 [JavaFX Application Thread] DEBUG MainWindow           - Creating a JavaFX scene
13:06:19.320 [JavaFX Application Thread] DEBUG MainWindow           - Target settings size: 600.0 x 600.0
13:06:19.321 [JavaFX Application Thread] DEBUG MainWindow           - Scaled scene size:    600.0 x 600.0
13:06:19.321 [JavaFX Application Thread] DEBUG MainWindow           - Scaled ratio: (1.0, 1.0)
13:06:19.322 [JavaFX Application Thread] DEBUG MainWindow           - Set initial scene to FXGLStartupScene
13:06:19.328 [JavaFX Application Thread] DEBUG MainWindow           - Opening main window
13:06:19.401 [JavaFX Application Thread] DEBUG MainWindow           - Window border size: (14.4000244140625, 37.5999755859375)
13:06:19.401 [JavaFX Application Thread] DEBUG MainWindow           - Scaled size: 600.0 x 600.0
13:06:19.401 [JavaFX Application Thread] DEBUG MainWindow           - Scaled ratio: (1.0, 1.0)
13:06:19.402 [JavaFX Application Thread] DEBUG MainWindow           - Scene size: 600.0 x 600.0
13:06:19.402 [JavaFX Application Thread] DEBUG MainWindow           - Stage size: 614.4000244140625 x 637.5999755859375
13:06:19.411 [FXGL Background Thread 1 ] DEBUG Engine               - Initializing environment variables
13:06:19.441 [FXGL Background Thread 1 ] DEBUG WindowService        - Applying CSS: fxgl_dark.css
13:06:19.442 [FXGL Background Thread 1 ] DEBUG AssetLoaderService   - Loading from file system: /assets/ui/css/fxgl_dark.css
13:06:19.494 [FXGL Background Thread 1 ] DEBUG WindowService        - Initializing application scenes
13:06:19.532 [FXGL Background Thread 1 ] DEBUG GameWorld            - Game world initialized
13:06:19.567 [FXGL Background Thread 1 ] DEBUG PhysicsWorld         - Physics world initialized: appHeight=600, physics.ppm=50,0
13:06:19.569 [FXGL Background Thread 1 ] DEBUG GameScene            - Game scene initialized: 600x600
13:06:19.593 [FXGL Background Thread 1 ] DEBUG AssetLoaderService   - Loading from file system: /assets/textures/particles/trace_horizontal.png
13:06:19.648 [FXGL Background Thread 1 ] WARN  FXGL.DefaultMenu     - FXGLDefaultMenu is not designed for resolutions < 800x600
13:06:19.649 [FXGL Background Thread 1 ] DEBUG FXGL.DefaultMenu     - createMenuBodyGameMenu()
13:06:19.662 [FXGL Background Thread 1 ] DEBUG FXGL.DefaultMenu     - createOptionsMenu()
13:06:19.666 [FXGL Background Thread 1 ] DEBUG AssetLoaderService   - Loading from file system: /assets/textures/particles/smoke.png
13:06:19.731 [FXGL Background Thread 1 ] DEBUG WindowService        - Application scenes initialized
13:06:19.740 [FXGL Background Thread 1 ] DEBUG SystemBundleService  - Loading FXGL system data
13:06:19.743 [FXGL Background Thread 1 ] DEBUG FileSystemAccess     - Reading from: C:\Users\Andrea\Desktop\informatica\1a-2s-Metodologie di programmazione\Progetto\traffic-scut-sac\JavaTraffic\system\fxgl.bundle
13:06:19.748 [FXGL Background Thread 1 ] DEBUG SystemBundleService  - Bundle FXGL: {}
13:06:19.748 [FXGL Background Thread 1 ] INFO  Engine               - FXGL initialization took: 0,334 sec
13:06:19.750 [FXGL Background Thread 1 ] DEBUG GameApplication      - Loading localizations
13:06:19.751 [FXGL Background Thread 1 ] DEBUG AssetLoaderService   - Loading from file system: /assets/languages/english.lang
13:06:19.761 [FXGL Background Thread 1 ] DEBUG AssetLoaderService   - Loading from file system: /assets/languages/french.lang
13:06:19.764 [FXGL Background Thread 1 ] DEBUG AssetLoaderService   - Loading from file system: /assets/languages/german.lang
13:06:19.765 [FXGL Background Thread 1 ] DEBUG AssetLoaderService   - Loading from file system: /assets/languages/hungarian.lang
13:06:19.767 [FXGL Background Thread 1 ] DEBUG AssetLoaderService   - Loading from file system: /assets/languages/russian.lang
13:06:19.769 [FXGL Background Thread 1 ] DEBUG GameApplication      - Registering font factories with UI factory
13:06:19.769 [FXGL Background Thread 1 ] DEBUG AssetLoaderService   - Loading from file system: /assets/ui/fonts/VarelaRound-Regular.ttf
13:06:19.812 [FXGL Background Thread 1 ] DEBUG AssetLoaderService   - Loading from file system: /assets/ui/fonts/Abel-Regular.ttf
13:06:19.814 [FXGL Background Thread 1 ] DEBUG AssetLoaderService   - Loading from file system: /assets/ui/fonts/lucida_console.ttf
13:06:19.818 [FXGL Background Thread 1 ] DEBUG AssetLoaderService   - Loading from file system: /assets/ui/fonts/Courier-Prime.ttf
13:06:19.828 [JavaFX Application Thread] DEBUG Input                - Registered new binding: Move Right - D
13:06:19.828 [JavaFX Application Thread] DEBUG Input                - Registered new binding: Move Left - A
13:06:19.828 [JavaFX Application Thread] DEBUG Input                - Registered new binding: Move Up - W
13:06:19.828 [JavaFX Application Thread] DEBUG Input                - Registered new binding: Move Down - S
13:06:19.829 [JavaFX Application Thread] DEBUG AssetLoaderService   - Loading from file system: /assets/textures/fxgl_icon.png
13:06:19.842 [JavaFX Application Thread] DEBUG AssetLoaderService   - Loading from file system: /assets/ui/cursors/fxgl_default.png
13:06:19.844 [JavaFX Application Thread] DEBUG Input                - Registered new binding: Screenshot - P
13:06:19.845 [JavaFX Application Thread] DEBUG Input                - Registered new binding: System info dump - CTRL+9
13:06:19.845 [JavaFX Application Thread] DEBUG Input                - Registered new binding: Restart - CTRL+R
13:06:19.846 [JavaFX Application Thread] DEBUG LoopRunner           - Starting loop
13:06:19.852 [JavaFX Application Thread] DEBUG FXGLStartupScene     - STARTUP
13:06:19.853 [JavaFX Application Thread] DEBUG WindowService        - Starting new game
13:06:19.853 [JavaFX Application Thread] DEBUG Input                - Clearing active input actions
13:06:19.864 [JavaFX Application Thread] DEBUG WindowService        - Removing overlay from FXGLStartupScene and adding to FXGLLoadingScene
13:06:19.864 [JavaFX Application Thread] DEBUG MainWindow           - FXGLStartupScene -> FXGLLoadingScene
13:06:19.865 [JavaFX Application Thread] DEBUG WindowService        - Clearing previous game
13:06:19.865 [JavaFX Application Thread] DEBUG GameScene            - Clearing game scene
13:06:19.865 [JavaFX Application Thread] DEBUG GameWorld            - Clearing game world
13:06:19.865 [JavaFX Application Thread] DEBUG PhysicsWorld         - Clearing physics world
13:06:19.866 [FXGL Background Thread 1 ] DEBUG GameApplication      - Initializing game
13:06:19.873 [FXGL Background Thread 1 ] DEBUG AssetLoaderService   - Loading from file system: /assets/textures/gioco-01.png
13:06:19.874 [FXGL Background Thread 1 ] WARN  AssetLoaderService   - Failed to load texture gioco-01.png Error: java.lang.IllegalArgumentException: Asset "/assets/textures/gioco-01.png" was not found!
13:06:19.953 [FXGL Background Thread 1 ] DEBUG AssetLoaderService   - Loading from file system: /assets/textures/aa
13:06:19.954 [FXGL Background Thread 1 ] WARN  AssetLoaderService   - Failed to load texture aa Error: java.lang.IllegalArgumentException: Asset "/assets/textures/aa" was not found!
13:06:19.957 [FXGL Background Thread 1 ] DEBUG AssetLoaderService   - Loading from file system: /assets/textures/gioco-01.png
13:06:19.957 [FXGL Background Thread 1 ] WARN  AssetLoaderService   - Failed to load texture gioco-01.png Error: java.lang.IllegalArgumentException: Asset "/assets/textures/gioco-01.png" was not found!
13:06:19.958 [FXGL Background Thread 1 ] INFO  GameApplication      - Game initialization took: 0,091 sec
13:06:19.958 [JavaFX Application Thread] DEBUG Input                - Clearing active input actions
13:06:19.968 [JavaFX Application Thread] DEBUG WindowService        - Removing overlay from FXGLLoadingScene and adding to GameScene
13:06:19.968 [JavaFX Application Thread] DEBUG MainWindow           - FXGLLoadingScene -> GameScene
13:06:22.750 [FXGL Background Thread 2 ] DEBUG Engine               - Logging environment variables
13:06:22.750 [FXGL Background Thread 2 ] DEBUG Engine               - achievements: []
13:06:22.751 [FXGL Background Thread 2 ] DEBUG Engine               - appIcon: fxgl_icon.png
13:06:22.751 [FXGL Background Thread 2 ] DEBUG Engine               - applicationMode: DEVELOPER
13:06:22.751 [FXGL Background Thread 2 ] DEBUG Engine               - cSSList: [fxgl_dark.css]
13:06:22.751 [FXGL Background Thread 2 ] DEBUG Engine               - configClass: Optional.empty
13:06:22.751 [FXGL Background Thread 2 ] DEBUG Engine               - credits: []
13:06:22.751 [FXGL Background Thread 2 ] DEBUG Engine               - devBBoxColorProperty: ObjectProperty [value: 0xff0000ff]
13:06:22.751 [FXGL Background Thread 2 ] DEBUG Engine               - devSensorColorProperty: ObjectProperty [value: 0xffff00ff]
13:06:22.751 [FXGL Background Thread 2 ] DEBUG Engine               - devShowBBoxProperty: BooleanProperty [value: false]
13:06:22.752 [FXGL Background Thread 2 ] DEBUG Engine               - devShowPositionProperty: BooleanProperty [value: false]
13:06:22.752 [FXGL Background Thread 2 ] DEBUG Engine               - enabledMenuItems: []
13:06:22.752 [FXGL Background Thread 2 ] DEBUG Engine               - engineServices: [class com.almasb.fxgl.app.GameApplication$GameApplicationService, class com.almasb.fxgl.app.services.WindowService, class com.almasb.fxgl.app.services.FXGLDialogService, class com.almasb.fxgl.app.services.IOTaskExecutorService, class com.almasb.fxgl.event.EventBusService, class com.almasb.fxgl.io.FileSystemService, class com.almasb.fxgl.localization.LocalizationService, class com.almasb.fxgl.app.services.AssetLoaderService, class com.almasb.fxgl.app.services.SystemBundleService, class com.almasb.fxgl.profile.SaveLoadService, class com.almasb.fxgl.ui.FXGLUIFactoryServiceProvider, class com.almasb.fxgl.ui.FXGLDialogFactoryServiceProvider, class com.almasb.fxgl.audio.AudioPlayer, class com.almasb.fxgl.notification.impl.NotificationServiceProvider, class com.almasb.fxgl.achievement.AchievementService, class com.almasb.fxgl.cutscene.CutsceneService, class com.almasb.fxgl.minigames.MiniGameService, class com.almasb.fxgl.net.NetService, class com.almasb.fxgl.app.services.UpdaterService, class com.almasb.fxgl.dev.DevService]
13:06:22.752 [FXGL Background Thread 2 ] DEBUG Engine               - fontGame: Abel-Regular.ttf
13:06:22.752 [FXGL Background Thread 2 ] DEBUG Engine               - fontMono: lucida_console.ttf
13:06:22.752 [FXGL Background Thread 2 ] DEBUG Engine               - fontText: Courier-Prime.ttf
13:06:22.752 [FXGL Background Thread 2 ] DEBUG Engine               - fontUI: VarelaRound-Regular.ttf
13:06:22.752 [FXGL Background Thread 2 ] DEBUG Engine               - fullScreen: BooleanProperty [value: false]
13:06:22.752 [FXGL Background Thread 2 ] DEBUG Engine               - gameDifficulty: MEDIUM
13:06:22.752 [FXGL Background Thread 2 ] DEBUG Engine               - gameDifficultyProperty: ObjectProperty [value: MEDIUM]
13:06:22.753 [FXGL Background Thread 2 ] DEBUG Engine               - globalMusicVolume: 0.5
13:06:22.753 [FXGL Background Thread 2 ] DEBUG Engine               - globalMusicVolumeProperty: DoubleProperty [value: 0.5]
13:06:22.753 [FXGL Background Thread 2 ] DEBUG Engine               - globalSoundVolume: 0.5
13:06:22.753 [FXGL Background Thread 2 ] DEBUG Engine               - globalSoundVolumeProperty: DoubleProperty [value: 0.5]
13:06:22.753 [FXGL Background Thread 2 ] DEBUG Engine               - height: 600
13:06:22.753 [FXGL Background Thread 2 ] DEBUG Engine               - isAndroid: false
13:06:22.753 [FXGL Background Thread 2 ] DEBUG Engine               - isBrowser: false
13:06:22.753 [FXGL Background Thread 2 ] DEBUG Engine               - isClickFeedbackEnabled: false
13:06:22.753 [FXGL Background Thread 2 ] DEBUG Engine               - isCloseConfirmation: false
13:06:22.753 [FXGL Background Thread 2 ] DEBUG Engine               - isDesktop: true
13:06:22.753 [FXGL Background Thread 2 ] DEBUG Engine               - isDeveloperMenuEnabled: false
13:06:22.753 [FXGL Background Thread 2 ] DEBUG Engine               - isExperimentalNative: false
13:06:22.753 [FXGL Background Thread 2 ] DEBUG Engine               - isExperimentalTiledLargeMap: false
13:06:22.754 [FXGL Background Thread 2 ] DEBUG Engine               - isFullScreenAllowed: false
13:06:22.754 [FXGL Background Thread 2 ] DEBUG Engine               - isFullScreenFromStart: false
13:06:22.754 [FXGL Background Thread 2 ] DEBUG Engine               - isGameMenuEnabled: true
13:06:22.754 [FXGL Background Thread 2 ] DEBUG Engine               - isIOS: false
13:06:22.754 [FXGL Background Thread 2 ] DEBUG Engine               - isIntroEnabled: false
13:06:22.754 [FXGL Background Thread 2 ] DEBUG Engine               - isLinux: false
13:06:22.754 [FXGL Background Thread 2 ] DEBUG Engine               - isMac: false
13:06:22.754 [FXGL Background Thread 2 ] DEBUG Engine               - isMainMenuEnabled: false
13:06:22.754 [FXGL Background Thread 2 ] DEBUG Engine               - isManualResizeEnabled: false
13:06:22.754 [FXGL Background Thread 2 ] DEBUG Engine               - isMobile: false
13:06:22.754 [FXGL Background Thread 2 ] DEBUG Engine               - isPreserveResizeRatio: false
13:06:22.754 [FXGL Background Thread 2 ] DEBUG Engine               - isProfilingEnabled: false
13:06:22.754 [FXGL Background Thread 2 ] DEBUG Engine               - isSingleStep: false
13:06:22.755 [FXGL Background Thread 2 ] DEBUG Engine               - isUserProfileEnabled: false
13:06:22.755 [FXGL Background Thread 2 ] DEBUG Engine               - isWindows: true
13:06:22.755 [FXGL Background Thread 2 ] DEBUG Engine               - language: ObjectProperty [value: ENGLISH]
13:06:22.755 [FXGL Background Thread 2 ] DEBUG Engine               - mainWindow: com.almasb.fxgl.app.MainWindow@1ea76e4a
13:06:22.755 [FXGL Background Thread 2 ] DEBUG Engine               - menuKey: ESCAPE
13:06:22.755 [FXGL Background Thread 2 ] DEBUG Engine               - notificationViewClass: class com.almasb.fxgl.notification.view.XboxNotificationView
13:06:22.755 [FXGL Background Thread 2 ] DEBUG Engine               - pixelsPerMeter: 50.0
13:06:22.755 [FXGL Background Thread 2 ] DEBUG Engine               - platform: WINDOWS
13:06:22.755 [FXGL Background Thread 2 ] DEBUG Engine               - profileDir: profiles/
13:06:22.755 [FXGL Background Thread 2 ] DEBUG Engine               - profileName: StringProperty [value: DEFAULT]
13:06:22.755 [FXGL Background Thread 2 ] DEBUG Engine               - randomSeed: -1
13:06:22.755 [FXGL Background Thread 2 ] DEBUG Engine               - runtimeInfo: RuntimeInfo(platform=WINDOWS, version=11.9, build=27.05.2020 17.31)
13:06:22.755 [FXGL Background Thread 2 ] DEBUG Engine               - saveFileExt: sav
13:06:22.756 [FXGL Background Thread 2 ] DEBUG Engine               - sceneFactory: com.almasb.fxgl.app.scene.SceneFactory@5ba5f3fa
13:06:22.756 [FXGL Background Thread 2 ] DEBUG Engine               - secondsIn24h: 60
13:06:22.756 [FXGL Background Thread 2 ] DEBUG Engine               - settings: Title: AndreaGameApp
Version: 0.1
Width: 600
Height: 600
Fullscreen: false
Intro: false
Profiling: false
Single step:false
App Mode: DEVELOPER
Menu Key: ESCAPE
Stage Style: DECORATED
Scene Factory: class com.almasb.fxgl.app.scene.SceneFactory

13:06:22.756 [FXGL Background Thread 2 ] DEBUG Engine               - soundMenuBack: menu/back.wav
13:06:22.756 [FXGL Background Thread 2 ] DEBUG Engine               - soundMenuPress: menu/press.wav
13:06:22.756 [FXGL Background Thread 2 ] DEBUG Engine               - soundMenuSelect: menu/select.wav
13:06:22.756 [FXGL Background Thread 2 ] DEBUG Engine               - soundNotification: core/notification.wav
13:06:22.756 [FXGL Background Thread 2 ] DEBUG Engine               - stageStyle: DECORATED
13:06:22.756 [FXGL Background Thread 2 ] DEBUG Engine               - supportedLanguages: [ENGLISH, FRENCH, GERMAN, HUNGARIAN, RUSSIAN]
13:06:22.756 [FXGL Background Thread 2 ] DEBUG Engine               - title: AndreaGameApp
13:06:22.756 [FXGL Background Thread 2 ] DEBUG Engine               - urlGithub: https://github.com/AlmasB/FXGL
13:06:22.756 [FXGL Background Thread 2 ] DEBUG Engine               - urlLeaderboard: http://fxgl-top.herokuapp.com/
13:06:22.757 [FXGL Background Thread 2 ] DEBUG Engine               - urlPOM: https://raw.githubusercontent.com/AlmasB/FXGL/master/pom.xml
13:06:22.757 [FXGL Background Thread 2 ] DEBUG Engine               - version: 0.1
13:06:22.757 [FXGL Background Thread 2 ] DEBUG Engine               - versionCheckDays: 7
13:06:22.757 [FXGL Background Thread 2 ] DEBUG Engine               - width: 600
13:06:22.757 [FXGL Background Thread 2 ] DEBUG Engine               - Logging services
13:06:22.757 [FXGL Background Thread 2 ] DEBUG Engine               - class com.almasb.fxgl.app.GameApplication$GameApplicationService
13:06:22.757 [FXGL Background Thread 2 ] DEBUG Engine               - class com.almasb.fxgl.app.services.WindowService
13:06:22.757 [FXGL Background Thread 2 ] DEBUG Engine               - class com.almasb.fxgl.app.services.FXGLDialogService
13:06:22.757 [FXGL Background Thread 2 ] DEBUG Engine               - class com.almasb.fxgl.app.services.IOTaskExecutorService
13:06:22.757 [FXGL Background Thread 2 ] DEBUG Engine               - class com.almasb.fxgl.event.EventBusService
13:06:22.757 [FXGL Background Thread 2 ] DEBUG Engine               - class com.almasb.fxgl.io.FileSystemService
13:06:22.757 [FXGL Background Thread 2 ] DEBUG Engine               - class com.almasb.fxgl.localization.LocalizationService
13:06:22.757 [FXGL Background Thread 2 ] DEBUG Engine               - class com.almasb.fxgl.app.services.AssetLoaderService
13:06:22.757 [FXGL Background Thread 2 ] DEBUG Engine               - class com.almasb.fxgl.app.services.SystemBundleService
13:06:22.758 [FXGL Background Thread 2 ] DEBUG Engine               - class com.almasb.fxgl.profile.SaveLoadService
13:06:22.758 [FXGL Background Thread 2 ] DEBUG Engine               - class com.almasb.fxgl.ui.FXGLUIFactoryServiceProvider
13:06:22.758 [FXGL Background Thread 2 ] DEBUG Engine               - class com.almasb.fxgl.ui.FXGLDialogFactoryServiceProvider
13:06:22.758 [FXGL Background Thread 2 ] DEBUG Engine               - class com.almasb.fxgl.audio.AudioPlayer
13:06:22.758 [FXGL Background Thread 2 ] DEBUG Engine               - class com.almasb.fxgl.notification.impl.NotificationServiceProvider
13:06:22.758 [FXGL Background Thread 2 ] DEBUG Engine               - class com.almasb.fxgl.achievement.AchievementService
13:06:22.758 [FXGL Background Thread 2 ] DEBUG Engine               - class com.almasb.fxgl.cutscene.CutsceneService
13:06:22.758 [FXGL Background Thread 2 ] DEBUG Engine               - class com.almasb.fxgl.minigames.MiniGameService
13:06:22.758 [FXGL Background Thread 2 ] DEBUG Engine               - class com.almasb.fxgl.net.NetService
13:06:22.758 [FXGL Background Thread 2 ] DEBUG Engine               - class com.almasb.fxgl.app.services.UpdaterService
13:06:22.758 [FXGL Background Thread 2 ] DEBUG Engine               - class com.almasb.fxgl.dev.DevService
13:06:28.219 [JavaFX Application Thread] DEBUG GameApplication      - Exiting FXGL
13:06:28.220 [JavaFX Application Thread] DEBUG LoopRunner           - Stopping loop
13:06:28.220 [JavaFX Application Thread] DEBUG SystemBundleService  - Saving FXGL system data
13:06:28.221 [JavaFX Application Thread] DEBUG FileSystemAccess     - Writing to: C:\Users\Andrea\Desktop\informatica\1a-2s-Metodologie di programmazione\Progetto\traffic-scut-sac\JavaTraffic\system\fxgl.bundle
13:06:28.223 [JavaFX Application Thread] DEBUG GameApplication      - Shutting down background threads
13:06:28.223 [JavaFX Application Thread] DEBUG GameApplication      - Closing logger and exiting JavaFX
