13:02:34.545 [main                     ] DEBUG GameApplication      - Logger initialized
13:02:34.557 [main                     ] DEBUG GameApplication      - Logging settings
Title: AndreaGameApp
Version: 0.1
Width: 600
Height: 600
Fullscreen: false
Intro: false
Profiling: false
Single step:false
App Mode: DEVELOPER
Menu Key: ESCAPE
Stage Style: DECORATED
Scene Factory: class com.almasb.fxgl.app.scene.SceneFactory

13:02:34.931 [JavaFX Application Thread] DEBUG GameApplication      - Initializing FXGL
13:02:34.937 [JavaFX Application Thread] INFO  Engine               - FXGL-11.9 (27.05.2020 17.31) on WINDOWS (J:14.0.1 FX:13.0.2)
13:02:34.937 [JavaFX Application Thread] DEBUG Engine               - JRE Vendor Name: Oracle Corporation
13:02:34.937 [JavaFX Application Thread] DEBUG Engine               - Running on OS: Windows 10 version 10.0
13:02:34.938 [JavaFX Application Thread] DEBUG Engine               - Architecture: amd64
13:02:34.938 [JavaFX Application Thread] INFO  Engine               - Source code and latest versions at: https://github.com/AlmasB/FXGL
13:02:34.938 [JavaFX Application Thread] INFO  Engine               -              Join the FXGL chat at: https://gitter.im/AlmasB/FXGL
13:02:35.026 [JavaFX Application Thread] DEBUG MainWindow           - Creating a JavaFX scene
13:02:35.067 [JavaFX Application Thread] DEBUG MainWindow           - Target settings size: 600.0 x 600.0
13:02:35.067 [JavaFX Application Thread] DEBUG MainWindow           - Scaled scene size:    600.0 x 600.0
13:02:35.067 [JavaFX Application Thread] DEBUG MainWindow           - Scaled ratio: (1.0, 1.0)
13:02:35.068 [JavaFX Application Thread] DEBUG MainWindow           - Set initial scene to FXGLStartupScene
13:02:35.073 [JavaFX Application Thread] DEBUG MainWindow           - Opening main window
13:02:35.143 [JavaFX Application Thread] DEBUG MainWindow           - Window border size: (14.4000244140625, 37.5999755859375)
13:02:35.143 [JavaFX Application Thread] DEBUG MainWindow           - Scaled size: 600.0 x 600.0
13:02:35.143 [JavaFX Application Thread] DEBUG MainWindow           - Scaled ratio: (1.0, 1.0)
13:02:35.143 [JavaFX Application Thread] DEBUG MainWindow           - Scene size: 600.0 x 600.0
13:02:35.143 [JavaFX Application Thread] DEBUG MainWindow           - Stage size: 614.4000244140625 x 637.5999755859375
13:02:35.151 [FXGL Background Thread 1 ] DEBUG Engine               - Initializing environment variables
13:02:35.181 [FXGL Background Thread 1 ] DEBUG WindowService        - Applying CSS: fxgl_dark.css
13:02:35.182 [FXGL Background Thread 1 ] DEBUG AssetLoaderService   - Loading from file system: /assets/ui/css/fxgl_dark.css
13:02:35.231 [FXGL Background Thread 1 ] DEBUG WindowService        - Initializing application scenes
13:02:35.271 [FXGL Background Thread 1 ] DEBUG GameWorld            - Game world initialized
13:02:35.305 [FXGL Background Thread 1 ] DEBUG PhysicsWorld         - Physics world initialized: appHeight=600, physics.ppm=50,0
13:02:35.307 [FXGL Background Thread 1 ] DEBUG GameScene            - Game scene initialized: 600x600
13:02:35.332 [FXGL Background Thread 1 ] DEBUG AssetLoaderService   - Loading from file system: /assets/textures/particles/trace_horizontal.png
13:02:35.383 [FXGL Background Thread 1 ] WARN  FXGL.DefaultMenu     - FXGLDefaultMenu is not designed for resolutions < 800x600
13:02:35.383 [FXGL Background Thread 1 ] DEBUG FXGL.DefaultMenu     - createMenuBodyGameMenu()
13:02:35.396 [FXGL Background Thread 1 ] DEBUG FXGL.DefaultMenu     - createOptionsMenu()
13:02:35.400 [FXGL Background Thread 1 ] DEBUG AssetLoaderService   - Loading from file system: /assets/textures/particles/smoke.png
13:02:35.459 [FXGL Background Thread 1 ] DEBUG WindowService        - Application scenes initialized
13:02:35.469 [FXGL Background Thread 1 ] DEBUG SystemBundleService  - Loading FXGL system data
13:02:35.473 [FXGL Background Thread 1 ] DEBUG FileSystemAccess     - Reading from: C:\Users\Andrea\Desktop\informatica\1a-2s-Metodologie di programmazione\Progetto\traffic-scut-sac\JavaTraffic\system\fxgl.bundle
13:02:35.478 [FXGL Background Thread 1 ] DEBUG SystemBundleService  - Bundle FXGL: {}
13:02:35.478 [FXGL Background Thread 1 ] INFO  Engine               - FXGL initialization took: 0,324 sec
13:02:35.480 [FXGL Background Thread 1 ] DEBUG GameApplication      - Loading localizations
13:02:35.480 [FXGL Background Thread 1 ] DEBUG AssetLoaderService   - Loading from file system: /assets/languages/english.lang
13:02:35.491 [FXGL Background Thread 1 ] DEBUG AssetLoaderService   - Loading from file system: /assets/languages/french.lang
13:02:35.493 [FXGL Background Thread 1 ] DEBUG AssetLoaderService   - Loading from file system: /assets/languages/german.lang
13:02:35.494 [FXGL Background Thread 1 ] DEBUG AssetLoaderService   - Loading from file system: /assets/languages/hungarian.lang
13:02:35.496 [FXGL Background Thread 1 ] DEBUG AssetLoaderService   - Loading from file system: /assets/languages/russian.lang
13:02:35.498 [FXGL Background Thread 1 ] DEBUG GameApplication      - Registering font factories with UI factory
13:02:35.498 [FXGL Background Thread 1 ] DEBUG AssetLoaderService   - Loading from file system: /assets/ui/fonts/VarelaRound-Regular.ttf
13:02:35.540 [FXGL Background Thread 1 ] DEBUG AssetLoaderService   - Loading from file system: /assets/ui/fonts/Abel-Regular.ttf
13:02:35.542 [FXGL Background Thread 1 ] DEBUG AssetLoaderService   - Loading from file system: /assets/ui/fonts/lucida_console.ttf
13:02:35.547 [FXGL Background Thread 1 ] DEBUG AssetLoaderService   - Loading from file system: /assets/ui/fonts/Courier-Prime.ttf
13:02:35.557 [JavaFX Application Thread] DEBUG Input                - Registered new binding: Move Right - D
13:02:35.557 [JavaFX Application Thread] DEBUG Input                - Registered new binding: Move Left - A
13:02:35.557 [JavaFX Application Thread] DEBUG Input                - Registered new binding: Move Up - W
13:02:35.557 [JavaFX Application Thread] DEBUG Input                - Registered new binding: Move Down - S
13:02:35.557 [JavaFX Application Thread] DEBUG AssetLoaderService   - Loading from file system: /assets/textures/fxgl_icon.png
13:02:35.569 [JavaFX Application Thread] DEBUG AssetLoaderService   - Loading from file system: /assets/ui/cursors/fxgl_default.png
13:02:35.571 [JavaFX Application Thread] DEBUG Input                - Registered new binding: Screenshot - P
13:02:35.571 [JavaFX Application Thread] DEBUG Input                - Registered new binding: System info dump - CTRL+9
13:02:35.572 [JavaFX Application Thread] DEBUG Input                - Registered new binding: Restart - CTRL+R
13:02:35.572 [JavaFX Application Thread] DEBUG LoopRunner           - Starting loop
13:02:35.577 [JavaFX Application Thread] DEBUG FXGLStartupScene     - STARTUP
13:02:35.578 [JavaFX Application Thread] DEBUG WindowService        - Starting new game
13:02:35.578 [JavaFX Application Thread] DEBUG Input                - Clearing active input actions
13:02:35.588 [JavaFX Application Thread] DEBUG WindowService        - Removing overlay from FXGLStartupScene and adding to FXGLLoadingScene
13:02:35.588 [JavaFX Application Thread] DEBUG MainWindow           - FXGLStartupScene -> FXGLLoadingScene
13:02:35.588 [JavaFX Application Thread] DEBUG WindowService        - Clearing previous game
13:02:35.588 [JavaFX Application Thread] DEBUG GameScene            - Clearing game scene
13:02:35.588 [JavaFX Application Thread] DEBUG GameWorld            - Clearing game world
13:02:35.588 [JavaFX Application Thread] DEBUG PhysicsWorld         - Clearing physics world
13:02:35.589 [FXGL Background Thread 1 ] DEBUG GameApplication      - Initializing game
13:02:35.596 [FXGL Background Thread 1 ] DEBUG AssetLoaderService   - Loading from file system: /assets/textures/gioco-01.png
13:02:35.597 [FXGL Background Thread 1 ] WARN  AssetLoaderService   - Failed to load texture gioco-01.png Error: java.lang.IllegalArgumentException: Asset "/assets/textures/gioco-01.png" was not found!
13:02:35.673 [FXGL Background Thread 1 ] DEBUG AssetLoaderService   - Loading from file system: /assets/textures/aa
13:02:35.673 [FXGL Background Thread 1 ] WARN  AssetLoaderService   - Failed to load texture aa Error: java.lang.IllegalArgumentException: Asset "/assets/textures/aa" was not found!
13:02:35.677 [FXGL Background Thread 1 ] DEBUG AssetLoaderService   - Loading from file system: /assets/textures/gioco-01.png
13:02:35.677 [FXGL Background Thread 1 ] WARN  AssetLoaderService   - Failed to load texture gioco-01.png Error: java.lang.IllegalArgumentException: Asset "/assets/textures/gioco-01.png" was not found!
13:02:35.678 [FXGL Background Thread 1 ] INFO  GameApplication      - Game initialization took: 0,088 sec
13:02:35.694 [JavaFX Application Thread] DEBUG Input                - Clearing active input actions
13:02:35.704 [JavaFX Application Thread] DEBUG WindowService        - Removing overlay from FXGLLoadingScene and adding to GameScene
13:02:35.705 [JavaFX Application Thread] DEBUG MainWindow           - FXGLLoadingScene -> GameScene
13:02:38.481 [FXGL Background Thread 2 ] DEBUG Engine               - Logging environment variables
13:02:38.481 [FXGL Background Thread 2 ] DEBUG Engine               - achievements: []
13:02:38.481 [FXGL Background Thread 2 ] DEBUG Engine               - appIcon: fxgl_icon.png
13:02:38.481 [FXGL Background Thread 2 ] DEBUG Engine               - applicationMode: DEVELOPER
13:02:38.481 [FXGL Background Thread 2 ] DEBUG Engine               - cSSList: [fxgl_dark.css]
13:02:38.481 [FXGL Background Thread 2 ] DEBUG Engine               - configClass: Optional.empty
13:02:38.482 [FXGL Background Thread 2 ] DEBUG Engine               - credits: []
13:02:38.482 [FXGL Background Thread 2 ] DEBUG Engine               - devBBoxColorProperty: ObjectProperty [value: 0xff0000ff]
13:02:38.482 [FXGL Background Thread 2 ] DEBUG Engine               - devSensorColorProperty: ObjectProperty [value: 0xffff00ff]
13:02:38.482 [FXGL Background Thread 2 ] DEBUG Engine               - devShowBBoxProperty: BooleanProperty [value: false]
13:02:38.482 [FXGL Background Thread 2 ] DEBUG Engine               - devShowPositionProperty: BooleanProperty [value: false]
13:02:38.482 [FXGL Background Thread 2 ] DEBUG Engine               - enabledMenuItems: []
13:02:38.482 [FXGL Background Thread 2 ] DEBUG Engine               - engineServices: [class com.almasb.fxgl.app.GameApplication$GameApplicationService, class com.almasb.fxgl.app.services.WindowService, class com.almasb.fxgl.app.services.FXGLDialogService, class com.almasb.fxgl.app.services.IOTaskExecutorService, class com.almasb.fxgl.event.EventBusService, class com.almasb.fxgl.io.FileSystemService, class com.almasb.fxgl.localization.LocalizationService, class com.almasb.fxgl.app.services.AssetLoaderService, class com.almasb.fxgl.app.services.SystemBundleService, class com.almasb.fxgl.profile.SaveLoadService, class com.almasb.fxgl.ui.FXGLUIFactoryServiceProvider, class com.almasb.fxgl.ui.FXGLDialogFactoryServiceProvider, class com.almasb.fxgl.audio.AudioPlayer, class com.almasb.fxgl.notification.impl.NotificationServiceProvider, class com.almasb.fxgl.achievement.AchievementService, class com.almasb.fxgl.cutscene.CutsceneService, class com.almasb.fxgl.minigames.MiniGameService, class com.almasb.fxgl.net.NetService, class com.almasb.fxgl.app.services.UpdaterService, class com.almasb.fxgl.dev.DevService]
13:02:38.483 [FXGL Background Thread 2 ] DEBUG Engine               - fontGame: Abel-Regular.ttf
13:02:38.483 [FXGL Background Thread 2 ] DEBUG Engine               - fontMono: lucida_console.ttf
13:02:38.483 [FXGL Background Thread 2 ] DEBUG Engine               - fontText: Courier-Prime.ttf
13:02:38.483 [FXGL Background Thread 2 ] DEBUG Engine               - fontUI: VarelaRound-Regular.ttf
13:02:38.483 [FXGL Background Thread 2 ] DEBUG Engine               - fullScreen: BooleanProperty [value: false]
13:02:38.483 [FXGL Background Thread 2 ] DEBUG Engine               - gameDifficulty: MEDIUM
13:02:38.483 [FXGL Background Thread 2 ] DEBUG Engine               - gameDifficultyProperty: ObjectProperty [value: MEDIUM]
13:02:38.483 [FXGL Background Thread 2 ] DEBUG Engine               - globalMusicVolume: 0.5
13:02:38.483 [FXGL Background Thread 2 ] DEBUG Engine               - globalMusicVolumeProperty: DoubleProperty [value: 0.5]
13:02:38.483 [FXGL Background Thread 2 ] DEBUG Engine               - globalSoundVolume: 0.5
13:02:38.483 [FXGL Background Thread 2 ] DEBUG Engine               - globalSoundVolumeProperty: DoubleProperty [value: 0.5]
13:02:38.484 [FXGL Background Thread 2 ] DEBUG Engine               - height: 600
13:02:38.484 [FXGL Background Thread 2 ] DEBUG Engine               - isAndroid: false
13:02:38.484 [FXGL Background Thread 2 ] DEBUG Engine               - isBrowser: false
13:02:38.484 [FXGL Background Thread 2 ] DEBUG Engine               - isClickFeedbackEnabled: false
13:02:38.484 [FXGL Background Thread 2 ] DEBUG Engine               - isCloseConfirmation: false
13:02:38.484 [FXGL Background Thread 2 ] DEBUG Engine               - isDesktop: true
13:02:38.484 [FXGL Background Thread 2 ] DEBUG Engine               - isDeveloperMenuEnabled: false
13:02:38.484 [FXGL Background Thread 2 ] DEBUG Engine               - isExperimentalNative: false
13:02:38.484 [FXGL Background Thread 2 ] DEBUG Engine               - isExperimentalTiledLargeMap: false
13:02:38.484 [FXGL Background Thread 2 ] DEBUG Engine               - isFullScreenAllowed: false
13:02:38.484 [FXGL Background Thread 2 ] DEBUG Engine               - isFullScreenFromStart: false
13:02:38.484 [FXGL Background Thread 2 ] DEBUG Engine               - isGameMenuEnabled: true
13:02:38.484 [FXGL Background Thread 2 ] DEBUG Engine               - isIOS: false
13:02:38.485 [FXGL Background Thread 2 ] DEBUG Engine               - isIntroEnabled: false
13:02:38.485 [FXGL Background Thread 2 ] DEBUG Engine               - isLinux: false
13:02:38.485 [FXGL Background Thread 2 ] DEBUG Engine               - isMac: false
13:02:38.485 [FXGL Background Thread 2 ] DEBUG Engine               - isMainMenuEnabled: false
13:02:38.485 [FXGL Background Thread 2 ] DEBUG Engine               - isManualResizeEnabled: false
13:02:38.485 [FXGL Background Thread 2 ] DEBUG Engine               - isMobile: false
13:02:38.485 [FXGL Background Thread 2 ] DEBUG Engine               - isPreserveResizeRatio: false
13:02:38.485 [FXGL Background Thread 2 ] DEBUG Engine               - isProfilingEnabled: false
13:02:38.485 [FXGL Background Thread 2 ] DEBUG Engine               - isSingleStep: false
13:02:38.485 [FXGL Background Thread 2 ] DEBUG Engine               - isUserProfileEnabled: false
13:02:38.485 [FXGL Background Thread 2 ] DEBUG Engine               - isWindows: true
13:02:38.485 [FXGL Background Thread 2 ] DEBUG Engine               - language: ObjectProperty [value: ENGLISH]
13:02:38.485 [FXGL Background Thread 2 ] DEBUG Engine               - mainWindow: com.almasb.fxgl.app.MainWindow@5d6f6cf1
13:02:38.486 [FXGL Background Thread 2 ] DEBUG Engine               - menuKey: ESCAPE
13:02:38.486 [FXGL Background Thread 2 ] DEBUG Engine               - notificationViewClass: class com.almasb.fxgl.notification.view.XboxNotificationView
13:02:38.486 [FXGL Background Thread 2 ] DEBUG Engine               - pixelsPerMeter: 50.0
13:02:38.486 [FXGL Background Thread 2 ] DEBUG Engine               - platform: WINDOWS
13:02:38.486 [FXGL Background Thread 2 ] DEBUG Engine               - profileDir: profiles/
13:02:38.486 [FXGL Background Thread 2 ] DEBUG Engine               - profileName: StringProperty [value: DEFAULT]
13:02:38.486 [FXGL Background Thread 2 ] DEBUG Engine               - randomSeed: -1
13:02:38.486 [FXGL Background Thread 2 ] DEBUG Engine               - runtimeInfo: RuntimeInfo(platform=WINDOWS, version=11.9, build=27.05.2020 17.31)
13:02:38.486 [FXGL Background Thread 2 ] DEBUG Engine               - saveFileExt: sav
13:02:38.486 [FXGL Background Thread 2 ] DEBUG Engine               - sceneFactory: com.almasb.fxgl.app.scene.SceneFactory@186df938
13:02:38.486 [FXGL Background Thread 2 ] DEBUG Engine               - secondsIn24h: 60
13:02:38.486 [FXGL Background Thread 2 ] DEBUG Engine               - settings: Title: AndreaGameApp
Version: 0.1
Width: 600
Height: 600
Fullscreen: false
Intro: false
Profiling: false
Single step:false
App Mode: DEVELOPER
Menu Key: ESCAPE
Stage Style: DECORATED
Scene Factory: class com.almasb.fxgl.app.scene.SceneFactory

13:02:38.487 [FXGL Background Thread 2 ] DEBUG Engine               - soundMenuBack: menu/back.wav
13:02:38.487 [FXGL Background Thread 2 ] DEBUG Engine               - soundMenuPress: menu/press.wav
13:02:38.487 [FXGL Background Thread 2 ] DEBUG Engine               - soundMenuSelect: menu/select.wav
13:02:38.487 [FXGL Background Thread 2 ] DEBUG Engine               - soundNotification: core/notification.wav
13:02:38.487 [FXGL Background Thread 2 ] DEBUG Engine               - stageStyle: DECORATED
13:02:38.487 [FXGL Background Thread 2 ] DEBUG Engine               - supportedLanguages: [ENGLISH, FRENCH, GERMAN, HUNGARIAN, RUSSIAN]
13:02:38.487 [FXGL Background Thread 2 ] DEBUG Engine               - title: AndreaGameApp
13:02:38.487 [FXGL Background Thread 2 ] DEBUG Engine               - urlGithub: https://github.com/AlmasB/FXGL
13:02:38.487 [FXGL Background Thread 2 ] DEBUG Engine               - urlLeaderboard: http://fxgl-top.herokuapp.com/
13:02:38.487 [FXGL Background Thread 2 ] DEBUG Engine               - urlPOM: https://raw.githubusercontent.com/AlmasB/FXGL/master/pom.xml
13:02:38.487 [FXGL Background Thread 2 ] DEBUG Engine               - version: 0.1
13:02:38.487 [FXGL Background Thread 2 ] DEBUG Engine               - versionCheckDays: 7
13:02:38.487 [FXGL Background Thread 2 ] DEBUG Engine               - width: 600
13:02:38.487 [FXGL Background Thread 2 ] DEBUG Engine               - Logging services
13:02:38.488 [FXGL Background Thread 2 ] DEBUG Engine               - class com.almasb.fxgl.app.GameApplication$GameApplicationService
13:02:38.488 [FXGL Background Thread 2 ] DEBUG Engine               - class com.almasb.fxgl.app.services.WindowService
13:02:38.488 [FXGL Background Thread 2 ] DEBUG Engine               - class com.almasb.fxgl.app.services.FXGLDialogService
13:02:38.488 [FXGL Background Thread 2 ] DEBUG Engine               - class com.almasb.fxgl.app.services.IOTaskExecutorService
13:02:38.488 [FXGL Background Thread 2 ] DEBUG Engine               - class com.almasb.fxgl.event.EventBusService
13:02:38.488 [FXGL Background Thread 2 ] DEBUG Engine               - class com.almasb.fxgl.io.FileSystemService
13:02:38.488 [FXGL Background Thread 2 ] DEBUG Engine               - class com.almasb.fxgl.localization.LocalizationService
13:02:38.488 [FXGL Background Thread 2 ] DEBUG Engine               - class com.almasb.fxgl.app.services.AssetLoaderService
13:02:38.488 [FXGL Background Thread 2 ] DEBUG Engine               - class com.almasb.fxgl.app.services.SystemBundleService
13:02:38.488 [FXGL Background Thread 2 ] DEBUG Engine               - class com.almasb.fxgl.profile.SaveLoadService
13:02:38.488 [FXGL Background Thread 2 ] DEBUG Engine               - class com.almasb.fxgl.ui.FXGLUIFactoryServiceProvider
13:02:38.488 [FXGL Background Thread 2 ] DEBUG Engine               - class com.almasb.fxgl.ui.FXGLDialogFactoryServiceProvider
13:02:38.488 [FXGL Background Thread 2 ] DEBUG Engine               - class com.almasb.fxgl.audio.AudioPlayer
13:02:38.488 [FXGL Background Thread 2 ] DEBUG Engine               - class com.almasb.fxgl.notification.impl.NotificationServiceProvider
13:02:38.489 [FXGL Background Thread 2 ] DEBUG Engine               - class com.almasb.fxgl.achievement.AchievementService
13:02:38.489 [FXGL Background Thread 2 ] DEBUG Engine               - class com.almasb.fxgl.cutscene.CutsceneService
13:02:38.489 [FXGL Background Thread 2 ] DEBUG Engine               - class com.almasb.fxgl.minigames.MiniGameService
13:02:38.489 [FXGL Background Thread 2 ] DEBUG Engine               - class com.almasb.fxgl.net.NetService
13:02:38.489 [FXGL Background Thread 2 ] DEBUG Engine               - class com.almasb.fxgl.app.services.UpdaterService
13:02:38.489 [FXGL Background Thread 2 ] DEBUG Engine               - class com.almasb.fxgl.dev.DevService
13:02:41.516 [JavaFX Application Thread] DEBUG GameApplication      - Exiting FXGL
13:02:41.516 [JavaFX Application Thread] DEBUG LoopRunner           - Stopping loop
13:02:41.516 [JavaFX Application Thread] DEBUG SystemBundleService  - Saving FXGL system data
13:02:41.517 [JavaFX Application Thread] DEBUG FileSystemAccess     - Writing to: C:\Users\Andrea\Desktop\informatica\1a-2s-Metodologie di programmazione\Progetto\traffic-scut-sac\JavaTraffic\system\fxgl.bundle
13:02:41.519 [JavaFX Application Thread] DEBUG GameApplication      - Shutting down background threads
13:02:41.519 [JavaFX Application Thread] DEBUG GameApplication      - Closing logger and exiting JavaFX
