01:32:51.102 [main                     ] DEBUG GameApplication      - Logger initialized
01:32:51.119 [main                     ] DEBUG GameApplication      - Logging settings
Title: Untitled
Version: 0.0
Width: 800
Height: 600
Fullscreen: false
Intro: false
Profiling: false
Single step:false
App Mode: DEVELOPER
Menu Key: ESCAPE
Stage Style: DECORATED
Scene Factory: class com.almasb.fxgl.app.scene.SceneFactory

01:32:51.584 [JavaFX Application Thread] DEBUG GameApplication      - Initializing FXGL
01:32:51.598 [JavaFX Application Thread] INFO  Engine               - FXGL-11.9 (27.05.2020 17.31) on MAC (J:14.0.1 FX:13.0.2)
01:32:51.599 [JavaFX Application Thread] DEBUG Engine               - JRE Vendor Name: Oracle Corporation
01:32:51.599 [JavaFX Application Thread] DEBUG Engine               - Running on OS: Mac OS X version 10.15.5
01:32:51.600 [JavaFX Application Thread] DEBUG Engine               - Architecture: x86_64
01:32:51.600 [JavaFX Application Thread] INFO  Engine               - Source code and latest versions at: https://github.com/AlmasB/FXGL
01:32:51.600 [JavaFX Application Thread] INFO  Engine               -              Join the FXGL chat at: https://gitter.im/AlmasB/FXGL
01:32:51.747 [JavaFX Application Thread] DEBUG MainWindow           - Creating a JavaFX scene
01:32:51.808 [JavaFX Application Thread] DEBUG MainWindow           - Target settings size: 800.0 x 600.0
01:32:51.809 [JavaFX Application Thread] DEBUG MainWindow           - Scaled scene size:    800.0 x 600.0
01:32:51.809 [JavaFX Application Thread] DEBUG MainWindow           - Scaled ratio: (1.0, 1.0)
01:32:51.811 [JavaFX Application Thread] DEBUG MainWindow           - Set initial scene to FXGLStartupScene
01:32:51.819 [JavaFX Application Thread] DEBUG MainWindow           - Opening main window
01:32:51.916 [JavaFX Application Thread] DEBUG MainWindow           - Window border size: (0.0, 22.0)
01:32:51.917 [JavaFX Application Thread] DEBUG MainWindow           - Scaled size: 800.0 x 600.0
01:32:51.917 [JavaFX Application Thread] DEBUG MainWindow           - Scaled ratio: (1.0, 1.0)
01:32:51.917 [JavaFX Application Thread] DEBUG MainWindow           - Scene size: 800.0 x 600.0
01:32:51.918 [JavaFX Application Thread] DEBUG MainWindow           - Stage size: 800.0 x 622.0
01:32:51.926 [FXGL Background Thread 1 ] DEBUG Engine               - Initializing environment variables
01:32:51.967 [FXGL Background Thread 1 ] DEBUG WindowService        - Applying CSS: fxgl_dark.css
01:32:51.967 [FXGL Background Thread 1 ] DEBUG AssetLoaderService   - Loading from file system: /assets/ui/css/fxgl_dark.css
01:32:52.046 [FXGL Background Thread 1 ] DEBUG WindowService        - Initializing application scenes
01:32:52.339 [FXGL Background Thread 1 ] DEBUG GameWorld            - Game world initialized
01:32:52.378 [FXGL Background Thread 1 ] DEBUG PhysicsWorld         - Physics world initialized: appHeight=600, physics.ppm=50,0
01:32:52.381 [FXGL Background Thread 1 ] DEBUG GameScene            - Game scene initialized: 800x600
01:32:52.417 [FXGL Background Thread 1 ] DEBUG AssetLoaderService   - Loading from file system: /assets/textures/particles/trace_horizontal.png
01:32:52.484 [FXGL Background Thread 1 ] DEBUG FXGL.DefaultMenu     - createMenuBodyGameMenu()
01:32:52.506 [FXGL Background Thread 1 ] DEBUG FXGL.DefaultMenu     - createOptionsMenu()
01:32:52.512 [FXGL Background Thread 1 ] DEBUG AssetLoaderService   - Loading from file system: /assets/textures/particles/smoke.png
01:32:52.579 [FXGL Background Thread 1 ] DEBUG WindowService        - Application scenes initialized
01:32:52.591 [FXGL Background Thread 1 ] DEBUG SystemBundleService  - Loading FXGL system data
01:32:52.595 [FXGL Background Thread 1 ] DEBUG FileSystemAccess     - Reading from: /Users/universita/Desktop/ProgettoJava/traffic-scut-sac/JavaTraffic/system/fxgl.bundle
01:32:52.603 [FXGL Background Thread 1 ] DEBUG SystemBundleService  - Bundle FXGL: {}
01:32:52.603 [FXGL Background Thread 1 ] INFO  Engine               - FXGL initialization took: 0,674 sec
01:32:52.605 [FXGL Background Thread 1 ] DEBUG GameApplication      - Loading localizations
01:32:52.606 [FXGL Background Thread 1 ] DEBUG AssetLoaderService   - Loading from file system: /assets/languages/english.lang
01:32:52.623 [FXGL Background Thread 1 ] DEBUG AssetLoaderService   - Loading from file system: /assets/languages/french.lang
01:32:52.626 [FXGL Background Thread 1 ] DEBUG AssetLoaderService   - Loading from file system: /assets/languages/german.lang
01:32:52.628 [FXGL Background Thread 1 ] DEBUG AssetLoaderService   - Loading from file system: /assets/languages/hungarian.lang
01:32:52.631 [FXGL Background Thread 1 ] DEBUG AssetLoaderService   - Loading from file system: /assets/languages/russian.lang
01:32:52.633 [FXGL Background Thread 1 ] DEBUG GameApplication      - Registering font factories with UI factory
01:32:52.633 [FXGL Background Thread 1 ] DEBUG AssetLoaderService   - Loading from file system: /assets/ui/fonts/VarelaRound-Regular.ttf
01:32:52.661 [FXGL Background Thread 1 ] DEBUG AssetLoaderService   - Loading from file system: /assets/ui/fonts/Abel-Regular.ttf
01:32:52.666 [FXGL Background Thread 1 ] DEBUG AssetLoaderService   - Loading from file system: /assets/ui/fonts/lucida_console.ttf
01:32:52.674 [FXGL Background Thread 1 ] DEBUG AssetLoaderService   - Loading from file system: /assets/ui/fonts/Courier-Prime.ttf
01:32:52.682 [JavaFX Application Thread] DEBUG AssetLoaderService   - Loading from file system: /assets/textures/fxgl_icon.png
01:32:52.715 [JavaFX Application Thread] DEBUG AssetLoaderService   - Loading from file system: /assets/ui/cursors/fxgl_default.png
01:32:52.730 [JavaFX Application Thread] DEBUG Input                - Registered new binding: Screenshot - P
01:32:52.731 [JavaFX Application Thread] DEBUG Input                - Registered new binding: System info dump - CTRL+9
01:32:52.732 [JavaFX Application Thread] DEBUG Input                - Registered new binding: Restart - CTRL+R
01:32:52.732 [JavaFX Application Thread] DEBUG LoopRunner           - Starting loop
01:32:52.759 [JavaFX Application Thread] DEBUG FXGLStartupScene     - STARTUP
01:32:52.759 [JavaFX Application Thread] DEBUG WindowService        - Starting new game
01:32:52.760 [JavaFX Application Thread] DEBUG Input                - Clearing active input actions
01:32:52.777 [JavaFX Application Thread] DEBUG WindowService        - Removing overlay from FXGLStartupScene and adding to FXGLLoadingScene
01:32:52.777 [JavaFX Application Thread] DEBUG MainWindow           - FXGLStartupScene -> FXGLLoadingScene
01:32:52.777 [JavaFX Application Thread] DEBUG WindowService        - Clearing previous game
01:32:52.778 [JavaFX Application Thread] DEBUG GameScene            - Clearing game scene
01:32:52.778 [JavaFX Application Thread] DEBUG GameWorld            - Clearing game world
01:32:52.778 [JavaFX Application Thread] DEBUG PhysicsWorld         - Clearing physics world
01:32:52.779 [FXGL Background Thread 1 ] DEBUG GameApplication      - Initializing game
01:32:52.781 [FXGL Background Thread 1 ] INFO  GameApplication      - Game initialization took: 0,001 sec
01:32:52.870 [JavaFX Application Thread] DEBUG Input                - Clearing active input actions
01:32:52.878 [JavaFX Application Thread] DEBUG WindowService        - Removing overlay from FXGLLoadingScene and adding to GameScene
01:32:52.878 [JavaFX Application Thread] DEBUG MainWindow           - FXGLLoadingScene -> GameScene
01:32:55.609 [FXGL Background Thread 2 ] DEBUG Engine               - Logging environment variables
01:32:55.611 [FXGL Background Thread 2 ] DEBUG Engine               - achievements: []
01:32:55.611 [FXGL Background Thread 2 ] DEBUG Engine               - appIcon: fxgl_icon.png
01:32:55.612 [FXGL Background Thread 2 ] DEBUG Engine               - applicationMode: DEVELOPER
01:32:55.612 [FXGL Background Thread 2 ] DEBUG Engine               - cSSList: [fxgl_dark.css]
01:32:55.612 [FXGL Background Thread 2 ] DEBUG Engine               - configClass: Optional.empty
01:32:55.613 [FXGL Background Thread 2 ] DEBUG Engine               - credits: []
01:32:55.614 [FXGL Background Thread 2 ] DEBUG Engine               - devBBoxColorProperty: ObjectProperty [value: 0xff0000ff]
01:32:55.614 [FXGL Background Thread 2 ] DEBUG Engine               - devSensorColorProperty: ObjectProperty [value: 0xffff00ff]
01:32:55.614 [FXGL Background Thread 2 ] DEBUG Engine               - devShowBBoxProperty: BooleanProperty [value: false]
01:32:55.615 [FXGL Background Thread 2 ] DEBUG Engine               - devShowPositionProperty: BooleanProperty [value: false]
01:32:55.615 [FXGL Background Thread 2 ] DEBUG Engine               - enabledMenuItems: []
01:32:55.615 [FXGL Background Thread 2 ] DEBUG Engine               - engineServices: [class com.almasb.fxgl.app.GameApplication$GameApplicationService, class com.almasb.fxgl.app.services.WindowService, class com.almasb.fxgl.app.services.FXGLDialogService, class com.almasb.fxgl.app.services.IOTaskExecutorService, class com.almasb.fxgl.event.EventBusService, class com.almasb.fxgl.io.FileSystemService, class com.almasb.fxgl.localization.LocalizationService, class com.almasb.fxgl.app.services.AssetLoaderService, class com.almasb.fxgl.app.services.SystemBundleService, class com.almasb.fxgl.profile.SaveLoadService, class com.almasb.fxgl.ui.FXGLUIFactoryServiceProvider, class com.almasb.fxgl.ui.FXGLDialogFactoryServiceProvider, class com.almasb.fxgl.audio.AudioPlayer, class com.almasb.fxgl.notification.impl.NotificationServiceProvider, class com.almasb.fxgl.achievement.AchievementService, class com.almasb.fxgl.cutscene.CutsceneService, class com.almasb.fxgl.minigames.MiniGameService, class com.almasb.fxgl.net.NetService, class com.almasb.fxgl.app.services.UpdaterService, class com.almasb.fxgl.dev.DevService]
01:32:55.615 [FXGL Background Thread 2 ] DEBUG Engine               - fontGame: Abel-Regular.ttf
01:32:55.615 [FXGL Background Thread 2 ] DEBUG Engine               - fontMono: lucida_console.ttf
01:32:55.616 [FXGL Background Thread 2 ] DEBUG Engine               - fontText: Courier-Prime.ttf
01:32:55.616 [FXGL Background Thread 2 ] DEBUG Engine               - fontUI: VarelaRound-Regular.ttf
01:32:55.616 [FXGL Background Thread 2 ] DEBUG Engine               - fullScreen: BooleanProperty [value: false]
01:32:55.616 [FXGL Background Thread 2 ] DEBUG Engine               - gameDifficulty: MEDIUM
01:32:55.617 [FXGL Background Thread 2 ] DEBUG Engine               - gameDifficultyProperty: ObjectProperty [value: MEDIUM]
01:32:55.617 [FXGL Background Thread 2 ] DEBUG Engine               - globalMusicVolume: 0.5
01:32:55.617 [FXGL Background Thread 2 ] DEBUG Engine               - globalMusicVolumeProperty: DoubleProperty [value: 0.5]
01:32:55.617 [FXGL Background Thread 2 ] DEBUG Engine               - globalSoundVolume: 0.5
01:32:55.617 [FXGL Background Thread 2 ] DEBUG Engine               - globalSoundVolumeProperty: DoubleProperty [value: 0.5]
01:32:55.618 [FXGL Background Thread 2 ] DEBUG Engine               - height: 600
01:32:55.618 [FXGL Background Thread 2 ] DEBUG Engine               - isAndroid: false
01:32:55.618 [FXGL Background Thread 2 ] DEBUG Engine               - isBrowser: false
01:32:55.618 [FXGL Background Thread 2 ] DEBUG Engine               - isClickFeedbackEnabled: false
01:32:55.618 [FXGL Background Thread 2 ] DEBUG Engine               - isCloseConfirmation: false
01:32:55.618 [FXGL Background Thread 2 ] DEBUG Engine               - isDesktop: true
01:32:55.618 [FXGL Background Thread 2 ] DEBUG Engine               - isDeveloperMenuEnabled: false
01:32:55.619 [FXGL Background Thread 2 ] DEBUG Engine               - isExperimentalNative: false
01:32:55.619 [FXGL Background Thread 2 ] DEBUG Engine               - isExperimentalTiledLargeMap: false
01:32:55.619 [FXGL Background Thread 2 ] DEBUG Engine               - isFullScreenAllowed: false
01:32:55.619 [FXGL Background Thread 2 ] DEBUG Engine               - isFullScreenFromStart: false
01:32:55.619 [FXGL Background Thread 2 ] DEBUG Engine               - isGameMenuEnabled: true
01:32:55.619 [FXGL Background Thread 2 ] DEBUG Engine               - isIOS: false
01:32:55.620 [FXGL Background Thread 2 ] DEBUG Engine               - isIntroEnabled: false
01:32:55.620 [FXGL Background Thread 2 ] DEBUG Engine               - isLinux: false
01:32:55.620 [FXGL Background Thread 2 ] DEBUG Engine               - isMac: true
01:32:55.620 [FXGL Background Thread 2 ] DEBUG Engine               - isMainMenuEnabled: false
01:32:55.620 [FXGL Background Thread 2 ] DEBUG Engine               - isManualResizeEnabled: false
01:32:55.620 [FXGL Background Thread 2 ] DEBUG Engine               - isMobile: false
01:32:55.621 [FXGL Background Thread 2 ] DEBUG Engine               - isPreserveResizeRatio: false
01:32:55.621 [FXGL Background Thread 2 ] DEBUG Engine               - isProfilingEnabled: false
01:32:55.621 [FXGL Background Thread 2 ] DEBUG Engine               - isSingleStep: false
01:32:55.621 [FXGL Background Thread 2 ] DEBUG Engine               - isUserProfileEnabled: false
01:32:55.621 [FXGL Background Thread 2 ] DEBUG Engine               - isWindows: false
01:32:55.621 [FXGL Background Thread 2 ] DEBUG Engine               - language: ObjectProperty [value: ENGLISH]
01:32:55.621 [FXGL Background Thread 2 ] DEBUG Engine               - mainWindow: com.almasb.fxgl.app.MainWindow@430c183a
01:32:55.621 [FXGL Background Thread 2 ] DEBUG Engine               - menuKey: ESCAPE
01:32:55.622 [FXGL Background Thread 2 ] DEBUG Engine               - notificationViewClass: class com.almasb.fxgl.notification.view.XboxNotificationView
01:32:55.622 [FXGL Background Thread 2 ] DEBUG Engine               - pixelsPerMeter: 50.0
01:32:55.622 [FXGL Background Thread 2 ] DEBUG Engine               - platform: MAC
01:32:55.622 [FXGL Background Thread 2 ] DEBUG Engine               - profileDir: profiles/
01:32:55.622 [FXGL Background Thread 2 ] DEBUG Engine               - profileName: StringProperty [value: DEFAULT]
01:32:55.623 [FXGL Background Thread 2 ] DEBUG Engine               - randomSeed: -1
01:32:55.623 [FXGL Background Thread 2 ] DEBUG Engine               - runtimeInfo: RuntimeInfo(platform=MAC, version=11.9, build=27.05.2020 17.31)
01:32:55.623 [FXGL Background Thread 2 ] DEBUG Engine               - saveFileExt: sav
01:32:55.623 [FXGL Background Thread 2 ] DEBUG Engine               - sceneFactory: com.almasb.fxgl.app.scene.SceneFactory@47339483
01:32:55.624 [FXGL Background Thread 2 ] DEBUG Engine               - secondsIn24h: 60
01:32:55.624 [FXGL Background Thread 2 ] DEBUG Engine               - settings: Title: Untitled
Version: 0.0
Width: 800
Height: 600
Fullscreen: false
Intro: false
Profiling: false
Single step:false
App Mode: DEVELOPER
Menu Key: ESCAPE
Stage Style: DECORATED
Scene Factory: class com.almasb.fxgl.app.scene.SceneFactory

01:32:55.624 [FXGL Background Thread 2 ] DEBUG Engine               - soundMenuBack: menu/back.wav
01:32:55.624 [FXGL Background Thread 2 ] DEBUG Engine               - soundMenuPress: menu/press.wav
01:32:55.624 [FXGL Background Thread 2 ] DEBUG Engine               - soundMenuSelect: menu/select.wav
01:32:55.624 [FXGL Background Thread 2 ] DEBUG Engine               - soundNotification: core/notification.wav
01:32:55.624 [FXGL Background Thread 2 ] DEBUG Engine               - stageStyle: DECORATED
01:32:55.625 [FXGL Background Thread 2 ] DEBUG Engine               - supportedLanguages: [ENGLISH, FRENCH, GERMAN, HUNGARIAN, RUSSIAN]
01:32:55.625 [FXGL Background Thread 2 ] DEBUG Engine               - title: Untitled
01:32:55.625 [FXGL Background Thread 2 ] DEBUG Engine               - urlGithub: https://github.com/AlmasB/FXGL
01:32:55.625 [FXGL Background Thread 2 ] DEBUG Engine               - urlLeaderboard: http://fxgl-top.herokuapp.com/
01:32:55.625 [FXGL Background Thread 2 ] DEBUG Engine               - urlPOM: https://raw.githubusercontent.com/AlmasB/FXGL/master/pom.xml
01:32:55.625 [FXGL Background Thread 2 ] DEBUG Engine               - version: 0.0
01:32:55.625 [FXGL Background Thread 2 ] DEBUG Engine               - versionCheckDays: 7
01:32:55.625 [FXGL Background Thread 2 ] DEBUG Engine               - width: 800
01:32:55.625 [FXGL Background Thread 2 ] DEBUG Engine               - Logging services
01:32:55.626 [FXGL Background Thread 2 ] DEBUG Engine               - class com.almasb.fxgl.app.GameApplication$GameApplicationService
01:32:55.626 [FXGL Background Thread 2 ] DEBUG Engine               - class com.almasb.fxgl.app.services.WindowService
01:32:55.626 [FXGL Background Thread 2 ] DEBUG Engine               - class com.almasb.fxgl.app.services.FXGLDialogService
01:32:55.626 [FXGL Background Thread 2 ] DEBUG Engine               - class com.almasb.fxgl.app.services.IOTaskExecutorService
01:32:55.626 [FXGL Background Thread 2 ] DEBUG Engine               - class com.almasb.fxgl.event.EventBusService
01:32:55.626 [FXGL Background Thread 2 ] DEBUG Engine               - class com.almasb.fxgl.io.FileSystemService
01:32:55.626 [FXGL Background Thread 2 ] DEBUG Engine               - class com.almasb.fxgl.localization.LocalizationService
01:32:55.626 [FXGL Background Thread 2 ] DEBUG Engine               - class com.almasb.fxgl.app.services.AssetLoaderService
01:32:55.626 [FXGL Background Thread 2 ] DEBUG Engine               - class com.almasb.fxgl.app.services.SystemBundleService
01:32:55.627 [FXGL Background Thread 2 ] DEBUG Engine               - class com.almasb.fxgl.profile.SaveLoadService
01:32:55.627 [FXGL Background Thread 2 ] DEBUG Engine               - class com.almasb.fxgl.ui.FXGLUIFactoryServiceProvider
01:32:55.627 [FXGL Background Thread 2 ] DEBUG Engine               - class com.almasb.fxgl.ui.FXGLDialogFactoryServiceProvider
01:32:55.627 [FXGL Background Thread 2 ] DEBUG Engine               - class com.almasb.fxgl.audio.AudioPlayer
01:32:55.627 [FXGL Background Thread 2 ] DEBUG Engine               - class com.almasb.fxgl.notification.impl.NotificationServiceProvider
01:32:55.627 [FXGL Background Thread 2 ] DEBUG Engine               - class com.almasb.fxgl.achievement.AchievementService
01:32:55.627 [FXGL Background Thread 2 ] DEBUG Engine               - class com.almasb.fxgl.cutscene.CutsceneService
01:32:55.628 [FXGL Background Thread 2 ] DEBUG Engine               - class com.almasb.fxgl.minigames.MiniGameService
01:32:55.628 [FXGL Background Thread 2 ] DEBUG Engine               - class com.almasb.fxgl.net.NetService
01:32:55.628 [FXGL Background Thread 2 ] DEBUG Engine               - class com.almasb.fxgl.app.services.UpdaterService
01:32:55.628 [FXGL Background Thread 2 ] DEBUG Engine               - class com.almasb.fxgl.dev.DevService
01:40:22.504 [JavaFX Application Thread] DEBUG GameApplication      - Exiting FXGL
01:40:22.505 [JavaFX Application Thread] DEBUG LoopRunner           - Stopping loop
01:40:22.505 [JavaFX Application Thread] DEBUG SystemBundleService  - Saving FXGL system data
01:40:22.506 [JavaFX Application Thread] DEBUG FileSystemAccess     - Writing to: /Users/universita/Desktop/ProgettoJava/traffic-scut-sac/JavaTraffic/system/fxgl.bundle
01:40:22.508 [JavaFX Application Thread] DEBUG GameApplication      - Shutting down background threads
01:40:22.509 [JavaFX Application Thread] DEBUG GameApplication      - Closing logger and exiting JavaFX
