02:45:16.946 [main                     ] DEBUG GameApplication      - Logger initialized
02:45:16.964 [main                     ] DEBUG GameApplication      - Logging settings
Title: Basic Game App
Version: 0.1
Width: 800
Height: 600
Fullscreen: false
Intro: false
Profiling: false
Single step:false
App Mode: DEVELOPER
Menu Key: ESCAPE
Stage Style: DECORATED
Scene Factory: class com.almasb.fxgl.app.scene.SceneFactory

02:45:17.351 [JavaFX Application Thread] DEBUG GameApplication      - Initializing FXGL
02:45:17.361 [JavaFX Application Thread] INFO  Engine               - FXGL-11.9 (27.05.2020 17.31) on MAC (J:14.0.1 FX:13.0.2)
02:45:17.361 [JavaFX Application Thread] DEBUG Engine               - JRE Vendor Name: Oracle Corporation
02:45:17.362 [JavaFX Application Thread] DEBUG Engine               - Running on OS: Mac OS X version 10.15.5
02:45:17.362 [JavaFX Application Thread] DEBUG Engine               - Architecture: x86_64
02:45:17.362 [JavaFX Application Thread] INFO  Engine               - Source code and latest versions at: https://github.com/AlmasB/FXGL
02:45:17.363 [JavaFX Application Thread] INFO  Engine               -              Join the FXGL chat at: https://gitter.im/AlmasB/FXGL
02:45:17.495 [JavaFX Application Thread] DEBUG MainWindow           - Creating a JavaFX scene
02:45:17.560 [JavaFX Application Thread] DEBUG MainWindow           - Target settings size: 800.0 x 600.0
02:45:17.560 [JavaFX Application Thread] DEBUG MainWindow           - Scaled scene size:    800.0 x 600.0
02:45:17.561 [JavaFX Application Thread] DEBUG MainWindow           - Scaled ratio: (1.0, 1.0)
02:45:17.562 [JavaFX Application Thread] DEBUG MainWindow           - Set initial scene to FXGLStartupScene
02:45:17.570 [JavaFX Application Thread] DEBUG MainWindow           - Opening main window
02:45:17.639 [JavaFX Application Thread] DEBUG MainWindow           - Window border size: (0.0, 22.0)
02:45:17.639 [JavaFX Application Thread] DEBUG MainWindow           - Scaled size: 800.0 x 600.0
02:45:17.639 [JavaFX Application Thread] DEBUG MainWindow           - Scaled ratio: (1.0, 1.0)
02:45:17.640 [JavaFX Application Thread] DEBUG MainWindow           - Scene size: 800.0 x 600.0
02:45:17.640 [JavaFX Application Thread] DEBUG MainWindow           - Stage size: 800.0 x 622.0
02:45:17.647 [FXGL Background Thread 1 ] DEBUG Engine               - Initializing environment variables
02:45:17.677 [FXGL Background Thread 1 ] DEBUG WindowService        - Applying CSS: fxgl_dark.css
02:45:17.678 [FXGL Background Thread 1 ] DEBUG AssetLoaderService   - Loading from file system: /assets/ui/css/fxgl_dark.css
02:45:17.759 [FXGL Background Thread 1 ] DEBUG WindowService        - Initializing application scenes
02:45:18.063 [FXGL Background Thread 1 ] DEBUG GameWorld            - Game world initialized
02:45:18.110 [FXGL Background Thread 1 ] DEBUG PhysicsWorld         - Physics world initialized: appHeight=600, physics.ppm=50,0
02:45:18.113 [FXGL Background Thread 1 ] DEBUG GameScene            - Game scene initialized: 800x600
02:45:18.156 [FXGL Background Thread 1 ] DEBUG AssetLoaderService   - Loading from file system: /assets/textures/particles/trace_horizontal.png
02:45:18.243 [FXGL Background Thread 1 ] DEBUG FXGL.DefaultMenu     - createMenuBodyGameMenu()
02:45:18.263 [FXGL Background Thread 1 ] DEBUG FXGL.DefaultMenu     - createOptionsMenu()
02:45:18.270 [FXGL Background Thread 1 ] DEBUG AssetLoaderService   - Loading from file system: /assets/textures/particles/smoke.png
02:45:18.362 [FXGL Background Thread 1 ] DEBUG WindowService        - Application scenes initialized
02:45:18.375 [FXGL Background Thread 1 ] DEBUG SystemBundleService  - Loading FXGL system data
02:45:18.381 [FXGL Background Thread 1 ] DEBUG FileSystemAccess     - Reading from: /Users/universita/Desktop/ProgettoJava/traffic-scut-sac/JavaTraffic/system/fxgl.bundle
02:45:18.392 [FXGL Background Thread 1 ] DEBUG SystemBundleService  - Bundle FXGL: {}
02:45:18.425 [FXGL Background Thread 1 ] INFO  Engine               - FXGL initialization took: 0,776 sec
02:45:18.428 [FXGL Background Thread 1 ] DEBUG GameApplication      - Loading localizations
02:45:18.433 [FXGL Background Thread 1 ] DEBUG AssetLoaderService   - Loading from file system: /assets/languages/english.lang
02:45:18.477 [FXGL Background Thread 1 ] DEBUG AssetLoaderService   - Loading from file system: /assets/languages/french.lang
02:45:18.519 [FXGL Background Thread 1 ] DEBUG AssetLoaderService   - Loading from file system: /assets/languages/german.lang
02:45:18.529 [FXGL Background Thread 1 ] DEBUG AssetLoaderService   - Loading from file system: /assets/languages/hungarian.lang
02:45:18.552 [FXGL Background Thread 1 ] DEBUG AssetLoaderService   - Loading from file system: /assets/languages/russian.lang
02:45:18.566 [FXGL Background Thread 1 ] DEBUG GameApplication      - Registering font factories with UI factory
02:45:18.566 [FXGL Background Thread 1 ] DEBUG AssetLoaderService   - Loading from file system: /assets/ui/fonts/VarelaRound-Regular.ttf
02:45:18.588 [FXGL Background Thread 1 ] DEBUG AssetLoaderService   - Loading from file system: /assets/ui/fonts/Abel-Regular.ttf
02:45:18.592 [FXGL Background Thread 1 ] DEBUG AssetLoaderService   - Loading from file system: /assets/ui/fonts/lucida_console.ttf
02:45:18.595 [FXGL Background Thread 1 ] DEBUG AssetLoaderService   - Loading from file system: /assets/ui/fonts/Courier-Prime.ttf
02:45:18.614 [JavaFX Application Thread] DEBUG Input                - Registered new binding: Move Right - D
02:45:18.614 [JavaFX Application Thread] DEBUG Input                - Registered new binding: Move Left - A
02:45:18.614 [JavaFX Application Thread] DEBUG Input                - Registered new binding: Move Up - W
02:45:18.614 [JavaFX Application Thread] DEBUG Input                - Registered new binding: Move Down - S
02:45:18.615 [JavaFX Application Thread] DEBUG AssetLoaderService   - Loading from file system: /assets/textures/fxgl_icon.png
02:45:18.640 [JavaFX Application Thread] DEBUG AssetLoaderService   - Loading from file system: /assets/ui/cursors/fxgl_default.png
02:45:18.643 [JavaFX Application Thread] DEBUG Input                - Registered new binding: Screenshot - P
02:45:18.643 [JavaFX Application Thread] DEBUG Input                - Registered new binding: Dev Options - 1
02:45:18.644 [JavaFX Application Thread] DEBUG Input                - Registered new binding: Dev Console - 2
02:45:18.644 [JavaFX Application Thread] DEBUG Input                - Registered new binding: System info dump - CTRL+9
02:45:18.645 [JavaFX Application Thread] DEBUG Input                - Registered new binding: Restart - CTRL+R
02:45:18.646 [JavaFX Application Thread] DEBUG LoopRunner           - Starting loop
02:45:18.687 [JavaFX Application Thread] DEBUG FXGLStartupScene     - STARTUP
02:45:18.687 [JavaFX Application Thread] DEBUG WindowService        - Starting new game
02:45:18.688 [JavaFX Application Thread] DEBUG Input                - Clearing active input actions
02:45:18.704 [JavaFX Application Thread] DEBUG WindowService        - Removing overlay from FXGLStartupScene and adding to FXGLLoadingScene
02:45:18.709 [JavaFX Application Thread] DEBUG MainWindow           - FXGLStartupScene -> FXGLLoadingScene
02:45:18.709 [JavaFX Application Thread] DEBUG WindowService        - Clearing previous game
02:45:18.710 [JavaFX Application Thread] DEBUG GameScene            - Clearing game scene
02:45:18.710 [JavaFX Application Thread] DEBUG GameWorld            - Clearing game world
02:45:18.710 [JavaFX Application Thread] DEBUG PhysicsWorld         - Clearing physics world
02:45:18.712 [FXGL Background Thread 1 ] DEBUG GameApplication      - Initializing game
02:45:18.720 [FXGL Background Thread 1 ] INFO  GameApplication      - Game initialization took: 0,008 sec
02:45:19.099 [JavaFX Application Thread] DEBUG Input                - Clearing active input actions
02:45:19.145 [JavaFX Application Thread] DEBUG WindowService        - Removing overlay from FXGLLoadingScene and adding to GameScene
02:45:19.200 [JavaFX Application Thread] DEBUG MainWindow           - FXGLLoadingScene -> GameScene
02:45:21.430 [FXGL Background Thread 2 ] DEBUG Engine               - Logging environment variables
02:45:21.431 [FXGL Background Thread 2 ] DEBUG Engine               - achievements: []
02:45:21.431 [FXGL Background Thread 2 ] DEBUG Engine               - appIcon: fxgl_icon.png
02:45:21.432 [FXGL Background Thread 2 ] DEBUG Engine               - applicationMode: DEVELOPER
02:45:21.432 [FXGL Background Thread 2 ] DEBUG Engine               - cSSList: [fxgl_dark.css]
02:45:21.433 [FXGL Background Thread 2 ] DEBUG Engine               - configClass: Optional.empty
02:45:21.433 [FXGL Background Thread 2 ] DEBUG Engine               - credits: []
02:45:21.434 [FXGL Background Thread 2 ] DEBUG Engine               - devBBoxColorProperty: ObjectProperty [value: 0xff0000ff]
02:45:21.435 [FXGL Background Thread 2 ] DEBUG Engine               - devSensorColorProperty: ObjectProperty [value: 0xffff00ff]
02:45:21.435 [FXGL Background Thread 2 ] DEBUG Engine               - devShowBBoxProperty: BooleanProperty [value: false]
02:45:21.435 [FXGL Background Thread 2 ] DEBUG Engine               - devShowPositionProperty: BooleanProperty [value: false]
02:45:21.436 [FXGL Background Thread 2 ] DEBUG Engine               - enabledMenuItems: []
02:45:21.436 [FXGL Background Thread 2 ] DEBUG Engine               - engineServices: [class com.almasb.fxgl.app.GameApplication$GameApplicationService, class com.almasb.fxgl.app.services.WindowService, class com.almasb.fxgl.app.services.FXGLDialogService, class com.almasb.fxgl.app.services.IOTaskExecutorService, class com.almasb.fxgl.event.EventBusService, class com.almasb.fxgl.io.FileSystemService, class com.almasb.fxgl.localization.LocalizationService, class com.almasb.fxgl.app.services.AssetLoaderService, class com.almasb.fxgl.app.services.SystemBundleService, class com.almasb.fxgl.profile.SaveLoadService, class com.almasb.fxgl.ui.FXGLUIFactoryServiceProvider, class com.almasb.fxgl.ui.FXGLDialogFactoryServiceProvider, class com.almasb.fxgl.audio.AudioPlayer, class com.almasb.fxgl.notification.impl.NotificationServiceProvider, class com.almasb.fxgl.achievement.AchievementService, class com.almasb.fxgl.cutscene.CutsceneService, class com.almasb.fxgl.minigames.MiniGameService, class com.almasb.fxgl.net.NetService, class com.almasb.fxgl.app.services.UpdaterService, class com.almasb.fxgl.dev.DevService]
02:45:21.436 [FXGL Background Thread 2 ] DEBUG Engine               - fontGame: Abel-Regular.ttf
02:45:21.436 [FXGL Background Thread 2 ] DEBUG Engine               - fontMono: lucida_console.ttf
02:45:21.437 [FXGL Background Thread 2 ] DEBUG Engine               - fontText: Courier-Prime.ttf
02:45:21.437 [FXGL Background Thread 2 ] DEBUG Engine               - fontUI: VarelaRound-Regular.ttf
02:45:21.437 [FXGL Background Thread 2 ] DEBUG Engine               - fullScreen: BooleanProperty [value: false]
02:45:21.437 [FXGL Background Thread 2 ] DEBUG Engine               - gameDifficulty: MEDIUM
02:45:21.438 [FXGL Background Thread 2 ] DEBUG Engine               - gameDifficultyProperty: ObjectProperty [value: MEDIUM]
02:45:21.438 [FXGL Background Thread 2 ] DEBUG Engine               - globalMusicVolume: 0.5
02:45:21.439 [FXGL Background Thread 2 ] DEBUG Engine               - globalMusicVolumeProperty: DoubleProperty [value: 0.5]
02:45:21.439 [FXGL Background Thread 2 ] DEBUG Engine               - globalSoundVolume: 0.5
02:45:21.439 [FXGL Background Thread 2 ] DEBUG Engine               - globalSoundVolumeProperty: DoubleProperty [value: 0.5]
02:45:21.440 [FXGL Background Thread 2 ] DEBUG Engine               - height: 600
02:45:21.440 [FXGL Background Thread 2 ] DEBUG Engine               - isAndroid: false
02:45:21.440 [FXGL Background Thread 2 ] DEBUG Engine               - isBrowser: false
02:45:21.441 [FXGL Background Thread 2 ] DEBUG Engine               - isClickFeedbackEnabled: false
02:45:21.441 [FXGL Background Thread 2 ] DEBUG Engine               - isCloseConfirmation: false
02:45:21.441 [FXGL Background Thread 2 ] DEBUG Engine               - isDesktop: true
02:45:21.442 [FXGL Background Thread 2 ] DEBUG Engine               - isDeveloperMenuEnabled: true
02:45:21.442 [FXGL Background Thread 2 ] DEBUG Engine               - isExperimentalNative: false
02:45:21.442 [FXGL Background Thread 2 ] DEBUG Engine               - isExperimentalTiledLargeMap: false
02:45:21.442 [FXGL Background Thread 2 ] DEBUG Engine               - isFullScreenAllowed: false
02:45:21.442 [FXGL Background Thread 2 ] DEBUG Engine               - isFullScreenFromStart: false
02:45:21.443 [FXGL Background Thread 2 ] DEBUG Engine               - isGameMenuEnabled: true
02:45:21.443 [FXGL Background Thread 2 ] DEBUG Engine               - isIOS: false
02:45:21.443 [FXGL Background Thread 2 ] DEBUG Engine               - isIntroEnabled: false
02:45:21.443 [FXGL Background Thread 2 ] DEBUG Engine               - isLinux: false
02:45:21.444 [FXGL Background Thread 2 ] DEBUG Engine               - isMac: true
02:45:21.444 [FXGL Background Thread 2 ] DEBUG Engine               - isMainMenuEnabled: false
02:45:21.444 [FXGL Background Thread 2 ] DEBUG Engine               - isManualResizeEnabled: false
02:45:21.445 [FXGL Background Thread 2 ] DEBUG Engine               - isMobile: false
02:45:21.445 [FXGL Background Thread 2 ] DEBUG Engine               - isPreserveResizeRatio: false
02:45:21.445 [FXGL Background Thread 2 ] DEBUG Engine               - isProfilingEnabled: false
02:45:21.446 [FXGL Background Thread 2 ] DEBUG Engine               - isSingleStep: false
02:45:21.446 [FXGL Background Thread 2 ] DEBUG Engine               - isUserProfileEnabled: false
02:45:21.447 [FXGL Background Thread 2 ] DEBUG Engine               - isWindows: false
02:45:21.447 [FXGL Background Thread 2 ] DEBUG Engine               - language: ObjectProperty [value: ENGLISH]
02:45:21.447 [FXGL Background Thread 2 ] DEBUG Engine               - mainWindow: com.almasb.fxgl.app.MainWindow@23a7b05f
02:45:21.447 [FXGL Background Thread 2 ] DEBUG Engine               - menuKey: ESCAPE
02:45:21.448 [FXGL Background Thread 2 ] DEBUG Engine               - notificationViewClass: class com.almasb.fxgl.notification.view.XboxNotificationView
02:45:21.448 [FXGL Background Thread 2 ] DEBUG Engine               - pixelsPerMeter: 50.0
02:45:21.448 [FXGL Background Thread 2 ] DEBUG Engine               - platform: MAC
02:45:21.448 [FXGL Background Thread 2 ] DEBUG Engine               - profileDir: profiles/
02:45:21.449 [FXGL Background Thread 2 ] DEBUG Engine               - profileName: StringProperty [value: DEFAULT]
02:45:21.449 [FXGL Background Thread 2 ] DEBUG Engine               - randomSeed: -1
02:45:21.449 [FXGL Background Thread 2 ] DEBUG Engine               - runtimeInfo: RuntimeInfo(platform=MAC, version=11.9, build=27.05.2020 17.31)
02:45:21.450 [FXGL Background Thread 2 ] DEBUG Engine               - saveFileExt: sav
02:45:21.450 [FXGL Background Thread 2 ] DEBUG Engine               - sceneFactory: com.almasb.fxgl.app.scene.SceneFactory@279820f3
02:45:21.450 [FXGL Background Thread 2 ] DEBUG Engine               - secondsIn24h: 60
02:45:21.450 [FXGL Background Thread 2 ] DEBUG Engine               - settings: Title: Basic Game App
Version: 0.1
Width: 800
Height: 600
Fullscreen: false
Intro: false
Profiling: false
Single step:false
App Mode: DEVELOPER
Menu Key: ESCAPE
Stage Style: DECORATED
Scene Factory: class com.almasb.fxgl.app.scene.SceneFactory

02:45:21.451 [FXGL Background Thread 2 ] DEBUG Engine               - soundMenuBack: menu/back.wav
02:45:21.451 [FXGL Background Thread 2 ] DEBUG Engine               - soundMenuPress: menu/press.wav
02:45:21.451 [FXGL Background Thread 2 ] DEBUG Engine               - soundMenuSelect: menu/select.wav
02:45:21.451 [FXGL Background Thread 2 ] DEBUG Engine               - soundNotification: core/notification.wav
02:45:21.452 [FXGL Background Thread 2 ] DEBUG Engine               - stageStyle: DECORATED
02:45:21.452 [FXGL Background Thread 2 ] DEBUG Engine               - supportedLanguages: [ENGLISH, FRENCH, GERMAN, HUNGARIAN, RUSSIAN]
02:45:21.452 [FXGL Background Thread 2 ] DEBUG Engine               - title: Basic Game App
02:45:21.452 [FXGL Background Thread 2 ] DEBUG Engine               - urlGithub: https://github.com/AlmasB/FXGL
02:45:21.453 [FXGL Background Thread 2 ] DEBUG Engine               - urlLeaderboard: http://fxgl-top.herokuapp.com/
02:45:21.453 [FXGL Background Thread 2 ] DEBUG Engine               - urlPOM: https://raw.githubusercontent.com/AlmasB/FXGL/master/pom.xml
02:45:21.453 [FXGL Background Thread 2 ] DEBUG Engine               - version: 0.1
02:45:21.453 [FXGL Background Thread 2 ] DEBUG Engine               - versionCheckDays: 7
02:45:21.453 [FXGL Background Thread 2 ] DEBUG Engine               - width: 800
02:45:21.454 [FXGL Background Thread 2 ] DEBUG Engine               - Logging services
02:45:21.454 [FXGL Background Thread 2 ] DEBUG Engine               - class com.almasb.fxgl.app.GameApplication$GameApplicationService
02:45:21.454 [FXGL Background Thread 2 ] DEBUG Engine               - class com.almasb.fxgl.app.services.WindowService
02:45:21.455 [FXGL Background Thread 2 ] DEBUG Engine               - class com.almasb.fxgl.app.services.FXGLDialogService
02:45:21.455 [FXGL Background Thread 2 ] DEBUG Engine               - class com.almasb.fxgl.app.services.IOTaskExecutorService
02:45:21.455 [FXGL Background Thread 2 ] DEBUG Engine               - class com.almasb.fxgl.event.EventBusService
02:45:21.455 [FXGL Background Thread 2 ] DEBUG Engine               - class com.almasb.fxgl.io.FileSystemService
02:45:21.455 [FXGL Background Thread 2 ] DEBUG Engine               - class com.almasb.fxgl.localization.LocalizationService
02:45:21.456 [FXGL Background Thread 2 ] DEBUG Engine               - class com.almasb.fxgl.app.services.AssetLoaderService
02:45:21.456 [FXGL Background Thread 2 ] DEBUG Engine               - class com.almasb.fxgl.app.services.SystemBundleService
02:45:21.456 [FXGL Background Thread 2 ] DEBUG Engine               - class com.almasb.fxgl.profile.SaveLoadService
02:45:21.457 [FXGL Background Thread 2 ] DEBUG Engine               - class com.almasb.fxgl.ui.FXGLUIFactoryServiceProvider
02:45:21.457 [FXGL Background Thread 2 ] DEBUG Engine               - class com.almasb.fxgl.ui.FXGLDialogFactoryServiceProvider
02:45:21.458 [FXGL Background Thread 2 ] DEBUG Engine               - class com.almasb.fxgl.audio.AudioPlayer
02:45:21.458 [FXGL Background Thread 2 ] DEBUG Engine               - class com.almasb.fxgl.notification.impl.NotificationServiceProvider
02:45:21.458 [FXGL Background Thread 2 ] DEBUG Engine               - class com.almasb.fxgl.achievement.AchievementService
02:45:21.458 [FXGL Background Thread 2 ] DEBUG Engine               - class com.almasb.fxgl.cutscene.CutsceneService
02:45:21.459 [FXGL Background Thread 2 ] DEBUG Engine               - class com.almasb.fxgl.minigames.MiniGameService
02:45:21.459 [FXGL Background Thread 2 ] DEBUG Engine               - class com.almasb.fxgl.net.NetService
02:45:21.459 [FXGL Background Thread 2 ] DEBUG Engine               - class com.almasb.fxgl.app.services.UpdaterService
02:45:21.459 [FXGL Background Thread 2 ] DEBUG Engine               - class com.almasb.fxgl.dev.DevService
02:45:33.444 [JavaFX Application Thread] DEBUG MainWindow           - Push state: FXGLDefaultMenu
02:45:33.448 [JavaFX Application Thread] DEBUG Input                - Clearing active input actions
02:45:33.452 [JavaFX Application Thread] DEBUG WindowService        - Removing overlay from GameScene and adding to FXGLDefaultMenu
02:45:33.465 [JavaFX Application Thread] DEBUG MainWindow           - GameScene -> FXGLDefaultMenu
02:45:34.350 [JavaFX Application Thread] DEBUG Menu                 - fireExit()
02:45:34.352 [JavaFX Application Thread] DEBUG MainWindow           - Push state: DialogSubScene
02:45:34.353 [JavaFX Application Thread] DEBUG Input                - Clearing active input actions
02:45:34.355 [JavaFX Application Thread] DEBUG WindowService        - Removing overlay from FXGLDefaultMenu and adding to DialogSubScene
02:45:34.368 [JavaFX Application Thread] DEBUG MainWindow           - FXGLDefaultMenu -> DialogSubScene
02:45:34.999 [JavaFX Application Thread] DEBUG MainWindow           - Pop state: DialogSubScene
02:45:35.000 [JavaFX Application Thread] DEBUG Input                - Clearing active input actions
02:45:35.001 [JavaFX Application Thread] DEBUG WindowService        - Removing overlay from DialogSubScene and adding to FXGLDefaultMenu
02:45:35.012 [JavaFX Application Thread] DEBUG MainWindow           - FXGLDefaultMenu <- DialogSubScene
02:45:35.012 [JavaFX Application Thread] DEBUG GameApplication      - Exiting FXGL
02:45:35.012 [JavaFX Application Thread] DEBUG LoopRunner           - Stopping loop
02:45:35.013 [JavaFX Application Thread] DEBUG SystemBundleService  - Saving FXGL system data
02:45:35.015 [JavaFX Application Thread] DEBUG FileSystemAccess     - Writing to: /Users/universita/Desktop/ProgettoJava/traffic-scut-sac/JavaTraffic/system/fxgl.bundle
02:45:35.018 [JavaFX Application Thread] DEBUG GameApplication      - Shutting down background threads
02:45:35.018 [JavaFX Application Thread] DEBUG GameApplication      - Closing logger and exiting JavaFX
