18:53:39.317 [main                     ] DEBUG GameApplication      - Logger initialized
18:53:39.338 [main                     ] DEBUG GameApplication      - Logging settings
Title:   Basic Game App  
Version: 0.1
Width: 2500
Height: 1250
Fullscreen: false
Intro: false
Profiling: true
Single step:false
App Mode: DEVELOPER
Menu Key: ESCAPE
Stage Style: DECORATED
Scene Factory: class com.almasb.fxgl.app.scene.SceneFactory

18:53:39.843 [JavaFX Application Thread] DEBUG GameApplication      - Initializing FXGL
18:53:39.854 [JavaFX Application Thread] INFO  Engine               - FXGL-11.9 (27.05.2020 17.31) on MAC (J:14.0.1 FX:13.0.2)
18:53:39.855 [JavaFX Application Thread] DEBUG Engine               - JRE Vendor Name: Oracle Corporation
18:53:39.856 [JavaFX Application Thread] DEBUG Engine               - Running on OS: Mac OS X version 10.15.5
18:53:39.856 [JavaFX Application Thread] DEBUG Engine               - Architecture: x86_64
18:53:39.856 [JavaFX Application Thread] INFO  Engine               - Source code and latest versions at: https://github.com/AlmasB/FXGL
18:53:39.857 [JavaFX Application Thread] INFO  Engine               -              Join the FXGL chat at: https://gitter.im/AlmasB/FXGL
18:53:40.007 [JavaFX Application Thread] DEBUG MainWindow           - Creating a JavaFX scene
18:53:40.008 [JavaFX Application Thread] DEBUG MainWindow           - Target size > screen size
18:53:40.065 [JavaFX Application Thread] DEBUG MainWindow           - Target settings size: 2500.0 x 1250.0
18:53:40.066 [JavaFX Application Thread] DEBUG MainWindow           - Scaled scene size:    1895.0 x 960.0
18:53:40.066 [JavaFX Application Thread] DEBUG MainWindow           - Scaled ratio: (0.758, 0.768)
18:53:40.068 [JavaFX Application Thread] DEBUG MainWindow           - Set initial scene to FXGLStartupScene
18:53:40.078 [JavaFX Application Thread] DEBUG MainWindow           - Opening main window
18:53:40.239 [JavaFX Application Thread] DEBUG MainWindow           - Window border size: (0.0, 22.0)
18:53:40.239 [JavaFX Application Thread] DEBUG MainWindow           - Scaled size: 1895.0 x 960.0
18:53:40.239 [JavaFX Application Thread] DEBUG MainWindow           - Scaled ratio: (0.758, 0.768)
18:53:40.239 [JavaFX Application Thread] DEBUG MainWindow           - Scene size: 1895.0 x 960.0
18:53:40.240 [JavaFX Application Thread] DEBUG MainWindow           - Stage size: 1895.0 x 982.0
18:53:40.249 [FXGL Background Thread 1 ] DEBUG Engine               - Initializing environment variables
18:53:40.283 [FXGL Background Thread 1 ] DEBUG WindowService        - Applying CSS: fxgl_dark.css
18:53:40.284 [FXGL Background Thread 1 ] DEBUG AssetLoaderService   - Loading from file system: /assets/ui/css/fxgl_dark.css
18:53:40.354 [FXGL Background Thread 1 ] DEBUG WindowService        - Initializing application scenes
18:53:40.606 [FXGL Background Thread 1 ] DEBUG GameWorld            - Game world initialized
18:53:40.646 [FXGL Background Thread 1 ] DEBUG PhysicsWorld         - Physics world initialized: appHeight=1250, physics.ppm=50,0
18:53:40.649 [FXGL Background Thread 1 ] DEBUG GameScene            - Game scene initialized: 2500x1250
18:53:40.690 [FXGL Background Thread 1 ] DEBUG AssetLoaderService   - Loading from file system: /assets/textures/particles/trace_horizontal.png
18:53:40.751 [FXGL Background Thread 1 ] DEBUG FXGL.DefaultMenu     - createMenuBodyGameMenu()
18:53:40.769 [FXGL Background Thread 1 ] DEBUG FXGL.DefaultMenu     - createOptionsMenu()
18:53:40.774 [FXGL Background Thread 1 ] DEBUG AssetLoaderService   - Loading from file system: /assets/textures/particles/smoke.png
18:53:40.835 [FXGL Background Thread 1 ] DEBUG WindowService        - Application scenes initialized
18:53:40.849 [FXGL Background Thread 1 ] DEBUG SystemBundleService  - Loading FXGL system data
18:53:40.852 [FXGL Background Thread 1 ] DEBUG FileSystemAccess     - Reading from: /Users/universita/Desktop/ProgettoJava/traffic-scut-sac/JavaTraffic/system/fxgl.bundle
18:53:40.859 [FXGL Background Thread 1 ] DEBUG SystemBundleService  - Bundle FXGL: {}
18:53:40.885 [FXGL Background Thread 1 ] INFO  Engine               - FXGL initialization took: 0,633 sec
18:53:40.887 [FXGL Background Thread 1 ] DEBUG GameApplication      - Loading localizations
18:53:40.888 [FXGL Background Thread 1 ] DEBUG AssetLoaderService   - Loading from file system: /assets/languages/english.lang
18:53:40.901 [FXGL Background Thread 1 ] DEBUG AssetLoaderService   - Loading from file system: /assets/languages/french.lang
18:53:40.903 [FXGL Background Thread 1 ] DEBUG AssetLoaderService   - Loading from file system: /assets/languages/german.lang
18:53:40.905 [FXGL Background Thread 1 ] DEBUG AssetLoaderService   - Loading from file system: /assets/languages/hungarian.lang
18:53:40.907 [FXGL Background Thread 1 ] DEBUG AssetLoaderService   - Loading from file system: /assets/languages/russian.lang
18:53:40.910 [FXGL Background Thread 1 ] DEBUG GameApplication      - Registering font factories with UI factory
18:53:40.910 [FXGL Background Thread 1 ] DEBUG AssetLoaderService   - Loading from file system: /assets/ui/fonts/VarelaRound-Regular.ttf
18:53:40.927 [FXGL Background Thread 1 ] DEBUG AssetLoaderService   - Loading from file system: /assets/ui/fonts/Abel-Regular.ttf
18:53:40.929 [FXGL Background Thread 1 ] DEBUG AssetLoaderService   - Loading from file system: /assets/ui/fonts/lucida_console.ttf
18:53:40.933 [FXGL Background Thread 1 ] DEBUG AssetLoaderService   - Loading from file system: /assets/ui/fonts/Courier-Prime.ttf
18:53:40.947 [JavaFX Application Thread] DEBUG Input                - Registered new binding: Move Right - D
18:53:40.947 [JavaFX Application Thread] DEBUG Input                - Registered new binding: Move Left - A
18:53:40.948 [JavaFX Application Thread] DEBUG Input                - Registered new binding: Move Up - W
18:53:40.948 [JavaFX Application Thread] DEBUG Input                - Registered new binding: Move Down - S
18:53:40.948 [JavaFX Application Thread] DEBUG AssetLoaderService   - Loading from file system: /assets/textures/fxgl_icon.png
18:53:40.981 [JavaFX Application Thread] DEBUG AssetLoaderService   - Loading from file system: /assets/ui/cursors/fxgl_default.png
18:53:40.983 [JavaFX Application Thread] DEBUG Input                - Registered new binding: Screenshot - P
18:53:40.984 [JavaFX Application Thread] DEBUG Input                - Registered new binding: Dev Options - 1
18:53:40.984 [JavaFX Application Thread] DEBUG Input                - Registered new binding: Dev Console - 2
18:53:40.985 [JavaFX Application Thread] DEBUG Input                - Registered new binding: System info dump - CTRL+9
18:53:40.986 [JavaFX Application Thread] DEBUG Input                - Registered new binding: Restart - CTRL+R
18:53:40.987 [JavaFX Application Thread] DEBUG LoopRunner           - Starting loop
18:53:41.031 [JavaFX Application Thread] DEBUG FXGLStartupScene     - STARTUP
18:53:41.031 [JavaFX Application Thread] DEBUG WindowService        - Starting new game
18:53:41.032 [JavaFX Application Thread] DEBUG Input                - Clearing active input actions
18:53:41.049 [JavaFX Application Thread] DEBUG WindowService        - Removing overlay from FXGLStartupScene and adding to FXGLLoadingScene
18:53:41.055 [JavaFX Application Thread] DEBUG MainWindow           - FXGLStartupScene -> FXGLLoadingScene
18:53:41.055 [JavaFX Application Thread] DEBUG WindowService        - Clearing previous game
18:53:41.055 [JavaFX Application Thread] DEBUG GameScene            - Clearing game scene
18:53:41.055 [JavaFX Application Thread] DEBUG GameWorld            - Clearing game world
18:53:41.056 [JavaFX Application Thread] DEBUG PhysicsWorld         - Clearing physics world
18:53:41.058 [FXGL Background Thread 1 ] DEBUG GameApplication      - Initializing game
18:53:41.067 [FXGL Background Thread 1 ] DEBUG AssetLoaderService   - Loading from file system: /assets/levels/level0.tmx
18:53:41.102 [FXGL Background Thread 1 ] WARN  TMXLevelLoader       - TiledMap generated from 1.4.1. Supported version: 1.2.3. Some features may not be parsed fully.
18:53:41.109 [FXGL Background Thread 1 ] DEBUG TMXLevelLoader       - Parsed raw map: TiledMap(width=10, height=5, tilewidth=250, tileheight=250, orientation=orthogonal, layers=[Layer(width=10, height=5, name=Tile Layer 1, type=tilelayer, visible=false, x=0, y=0, data=[24, 5, 42, 37, 37, 37, 37, 42, 5, 24, 24, 2, 6, 6, 6, 6, 6, 6, 4, 24, 40, 5, 10, 10, 10, 39, 10, 10, 5, 24, 24, 2, 6, 6, 6, 6, 6, 6, 1, 6, 24, 5, 24, 24, 24, 24, 24, 24, 24, 24], objects=[], opacity=0.0, draworder=)], tilesets=[Tileset(firstgid=1, image=../textures/tiles_sheet.png, name=traffic_tiles, tilewidth=250, tileheight=250, imagewidth=1750, imageheight=1500, margin=0, spacing=0, columns=7, tilecount=42, transparentcolor=41ffef, tiles=[])], backgroundcolor=, renderorder=right-down, nextobjectid=1, version=1, tiledversion=1.4.1, type=map, infinite=false, properties={}, propertytypes={})
18:53:41.110 [FXGL Background Thread 1 ] DEBUG TMXLevelLoader       - Creating tile layer entities
18:53:41.111 [FXGL Background Thread 1 ] DEBUG TilesetLoader        - Loading view for layer Tile Layer 1
18:53:41.119 [FXGL Background Thread 1 ] DEBUG TilesetLoader        - Created buffer with size 2500.0x1250.0
18:53:41.120 [FXGL Background Thread 1 ] WARN  TilesetLoader        - tiles_sheet.png cannot be loaded using mapURL=file:/Users/universita/Desktop/ProgettoJava/traffic-scut-sac/JavaTraffic/bin/assets/levels/level0.tmx Error: java.io.FileNotFoundException: /Users/universita/Desktop/ProgettoJava/traffic-scut-sac/JavaTraffic/bin/assets/levels/tiles_sheet.png (No such file or directory)
18:53:41.701 [FXGL Background Thread 1 ] DEBUG TilesetLoader        - Writing to buffer: dst=0,0, w=250,h=250, src=500,750
18:53:41.702 [FXGL Background Thread 1 ] DEBUG TilesetLoader        - Writing to buffer: dst=250,0, w=250,h=250, src=1000,0
18:53:41.702 [FXGL Background Thread 1 ] DEBUG TilesetLoader        - Writing to buffer: dst=500,0, w=250,h=250, src=1500,1250
18:53:41.702 [FXGL Background Thread 1 ] DEBUG TilesetLoader        - Writing to buffer: dst=750,0, w=250,h=250, src=250,1250
18:53:41.702 [FXGL Background Thread 1 ] DEBUG TilesetLoader        - Writing to buffer: dst=1000,0, w=250,h=250, src=250,1250
18:53:41.703 [FXGL Background Thread 1 ] DEBUG TilesetLoader        - Writing to buffer: dst=1250,0, w=250,h=250, src=250,1250
18:53:41.703 [FXGL Background Thread 1 ] DEBUG TilesetLoader        - Writing to buffer: dst=1500,0, w=250,h=250, src=250,1250
18:53:41.703 [FXGL Background Thread 1 ] DEBUG TilesetLoader        - Writing to buffer: dst=1750,0, w=250,h=250, src=1500,1250
18:53:41.703 [FXGL Background Thread 1 ] DEBUG TilesetLoader        - Writing to buffer: dst=2000,0, w=250,h=250, src=1000,0
18:53:41.704 [FXGL Background Thread 1 ] DEBUG TilesetLoader        - Writing to buffer: dst=2250,0, w=250,h=250, src=500,750
18:53:41.704 [FXGL Background Thread 1 ] DEBUG TilesetLoader        - Writing to buffer: dst=0,250, w=250,h=250, src=500,750
18:53:41.704 [FXGL Background Thread 1 ] DEBUG TilesetLoader        - Writing to buffer: dst=250,250, w=250,h=250, src=250,0
18:53:41.705 [FXGL Background Thread 1 ] DEBUG TilesetLoader        - Writing to buffer: dst=500,250, w=250,h=250, src=1250,0
18:53:41.705 [FXGL Background Thread 1 ] DEBUG TilesetLoader        - Writing to buffer: dst=750,250, w=250,h=250, src=1250,0
18:53:41.706 [FXGL Background Thread 1 ] DEBUG TilesetLoader        - Writing to buffer: dst=1000,250, w=250,h=250, src=1250,0
18:53:41.706 [FXGL Background Thread 1 ] DEBUG TilesetLoader        - Writing to buffer: dst=1250,250, w=250,h=250, src=1250,0
18:53:41.706 [FXGL Background Thread 1 ] DEBUG TilesetLoader        - Writing to buffer: dst=1500,250, w=250,h=250, src=1250,0
18:53:41.707 [FXGL Background Thread 1 ] DEBUG TilesetLoader        - Writing to buffer: dst=1750,250, w=250,h=250, src=1250,0
18:53:41.707 [FXGL Background Thread 1 ] DEBUG TilesetLoader        - Writing to buffer: dst=2000,250, w=250,h=250, src=750,0
18:53:41.707 [FXGL Background Thread 1 ] DEBUG TilesetLoader        - Writing to buffer: dst=2250,250, w=250,h=250, src=500,750
18:53:41.707 [FXGL Background Thread 1 ] DEBUG TilesetLoader        - Writing to buffer: dst=0,500, w=250,h=250, src=1000,1250
18:53:41.708 [FXGL Background Thread 1 ] DEBUG TilesetLoader        - Writing to buffer: dst=250,500, w=250,h=250, src=1000,0
18:53:41.708 [FXGL Background Thread 1 ] DEBUG TilesetLoader        - Writing to buffer: dst=500,500, w=250,h=250, src=500,250
18:53:41.708 [FXGL Background Thread 1 ] DEBUG TilesetLoader        - Writing to buffer: dst=750,500, w=250,h=250, src=500,250
18:53:41.709 [FXGL Background Thread 1 ] DEBUG TilesetLoader        - Writing to buffer: dst=1000,500, w=250,h=250, src=500,250
18:53:41.709 [FXGL Background Thread 1 ] DEBUG TilesetLoader        - Writing to buffer: dst=1250,500, w=250,h=250, src=750,1250
18:53:41.709 [FXGL Background Thread 1 ] DEBUG TilesetLoader        - Writing to buffer: dst=1500,500, w=250,h=250, src=500,250
18:53:41.710 [FXGL Background Thread 1 ] DEBUG TilesetLoader        - Writing to buffer: dst=1750,500, w=250,h=250, src=500,250
18:53:41.710 [FXGL Background Thread 1 ] DEBUG TilesetLoader        - Writing to buffer: dst=2000,500, w=250,h=250, src=1000,0
18:53:41.711 [FXGL Background Thread 1 ] DEBUG TilesetLoader        - Writing to buffer: dst=2250,500, w=250,h=250, src=500,750
18:53:41.711 [FXGL Background Thread 1 ] DEBUG TilesetLoader        - Writing to buffer: dst=0,750, w=250,h=250, src=500,750
18:53:41.712 [FXGL Background Thread 1 ] DEBUG TilesetLoader        - Writing to buffer: dst=250,750, w=250,h=250, src=250,0
18:53:41.712 [FXGL Background Thread 1 ] DEBUG TilesetLoader        - Writing to buffer: dst=500,750, w=250,h=250, src=1250,0
18:53:41.713 [FXGL Background Thread 1 ] DEBUG TilesetLoader        - Writing to buffer: dst=750,750, w=250,h=250, src=1250,0
18:53:41.714 [FXGL Background Thread 1 ] DEBUG TilesetLoader        - Writing to buffer: dst=1000,750, w=250,h=250, src=1250,0
18:53:41.714 [FXGL Background Thread 1 ] DEBUG TilesetLoader        - Writing to buffer: dst=1250,750, w=250,h=250, src=1250,0
18:53:41.714 [FXGL Background Thread 1 ] DEBUG TilesetLoader        - Writing to buffer: dst=1500,750, w=250,h=250, src=1250,0
18:53:41.715 [FXGL Background Thread 1 ] DEBUG TilesetLoader        - Writing to buffer: dst=1750,750, w=250,h=250, src=1250,0
18:53:41.715 [FXGL Background Thread 1 ] DEBUG TilesetLoader        - Writing to buffer: dst=2000,750, w=250,h=250, src=0,0
18:53:41.715 [FXGL Background Thread 1 ] DEBUG TilesetLoader        - Writing to buffer: dst=2250,750, w=250,h=250, src=1250,0
18:53:41.715 [FXGL Background Thread 1 ] DEBUG TilesetLoader        - Writing to buffer: dst=0,1000, w=250,h=250, src=500,750
18:53:41.716 [FXGL Background Thread 1 ] DEBUG TilesetLoader        - Writing to buffer: dst=250,1000, w=250,h=250, src=1000,0
18:53:41.716 [FXGL Background Thread 1 ] DEBUG TilesetLoader        - Writing to buffer: dst=500,1000, w=250,h=250, src=500,750
18:53:41.716 [FXGL Background Thread 1 ] DEBUG TilesetLoader        - Writing to buffer: dst=750,1000, w=250,h=250, src=500,750
18:53:41.716 [FXGL Background Thread 1 ] DEBUG TilesetLoader        - Writing to buffer: dst=1000,1000, w=250,h=250, src=500,750
18:53:41.717 [FXGL Background Thread 1 ] DEBUG TilesetLoader        - Writing to buffer: dst=1250,1000, w=250,h=250, src=500,750
18:53:41.717 [FXGL Background Thread 1 ] DEBUG TilesetLoader        - Writing to buffer: dst=1500,1000, w=250,h=250, src=500,750
18:53:41.717 [FXGL Background Thread 1 ] DEBUG TilesetLoader        - Writing to buffer: dst=1750,1000, w=250,h=250, src=500,750
18:53:41.717 [FXGL Background Thread 1 ] DEBUG TilesetLoader        - Writing to buffer: dst=2000,1000, w=250,h=250, src=500,750
18:53:41.718 [FXGL Background Thread 1 ] DEBUG TilesetLoader        - Writing to buffer: dst=2250,1000, w=250,h=250, src=500,750
18:53:41.718 [FXGL Background Thread 1 ] DEBUG TMXLevelLoader       - Creating object layer entities
18:53:41.719 [FXGL Background Thread 1 ] DEBUG GameWorld            - Clearing removable entities
18:53:41.720 [FXGL Background Thread 1 ] DEBUG GameWorld            - Setting level: com.almasb.fxgl.entity.level.Level@1a94647c
18:53:41.726 [FXGL Background Thread 1 ] INFO  GameApplication      - Game initialization took: 0,668 sec
18:53:41.738 [JavaFX Application Thread] DEBUG Input                - Clearing active input actions
18:53:41.749 [JavaFX Application Thread] DEBUG WindowService        - Removing overlay from FXGLLoadingScene and adding to GameScene
18:53:41.772 [JavaFX Application Thread] DEBUG MainWindow           - FXGLLoadingScene -> GameScene
18:53:43.891 [FXGL Background Thread 2 ] DEBUG Engine               - Logging environment variables
18:53:43.892 [FXGL Background Thread 2 ] DEBUG Engine               - achievements: []
18:53:43.892 [FXGL Background Thread 2 ] DEBUG Engine               - appIcon: fxgl_icon.png
18:53:43.892 [FXGL Background Thread 2 ] DEBUG Engine               - applicationMode: DEVELOPER
18:53:43.892 [FXGL Background Thread 2 ] DEBUG Engine               - cSSList: [fxgl_dark.css]
18:53:43.893 [FXGL Background Thread 2 ] DEBUG Engine               - configClass: Optional.empty
18:53:43.893 [FXGL Background Thread 2 ] DEBUG Engine               - credits: []
18:53:43.893 [FXGL Background Thread 2 ] DEBUG Engine               - devBBoxColorProperty: ObjectProperty [value: 0xff0000ff]
18:53:43.893 [FXGL Background Thread 2 ] DEBUG Engine               - devSensorColorProperty: ObjectProperty [value: 0xffff00ff]
18:53:43.894 [FXGL Background Thread 2 ] DEBUG Engine               - devShowBBoxProperty: BooleanProperty [value: false]
18:53:43.894 [FXGL Background Thread 2 ] DEBUG Engine               - devShowPositionProperty: BooleanProperty [value: false]
18:53:43.894 [FXGL Background Thread 2 ] DEBUG Engine               - enabledMenuItems: []
18:53:43.894 [FXGL Background Thread 2 ] DEBUG Engine               - engineServices: [class com.almasb.fxgl.app.GameApplication$GameApplicationService, class com.almasb.fxgl.app.services.WindowService, class com.almasb.fxgl.app.services.FXGLDialogService, class com.almasb.fxgl.app.services.IOTaskExecutorService, class com.almasb.fxgl.event.EventBusService, class com.almasb.fxgl.io.FileSystemService, class com.almasb.fxgl.localization.LocalizationService, class com.almasb.fxgl.app.services.AssetLoaderService, class com.almasb.fxgl.app.services.SystemBundleService, class com.almasb.fxgl.profile.SaveLoadService, class com.almasb.fxgl.ui.FXGLUIFactoryServiceProvider, class com.almasb.fxgl.ui.FXGLDialogFactoryServiceProvider, class com.almasb.fxgl.audio.AudioPlayer, class com.almasb.fxgl.notification.impl.NotificationServiceProvider, class com.almasb.fxgl.achievement.AchievementService, class com.almasb.fxgl.cutscene.CutsceneService, class com.almasb.fxgl.minigames.MiniGameService, class com.almasb.fxgl.net.NetService, class com.almasb.fxgl.app.services.UpdaterService, class com.almasb.fxgl.dev.DevService, class com.almasb.fxgl.dev.profiling.ProfilerService]
18:53:43.895 [FXGL Background Thread 2 ] DEBUG Engine               - fontGame: Abel-Regular.ttf
18:53:43.895 [FXGL Background Thread 2 ] DEBUG Engine               - fontMono: lucida_console.ttf
18:53:43.895 [FXGL Background Thread 2 ] DEBUG Engine               - fontText: Courier-Prime.ttf
18:53:43.895 [FXGL Background Thread 2 ] DEBUG Engine               - fontUI: VarelaRound-Regular.ttf
18:53:43.896 [FXGL Background Thread 2 ] DEBUG Engine               - fullScreen: BooleanProperty [value: false]
18:53:43.896 [FXGL Background Thread 2 ] DEBUG Engine               - gameDifficulty: MEDIUM
18:53:43.896 [FXGL Background Thread 2 ] DEBUG Engine               - gameDifficultyProperty: ObjectProperty [value: MEDIUM]
18:53:43.896 [FXGL Background Thread 2 ] DEBUG Engine               - globalMusicVolume: 0.5
18:53:43.896 [FXGL Background Thread 2 ] DEBUG Engine               - globalMusicVolumeProperty: DoubleProperty [value: 0.5]
18:53:43.896 [FXGL Background Thread 2 ] DEBUG Engine               - globalSoundVolume: 0.5
18:53:43.896 [FXGL Background Thread 2 ] DEBUG Engine               - globalSoundVolumeProperty: DoubleProperty [value: 0.5]
18:53:43.897 [FXGL Background Thread 2 ] DEBUG Engine               - height: 1250
18:53:43.897 [FXGL Background Thread 2 ] DEBUG Engine               - isAndroid: false
18:53:43.897 [FXGL Background Thread 2 ] DEBUG Engine               - isBrowser: false
18:53:43.897 [FXGL Background Thread 2 ] DEBUG Engine               - isClickFeedbackEnabled: false
18:53:43.897 [FXGL Background Thread 2 ] DEBUG Engine               - isCloseConfirmation: false
18:53:43.898 [FXGL Background Thread 2 ] DEBUG Engine               - isDesktop: true
18:53:43.898 [FXGL Background Thread 2 ] DEBUG Engine               - isDeveloperMenuEnabled: true
18:53:43.898 [FXGL Background Thread 2 ] DEBUG Engine               - isExperimentalNative: false
18:53:43.898 [FXGL Background Thread 2 ] DEBUG Engine               - isExperimentalTiledLargeMap: false
18:53:43.898 [FXGL Background Thread 2 ] DEBUG Engine               - isFullScreenAllowed: false
18:53:43.898 [FXGL Background Thread 2 ] DEBUG Engine               - isFullScreenFromStart: false
18:53:43.898 [FXGL Background Thread 2 ] DEBUG Engine               - isGameMenuEnabled: true
18:53:43.898 [FXGL Background Thread 2 ] DEBUG Engine               - isIOS: false
18:53:43.899 [FXGL Background Thread 2 ] DEBUG Engine               - isIntroEnabled: false
18:53:43.899 [FXGL Background Thread 2 ] DEBUG Engine               - isLinux: false
18:53:43.899 [FXGL Background Thread 2 ] DEBUG Engine               - isMac: true
18:53:43.899 [FXGL Background Thread 2 ] DEBUG Engine               - isMainMenuEnabled: false
18:53:43.899 [FXGL Background Thread 2 ] DEBUG Engine               - isManualResizeEnabled: false
18:53:43.900 [FXGL Background Thread 2 ] DEBUG Engine               - isMobile: false
18:53:43.900 [FXGL Background Thread 2 ] DEBUG Engine               - isPreserveResizeRatio: false
18:53:43.900 [FXGL Background Thread 2 ] DEBUG Engine               - isProfilingEnabled: true
18:53:43.900 [FXGL Background Thread 2 ] DEBUG Engine               - isSingleStep: false
18:53:43.900 [FXGL Background Thread 2 ] DEBUG Engine               - isUserProfileEnabled: false
18:53:43.901 [FXGL Background Thread 2 ] DEBUG Engine               - isWindows: false
18:53:43.901 [FXGL Background Thread 2 ] DEBUG Engine               - language: ObjectProperty [value: ENGLISH]
18:53:43.901 [FXGL Background Thread 2 ] DEBUG Engine               - mainWindow: com.almasb.fxgl.app.MainWindow@1077c67b
18:53:43.901 [FXGL Background Thread 2 ] DEBUG Engine               - menuKey: ESCAPE
18:53:43.901 [FXGL Background Thread 2 ] DEBUG Engine               - notificationViewClass: class com.almasb.fxgl.notification.view.XboxNotificationView
18:53:43.901 [FXGL Background Thread 2 ] DEBUG Engine               - pixelsPerMeter: 50.0
18:53:43.902 [FXGL Background Thread 2 ] DEBUG Engine               - platform: MAC
18:53:43.902 [FXGL Background Thread 2 ] DEBUG Engine               - profileDir: profiles/
18:53:43.902 [FXGL Background Thread 2 ] DEBUG Engine               - profileName: StringProperty [value: DEFAULT]
18:53:43.902 [FXGL Background Thread 2 ] DEBUG Engine               - randomSeed: -1
18:53:43.902 [FXGL Background Thread 2 ] DEBUG Engine               - runtimeInfo: RuntimeInfo(platform=MAC, version=11.9, build=27.05.2020 17.31)
18:53:43.902 [FXGL Background Thread 2 ] DEBUG Engine               - saveFileExt: sav
18:53:43.902 [FXGL Background Thread 2 ] DEBUG Engine               - sceneFactory: com.almasb.fxgl.app.scene.SceneFactory@144840ad
18:53:43.902 [FXGL Background Thread 2 ] DEBUG Engine               - secondsIn24h: 60
18:53:43.903 [FXGL Background Thread 2 ] DEBUG Engine               - settings: Title:   Basic Game App  
Version: 0.1
Width: 2500
Height: 1250
Fullscreen: false
Intro: false
Profiling: true
Single step:false
App Mode: DEVELOPER
Menu Key: ESCAPE
Stage Style: DECORATED
Scene Factory: class com.almasb.fxgl.app.scene.SceneFactory

18:53:43.903 [FXGL Background Thread 2 ] DEBUG Engine               - soundMenuBack: menu/back.wav
18:53:43.903 [FXGL Background Thread 2 ] DEBUG Engine               - soundMenuPress: menu/press.wav
18:53:43.903 [FXGL Background Thread 2 ] DEBUG Engine               - soundMenuSelect: menu/select.wav
18:53:43.903 [FXGL Background Thread 2 ] DEBUG Engine               - soundNotification: core/notification.wav
18:53:43.903 [FXGL Background Thread 2 ] DEBUG Engine               - stageStyle: DECORATED
18:53:43.903 [FXGL Background Thread 2 ] DEBUG Engine               - supportedLanguages: [ENGLISH, FRENCH, GERMAN, HUNGARIAN, RUSSIAN]
18:53:43.903 [FXGL Background Thread 2 ] DEBUG Engine               - title:   Basic Game App  
18:53:43.904 [FXGL Background Thread 2 ] DEBUG Engine               - urlGithub: https://github.com/AlmasB/FXGL
18:53:43.904 [FXGL Background Thread 2 ] DEBUG Engine               - urlLeaderboard: http://fxgl-top.herokuapp.com/
18:53:43.904 [FXGL Background Thread 2 ] DEBUG Engine               - urlPOM: https://raw.githubusercontent.com/AlmasB/FXGL/master/pom.xml
18:53:43.904 [FXGL Background Thread 2 ] DEBUG Engine               - version: 0.1
18:53:43.904 [FXGL Background Thread 2 ] DEBUG Engine               - versionCheckDays: 7
18:53:43.904 [FXGL Background Thread 2 ] DEBUG Engine               - width: 2500
18:53:43.904 [FXGL Background Thread 2 ] DEBUG Engine               - Logging services
18:53:43.904 [FXGL Background Thread 2 ] DEBUG Engine               - class com.almasb.fxgl.app.GameApplication$GameApplicationService
18:53:43.904 [FXGL Background Thread 2 ] DEBUG Engine               - class com.almasb.fxgl.app.services.WindowService
18:53:43.905 [FXGL Background Thread 2 ] DEBUG Engine               - class com.almasb.fxgl.app.services.FXGLDialogService
18:53:43.905 [FXGL Background Thread 2 ] DEBUG Engine               - class com.almasb.fxgl.app.services.IOTaskExecutorService
18:53:43.905 [FXGL Background Thread 2 ] DEBUG Engine               - class com.almasb.fxgl.event.EventBusService
18:53:43.905 [FXGL Background Thread 2 ] DEBUG Engine               - class com.almasb.fxgl.io.FileSystemService
18:53:43.905 [FXGL Background Thread 2 ] DEBUG Engine               - class com.almasb.fxgl.localization.LocalizationService
18:53:43.905 [FXGL Background Thread 2 ] DEBUG Engine               - class com.almasb.fxgl.app.services.AssetLoaderService
18:53:43.905 [FXGL Background Thread 2 ] DEBUG Engine               - class com.almasb.fxgl.app.services.SystemBundleService
18:53:43.905 [FXGL Background Thread 2 ] DEBUG Engine               - class com.almasb.fxgl.profile.SaveLoadService
18:53:43.905 [FXGL Background Thread 2 ] DEBUG Engine               - class com.almasb.fxgl.ui.FXGLUIFactoryServiceProvider
18:53:43.905 [FXGL Background Thread 2 ] DEBUG Engine               - class com.almasb.fxgl.ui.FXGLDialogFactoryServiceProvider
18:53:43.905 [FXGL Background Thread 2 ] DEBUG Engine               - class com.almasb.fxgl.audio.AudioPlayer
18:53:43.906 [FXGL Background Thread 2 ] DEBUG Engine               - class com.almasb.fxgl.notification.impl.NotificationServiceProvider
18:53:43.906 [FXGL Background Thread 2 ] DEBUG Engine               - class com.almasb.fxgl.achievement.AchievementService
18:53:43.906 [FXGL Background Thread 2 ] DEBUG Engine               - class com.almasb.fxgl.cutscene.CutsceneService
18:53:43.906 [FXGL Background Thread 2 ] DEBUG Engine               - class com.almasb.fxgl.minigames.MiniGameService
18:53:43.906 [FXGL Background Thread 2 ] DEBUG Engine               - class com.almasb.fxgl.net.NetService
18:53:43.906 [FXGL Background Thread 2 ] DEBUG Engine               - class com.almasb.fxgl.app.services.UpdaterService
18:53:43.906 [FXGL Background Thread 2 ] DEBUG Engine               - class com.almasb.fxgl.dev.DevService
18:53:43.906 [FXGL Background Thread 2 ] DEBUG Engine               - class com.almasb.fxgl.dev.profiling.ProfilerService
18:55:43.605 [JavaFX Application Thread] DEBUG GameApplication      - Exiting FXGL
18:55:43.605 [JavaFX Application Thread] DEBUG LoopRunner           - Stopping loop
18:55:43.606 [JavaFX Application Thread] DEBUG SystemBundleService  - Saving FXGL system data
18:55:43.610 [JavaFX Application Thread] DEBUG FileSystemAccess     - Writing to: /Users/universita/Desktop/ProgettoJava/traffic-scut-sac/JavaTraffic/system/fxgl.bundle
18:55:43.613 [JavaFX Application Thread] INFO  ProfilerService      - Processed Frames: 9074
18:55:43.613 [JavaFX Application Thread] INFO  ProfilerService      - Average FPS: 59
18:55:43.613 [JavaFX Application Thread] INFO  ProfilerService      - Avg Frame Took: 13,50 ms
18:55:43.614 [JavaFX Application Thread] INFO  ProfilerService      - Avg Memory Usage: 60 MB
18:55:43.614 [JavaFX Application Thread] INFO  ProfilerService      - Min Memory Usage: 29 MB
18:55:43.614 [JavaFX Application Thread] INFO  ProfilerService      - Max Memory Usage: 99 MB
18:55:43.614 [JavaFX Application Thread] INFO  ProfilerService      - Estimated GC runs: 3
18:55:43.614 [JavaFX Application Thread] DEBUG GameApplication      - Shutting down background threads
18:55:43.614 [JavaFX Application Thread] DEBUG GameApplication      - Closing logger and exiting JavaFX
