13:54:25.018 [main                     ] DEBUG GameApplication      - Logger initialized
13:54:25.039 [main                     ] DEBUG GameApplication      - Logging settings
Title:   Basic Game App  
Version: 0.1
Width: 800
Height: 600
Fullscreen: false
Intro: false
Profiling: true
Single step:false
App Mode: DEVELOPER
Menu Key: ESCAPE
Stage Style: DECORATED
Scene Factory: class com.almasb.fxgl.app.scene.SceneFactory

13:54:25.955 [JavaFX Application Thread] DEBUG GameApplication      - Initializing FXGL
13:54:25.970 [JavaFX Application Thread] INFO  Engine               - FXGL-11.9 (27.05.2020 17.31) on MAC (J:14.0.1 FX:13.0.2)
13:54:25.971 [JavaFX Application Thread] DEBUG Engine               - JRE Vendor Name: Oracle Corporation
13:54:25.971 [JavaFX Application Thread] DEBUG Engine               - Running on OS: Mac OS X version 10.15.5
13:54:25.971 [JavaFX Application Thread] DEBUG Engine               - Architecture: x86_64
13:54:25.972 [JavaFX Application Thread] INFO  Engine               - Source code and latest versions at: https://github.com/AlmasB/FXGL
13:54:25.972 [JavaFX Application Thread] INFO  Engine               -              Join the FXGL chat at: https://gitter.im/AlmasB/FXGL
13:54:26.165 [JavaFX Application Thread] DEBUG MainWindow           - Creating a JavaFX scene
13:54:26.236 [JavaFX Application Thread] DEBUG MainWindow           - Target settings size: 800.0 x 600.0
13:54:26.236 [JavaFX Application Thread] DEBUG MainWindow           - Scaled scene size:    800.0 x 600.0
13:54:26.237 [JavaFX Application Thread] DEBUG MainWindow           - Scaled ratio: (1.0, 1.0)
13:54:26.238 [JavaFX Application Thread] DEBUG MainWindow           - Set initial scene to FXGLStartupScene
13:54:26.247 [JavaFX Application Thread] DEBUG MainWindow           - Opening main window
13:54:26.339 [JavaFX Application Thread] DEBUG MainWindow           - Window border size: (0.0, 22.0)
13:54:26.339 [JavaFX Application Thread] DEBUG MainWindow           - Scaled size: 800.0 x 600.0
13:54:26.339 [JavaFX Application Thread] DEBUG MainWindow           - Scaled ratio: (1.0, 1.0)
13:54:26.339 [JavaFX Application Thread] DEBUG MainWindow           - Scene size: 800.0 x 600.0
13:54:26.340 [JavaFX Application Thread] DEBUG MainWindow           - Stage size: 800.0 x 622.0
13:54:26.349 [FXGL Background Thread 1 ] DEBUG Engine               - Initializing environment variables
13:54:26.387 [FXGL Background Thread 1 ] DEBUG WindowService        - Applying CSS: fxgl_dark.css
13:54:26.389 [FXGL Background Thread 1 ] DEBUG AssetLoaderService   - Loading from file system: /assets/ui/css/fxgl_dark.css
13:54:26.457 [FXGL Background Thread 1 ] DEBUG WindowService        - Initializing application scenes
13:54:26.747 [FXGL Background Thread 1 ] DEBUG GameWorld            - Game world initialized
13:54:26.795 [FXGL Background Thread 1 ] DEBUG PhysicsWorld         - Physics world initialized: appHeight=600, physics.ppm=50,0
13:54:26.799 [FXGL Background Thread 1 ] DEBUG GameScene            - Game scene initialized: 800x600
13:54:26.842 [FXGL Background Thread 1 ] DEBUG AssetLoaderService   - Loading from file system: /assets/textures/particles/trace_horizontal.png
13:54:26.912 [FXGL Background Thread 1 ] DEBUG FXGL.DefaultMenu     - createMenuBodyGameMenu()
13:54:26.934 [FXGL Background Thread 1 ] DEBUG FXGL.DefaultMenu     - createOptionsMenu()
13:54:26.941 [FXGL Background Thread 1 ] DEBUG AssetLoaderService   - Loading from file system: /assets/textures/particles/smoke.png
13:54:27.016 [FXGL Background Thread 1 ] DEBUG WindowService        - Application scenes initialized
13:54:27.029 [FXGL Background Thread 1 ] DEBUG SystemBundleService  - Loading FXGL system data
13:54:27.033 [FXGL Background Thread 1 ] DEBUG FileSystemAccess     - Reading from: /Users/universita/Desktop/ProgettoJava/traffic-scut-sac/JavaTraffic/system/fxgl.bundle
13:54:27.040 [FXGL Background Thread 1 ] DEBUG SystemBundleService  - Bundle FXGL: {}
13:54:27.072 [FXGL Background Thread 1 ] INFO  Engine               - FXGL initialization took: 0,720 sec
13:54:27.074 [FXGL Background Thread 1 ] DEBUG GameApplication      - Loading localizations
13:54:27.075 [FXGL Background Thread 1 ] DEBUG AssetLoaderService   - Loading from file system: /assets/languages/english.lang
13:54:27.096 [FXGL Background Thread 1 ] DEBUG AssetLoaderService   - Loading from file system: /assets/languages/french.lang
13:54:27.099 [FXGL Background Thread 1 ] DEBUG AssetLoaderService   - Loading from file system: /assets/languages/german.lang
13:54:27.101 [FXGL Background Thread 1 ] DEBUG AssetLoaderService   - Loading from file system: /assets/languages/hungarian.lang
13:54:27.104 [FXGL Background Thread 1 ] DEBUG AssetLoaderService   - Loading from file system: /assets/languages/russian.lang
13:54:27.106 [FXGL Background Thread 1 ] DEBUG GameApplication      - Registering font factories with UI factory
13:54:27.107 [FXGL Background Thread 1 ] DEBUG AssetLoaderService   - Loading from file system: /assets/ui/fonts/VarelaRound-Regular.ttf
13:54:27.127 [FXGL Background Thread 1 ] DEBUG AssetLoaderService   - Loading from file system: /assets/ui/fonts/Abel-Regular.ttf
13:54:27.130 [FXGL Background Thread 1 ] DEBUG AssetLoaderService   - Loading from file system: /assets/ui/fonts/lucida_console.ttf
13:54:27.135 [FXGL Background Thread 1 ] DEBUG AssetLoaderService   - Loading from file system: /assets/ui/fonts/Courier-Prime.ttf
13:54:27.148 [JavaFX Application Thread] DEBUG Input                - Registered new binding: Move Right - D
13:54:27.148 [JavaFX Application Thread] DEBUG Input                - Registered new binding: Move Left - A
13:54:27.148 [JavaFX Application Thread] DEBUG Input                - Registered new binding: Move Up - W
13:54:27.148 [JavaFX Application Thread] DEBUG Input                - Registered new binding: Move Down - S
13:54:27.149 [JavaFX Application Thread] DEBUG AssetLoaderService   - Loading from file system: /assets/textures/fxgl_icon.png
13:54:27.188 [JavaFX Application Thread] DEBUG AssetLoaderService   - Loading from file system: /assets/ui/cursors/fxgl_default.png
13:54:27.192 [JavaFX Application Thread] DEBUG Input                - Registered new binding: Screenshot - P
13:54:27.193 [JavaFX Application Thread] DEBUG Input                - Registered new binding: Dev Options - 1
13:54:27.193 [JavaFX Application Thread] DEBUG Input                - Registered new binding: Dev Console - 2
13:54:27.194 [JavaFX Application Thread] DEBUG Input                - Registered new binding: System info dump - CTRL+9
13:54:27.194 [JavaFX Application Thread] DEBUG Input                - Registered new binding: Restart - CTRL+R
13:54:27.196 [JavaFX Application Thread] DEBUG LoopRunner           - Starting loop
13:54:27.232 [JavaFX Application Thread] DEBUG FXGLStartupScene     - STARTUP
13:54:27.233 [JavaFX Application Thread] DEBUG WindowService        - Starting new game
13:54:27.234 [JavaFX Application Thread] DEBUG Input                - Clearing active input actions
13:54:27.250 [JavaFX Application Thread] DEBUG WindowService        - Removing overlay from FXGLStartupScene and adding to FXGLLoadingScene
13:54:27.256 [JavaFX Application Thread] DEBUG MainWindow           - FXGLStartupScene -> FXGLLoadingScene
13:54:27.256 [JavaFX Application Thread] DEBUG WindowService        - Clearing previous game
13:54:27.256 [JavaFX Application Thread] DEBUG GameScene            - Clearing game scene
13:54:27.257 [JavaFX Application Thread] DEBUG GameWorld            - Clearing game world
13:54:27.257 [JavaFX Application Thread] DEBUG PhysicsWorld         - Clearing physics world
13:54:27.258 [FXGL Background Thread 1 ] DEBUG GameApplication      - Initializing game
13:54:27.283 [FXGL Background Thread 1 ] INFO  GameApplication      - Game initialization took: 0,024 sec
13:54:27.474 [JavaFX Application Thread] DEBUG Input                - Clearing active input actions
13:54:27.485 [JavaFX Application Thread] DEBUG WindowService        - Removing overlay from FXGLLoadingScene and adding to GameScene
13:54:27.512 [JavaFX Application Thread] DEBUG MainWindow           - FXGLLoadingScene -> GameScene
13:54:30.078 [FXGL Background Thread 2 ] DEBUG Engine               - Logging environment variables
13:54:30.079 [FXGL Background Thread 2 ] DEBUG Engine               - achievements: []
13:54:30.079 [FXGL Background Thread 2 ] DEBUG Engine               - appIcon: fxgl_icon.png
13:54:30.079 [FXGL Background Thread 2 ] DEBUG Engine               - applicationMode: DEVELOPER
13:54:30.079 [FXGL Background Thread 2 ] DEBUG Engine               - cSSList: [fxgl_dark.css]
13:54:30.081 [FXGL Background Thread 2 ] DEBUG Engine               - configClass: Optional.empty
13:54:30.081 [FXGL Background Thread 2 ] DEBUG Engine               - credits: []
13:54:30.081 [FXGL Background Thread 2 ] DEBUG Engine               - devBBoxColorProperty: ObjectProperty [value: 0xff0000ff]
13:54:30.081 [FXGL Background Thread 2 ] DEBUG Engine               - devSensorColorProperty: ObjectProperty [value: 0xffff00ff]
13:54:30.082 [FXGL Background Thread 2 ] DEBUG Engine               - devShowBBoxProperty: BooleanProperty [value: false]
13:54:30.082 [FXGL Background Thread 2 ] DEBUG Engine               - devShowPositionProperty: BooleanProperty [value: false]
13:54:30.082 [FXGL Background Thread 2 ] DEBUG Engine               - enabledMenuItems: []
13:54:30.082 [FXGL Background Thread 2 ] DEBUG Engine               - engineServices: [class com.almasb.fxgl.app.GameApplication$GameApplicationService, class com.almasb.fxgl.app.services.WindowService, class com.almasb.fxgl.app.services.FXGLDialogService, class com.almasb.fxgl.app.services.IOTaskExecutorService, class com.almasb.fxgl.event.EventBusService, class com.almasb.fxgl.io.FileSystemService, class com.almasb.fxgl.localization.LocalizationService, class com.almasb.fxgl.app.services.AssetLoaderService, class com.almasb.fxgl.app.services.SystemBundleService, class com.almasb.fxgl.profile.SaveLoadService, class com.almasb.fxgl.ui.FXGLUIFactoryServiceProvider, class com.almasb.fxgl.ui.FXGLDialogFactoryServiceProvider, class com.almasb.fxgl.audio.AudioPlayer, class com.almasb.fxgl.notification.impl.NotificationServiceProvider, class com.almasb.fxgl.achievement.AchievementService, class com.almasb.fxgl.cutscene.CutsceneService, class com.almasb.fxgl.minigames.MiniGameService, class com.almasb.fxgl.net.NetService, class com.almasb.fxgl.app.services.UpdaterService, class com.almasb.fxgl.dev.DevService, class com.almasb.fxgl.dev.profiling.ProfilerService]
13:54:30.082 [FXGL Background Thread 2 ] DEBUG Engine               - fontGame: Abel-Regular.ttf
13:54:30.082 [FXGL Background Thread 2 ] DEBUG Engine               - fontMono: lucida_console.ttf
13:54:30.082 [FXGL Background Thread 2 ] DEBUG Engine               - fontText: Courier-Prime.ttf
13:54:30.082 [FXGL Background Thread 2 ] DEBUG Engine               - fontUI: VarelaRound-Regular.ttf
13:54:30.083 [FXGL Background Thread 2 ] DEBUG Engine               - fullScreen: BooleanProperty [value: false]
13:54:30.083 [FXGL Background Thread 2 ] DEBUG Engine               - gameDifficulty: MEDIUM
13:54:30.083 [FXGL Background Thread 2 ] DEBUG Engine               - gameDifficultyProperty: ObjectProperty [value: MEDIUM]
13:54:30.083 [FXGL Background Thread 2 ] DEBUG Engine               - globalMusicVolume: 0.5
13:54:30.084 [FXGL Background Thread 2 ] DEBUG Engine               - globalMusicVolumeProperty: DoubleProperty [value: 0.5]
13:54:30.084 [FXGL Background Thread 2 ] DEBUG Engine               - globalSoundVolume: 0.5
13:54:30.084 [FXGL Background Thread 2 ] DEBUG Engine               - globalSoundVolumeProperty: DoubleProperty [value: 0.5]
13:54:30.084 [FXGL Background Thread 2 ] DEBUG Engine               - height: 600
13:54:30.084 [FXGL Background Thread 2 ] DEBUG Engine               - isAndroid: false
13:54:30.084 [FXGL Background Thread 2 ] DEBUG Engine               - isBrowser: false
13:54:30.085 [FXGL Background Thread 2 ] DEBUG Engine               - isClickFeedbackEnabled: false
13:54:30.085 [FXGL Background Thread 2 ] DEBUG Engine               - isCloseConfirmation: false
13:54:30.085 [FXGL Background Thread 2 ] DEBUG Engine               - isDesktop: true
13:54:30.085 [FXGL Background Thread 2 ] DEBUG Engine               - isDeveloperMenuEnabled: true
13:54:30.085 [FXGL Background Thread 2 ] DEBUG Engine               - isExperimentalNative: false
13:54:30.085 [FXGL Background Thread 2 ] DEBUG Engine               - isExperimentalTiledLargeMap: false
13:54:30.090 [FXGL Background Thread 2 ] DEBUG Engine               - isFullScreenAllowed: false
13:54:30.090 [FXGL Background Thread 2 ] DEBUG Engine               - isFullScreenFromStart: false
13:54:30.090 [FXGL Background Thread 2 ] DEBUG Engine               - isGameMenuEnabled: true
13:54:30.090 [FXGL Background Thread 2 ] DEBUG Engine               - isIOS: false
13:54:30.090 [FXGL Background Thread 2 ] DEBUG Engine               - isIntroEnabled: false
13:54:30.091 [FXGL Background Thread 2 ] DEBUG Engine               - isLinux: false
13:54:30.091 [FXGL Background Thread 2 ] DEBUG Engine               - isMac: true
13:54:30.091 [FXGL Background Thread 2 ] DEBUG Engine               - isMainMenuEnabled: false
13:54:30.091 [FXGL Background Thread 2 ] DEBUG Engine               - isManualResizeEnabled: false
13:54:30.091 [FXGL Background Thread 2 ] DEBUG Engine               - isMobile: false
13:54:30.091 [FXGL Background Thread 2 ] DEBUG Engine               - isPreserveResizeRatio: false
13:54:30.092 [FXGL Background Thread 2 ] DEBUG Engine               - isProfilingEnabled: true
13:54:30.092 [FXGL Background Thread 2 ] DEBUG Engine               - isSingleStep: false
13:54:30.092 [FXGL Background Thread 2 ] DEBUG Engine               - isUserProfileEnabled: false
13:54:30.092 [FXGL Background Thread 2 ] DEBUG Engine               - isWindows: false
13:54:30.092 [FXGL Background Thread 2 ] DEBUG Engine               - language: ObjectProperty [value: ENGLISH]
13:54:30.092 [FXGL Background Thread 2 ] DEBUG Engine               - mainWindow: com.almasb.fxgl.app.MainWindow@62e06aff
13:54:30.094 [FXGL Background Thread 2 ] DEBUG Engine               - menuKey: ESCAPE
13:54:30.094 [FXGL Background Thread 2 ] DEBUG Engine               - notificationViewClass: class com.almasb.fxgl.notification.view.XboxNotificationView
13:54:30.095 [FXGL Background Thread 2 ] DEBUG Engine               - pixelsPerMeter: 50.0
13:54:30.095 [FXGL Background Thread 2 ] DEBUG Engine               - platform: MAC
13:54:30.095 [FXGL Background Thread 2 ] DEBUG Engine               - profileDir: profiles/
13:54:30.096 [FXGL Background Thread 2 ] DEBUG Engine               - profileName: StringProperty [value: DEFAULT]
13:54:30.096 [FXGL Background Thread 2 ] DEBUG Engine               - randomSeed: -1
13:54:30.096 [FXGL Background Thread 2 ] DEBUG Engine               - runtimeInfo: RuntimeInfo(platform=MAC, version=11.9, build=27.05.2020 17.31)
13:54:30.097 [FXGL Background Thread 2 ] DEBUG Engine               - saveFileExt: sav
13:54:30.097 [FXGL Background Thread 2 ] DEBUG Engine               - sceneFactory: com.almasb.fxgl.app.scene.SceneFactory@66dff27b
13:54:30.097 [FXGL Background Thread 2 ] DEBUG Engine               - secondsIn24h: 60
13:54:30.097 [FXGL Background Thread 2 ] DEBUG Engine               - settings: Title:   Basic Game App  
Version: 0.1
Width: 800
Height: 600
Fullscreen: false
Intro: false
Profiling: true
Single step:false
App Mode: DEVELOPER
Menu Key: ESCAPE
Stage Style: DECORATED
Scene Factory: class com.almasb.fxgl.app.scene.SceneFactory

13:54:30.097 [FXGL Background Thread 2 ] DEBUG Engine               - soundMenuBack: menu/back.wav
13:54:30.098 [FXGL Background Thread 2 ] DEBUG Engine               - soundMenuPress: menu/press.wav
13:54:30.098 [FXGL Background Thread 2 ] DEBUG Engine               - soundMenuSelect: menu/select.wav
13:54:30.098 [FXGL Background Thread 2 ] DEBUG Engine               - soundNotification: core/notification.wav
13:54:30.099 [FXGL Background Thread 2 ] DEBUG Engine               - stageStyle: DECORATED
13:54:30.099 [FXGL Background Thread 2 ] DEBUG Engine               - supportedLanguages: [ENGLISH, FRENCH, GERMAN, HUNGARIAN, RUSSIAN]
13:54:30.099 [FXGL Background Thread 2 ] DEBUG Engine               - title:   Basic Game App  
13:54:30.099 [FXGL Background Thread 2 ] DEBUG Engine               - urlGithub: https://github.com/AlmasB/FXGL
13:54:30.099 [FXGL Background Thread 2 ] DEBUG Engine               - urlLeaderboard: http://fxgl-top.herokuapp.com/
13:54:30.099 [FXGL Background Thread 2 ] DEBUG Engine               - urlPOM: https://raw.githubusercontent.com/AlmasB/FXGL/master/pom.xml
13:54:30.099 [FXGL Background Thread 2 ] DEBUG Engine               - version: 0.1
13:54:30.100 [FXGL Background Thread 2 ] DEBUG Engine               - versionCheckDays: 7
13:54:30.100 [FXGL Background Thread 2 ] DEBUG Engine               - width: 800
13:54:30.100 [FXGL Background Thread 2 ] DEBUG Engine               - Logging services
13:54:30.100 [FXGL Background Thread 2 ] DEBUG Engine               - class com.almasb.fxgl.app.GameApplication$GameApplicationService
13:54:30.100 [FXGL Background Thread 2 ] DEBUG Engine               - class com.almasb.fxgl.app.services.WindowService
13:54:30.100 [FXGL Background Thread 2 ] DEBUG Engine               - class com.almasb.fxgl.app.services.FXGLDialogService
13:54:30.100 [FXGL Background Thread 2 ] DEBUG Engine               - class com.almasb.fxgl.app.services.IOTaskExecutorService
13:54:30.100 [FXGL Background Thread 2 ] DEBUG Engine               - class com.almasb.fxgl.event.EventBusService
13:54:30.100 [FXGL Background Thread 2 ] DEBUG Engine               - class com.almasb.fxgl.io.FileSystemService
13:54:30.100 [FXGL Background Thread 2 ] DEBUG Engine               - class com.almasb.fxgl.localization.LocalizationService
13:54:30.100 [FXGL Background Thread 2 ] DEBUG Engine               - class com.almasb.fxgl.app.services.AssetLoaderService
13:54:30.101 [FXGL Background Thread 2 ] DEBUG Engine               - class com.almasb.fxgl.app.services.SystemBundleService
13:54:30.101 [FXGL Background Thread 2 ] DEBUG Engine               - class com.almasb.fxgl.profile.SaveLoadService
13:54:30.101 [FXGL Background Thread 2 ] DEBUG Engine               - class com.almasb.fxgl.ui.FXGLUIFactoryServiceProvider
13:54:30.101 [FXGL Background Thread 2 ] DEBUG Engine               - class com.almasb.fxgl.ui.FXGLDialogFactoryServiceProvider
13:54:30.101 [FXGL Background Thread 2 ] DEBUG Engine               - class com.almasb.fxgl.audio.AudioPlayer
13:54:30.101 [FXGL Background Thread 2 ] DEBUG Engine               - class com.almasb.fxgl.notification.impl.NotificationServiceProvider
13:54:30.101 [FXGL Background Thread 2 ] DEBUG Engine               - class com.almasb.fxgl.achievement.AchievementService
13:54:30.102 [FXGL Background Thread 2 ] DEBUG Engine               - class com.almasb.fxgl.cutscene.CutsceneService
13:54:30.102 [FXGL Background Thread 2 ] DEBUG Engine               - class com.almasb.fxgl.minigames.MiniGameService
13:54:30.102 [FXGL Background Thread 2 ] DEBUG Engine               - class com.almasb.fxgl.net.NetService
13:54:30.102 [FXGL Background Thread 2 ] DEBUG Engine               - class com.almasb.fxgl.app.services.UpdaterService
13:54:30.102 [FXGL Background Thread 2 ] DEBUG Engine               - class com.almasb.fxgl.dev.DevService
13:54:30.102 [FXGL Background Thread 2 ] DEBUG Engine               - class com.almasb.fxgl.dev.profiling.ProfilerService
13:56:35.501 [JavaFX Application Thread] DEBUG MainWindow           - Push state: FXGLDefaultMenu
13:56:35.512 [JavaFX Application Thread] DEBUG Input                - Clearing active input actions
13:56:35.518 [JavaFX Application Thread] DEBUG WindowService        - Removing overlay from GameScene and adding to FXGLDefaultMenu
13:56:35.534 [JavaFX Application Thread] DEBUG MainWindow           - GameScene -> FXGLDefaultMenu
13:56:35.610 [JavaFX Application Thread] DEBUG MainWindow           - Pop state: FXGLDefaultMenu
13:56:35.610 [JavaFX Application Thread] DEBUG Input                - Clearing active input actions
13:56:35.729 [JavaFX Application Thread] DEBUG WindowService        - Removing overlay from FXGLDefaultMenu and adding to GameScene
13:56:35.734 [JavaFX Application Thread] DEBUG MainWindow           - GameScene <- FXGLDefaultMenu
13:56:36.063 [JavaFX Application Thread] DEBUG MainWindow           - Push state: FXGLDefaultMenu
13:56:36.064 [JavaFX Application Thread] DEBUG Input                - Clearing active input actions
13:56:36.065 [JavaFX Application Thread] DEBUG WindowService        - Removing overlay from GameScene and adding to FXGLDefaultMenu
13:56:36.113 [JavaFX Application Thread] DEBUG MainWindow           - GameScene -> FXGLDefaultMenu
13:56:37.961 [JavaFX Application Thread] DEBUG Menu                 - fireExit()
13:56:37.966 [JavaFX Application Thread] DEBUG MainWindow           - Push state: DialogSubScene
13:56:37.967 [JavaFX Application Thread] DEBUG Input                - Clearing active input actions
13:56:37.969 [JavaFX Application Thread] DEBUG WindowService        - Removing overlay from FXGLDefaultMenu and adding to DialogSubScene
13:56:37.981 [JavaFX Application Thread] DEBUG MainWindow           - FXGLDefaultMenu -> DialogSubScene
13:56:39.801 [JavaFX Application Thread] DEBUG MainWindow           - Pop state: DialogSubScene
13:56:39.802 [JavaFX Application Thread] DEBUG Input                - Clearing active input actions
13:56:39.812 [JavaFX Application Thread] DEBUG WindowService        - Removing overlay from DialogSubScene and adding to FXGLDefaultMenu
13:56:39.823 [JavaFX Application Thread] DEBUG MainWindow           - FXGLDefaultMenu <- DialogSubScene
13:56:40.179 [JavaFX Application Thread] DEBUG MainWindow           - Pop state: FXGLDefaultMenu
13:56:40.179 [JavaFX Application Thread] DEBUG Input                - Clearing active input actions
13:56:40.192 [JavaFX Application Thread] DEBUG WindowService        - Removing overlay from FXGLDefaultMenu and adding to GameScene
13:56:40.200 [JavaFX Application Thread] DEBUG MainWindow           - GameScene <- FXGLDefaultMenu
13:56:49.134 [JavaFX Application Thread] DEBUG MainWindow           - Push state: FXGLDefaultMenu
13:56:49.135 [JavaFX Application Thread] DEBUG Input                - Clearing active input actions
13:56:49.137 [JavaFX Application Thread] DEBUG WindowService        - Removing overlay from GameScene and adding to FXGLDefaultMenu
13:56:49.155 [JavaFX Application Thread] DEBUG MainWindow           - GameScene -> FXGLDefaultMenu
13:56:50.305 [JavaFX Application Thread] DEBUG Menu                 - fireExit()
13:56:50.307 [JavaFX Application Thread] DEBUG MainWindow           - Push state: DialogSubScene
13:56:50.307 [JavaFX Application Thread] DEBUG Input                - Clearing active input actions
13:56:50.307 [JavaFX Application Thread] DEBUG WindowService        - Removing overlay from FXGLDefaultMenu and adding to DialogSubScene
13:56:50.320 [JavaFX Application Thread] DEBUG MainWindow           - FXGLDefaultMenu -> DialogSubScene
13:56:50.896 [JavaFX Application Thread] DEBUG MainWindow           - Pop state: DialogSubScene
13:56:50.897 [JavaFX Application Thread] DEBUG Input                - Clearing active input actions
13:56:50.912 [JavaFX Application Thread] DEBUG WindowService        - Removing overlay from DialogSubScene and adding to FXGLDefaultMenu
13:56:50.916 [JavaFX Application Thread] DEBUG MainWindow           - FXGLDefaultMenu <- DialogSubScene
13:56:50.916 [JavaFX Application Thread] DEBUG GameApplication      - Exiting FXGL
13:56:50.916 [JavaFX Application Thread] DEBUG LoopRunner           - Stopping loop
13:56:50.916 [JavaFX Application Thread] DEBUG SystemBundleService  - Saving FXGL system data
13:56:50.933 [JavaFX Application Thread] DEBUG FileSystemAccess     - Writing to: /Users/universita/Desktop/ProgettoJava/traffic-scut-sac/JavaTraffic/system/fxgl.bundle
13:56:50.936 [JavaFX Application Thread] INFO  ProfilerService      - Processed Frames: 6850
13:56:50.936 [JavaFX Application Thread] INFO  ProfilerService      - Average FPS: 48
13:56:50.937 [JavaFX Application Thread] INFO  ProfilerService      - Avg Frame Took: 20,97 ms
13:56:50.937 [JavaFX Application Thread] INFO  ProfilerService      - Avg Memory Usage: 127 MB
13:56:50.937 [JavaFX Application Thread] INFO  ProfilerService      - Min Memory Usage: 14 MB
13:56:50.937 [JavaFX Application Thread] INFO  ProfilerService      - Max Memory Usage: 288 MB
13:56:50.937 [JavaFX Application Thread] INFO  ProfilerService      - Estimated GC runs: 50
13:56:50.937 [JavaFX Application Thread] DEBUG GameApplication      - Shutting down background threads
13:56:50.938 [JavaFX Application Thread] DEBUG GameApplication      - Closing logger and exiting JavaFX
