20:00:48.462 [main                     ] DEBUG GameApplication      - Logger initialized
20:00:48.484 [main                     ] DEBUG GameApplication      - Logging settings
Title: BasicGameSample
Version: 0.0
Width: 800
Height: 600
Fullscreen: false
Intro: false
Profiling: false
Single step:false
App Mode: DEVELOPER
Menu Key: ESCAPE
Stage Style: DECORATED
Scene Factory: class com.almasb.fxgl.app.scene.SceneFactory

20:00:50.196 [JavaFX Application Thread] DEBUG GameApplication      - Initializing FXGL
20:00:50.210 [JavaFX Application Thread] INFO  Engine               - FXGL-11.9 (27.05.2020 17.31) on MAC (J:14.0.1 FX:13.0.2)
20:00:50.211 [JavaFX Application Thread] DEBUG Engine               - JRE Vendor Name: Oracle Corporation
20:00:50.211 [JavaFX Application Thread] DEBUG Engine               - Running on OS: Mac OS X version 10.15.5
20:00:50.212 [JavaFX Application Thread] DEBUG Engine               - Architecture: x86_64
20:00:50.212 [JavaFX Application Thread] INFO  Engine               - Source code and latest versions at: https://github.com/AlmasB/FXGL
20:00:50.212 [JavaFX Application Thread] INFO  Engine               -              Join the FXGL chat at: https://gitter.im/AlmasB/FXGL
20:00:50.510 [JavaFX Application Thread] DEBUG MainWindow           - Creating a JavaFX scene
20:00:50.741 [JavaFX Application Thread] DEBUG MainWindow           - Target settings size: 800.0 x 600.0
20:00:50.741 [JavaFX Application Thread] DEBUG MainWindow           - Scaled scene size:    800.0 x 600.0
20:00:50.742 [JavaFX Application Thread] DEBUG MainWindow           - Scaled ratio: (1.0, 1.0)
20:00:50.743 [JavaFX Application Thread] DEBUG MainWindow           - Set initial scene to FXGLStartupScene
20:00:50.752 [JavaFX Application Thread] DEBUG MainWindow           - Opening main window
20:00:50.836 [JavaFX Application Thread] DEBUG MainWindow           - Window border size: (0.0, 22.0)
20:00:50.836 [JavaFX Application Thread] DEBUG MainWindow           - Scaled size: 800.0 x 600.0
20:00:50.837 [JavaFX Application Thread] DEBUG MainWindow           - Scaled ratio: (1.0, 1.0)
20:00:50.837 [JavaFX Application Thread] DEBUG MainWindow           - Scene size: 800.0 x 600.0
20:00:50.837 [JavaFX Application Thread] DEBUG MainWindow           - Stage size: 800.0 x 622.0
20:00:50.846 [FXGL Background Thread 1 ] DEBUG Engine               - Initializing environment variables
20:00:50.879 [FXGL Background Thread 1 ] DEBUG WindowService        - Applying CSS: fxgl_dark.css
20:00:50.880 [FXGL Background Thread 1 ] DEBUG AssetLoaderService   - Loading from file system: /assets/ui/css/fxgl_dark.css
20:00:50.953 [FXGL Background Thread 1 ] DEBUG WindowService        - Initializing application scenes
20:00:51.341 [FXGL Background Thread 1 ] DEBUG GameWorld            - Game world initialized
20:00:51.440 [FXGL Background Thread 1 ] DEBUG PhysicsWorld         - Physics world initialized: appHeight=600, physics.ppm=50,0
20:00:51.442 [FXGL Background Thread 1 ] DEBUG GameScene            - Game scene initialized: 800x600
20:00:51.482 [FXGL Background Thread 1 ] DEBUG AssetLoaderService   - Loading from file system: /assets/textures/particles/trace_horizontal.png
20:00:51.546 [FXGL Background Thread 1 ] DEBUG FXGL.DefaultMenu     - createMenuBodyGameMenu()
20:00:51.569 [FXGL Background Thread 1 ] DEBUG FXGL.DefaultMenu     - createOptionsMenu()
20:00:51.574 [FXGL Background Thread 1 ] DEBUG AssetLoaderService   - Loading from file system: /assets/textures/particles/smoke.png
20:00:51.651 [FXGL Background Thread 1 ] DEBUG WindowService        - Application scenes initialized
20:00:51.668 [FXGL Background Thread 1 ] DEBUG SystemBundleService  - Loading default FXGL system data
20:00:51.668 [FXGL Background Thread 1 ] INFO  Engine               - FXGL initialization took: 0,819 sec
20:00:51.670 [FXGL Background Thread 1 ] DEBUG GameApplication      - Loading localizations
20:00:51.671 [FXGL Background Thread 1 ] DEBUG AssetLoaderService   - Loading from file system: /assets/languages/english.lang
20:00:51.688 [FXGL Background Thread 1 ] DEBUG AssetLoaderService   - Loading from file system: /assets/languages/french.lang
20:00:51.691 [FXGL Background Thread 1 ] DEBUG AssetLoaderService   - Loading from file system: /assets/languages/german.lang
20:00:51.693 [FXGL Background Thread 1 ] DEBUG AssetLoaderService   - Loading from file system: /assets/languages/hungarian.lang
20:00:51.695 [FXGL Background Thread 1 ] DEBUG AssetLoaderService   - Loading from file system: /assets/languages/russian.lang
20:00:51.698 [FXGL Background Thread 1 ] DEBUG GameApplication      - Registering font factories with UI factory
20:00:51.698 [FXGL Background Thread 1 ] DEBUG AssetLoaderService   - Loading from file system: /assets/ui/fonts/VarelaRound-Regular.ttf
20:00:51.723 [FXGL Background Thread 1 ] DEBUG AssetLoaderService   - Loading from file system: /assets/ui/fonts/Abel-Regular.ttf
20:00:51.727 [FXGL Background Thread 1 ] DEBUG AssetLoaderService   - Loading from file system: /assets/ui/fonts/lucida_console.ttf
20:00:51.731 [FXGL Background Thread 1 ] DEBUG AssetLoaderService   - Loading from file system: /assets/ui/fonts/Courier-Prime.ttf
20:00:51.736 [JavaFX Application Thread] DEBUG AssetLoaderService   - Loading from file system: /assets/textures/fxgl_icon.png
20:00:51.764 [JavaFX Application Thread] DEBUG AssetLoaderService   - Loading from file system: /assets/ui/cursors/fxgl_default.png
20:00:51.777 [JavaFX Application Thread] DEBUG Input                - Registered new binding: Screenshot - P
20:00:51.778 [JavaFX Application Thread] DEBUG Input                - Registered new binding: System info dump - CTRL+9
20:00:51.779 [JavaFX Application Thread] DEBUG Input                - Registered new binding: Restart - CTRL+R
20:00:51.780 [JavaFX Application Thread] DEBUG LoopRunner           - Starting loop
20:00:51.843 [JavaFX Application Thread] DEBUG FXGLStartupScene     - STARTUP
20:00:51.843 [JavaFX Application Thread] DEBUG WindowService        - Starting new game
20:00:51.844 [JavaFX Application Thread] DEBUG Input                - Clearing active input actions
20:00:51.860 [JavaFX Application Thread] DEBUG WindowService        - Removing overlay from FXGLStartupScene and adding to FXGLLoadingScene
20:00:51.860 [JavaFX Application Thread] DEBUG MainWindow           - FXGLStartupScene -> FXGLLoadingScene
20:00:51.860 [JavaFX Application Thread] DEBUG WindowService        - Clearing previous game
20:00:51.861 [JavaFX Application Thread] DEBUG GameScene            - Clearing game scene
20:00:51.861 [JavaFX Application Thread] DEBUG GameWorld            - Clearing game world
20:00:51.861 [JavaFX Application Thread] DEBUG PhysicsWorld         - Clearing physics world
20:00:51.862 [FXGL Background Thread 1 ] DEBUG GameApplication      - Initializing game
20:00:51.873 [FXGL Background Thread 1 ] INFO  GameApplication      - Game initialization took: 0,011 sec
20:00:51.907 [JavaFX Application Thread] DEBUG Input                - Clearing active input actions
20:00:51.919 [JavaFX Application Thread] DEBUG WindowService        - Removing overlay from FXGLLoadingScene and adding to GameScene
20:00:51.919 [JavaFX Application Thread] DEBUG MainWindow           - FXGLLoadingScene -> GameScene
20:00:54.670 [FXGL Background Thread 2 ] DEBUG Engine               - Logging environment variables
20:00:54.671 [FXGL Background Thread 2 ] DEBUG Engine               - achievements: []
20:00:54.672 [FXGL Background Thread 2 ] DEBUG Engine               - appIcon: fxgl_icon.png
20:00:54.672 [FXGL Background Thread 2 ] DEBUG Engine               - applicationMode: DEVELOPER
20:00:54.672 [FXGL Background Thread 2 ] DEBUG Engine               - cSSList: [fxgl_dark.css]
20:00:54.672 [FXGL Background Thread 2 ] DEBUG Engine               - configClass: Optional.empty
20:00:54.673 [FXGL Background Thread 2 ] DEBUG Engine               - credits: []
20:00:54.673 [FXGL Background Thread 2 ] DEBUG Engine               - devBBoxColorProperty: ObjectProperty [value: 0xff0000ff]
20:00:54.674 [FXGL Background Thread 2 ] DEBUG Engine               - devSensorColorProperty: ObjectProperty [value: 0xffff00ff]
20:00:54.675 [FXGL Background Thread 2 ] DEBUG Engine               - devShowBBoxProperty: BooleanProperty [value: false]
20:00:54.675 [FXGL Background Thread 2 ] DEBUG Engine               - devShowPositionProperty: BooleanProperty [value: false]
20:00:54.675 [FXGL Background Thread 2 ] DEBUG Engine               - enabledMenuItems: []
20:00:54.676 [FXGL Background Thread 2 ] DEBUG Engine               - engineServices: [class com.almasb.fxgl.app.GameApplication$GameApplicationService, class com.almasb.fxgl.app.services.WindowService, class com.almasb.fxgl.app.services.FXGLDialogService, class com.almasb.fxgl.app.services.IOTaskExecutorService, class com.almasb.fxgl.event.EventBusService, class com.almasb.fxgl.io.FileSystemService, class com.almasb.fxgl.localization.LocalizationService, class com.almasb.fxgl.app.services.AssetLoaderService, class com.almasb.fxgl.app.services.SystemBundleService, class com.almasb.fxgl.profile.SaveLoadService, class com.almasb.fxgl.ui.FXGLUIFactoryServiceProvider, class com.almasb.fxgl.ui.FXGLDialogFactoryServiceProvider, class com.almasb.fxgl.audio.AudioPlayer, class com.almasb.fxgl.notification.impl.NotificationServiceProvider, class com.almasb.fxgl.achievement.AchievementService, class com.almasb.fxgl.cutscene.CutsceneService, class com.almasb.fxgl.minigames.MiniGameService, class com.almasb.fxgl.net.NetService, class com.almasb.fxgl.app.services.UpdaterService, class com.almasb.fxgl.dev.DevService]
20:00:54.676 [FXGL Background Thread 2 ] DEBUG Engine               - fontGame: Abel-Regular.ttf
20:00:54.676 [FXGL Background Thread 2 ] DEBUG Engine               - fontMono: lucida_console.ttf
20:00:54.677 [FXGL Background Thread 2 ] DEBUG Engine               - fontText: Courier-Prime.ttf
20:00:54.677 [FXGL Background Thread 2 ] DEBUG Engine               - fontUI: VarelaRound-Regular.ttf
20:00:54.677 [FXGL Background Thread 2 ] DEBUG Engine               - fullScreen: BooleanProperty [value: false]
20:00:54.677 [FXGL Background Thread 2 ] DEBUG Engine               - gameDifficulty: MEDIUM
20:00:54.677 [FXGL Background Thread 2 ] DEBUG Engine               - gameDifficultyProperty: ObjectProperty [value: MEDIUM]
20:00:54.678 [FXGL Background Thread 2 ] DEBUG Engine               - globalMusicVolume: 0.5
20:00:54.678 [FXGL Background Thread 2 ] DEBUG Engine               - globalMusicVolumeProperty: DoubleProperty [value: 0.5]
20:00:54.678 [FXGL Background Thread 2 ] DEBUG Engine               - globalSoundVolume: 0.5
20:00:54.678 [FXGL Background Thread 2 ] DEBUG Engine               - globalSoundVolumeProperty: DoubleProperty [value: 0.5]
20:00:54.678 [FXGL Background Thread 2 ] DEBUG Engine               - height: 600
20:00:54.678 [FXGL Background Thread 2 ] DEBUG Engine               - isAndroid: false
20:00:54.679 [FXGL Background Thread 2 ] DEBUG Engine               - isBrowser: false
20:00:54.679 [FXGL Background Thread 2 ] DEBUG Engine               - isClickFeedbackEnabled: false
20:00:54.679 [FXGL Background Thread 2 ] DEBUG Engine               - isCloseConfirmation: false
20:00:54.679 [FXGL Background Thread 2 ] DEBUG Engine               - isDesktop: true
20:00:54.679 [FXGL Background Thread 2 ] DEBUG Engine               - isDeveloperMenuEnabled: false
20:00:54.679 [FXGL Background Thread 2 ] DEBUG Engine               - isExperimentalNative: false
20:00:54.679 [FXGL Background Thread 2 ] DEBUG Engine               - isExperimentalTiledLargeMap: false
20:00:54.679 [FXGL Background Thread 2 ] DEBUG Engine               - isFullScreenAllowed: false
20:00:54.680 [FXGL Background Thread 2 ] DEBUG Engine               - isFullScreenFromStart: false
20:00:54.680 [FXGL Background Thread 2 ] DEBUG Engine               - isGameMenuEnabled: true
20:00:54.680 [FXGL Background Thread 2 ] DEBUG Engine               - isIOS: false
20:00:54.680 [FXGL Background Thread 2 ] DEBUG Engine               - isIntroEnabled: false
20:00:54.680 [FXGL Background Thread 2 ] DEBUG Engine               - isLinux: false
20:00:54.680 [FXGL Background Thread 2 ] DEBUG Engine               - isMac: true
20:00:54.681 [FXGL Background Thread 2 ] DEBUG Engine               - isMainMenuEnabled: false
20:00:54.681 [FXGL Background Thread 2 ] DEBUG Engine               - isManualResizeEnabled: false
20:00:54.681 [FXGL Background Thread 2 ] DEBUG Engine               - isMobile: false
20:00:54.681 [FXGL Background Thread 2 ] DEBUG Engine               - isPreserveResizeRatio: false
20:00:54.681 [FXGL Background Thread 2 ] DEBUG Engine               - isProfilingEnabled: false
20:00:54.681 [FXGL Background Thread 2 ] DEBUG Engine               - isSingleStep: false
20:00:54.681 [FXGL Background Thread 2 ] DEBUG Engine               - isUserProfileEnabled: false
20:00:54.682 [FXGL Background Thread 2 ] DEBUG Engine               - isWindows: false
20:00:54.682 [FXGL Background Thread 2 ] DEBUG Engine               - language: ObjectProperty [value: ENGLISH]
20:00:54.682 [FXGL Background Thread 2 ] DEBUG Engine               - mainWindow: com.almasb.fxgl.app.MainWindow@63af437e
20:00:54.682 [FXGL Background Thread 2 ] DEBUG Engine               - menuKey: ESCAPE
20:00:54.683 [FXGL Background Thread 2 ] DEBUG Engine               - notificationViewClass: class com.almasb.fxgl.notification.view.XboxNotificationView
20:00:54.683 [FXGL Background Thread 2 ] DEBUG Engine               - pixelsPerMeter: 50.0
20:00:54.683 [FXGL Background Thread 2 ] DEBUG Engine               - platform: MAC
20:00:54.684 [FXGL Background Thread 2 ] DEBUG Engine               - profileDir: profiles/
20:00:54.684 [FXGL Background Thread 2 ] DEBUG Engine               - profileName: StringProperty [value: DEFAULT]
20:00:54.684 [FXGL Background Thread 2 ] DEBUG Engine               - randomSeed: -1
20:00:54.685 [FXGL Background Thread 2 ] DEBUG Engine               - runtimeInfo: RuntimeInfo(platform=MAC, version=11.9, build=27.05.2020 17.31)
20:00:54.685 [FXGL Background Thread 2 ] DEBUG Engine               - saveFileExt: sav
20:00:54.685 [FXGL Background Thread 2 ] DEBUG Engine               - sceneFactory: com.almasb.fxgl.app.scene.SceneFactory@6790cbd3
20:00:54.685 [FXGL Background Thread 2 ] DEBUG Engine               - secondsIn24h: 60
20:00:54.686 [FXGL Background Thread 2 ] DEBUG Engine               - settings: Title: BasicGameSample
Version: 0.0
Width: 800
Height: 600
Fullscreen: false
Intro: false
Profiling: false
Single step:false
App Mode: DEVELOPER
Menu Key: ESCAPE
Stage Style: DECORATED
Scene Factory: class com.almasb.fxgl.app.scene.SceneFactory

20:00:54.686 [FXGL Background Thread 2 ] DEBUG Engine               - soundMenuBack: menu/back.wav
20:00:54.687 [FXGL Background Thread 2 ] DEBUG Engine               - soundMenuPress: menu/press.wav
20:00:54.687 [FXGL Background Thread 2 ] DEBUG Engine               - soundMenuSelect: menu/select.wav
20:00:54.687 [FXGL Background Thread 2 ] DEBUG Engine               - soundNotification: core/notification.wav
20:00:54.687 [FXGL Background Thread 2 ] DEBUG Engine               - stageStyle: DECORATED
20:00:54.688 [FXGL Background Thread 2 ] DEBUG Engine               - supportedLanguages: [ENGLISH, FRENCH, GERMAN, HUNGARIAN, RUSSIAN]
20:00:54.688 [FXGL Background Thread 2 ] DEBUG Engine               - title: BasicGameSample
20:00:54.688 [FXGL Background Thread 2 ] DEBUG Engine               - urlGithub: https://github.com/AlmasB/FXGL
20:00:54.688 [FXGL Background Thread 2 ] DEBUG Engine               - urlLeaderboard: http://fxgl-top.herokuapp.com/
20:00:54.688 [FXGL Background Thread 2 ] DEBUG Engine               - urlPOM: https://raw.githubusercontent.com/AlmasB/FXGL/master/pom.xml
20:00:54.689 [FXGL Background Thread 2 ] DEBUG Engine               - version: 0.0
20:00:54.689 [FXGL Background Thread 2 ] DEBUG Engine               - versionCheckDays: 7
20:00:54.689 [FXGL Background Thread 2 ] DEBUG Engine               - width: 800
20:00:54.689 [FXGL Background Thread 2 ] DEBUG Engine               - Logging services
20:00:54.689 [FXGL Background Thread 2 ] DEBUG Engine               - class com.almasb.fxgl.app.GameApplication$GameApplicationService
20:00:54.689 [FXGL Background Thread 2 ] DEBUG Engine               - class com.almasb.fxgl.app.services.WindowService
20:00:54.689 [FXGL Background Thread 2 ] DEBUG Engine               - class com.almasb.fxgl.app.services.FXGLDialogService
20:00:54.690 [FXGL Background Thread 2 ] DEBUG Engine               - class com.almasb.fxgl.app.services.IOTaskExecutorService
20:00:54.690 [FXGL Background Thread 2 ] DEBUG Engine               - class com.almasb.fxgl.event.EventBusService
20:00:54.690 [FXGL Background Thread 2 ] DEBUG Engine               - class com.almasb.fxgl.io.FileSystemService
20:00:54.690 [FXGL Background Thread 2 ] DEBUG Engine               - class com.almasb.fxgl.localization.LocalizationService
20:00:54.691 [FXGL Background Thread 2 ] DEBUG Engine               - class com.almasb.fxgl.app.services.AssetLoaderService
20:00:54.691 [FXGL Background Thread 2 ] DEBUG Engine               - class com.almasb.fxgl.app.services.SystemBundleService
20:00:54.691 [FXGL Background Thread 2 ] DEBUG Engine               - class com.almasb.fxgl.profile.SaveLoadService
20:00:54.691 [FXGL Background Thread 2 ] DEBUG Engine               - class com.almasb.fxgl.ui.FXGLUIFactoryServiceProvider
20:00:54.691 [FXGL Background Thread 2 ] DEBUG Engine               - class com.almasb.fxgl.ui.FXGLDialogFactoryServiceProvider
20:00:54.692 [FXGL Background Thread 2 ] DEBUG Engine               - class com.almasb.fxgl.audio.AudioPlayer
20:00:54.692 [FXGL Background Thread 2 ] DEBUG Engine               - class com.almasb.fxgl.notification.impl.NotificationServiceProvider
20:00:54.692 [FXGL Background Thread 2 ] DEBUG Engine               - class com.almasb.fxgl.achievement.AchievementService
20:00:54.692 [FXGL Background Thread 2 ] DEBUG Engine               - class com.almasb.fxgl.cutscene.CutsceneService
20:00:54.692 [FXGL Background Thread 2 ] DEBUG Engine               - class com.almasb.fxgl.minigames.MiniGameService
20:00:54.692 [FXGL Background Thread 2 ] DEBUG Engine               - class com.almasb.fxgl.net.NetService
20:00:54.693 [FXGL Background Thread 2 ] DEBUG Engine               - class com.almasb.fxgl.app.services.UpdaterService
20:00:54.693 [FXGL Background Thread 2 ] DEBUG Engine               - class com.almasb.fxgl.dev.DevService
20:01:20.475 [JavaFX Application Thread] DEBUG GameApplication      - Exiting FXGL
20:01:20.476 [JavaFX Application Thread] DEBUG LoopRunner           - Stopping loop
20:01:20.477 [JavaFX Application Thread] DEBUG SystemBundleService  - Saving FXGL system data
20:01:20.481 [JavaFX Application Thread] DEBUG FileSystemAccess     - Writing to: /Users/universita/Desktop/ProgettoJava/traffic-scut-sac/JavaTraffic/system/fxgl.bundle
20:01:20.489 [JavaFX Application Thread] DEBUG GameApplication      - Shutting down background threads
20:01:20.489 [JavaFX Application Thread] DEBUG GameApplication      - Closing logger and exiting JavaFX
