02:53:44.003 [main                     ] DEBUG GameApplication      - Logger initialized
02:53:44.022 [main                     ] DEBUG GameApplication      - Logging settings
Title:   Basic Game App  
Version: 0.1
Width: 800
Height: 600
Fullscreen: false
Intro: false
Profiling: true
Single step:false
App Mode: DEVELOPER
Menu Key: ESCAPE
Stage Style: DECORATED
Scene Factory: class com.almasb.fxgl.app.scene.SceneFactory

02:53:44.449 [JavaFX Application Thread] DEBUG GameApplication      - Initializing FXGL
02:53:44.462 [JavaFX Application Thread] INFO  Engine               - FXGL-11.9 (27.05.2020 17.31) on MAC (J:14.0.1 FX:13.0.2)
02:53:44.462 [JavaFX Application Thread] DEBUG Engine               - JRE Vendor Name: Oracle Corporation
02:53:44.463 [JavaFX Application Thread] DEBUG Engine               - Running on OS: Mac OS X version 10.15.5
02:53:44.463 [JavaFX Application Thread] DEBUG Engine               - Architecture: x86_64
02:53:44.463 [JavaFX Application Thread] INFO  Engine               - Source code and latest versions at: https://github.com/AlmasB/FXGL
02:53:44.464 [JavaFX Application Thread] INFO  Engine               -              Join the FXGL chat at: https://gitter.im/AlmasB/FXGL
02:53:44.612 [JavaFX Application Thread] DEBUG MainWindow           - Creating a JavaFX scene
02:53:44.675 [JavaFX Application Thread] DEBUG MainWindow           - Target settings size: 800.0 x 600.0
02:53:44.675 [JavaFX Application Thread] DEBUG MainWindow           - Scaled scene size:    800.0 x 600.0
02:53:44.676 [JavaFX Application Thread] DEBUG MainWindow           - Scaled ratio: (1.0, 1.0)
02:53:44.678 [JavaFX Application Thread] DEBUG MainWindow           - Set initial scene to FXGLStartupScene
02:53:44.686 [JavaFX Application Thread] DEBUG MainWindow           - Opening main window
02:53:44.762 [JavaFX Application Thread] DEBUG MainWindow           - Window border size: (0.0, 22.0)
02:53:44.763 [JavaFX Application Thread] DEBUG MainWindow           - Scaled size: 800.0 x 600.0
02:53:44.763 [JavaFX Application Thread] DEBUG MainWindow           - Scaled ratio: (1.0, 1.0)
02:53:44.763 [JavaFX Application Thread] DEBUG MainWindow           - Scene size: 800.0 x 600.0
02:53:44.764 [JavaFX Application Thread] DEBUG MainWindow           - Stage size: 800.0 x 622.0
02:53:44.771 [FXGL Background Thread 1 ] DEBUG Engine               - Initializing environment variables
02:53:44.804 [FXGL Background Thread 1 ] DEBUG WindowService        - Applying CSS: fxgl_dark.css
02:53:44.805 [FXGL Background Thread 1 ] DEBUG AssetLoaderService   - Loading from file system: /assets/ui/css/fxgl_dark.css
02:53:44.888 [FXGL Background Thread 1 ] DEBUG WindowService        - Initializing application scenes
02:53:45.150 [FXGL Background Thread 1 ] DEBUG GameWorld            - Game world initialized
02:53:45.193 [FXGL Background Thread 1 ] DEBUG PhysicsWorld         - Physics world initialized: appHeight=600, physics.ppm=50,0
02:53:45.197 [FXGL Background Thread 1 ] DEBUG GameScene            - Game scene initialized: 800x600
02:53:45.236 [FXGL Background Thread 1 ] DEBUG AssetLoaderService   - Loading from file system: /assets/textures/particles/trace_horizontal.png
02:53:45.317 [FXGL Background Thread 1 ] DEBUG FXGL.DefaultMenu     - createMenuBodyGameMenu()
02:53:45.339 [FXGL Background Thread 1 ] DEBUG FXGL.DefaultMenu     - createOptionsMenu()
02:53:45.346 [FXGL Background Thread 1 ] DEBUG AssetLoaderService   - Loading from file system: /assets/textures/particles/smoke.png
02:53:45.424 [FXGL Background Thread 1 ] DEBUG WindowService        - Application scenes initialized
02:53:45.436 [FXGL Background Thread 1 ] DEBUG SystemBundleService  - Loading FXGL system data
02:53:45.440 [FXGL Background Thread 1 ] DEBUG FileSystemAccess     - Reading from: /Users/universita/Desktop/ProgettoJava/traffic-scut-sac/JavaTraffic/system/fxgl.bundle
02:53:45.447 [FXGL Background Thread 1 ] DEBUG SystemBundleService  - Bundle FXGL: {}
02:53:45.479 [FXGL Background Thread 1 ] INFO  Engine               - FXGL initialization took: 0,705 sec
02:53:45.481 [FXGL Background Thread 1 ] DEBUG GameApplication      - Loading localizations
02:53:45.483 [FXGL Background Thread 1 ] DEBUG AssetLoaderService   - Loading from file system: /assets/languages/english.lang
02:53:45.497 [FXGL Background Thread 1 ] DEBUG AssetLoaderService   - Loading from file system: /assets/languages/french.lang
02:53:45.499 [FXGL Background Thread 1 ] DEBUG AssetLoaderService   - Loading from file system: /assets/languages/german.lang
02:53:45.501 [FXGL Background Thread 1 ] DEBUG AssetLoaderService   - Loading from file system: /assets/languages/hungarian.lang
02:53:45.503 [FXGL Background Thread 1 ] DEBUG AssetLoaderService   - Loading from file system: /assets/languages/russian.lang
02:53:45.506 [FXGL Background Thread 1 ] DEBUG GameApplication      - Registering font factories with UI factory
02:53:45.506 [FXGL Background Thread 1 ] DEBUG AssetLoaderService   - Loading from file system: /assets/ui/fonts/VarelaRound-Regular.ttf
02:53:45.521 [FXGL Background Thread 1 ] DEBUG AssetLoaderService   - Loading from file system: /assets/ui/fonts/Abel-Regular.ttf
02:53:45.524 [FXGL Background Thread 1 ] DEBUG AssetLoaderService   - Loading from file system: /assets/ui/fonts/lucida_console.ttf
02:53:45.528 [FXGL Background Thread 1 ] DEBUG AssetLoaderService   - Loading from file system: /assets/ui/fonts/Courier-Prime.ttf
02:53:45.541 [JavaFX Application Thread] DEBUG Input                - Registered new binding: Move Right - D
02:53:45.542 [JavaFX Application Thread] DEBUG Input                - Registered new binding: Move Left - A
02:53:45.542 [JavaFX Application Thread] DEBUG Input                - Registered new binding: Move Up - W
02:53:45.542 [JavaFX Application Thread] DEBUG Input                - Registered new binding: Move Down - S
02:53:45.542 [JavaFX Application Thread] DEBUG AssetLoaderService   - Loading from file system: /assets/textures/fxgl_icon.png
02:53:45.574 [JavaFX Application Thread] DEBUG AssetLoaderService   - Loading from file system: /assets/ui/cursors/fxgl_default.png
02:53:45.577 [JavaFX Application Thread] DEBUG Input                - Registered new binding: Screenshot - P
02:53:45.577 [JavaFX Application Thread] DEBUG Input                - Registered new binding: Dev Options - 1
02:53:45.578 [JavaFX Application Thread] DEBUG Input                - Registered new binding: Dev Console - 2
02:53:45.578 [JavaFX Application Thread] DEBUG Input                - Registered new binding: System info dump - CTRL+9
02:53:45.579 [JavaFX Application Thread] DEBUG Input                - Registered new binding: Restart - CTRL+R
02:53:45.580 [JavaFX Application Thread] DEBUG LoopRunner           - Starting loop
02:53:45.641 [JavaFX Application Thread] DEBUG FXGLStartupScene     - STARTUP
02:53:45.642 [JavaFX Application Thread] DEBUG WindowService        - Starting new game
02:53:45.643 [JavaFX Application Thread] DEBUG Input                - Clearing active input actions
02:53:45.660 [JavaFX Application Thread] DEBUG WindowService        - Removing overlay from FXGLStartupScene and adding to FXGLLoadingScene
02:53:45.670 [JavaFX Application Thread] DEBUG MainWindow           - FXGLStartupScene -> FXGLLoadingScene
02:53:45.670 [JavaFX Application Thread] DEBUG WindowService        - Clearing previous game
02:53:45.671 [JavaFX Application Thread] DEBUG GameScene            - Clearing game scene
02:53:45.671 [JavaFX Application Thread] DEBUG GameWorld            - Clearing game world
02:53:45.671 [JavaFX Application Thread] DEBUG PhysicsWorld         - Clearing physics world
02:53:45.673 [FXGL Background Thread 1 ] DEBUG GameApplication      - Initializing game
02:53:45.693 [FXGL Background Thread 1 ] INFO  GameApplication      - Game initialization took: 0,020 sec
02:53:45.863 [JavaFX Application Thread] DEBUG Input                - Clearing active input actions
02:53:45.874 [JavaFX Application Thread] DEBUG WindowService        - Removing overlay from FXGLLoadingScene and adding to GameScene
02:53:45.904 [JavaFX Application Thread] DEBUG MainWindow           - FXGLLoadingScene -> GameScene
02:53:47.281 [JavaFX Application Thread] DEBUG MainWindow           - Push state: FXGLDefaultMenu
02:53:47.285 [JavaFX Application Thread] DEBUG Input                - Clearing active input actions
02:53:47.288 [JavaFX Application Thread] DEBUG WindowService        - Removing overlay from GameScene and adding to FXGLDefaultMenu
02:53:47.299 [JavaFX Application Thread] DEBUG MainWindow           - GameScene -> FXGLDefaultMenu
02:53:47.387 [JavaFX Application Thread] DEBUG MainWindow           - Pop state: FXGLDefaultMenu
02:53:47.387 [JavaFX Application Thread] DEBUG Input                - Clearing active input actions
02:53:47.389 [JavaFX Application Thread] DEBUG WindowService        - Removing overlay from FXGLDefaultMenu and adding to GameScene
02:53:47.399 [JavaFX Application Thread] DEBUG MainWindow           - GameScene <- FXGLDefaultMenu
02:53:47.693 [JavaFX Application Thread] DEBUG MainWindow           - Push state: FXGLDefaultMenu
02:53:47.694 [JavaFX Application Thread] DEBUG Input                - Clearing active input actions
02:53:47.696 [JavaFX Application Thread] DEBUG WindowService        - Removing overlay from GameScene and adding to FXGLDefaultMenu
02:53:47.715 [JavaFX Application Thread] DEBUG MainWindow           - GameScene -> FXGLDefaultMenu
02:53:48.483 [FXGL Background Thread 2 ] DEBUG Engine               - Logging environment variables
02:53:48.484 [FXGL Background Thread 2 ] DEBUG Engine               - achievements: []
02:53:48.484 [FXGL Background Thread 2 ] DEBUG Engine               - appIcon: fxgl_icon.png
02:53:48.484 [FXGL Background Thread 2 ] DEBUG Engine               - applicationMode: DEVELOPER
02:53:48.484 [FXGL Background Thread 2 ] DEBUG Engine               - cSSList: [fxgl_dark.css]
02:53:48.484 [FXGL Background Thread 2 ] DEBUG Engine               - configClass: Optional.empty
02:53:48.484 [FXGL Background Thread 2 ] DEBUG Engine               - credits: []
02:53:48.485 [FXGL Background Thread 2 ] DEBUG Engine               - devBBoxColorProperty: ObjectProperty [value: 0xff0000ff]
02:53:48.485 [FXGL Background Thread 2 ] DEBUG Engine               - devSensorColorProperty: ObjectProperty [value: 0xffff00ff]
02:53:48.485 [FXGL Background Thread 2 ] DEBUG Engine               - devShowBBoxProperty: BooleanProperty [value: false]
02:53:48.485 [FXGL Background Thread 2 ] DEBUG Engine               - devShowPositionProperty: BooleanProperty [value: false]
02:53:48.485 [FXGL Background Thread 2 ] DEBUG Engine               - enabledMenuItems: []
02:53:48.485 [FXGL Background Thread 2 ] DEBUG Engine               - engineServices: [class com.almasb.fxgl.app.GameApplication$GameApplicationService, class com.almasb.fxgl.app.services.WindowService, class com.almasb.fxgl.app.services.FXGLDialogService, class com.almasb.fxgl.app.services.IOTaskExecutorService, class com.almasb.fxgl.event.EventBusService, class com.almasb.fxgl.io.FileSystemService, class com.almasb.fxgl.localization.LocalizationService, class com.almasb.fxgl.app.services.AssetLoaderService, class com.almasb.fxgl.app.services.SystemBundleService, class com.almasb.fxgl.profile.SaveLoadService, class com.almasb.fxgl.ui.FXGLUIFactoryServiceProvider, class com.almasb.fxgl.ui.FXGLDialogFactoryServiceProvider, class com.almasb.fxgl.audio.AudioPlayer, class com.almasb.fxgl.notification.impl.NotificationServiceProvider, class com.almasb.fxgl.achievement.AchievementService, class com.almasb.fxgl.cutscene.CutsceneService, class com.almasb.fxgl.minigames.MiniGameService, class com.almasb.fxgl.net.NetService, class com.almasb.fxgl.app.services.UpdaterService, class com.almasb.fxgl.dev.DevService, class com.almasb.fxgl.dev.profiling.ProfilerService]
02:53:48.486 [FXGL Background Thread 2 ] DEBUG Engine               - fontGame: Abel-Regular.ttf
02:53:48.486 [FXGL Background Thread 2 ] DEBUG Engine               - fontMono: lucida_console.ttf
02:53:48.486 [FXGL Background Thread 2 ] DEBUG Engine               - fontText: Courier-Prime.ttf
02:53:48.486 [FXGL Background Thread 2 ] DEBUG Engine               - fontUI: VarelaRound-Regular.ttf
02:53:48.486 [FXGL Background Thread 2 ] DEBUG Engine               - fullScreen: BooleanProperty [value: false]
02:53:48.486 [FXGL Background Thread 2 ] DEBUG Engine               - gameDifficulty: MEDIUM
02:53:48.486 [FXGL Background Thread 2 ] DEBUG Engine               - gameDifficultyProperty: ObjectProperty [value: MEDIUM]
02:53:48.486 [FXGL Background Thread 2 ] DEBUG Engine               - globalMusicVolume: 0.5
02:53:48.486 [FXGL Background Thread 2 ] DEBUG Engine               - globalMusicVolumeProperty: DoubleProperty [value: 0.5]
02:53:48.487 [FXGL Background Thread 2 ] DEBUG Engine               - globalSoundVolume: 0.5
02:53:48.487 [FXGL Background Thread 2 ] DEBUG Engine               - globalSoundVolumeProperty: DoubleProperty [value: 0.5]
02:53:48.487 [FXGL Background Thread 2 ] DEBUG Engine               - height: 600
02:53:48.487 [FXGL Background Thread 2 ] DEBUG Engine               - isAndroid: false
02:53:48.487 [FXGL Background Thread 2 ] DEBUG Engine               - isBrowser: false
02:53:48.487 [FXGL Background Thread 2 ] DEBUG Engine               - isClickFeedbackEnabled: false
02:53:48.487 [FXGL Background Thread 2 ] DEBUG Engine               - isCloseConfirmation: false
02:53:48.487 [FXGL Background Thread 2 ] DEBUG Engine               - isDesktop: true
02:53:48.487 [FXGL Background Thread 2 ] DEBUG Engine               - isDeveloperMenuEnabled: true
02:53:48.488 [FXGL Background Thread 2 ] DEBUG Engine               - isExperimentalNative: false
02:53:48.488 [FXGL Background Thread 2 ] DEBUG Engine               - isExperimentalTiledLargeMap: false
02:53:48.488 [FXGL Background Thread 2 ] DEBUG Engine               - isFullScreenAllowed: false
02:53:48.488 [FXGL Background Thread 2 ] DEBUG Engine               - isFullScreenFromStart: false
02:53:48.488 [FXGL Background Thread 2 ] DEBUG Engine               - isGameMenuEnabled: true
02:53:48.488 [FXGL Background Thread 2 ] DEBUG Engine               - isIOS: false
02:53:48.488 [FXGL Background Thread 2 ] DEBUG Engine               - isIntroEnabled: false
02:53:48.489 [FXGL Background Thread 2 ] DEBUG Engine               - isLinux: false
02:53:48.489 [FXGL Background Thread 2 ] DEBUG Engine               - isMac: true
02:53:48.489 [FXGL Background Thread 2 ] DEBUG Engine               - isMainMenuEnabled: false
02:53:48.489 [FXGL Background Thread 2 ] DEBUG Engine               - isManualResizeEnabled: false
02:53:48.489 [FXGL Background Thread 2 ] DEBUG Engine               - isMobile: false
02:53:48.489 [FXGL Background Thread 2 ] DEBUG Engine               - isPreserveResizeRatio: false
02:53:48.489 [FXGL Background Thread 2 ] DEBUG Engine               - isProfilingEnabled: true
02:53:48.490 [FXGL Background Thread 2 ] DEBUG Engine               - isSingleStep: false
02:53:48.490 [FXGL Background Thread 2 ] DEBUG Engine               - isUserProfileEnabled: false
02:53:48.490 [FXGL Background Thread 2 ] DEBUG Engine               - isWindows: false
02:53:48.490 [FXGL Background Thread 2 ] DEBUG Engine               - language: ObjectProperty [value: ENGLISH]
02:53:48.490 [FXGL Background Thread 2 ] DEBUG Engine               - mainWindow: com.almasb.fxgl.app.MainWindow@50321d6c
02:53:48.490 [FXGL Background Thread 2 ] DEBUG Engine               - menuKey: ESCAPE
02:53:48.490 [FXGL Background Thread 2 ] DEBUG Engine               - notificationViewClass: class com.almasb.fxgl.notification.view.XboxNotificationView
02:53:48.490 [FXGL Background Thread 2 ] DEBUG Engine               - pixelsPerMeter: 50.0
02:53:48.490 [FXGL Background Thread 2 ] DEBUG Engine               - platform: MAC
02:53:48.491 [FXGL Background Thread 2 ] DEBUG Engine               - profileDir: profiles/
02:53:48.491 [FXGL Background Thread 2 ] DEBUG Engine               - profileName: StringProperty [value: DEFAULT]
02:53:48.491 [FXGL Background Thread 2 ] DEBUG Engine               - randomSeed: -1
02:53:48.491 [FXGL Background Thread 2 ] DEBUG Engine               - runtimeInfo: RuntimeInfo(platform=MAC, version=11.9, build=27.05.2020 17.31)
02:53:48.492 [FXGL Background Thread 2 ] DEBUG Engine               - saveFileExt: sav
02:53:48.492 [FXGL Background Thread 2 ] DEBUG Engine               - sceneFactory: com.almasb.fxgl.app.scene.SceneFactory@540d83b2
02:53:48.492 [FXGL Background Thread 2 ] DEBUG Engine               - secondsIn24h: 60
02:53:48.492 [FXGL Background Thread 2 ] DEBUG Engine               - settings: Title:   Basic Game App  
Version: 0.1
Width: 800
Height: 600
Fullscreen: false
Intro: false
Profiling: true
Single step:false
App Mode: DEVELOPER
Menu Key: ESCAPE
Stage Style: DECORATED
Scene Factory: class com.almasb.fxgl.app.scene.SceneFactory

02:53:48.492 [FXGL Background Thread 2 ] DEBUG Engine               - soundMenuBack: menu/back.wav
02:53:48.492 [FXGL Background Thread 2 ] DEBUG Engine               - soundMenuPress: menu/press.wav
02:53:48.492 [FXGL Background Thread 2 ] DEBUG Engine               - soundMenuSelect: menu/select.wav
02:53:48.492 [FXGL Background Thread 2 ] DEBUG Engine               - soundNotification: core/notification.wav
02:53:48.493 [FXGL Background Thread 2 ] DEBUG Engine               - stageStyle: DECORATED
02:53:48.493 [FXGL Background Thread 2 ] DEBUG Engine               - supportedLanguages: [ENGLISH, FRENCH, GERMAN, HUNGARIAN, RUSSIAN]
02:53:48.493 [FXGL Background Thread 2 ] DEBUG Engine               - title:   Basic Game App  
02:53:48.493 [FXGL Background Thread 2 ] DEBUG Engine               - urlGithub: https://github.com/AlmasB/FXGL
02:53:48.493 [FXGL Background Thread 2 ] DEBUG Engine               - urlLeaderboard: http://fxgl-top.herokuapp.com/
02:53:48.493 [FXGL Background Thread 2 ] DEBUG Engine               - urlPOM: https://raw.githubusercontent.com/AlmasB/FXGL/master/pom.xml
02:53:48.493 [FXGL Background Thread 2 ] DEBUG Engine               - version: 0.1
02:53:48.493 [FXGL Background Thread 2 ] DEBUG Engine               - versionCheckDays: 7
02:53:48.493 [FXGL Background Thread 2 ] DEBUG Engine               - width: 800
02:53:48.493 [FXGL Background Thread 2 ] DEBUG Engine               - Logging services
02:53:48.493 [FXGL Background Thread 2 ] DEBUG Engine               - class com.almasb.fxgl.app.GameApplication$GameApplicationService
02:53:48.494 [FXGL Background Thread 2 ] DEBUG Engine               - class com.almasb.fxgl.app.services.WindowService
02:53:48.494 [FXGL Background Thread 2 ] DEBUG Engine               - class com.almasb.fxgl.app.services.FXGLDialogService
02:53:48.494 [FXGL Background Thread 2 ] DEBUG Engine               - class com.almasb.fxgl.app.services.IOTaskExecutorService
02:53:48.494 [FXGL Background Thread 2 ] DEBUG Engine               - class com.almasb.fxgl.event.EventBusService
02:53:48.494 [FXGL Background Thread 2 ] DEBUG Engine               - class com.almasb.fxgl.io.FileSystemService
02:53:48.494 [FXGL Background Thread 2 ] DEBUG Engine               - class com.almasb.fxgl.localization.LocalizationService
02:53:48.494 [FXGL Background Thread 2 ] DEBUG Engine               - class com.almasb.fxgl.app.services.AssetLoaderService
02:53:48.494 [FXGL Background Thread 2 ] DEBUG Engine               - class com.almasb.fxgl.app.services.SystemBundleService
02:53:48.494 [FXGL Background Thread 2 ] DEBUG Engine               - class com.almasb.fxgl.profile.SaveLoadService
02:53:48.494 [FXGL Background Thread 2 ] DEBUG Engine               - class com.almasb.fxgl.ui.FXGLUIFactoryServiceProvider
02:53:48.494 [FXGL Background Thread 2 ] DEBUG Engine               - class com.almasb.fxgl.ui.FXGLDialogFactoryServiceProvider
02:53:48.495 [FXGL Background Thread 2 ] DEBUG Engine               - class com.almasb.fxgl.audio.AudioPlayer
02:53:48.495 [FXGL Background Thread 2 ] DEBUG Engine               - class com.almasb.fxgl.notification.impl.NotificationServiceProvider
02:53:48.495 [FXGL Background Thread 2 ] DEBUG Engine               - class com.almasb.fxgl.achievement.AchievementService
02:53:48.495 [FXGL Background Thread 2 ] DEBUG Engine               - class com.almasb.fxgl.cutscene.CutsceneService
02:53:48.495 [FXGL Background Thread 2 ] DEBUG Engine               - class com.almasb.fxgl.minigames.MiniGameService
02:53:48.495 [FXGL Background Thread 2 ] DEBUG Engine               - class com.almasb.fxgl.net.NetService
02:53:48.495 [FXGL Background Thread 2 ] DEBUG Engine               - class com.almasb.fxgl.app.services.UpdaterService
02:53:48.496 [FXGL Background Thread 2 ] DEBUG Engine               - class com.almasb.fxgl.dev.DevService
02:53:48.496 [FXGL Background Thread 2 ] DEBUG Engine               - class com.almasb.fxgl.dev.profiling.ProfilerService
02:54:02.862 [JavaFX Application Thread] DEBUG Menu                 - createContentControls()
02:54:11.341 [JavaFX Application Thread] DEBUG MainWindow           - Push state: PressAnyKeyState
02:54:11.341 [JavaFX Application Thread] DEBUG Input                - Clearing active input actions
02:54:11.341 [JavaFX Application Thread] DEBUG WindowService        - Removing overlay from FXGLDefaultMenu and adding to PressAnyKeyState
02:54:11.353 [JavaFX Application Thread] DEBUG MainWindow           - FXGLDefaultMenu -> PressAnyKeyState
02:54:16.934 [JavaFX Application Thread] DEBUG MainWindow           - Pop state: PressAnyKeyState
02:54:16.934 [JavaFX Application Thread] DEBUG Input                - Clearing active input actions
02:54:16.935 [JavaFX Application Thread] DEBUG WindowService        - Removing overlay from PressAnyKeyState and adding to FXGLDefaultMenu
02:54:16.943 [JavaFX Application Thread] DEBUG MainWindow           - FXGLDefaultMenu <- PressAnyKeyState
02:54:18.693 [JavaFX Application Thread] DEBUG MainWindow           - Push state: PressAnyKeyState
02:54:18.693 [JavaFX Application Thread] DEBUG Input                - Clearing active input actions
02:54:18.693 [JavaFX Application Thread] DEBUG WindowService        - Removing overlay from FXGLDefaultMenu and adding to PressAnyKeyState
02:54:18.699 [JavaFX Application Thread] DEBUG MainWindow           - FXGLDefaultMenu -> PressAnyKeyState
02:54:19.766 [JavaFX Application Thread] DEBUG MainWindow           - Pop state: PressAnyKeyState
02:54:19.766 [JavaFX Application Thread] DEBUG Input                - Clearing active input actions
02:54:19.767 [JavaFX Application Thread] DEBUG WindowService        - Removing overlay from PressAnyKeyState and adding to FXGLDefaultMenu
02:54:19.774 [JavaFX Application Thread] DEBUG MainWindow           - FXGLDefaultMenu <- PressAnyKeyState
02:54:24.128 [JavaFX Application Thread] DEBUG MainWindow           - Pop state: FXGLDefaultMenu
02:54:24.128 [JavaFX Application Thread] DEBUG Input                - Clearing active input actions
02:54:24.129 [JavaFX Application Thread] DEBUG WindowService        - Removing overlay from FXGLDefaultMenu and adding to GameScene
02:54:24.134 [JavaFX Application Thread] DEBUG MainWindow           - GameScene <- FXGLDefaultMenu
02:54:24.309 [JavaFX Application Thread] DEBUG MainWindow           - Push state: FXGLDefaultMenu
02:54:24.310 [JavaFX Application Thread] DEBUG Input                - Clearing active input actions
02:54:24.314 [JavaFX Application Thread] DEBUG WindowService        - Removing overlay from GameScene and adding to FXGLDefaultMenu
02:54:24.319 [JavaFX Application Thread] DEBUG MainWindow           - GameScene -> FXGLDefaultMenu
02:54:24.878 [JavaFX Application Thread] DEBUG MainWindow           - Pop state: FXGLDefaultMenu
02:54:24.879 [JavaFX Application Thread] DEBUG Input                - Clearing active input actions
02:54:24.880 [JavaFX Application Thread] DEBUG WindowService        - Removing overlay from FXGLDefaultMenu and adding to GameScene
02:54:24.883 [JavaFX Application Thread] DEBUG MainWindow           - GameScene <- FXGLDefaultMenu
02:54:27.131 [JavaFX Application Thread] DEBUG WindowService        - Starting new game
02:54:27.132 [JavaFX Application Thread] DEBUG Input                - Clearing active input actions
02:54:27.150 [JavaFX Application Thread] DEBUG WindowService        - Removing overlay from GameScene and adding to FXGLLoadingScene
02:54:27.169 [JavaFX Application Thread] DEBUG MainWindow           - GameScene -> FXGLLoadingScene
02:54:27.169 [JavaFX Application Thread] DEBUG WindowService        - Clearing previous game
02:54:27.169 [JavaFX Application Thread] DEBUG GameScene            - Clearing game scene
02:54:27.169 [JavaFX Application Thread] DEBUG GameWorld            - Clearing game world
02:54:27.171 [JavaFX Application Thread] DEBUG PhysicsWorld         - Clearing physics world
02:54:27.171 [FXGL Background Thread 1 ] DEBUG GameApplication      - Initializing game
02:54:27.173 [FXGL Background Thread 1 ] INFO  GameApplication      - Game initialization took: 0,001 sec
02:54:27.186 [JavaFX Application Thread] DEBUG Input                - Clearing active input actions
02:54:27.197 [JavaFX Application Thread] DEBUG WindowService        - Removing overlay from FXGLLoadingScene and adding to GameScene
02:54:27.206 [JavaFX Application Thread] DEBUG MainWindow           - FXGLLoadingScene -> GameScene
02:54:27.880 [JavaFX Application Thread] DEBUG WindowService        - Starting new game
02:54:27.880 [JavaFX Application Thread] DEBUG Input                - Clearing active input actions
02:54:27.885 [JavaFX Application Thread] DEBUG WindowService        - Removing overlay from GameScene and adding to FXGLLoadingScene
02:54:27.898 [JavaFX Application Thread] DEBUG MainWindow           - GameScene -> FXGLLoadingScene
02:54:27.898 [JavaFX Application Thread] DEBUG WindowService        - Clearing previous game
02:54:27.898 [JavaFX Application Thread] DEBUG GameScene            - Clearing game scene
02:54:27.898 [JavaFX Application Thread] DEBUG GameWorld            - Clearing game world
02:54:27.898 [JavaFX Application Thread] DEBUG PhysicsWorld         - Clearing physics world
02:54:27.898 [FXGL Background Thread 1 ] DEBUG GameApplication      - Initializing game
02:54:27.899 [FXGL Background Thread 1 ] INFO  GameApplication      - Game initialization took: 0,001 sec
02:54:27.912 [JavaFX Application Thread] DEBUG Input                - Clearing active input actions
02:54:27.916 [JavaFX Application Thread] DEBUG WindowService        - Removing overlay from FXGLLoadingScene and adding to GameScene
02:54:27.926 [JavaFX Application Thread] DEBUG MainWindow           - FXGLLoadingScene -> GameScene
02:54:28.314 [JavaFX Application Thread] DEBUG WindowService        - Starting new game
02:54:28.314 [JavaFX Application Thread] DEBUG Input                - Clearing active input actions
02:54:28.319 [JavaFX Application Thread] DEBUG WindowService        - Removing overlay from GameScene and adding to FXGLLoadingScene
02:54:28.328 [JavaFX Application Thread] DEBUG MainWindow           - GameScene -> FXGLLoadingScene
02:54:28.328 [JavaFX Application Thread] DEBUG WindowService        - Clearing previous game
02:54:28.328 [JavaFX Application Thread] DEBUG GameScene            - Clearing game scene
02:54:28.328 [JavaFX Application Thread] DEBUG GameWorld            - Clearing game world
02:54:28.328 [JavaFX Application Thread] DEBUG PhysicsWorld         - Clearing physics world
02:54:28.328 [FXGL Background Thread 1 ] DEBUG GameApplication      - Initializing game
02:54:28.330 [FXGL Background Thread 1 ] INFO  GameApplication      - Game initialization took: 0,001 sec
02:54:28.339 [JavaFX Application Thread] DEBUG Input                - Clearing active input actions
02:54:28.343 [JavaFX Application Thread] DEBUG WindowService        - Removing overlay from FXGLLoadingScene and adding to GameScene
02:54:28.351 [JavaFX Application Thread] DEBUG MainWindow           - FXGLLoadingScene -> GameScene
02:54:28.765 [JavaFX Application Thread] DEBUG WindowService        - Starting new game
02:54:28.765 [JavaFX Application Thread] DEBUG Input                - Clearing active input actions
02:54:28.772 [JavaFX Application Thread] DEBUG WindowService        - Removing overlay from GameScene and adding to FXGLLoadingScene
02:54:28.778 [JavaFX Application Thread] DEBUG MainWindow           - GameScene -> FXGLLoadingScene
02:54:28.778 [JavaFX Application Thread] DEBUG WindowService        - Clearing previous game
02:54:28.778 [JavaFX Application Thread] DEBUG GameScene            - Clearing game scene
02:54:28.778 [JavaFX Application Thread] DEBUG GameWorld            - Clearing game world
02:54:28.778 [JavaFX Application Thread] DEBUG PhysicsWorld         - Clearing physics world
02:54:28.779 [FXGL Background Thread 1 ] DEBUG GameApplication      - Initializing game
02:54:28.780 [FXGL Background Thread 1 ] INFO  GameApplication      - Game initialization took: 0,001 sec
02:54:28.792 [JavaFX Application Thread] DEBUG Input                - Clearing active input actions
02:54:28.795 [JavaFX Application Thread] DEBUG WindowService        - Removing overlay from FXGLLoadingScene and adding to GameScene
02:54:28.800 [JavaFX Application Thread] DEBUG MainWindow           - FXGLLoadingScene -> GameScene
02:54:29.619 [JavaFX Application Thread] DEBUG WindowService        - Starting new game
02:54:29.619 [JavaFX Application Thread] DEBUG Input                - Clearing active input actions
02:54:29.625 [JavaFX Application Thread] DEBUG WindowService        - Removing overlay from GameScene and adding to FXGLLoadingScene
02:54:29.631 [JavaFX Application Thread] DEBUG MainWindow           - GameScene -> FXGLLoadingScene
02:54:29.631 [JavaFX Application Thread] DEBUG WindowService        - Clearing previous game
02:54:29.631 [JavaFX Application Thread] DEBUG GameScene            - Clearing game scene
02:54:29.631 [JavaFX Application Thread] DEBUG GameWorld            - Clearing game world
02:54:29.632 [JavaFX Application Thread] DEBUG PhysicsWorld         - Clearing physics world
02:54:29.632 [FXGL Background Thread 1 ] DEBUG GameApplication      - Initializing game
02:54:29.633 [FXGL Background Thread 1 ] INFO  GameApplication      - Game initialization took: 0,001 sec
02:54:29.643 [JavaFX Application Thread] DEBUG Input                - Clearing active input actions
02:54:29.648 [JavaFX Application Thread] DEBUG WindowService        - Removing overlay from FXGLLoadingScene and adding to GameScene
02:54:29.653 [JavaFX Application Thread] DEBUG MainWindow           - FXGLLoadingScene -> GameScene
02:54:29.846 [JavaFX Application Thread] DEBUG WindowService        - Starting new game
02:54:29.846 [JavaFX Application Thread] DEBUG Input                - Clearing active input actions
02:54:29.848 [JavaFX Application Thread] DEBUG WindowService        - Removing overlay from GameScene and adding to FXGLLoadingScene
02:54:29.854 [JavaFX Application Thread] DEBUG MainWindow           - GameScene -> FXGLLoadingScene
02:54:29.854 [JavaFX Application Thread] DEBUG WindowService        - Clearing previous game
02:54:29.854 [JavaFX Application Thread] DEBUG GameScene            - Clearing game scene
02:54:29.854 [JavaFX Application Thread] DEBUG GameWorld            - Clearing game world
02:54:29.854 [JavaFX Application Thread] DEBUG PhysicsWorld         - Clearing physics world
02:54:29.855 [FXGL Background Thread 1 ] DEBUG GameApplication      - Initializing game
02:54:29.856 [FXGL Background Thread 1 ] INFO  GameApplication      - Game initialization took: 0,001 sec
02:54:29.869 [JavaFX Application Thread] DEBUG Input                - Clearing active input actions
02:54:29.872 [JavaFX Application Thread] DEBUG WindowService        - Removing overlay from FXGLLoadingScene and adding to GameScene
02:54:29.879 [JavaFX Application Thread] DEBUG MainWindow           - FXGLLoadingScene -> GameScene
02:54:30.010 [JavaFX Application Thread] DEBUG WindowService        - Starting new game
02:54:30.010 [JavaFX Application Thread] DEBUG Input                - Clearing active input actions
02:54:30.014 [JavaFX Application Thread] DEBUG WindowService        - Removing overlay from GameScene and adding to FXGLLoadingScene
02:54:30.020 [JavaFX Application Thread] DEBUG MainWindow           - GameScene -> FXGLLoadingScene
02:54:30.020 [JavaFX Application Thread] DEBUG WindowService        - Clearing previous game
02:54:30.020 [JavaFX Application Thread] DEBUG GameScene            - Clearing game scene
02:54:30.020 [JavaFX Application Thread] DEBUG GameWorld            - Clearing game world
02:54:30.020 [JavaFX Application Thread] DEBUG PhysicsWorld         - Clearing physics world
02:54:30.024 [FXGL Background Thread 1 ] DEBUG GameApplication      - Initializing game
02:54:30.024 [FXGL Background Thread 1 ] INFO  GameApplication      - Game initialization took: 0,001 sec
02:54:30.037 [JavaFX Application Thread] DEBUG Input                - Clearing active input actions
02:54:30.040 [JavaFX Application Thread] DEBUG WindowService        - Removing overlay from FXGLLoadingScene and adding to GameScene
02:54:30.049 [JavaFX Application Thread] DEBUG MainWindow           - FXGLLoadingScene -> GameScene
02:54:30.160 [JavaFX Application Thread] DEBUG WindowService        - Starting new game
02:54:30.161 [JavaFX Application Thread] DEBUG Input                - Clearing active input actions
02:54:30.168 [JavaFX Application Thread] DEBUG WindowService        - Removing overlay from GameScene and adding to FXGLLoadingScene
02:54:30.178 [JavaFX Application Thread] DEBUG MainWindow           - GameScene -> FXGLLoadingScene
02:54:30.178 [JavaFX Application Thread] DEBUG WindowService        - Clearing previous game
02:54:30.178 [JavaFX Application Thread] DEBUG GameScene            - Clearing game scene
02:54:30.178 [JavaFX Application Thread] DEBUG GameWorld            - Clearing game world
02:54:30.178 [JavaFX Application Thread] DEBUG PhysicsWorld         - Clearing physics world
02:54:30.178 [FXGL Background Thread 1 ] DEBUG GameApplication      - Initializing game
02:54:30.179 [FXGL Background Thread 1 ] INFO  GameApplication      - Game initialization took: 0,001 sec
02:54:30.195 [JavaFX Application Thread] DEBUG Input                - Clearing active input actions
02:54:30.199 [JavaFX Application Thread] DEBUG WindowService        - Removing overlay from FXGLLoadingScene and adding to GameScene
02:54:30.208 [JavaFX Application Thread] DEBUG MainWindow           - FXGLLoadingScene -> GameScene
02:54:30.308 [JavaFX Application Thread] DEBUG WindowService        - Starting new game
02:54:30.308 [JavaFX Application Thread] DEBUG Input                - Clearing active input actions
02:54:30.312 [JavaFX Application Thread] DEBUG WindowService        - Removing overlay from GameScene and adding to FXGLLoadingScene
02:54:30.318 [JavaFX Application Thread] DEBUG MainWindow           - GameScene -> FXGLLoadingScene
02:54:30.318 [JavaFX Application Thread] DEBUG WindowService        - Clearing previous game
02:54:30.318 [JavaFX Application Thread] DEBUG GameScene            - Clearing game scene
02:54:30.318 [JavaFX Application Thread] DEBUG GameWorld            - Clearing game world
02:54:30.319 [JavaFX Application Thread] DEBUG PhysicsWorld         - Clearing physics world
02:54:30.319 [FXGL Background Thread 1 ] DEBUG GameApplication      - Initializing game
02:54:30.321 [FXGL Background Thread 1 ] INFO  GameApplication      - Game initialization took: 0,002 sec
02:54:30.335 [JavaFX Application Thread] DEBUG Input                - Clearing active input actions
02:54:30.339 [JavaFX Application Thread] DEBUG WindowService        - Removing overlay from FXGLLoadingScene and adding to GameScene
02:54:30.344 [JavaFX Application Thread] DEBUG MainWindow           - FXGLLoadingScene -> GameScene
02:54:30.504 [JavaFX Application Thread] DEBUG WindowService        - Starting new game
02:54:30.504 [JavaFX Application Thread] DEBUG Input                - Clearing active input actions
02:54:30.508 [JavaFX Application Thread] DEBUG WindowService        - Removing overlay from GameScene and adding to FXGLLoadingScene
02:54:30.514 [JavaFX Application Thread] DEBUG MainWindow           - GameScene -> FXGLLoadingScene
02:54:30.514 [JavaFX Application Thread] DEBUG WindowService        - Clearing previous game
02:54:30.515 [JavaFX Application Thread] DEBUG GameScene            - Clearing game scene
02:54:30.515 [JavaFX Application Thread] DEBUG GameWorld            - Clearing game world
02:54:30.515 [JavaFX Application Thread] DEBUG PhysicsWorld         - Clearing physics world
02:54:30.516 [FXGL Background Thread 1 ] DEBUG GameApplication      - Initializing game
02:54:30.516 [FXGL Background Thread 1 ] INFO  GameApplication      - Game initialization took: 0,001 sec
02:54:30.527 [JavaFX Application Thread] DEBUG Input                - Clearing active input actions
02:54:30.530 [JavaFX Application Thread] DEBUG WindowService        - Removing overlay from FXGLLoadingScene and adding to GameScene
02:54:30.534 [JavaFX Application Thread] DEBUG MainWindow           - FXGLLoadingScene -> GameScene
02:54:30.668 [JavaFX Application Thread] DEBUG WindowService        - Starting new game
02:54:30.668 [JavaFX Application Thread] DEBUG Input                - Clearing active input actions
02:54:30.672 [JavaFX Application Thread] DEBUG WindowService        - Removing overlay from GameScene and adding to FXGLLoadingScene
02:54:30.680 [JavaFX Application Thread] DEBUG MainWindow           - GameScene -> FXGLLoadingScene
02:54:30.680 [JavaFX Application Thread] DEBUG WindowService        - Clearing previous game
02:54:30.680 [JavaFX Application Thread] DEBUG GameScene            - Clearing game scene
02:54:30.680 [JavaFX Application Thread] DEBUG GameWorld            - Clearing game world
02:54:30.680 [JavaFX Application Thread] DEBUG PhysicsWorld         - Clearing physics world
02:54:30.680 [FXGL Background Thread 1 ] DEBUG GameApplication      - Initializing game
02:54:30.681 [FXGL Background Thread 1 ] INFO  GameApplication      - Game initialization took: 0,001 sec
02:54:30.692 [JavaFX Application Thread] DEBUG Input                - Clearing active input actions
02:54:30.696 [JavaFX Application Thread] DEBUG WindowService        - Removing overlay from FXGLLoadingScene and adding to GameScene
02:54:30.701 [JavaFX Application Thread] DEBUG MainWindow           - FXGLLoadingScene -> GameScene
02:54:31.172 [JavaFX Application Thread] DEBUG WindowService        - Starting new game
02:54:31.172 [JavaFX Application Thread] DEBUG Input                - Clearing active input actions
02:54:31.179 [JavaFX Application Thread] DEBUG WindowService        - Removing overlay from GameScene and adding to FXGLLoadingScene
02:54:31.183 [JavaFX Application Thread] DEBUG MainWindow           - GameScene -> FXGLLoadingScene
02:54:31.183 [JavaFX Application Thread] DEBUG WindowService        - Clearing previous game
02:54:31.183 [JavaFX Application Thread] DEBUG GameScene            - Clearing game scene
02:54:31.183 [JavaFX Application Thread] DEBUG GameWorld            - Clearing game world
02:54:31.183 [JavaFX Application Thread] DEBUG PhysicsWorld         - Clearing physics world
02:54:31.184 [FXGL Background Thread 1 ] DEBUG GameApplication      - Initializing game
02:54:31.184 [FXGL Background Thread 1 ] INFO  GameApplication      - Game initialization took: 0,001 sec
02:54:31.193 [JavaFX Application Thread] DEBUG Input                - Clearing active input actions
02:54:31.196 [JavaFX Application Thread] DEBUG WindowService        - Removing overlay from FXGLLoadingScene and adding to GameScene
02:54:31.200 [JavaFX Application Thread] DEBUG MainWindow           - FXGLLoadingScene -> GameScene
02:54:31.253 [JavaFX Application Thread] DEBUG WindowService        - Starting new game
02:54:31.253 [JavaFX Application Thread] DEBUG Input                - Clearing active input actions
02:54:31.256 [JavaFX Application Thread] DEBUG WindowService        - Removing overlay from GameScene and adding to FXGLLoadingScene
02:54:31.260 [JavaFX Application Thread] DEBUG MainWindow           - GameScene -> FXGLLoadingScene
02:54:31.260 [JavaFX Application Thread] DEBUG WindowService        - Clearing previous game
02:54:31.260 [JavaFX Application Thread] DEBUG GameScene            - Clearing game scene
02:54:31.260 [JavaFX Application Thread] DEBUG GameWorld            - Clearing game world
02:54:31.261 [JavaFX Application Thread] DEBUG PhysicsWorld         - Clearing physics world
02:54:31.261 [FXGL Background Thread 1 ] DEBUG GameApplication      - Initializing game
02:54:31.262 [FXGL Background Thread 1 ] INFO  GameApplication      - Game initialization took: 0,001 sec
02:54:31.271 [JavaFX Application Thread] DEBUG Input                - Clearing active input actions
02:54:31.273 [JavaFX Application Thread] DEBUG WindowService        - Removing overlay from FXGLLoadingScene and adding to GameScene
02:54:31.278 [JavaFX Application Thread] DEBUG MainWindow           - FXGLLoadingScene -> GameScene
02:54:31.337 [JavaFX Application Thread] DEBUG WindowService        - Starting new game
02:54:31.337 [JavaFX Application Thread] DEBUG Input                - Clearing active input actions
02:54:31.339 [JavaFX Application Thread] DEBUG WindowService        - Removing overlay from GameScene and adding to FXGLLoadingScene
02:54:31.345 [JavaFX Application Thread] DEBUG MainWindow           - GameScene -> FXGLLoadingScene
02:54:31.345 [JavaFX Application Thread] DEBUG WindowService        - Clearing previous game
02:54:31.346 [JavaFX Application Thread] DEBUG GameScene            - Clearing game scene
02:54:31.346 [JavaFX Application Thread] DEBUG GameWorld            - Clearing game world
02:54:31.346 [JavaFX Application Thread] DEBUG PhysicsWorld         - Clearing physics world
02:54:31.349 [FXGL Background Thread 1 ] DEBUG GameApplication      - Initializing game
02:54:31.350 [FXGL Background Thread 1 ] INFO  GameApplication      - Game initialization took: 0,001 sec
02:54:31.363 [JavaFX Application Thread] DEBUG Input                - Clearing active input actions
02:54:31.366 [JavaFX Application Thread] DEBUG WindowService        - Removing overlay from FXGLLoadingScene and adding to GameScene
02:54:31.372 [JavaFX Application Thread] DEBUG MainWindow           - FXGLLoadingScene -> GameScene
02:54:31.420 [JavaFX Application Thread] DEBUG WindowService        - Starting new game
02:54:31.420 [JavaFX Application Thread] DEBUG Input                - Clearing active input actions
02:54:31.422 [JavaFX Application Thread] DEBUG WindowService        - Removing overlay from GameScene and adding to FXGLLoadingScene
02:54:31.426 [JavaFX Application Thread] DEBUG MainWindow           - GameScene -> FXGLLoadingScene
02:54:31.426 [JavaFX Application Thread] DEBUG WindowService        - Clearing previous game
02:54:31.426 [JavaFX Application Thread] DEBUG GameScene            - Clearing game scene
02:54:31.426 [JavaFX Application Thread] DEBUG GameWorld            - Clearing game world
02:54:31.427 [JavaFX Application Thread] DEBUG PhysicsWorld         - Clearing physics world
02:54:31.427 [FXGL Background Thread 1 ] DEBUG GameApplication      - Initializing game
02:54:31.427 [FXGL Background Thread 1 ] INFO  GameApplication      - Game initialization took: 0,001 sec
02:54:31.436 [JavaFX Application Thread] DEBUG Input                - Clearing active input actions
02:54:31.439 [JavaFX Application Thread] DEBUG WindowService        - Removing overlay from FXGLLoadingScene and adding to GameScene
02:54:31.443 [JavaFX Application Thread] DEBUG MainWindow           - FXGLLoadingScene -> GameScene
02:54:31.503 [JavaFX Application Thread] DEBUG WindowService        - Starting new game
02:54:31.504 [JavaFX Application Thread] DEBUG Input                - Clearing active input actions
02:54:31.506 [JavaFX Application Thread] DEBUG WindowService        - Removing overlay from GameScene and adding to FXGLLoadingScene
02:54:31.511 [JavaFX Application Thread] DEBUG MainWindow           - GameScene -> FXGLLoadingScene
02:54:31.512 [JavaFX Application Thread] DEBUG WindowService        - Clearing previous game
02:54:31.512 [JavaFX Application Thread] DEBUG GameScene            - Clearing game scene
02:54:31.512 [JavaFX Application Thread] DEBUG GameWorld            - Clearing game world
02:54:31.512 [JavaFX Application Thread] DEBUG PhysicsWorld         - Clearing physics world
02:54:31.512 [FXGL Background Thread 1 ] DEBUG GameApplication      - Initializing game
02:54:31.513 [FXGL Background Thread 1 ] INFO  GameApplication      - Game initialization took: 0,001 sec
02:54:31.522 [JavaFX Application Thread] DEBUG Input                - Clearing active input actions
02:54:31.525 [JavaFX Application Thread] DEBUG WindowService        - Removing overlay from FXGLLoadingScene and adding to GameScene
02:54:31.529 [JavaFX Application Thread] DEBUG MainWindow           - FXGLLoadingScene -> GameScene
02:54:31.587 [JavaFX Application Thread] DEBUG WindowService        - Starting new game
02:54:31.587 [JavaFX Application Thread] DEBUG Input                - Clearing active input actions
02:54:31.590 [JavaFX Application Thread] DEBUG WindowService        - Removing overlay from GameScene and adding to FXGLLoadingScene
02:54:31.595 [JavaFX Application Thread] DEBUG MainWindow           - GameScene -> FXGLLoadingScene
02:54:31.595 [JavaFX Application Thread] DEBUG WindowService        - Clearing previous game
02:54:31.595 [JavaFX Application Thread] DEBUG GameScene            - Clearing game scene
02:54:31.595 [JavaFX Application Thread] DEBUG GameWorld            - Clearing game world
02:54:31.595 [JavaFX Application Thread] DEBUG PhysicsWorld         - Clearing physics world
02:54:31.595 [FXGL Background Thread 1 ] DEBUG GameApplication      - Initializing game
02:54:31.596 [FXGL Background Thread 1 ] INFO  GameApplication      - Game initialization took: 0,001 sec
02:54:31.605 [JavaFX Application Thread] DEBUG Input                - Clearing active input actions
02:54:31.607 [JavaFX Application Thread] DEBUG WindowService        - Removing overlay from FXGLLoadingScene and adding to GameScene
02:54:31.612 [JavaFX Application Thread] DEBUG MainWindow           - FXGLLoadingScene -> GameScene
02:54:31.670 [JavaFX Application Thread] DEBUG WindowService        - Starting new game
02:54:31.670 [JavaFX Application Thread] DEBUG Input                - Clearing active input actions
02:54:31.674 [JavaFX Application Thread] DEBUG WindowService        - Removing overlay from GameScene and adding to FXGLLoadingScene
02:54:31.681 [JavaFX Application Thread] DEBUG MainWindow           - GameScene -> FXGLLoadingScene
02:54:31.681 [JavaFX Application Thread] DEBUG WindowService        - Clearing previous game
02:54:31.681 [JavaFX Application Thread] DEBUG GameScene            - Clearing game scene
02:54:31.681 [JavaFX Application Thread] DEBUG GameWorld            - Clearing game world
02:54:31.681 [JavaFX Application Thread] DEBUG PhysicsWorld         - Clearing physics world
02:54:31.682 [FXGL Background Thread 1 ] DEBUG GameApplication      - Initializing game
02:54:31.684 [FXGL Background Thread 1 ] INFO  GameApplication      - Game initialization took: 0,002 sec
02:54:31.695 [JavaFX Application Thread] DEBUG Input                - Clearing active input actions
02:54:31.698 [JavaFX Application Thread] DEBUG WindowService        - Removing overlay from FXGLLoadingScene and adding to GameScene
02:54:31.702 [JavaFX Application Thread] DEBUG MainWindow           - FXGLLoadingScene -> GameScene
02:54:31.754 [JavaFX Application Thread] DEBUG WindowService        - Starting new game
02:54:31.754 [JavaFX Application Thread] DEBUG Input                - Clearing active input actions
02:54:31.756 [JavaFX Application Thread] DEBUG WindowService        - Removing overlay from GameScene and adding to FXGLLoadingScene
02:54:31.761 [JavaFX Application Thread] DEBUG MainWindow           - GameScene -> FXGLLoadingScene
02:54:31.761 [JavaFX Application Thread] DEBUG WindowService        - Clearing previous game
02:54:31.761 [JavaFX Application Thread] DEBUG GameScene            - Clearing game scene
02:54:31.761 [JavaFX Application Thread] DEBUG GameWorld            - Clearing game world
02:54:31.761 [JavaFX Application Thread] DEBUG PhysicsWorld         - Clearing physics world
02:54:31.761 [FXGL Background Thread 1 ] DEBUG GameApplication      - Initializing game
02:54:31.763 [FXGL Background Thread 1 ] INFO  GameApplication      - Game initialization took: 0,001 sec
02:54:31.771 [JavaFX Application Thread] DEBUG Input                - Clearing active input actions
02:54:31.773 [JavaFX Application Thread] DEBUG WindowService        - Removing overlay from FXGLLoadingScene and adding to GameScene
02:54:31.778 [JavaFX Application Thread] DEBUG MainWindow           - FXGLLoadingScene -> GameScene
02:54:31.837 [JavaFX Application Thread] DEBUG WindowService        - Starting new game
02:54:31.837 [JavaFX Application Thread] DEBUG Input                - Clearing active input actions
02:54:31.841 [JavaFX Application Thread] DEBUG WindowService        - Removing overlay from GameScene and adding to FXGLLoadingScene
02:54:31.848 [JavaFX Application Thread] DEBUG MainWindow           - GameScene -> FXGLLoadingScene
02:54:31.848 [JavaFX Application Thread] DEBUG WindowService        - Clearing previous game
02:54:31.848 [JavaFX Application Thread] DEBUG GameScene            - Clearing game scene
02:54:31.848 [JavaFX Application Thread] DEBUG GameWorld            - Clearing game world
02:54:31.849 [JavaFX Application Thread] DEBUG PhysicsWorld         - Clearing physics world
02:54:31.854 [FXGL Background Thread 1 ] DEBUG GameApplication      - Initializing game
02:54:31.856 [FXGL Background Thread 1 ] INFO  GameApplication      - Game initialization took: 0,002 sec
02:54:31.874 [JavaFX Application Thread] DEBUG Input                - Clearing active input actions
02:54:31.878 [JavaFX Application Thread] DEBUG WindowService        - Removing overlay from FXGLLoadingScene and adding to GameScene
02:54:31.883 [JavaFX Application Thread] DEBUG MainWindow           - FXGLLoadingScene -> GameScene
02:54:31.924 [JavaFX Application Thread] DEBUG WindowService        - Starting new game
02:54:31.925 [JavaFX Application Thread] DEBUG Input                - Clearing active input actions
02:54:31.928 [JavaFX Application Thread] DEBUG WindowService        - Removing overlay from GameScene and adding to FXGLLoadingScene
02:54:31.933 [JavaFX Application Thread] DEBUG MainWindow           - GameScene -> FXGLLoadingScene
02:54:31.933 [JavaFX Application Thread] DEBUG WindowService        - Clearing previous game
02:54:31.933 [JavaFX Application Thread] DEBUG GameScene            - Clearing game scene
02:54:31.933 [JavaFX Application Thread] DEBUG GameWorld            - Clearing game world
02:54:31.933 [JavaFX Application Thread] DEBUG PhysicsWorld         - Clearing physics world
02:54:31.934 [FXGL Background Thread 1 ] DEBUG GameApplication      - Initializing game
02:54:31.934 [FXGL Background Thread 1 ] INFO  GameApplication      - Game initialization took: 0,001 sec
02:54:31.946 [JavaFX Application Thread] DEBUG Input                - Clearing active input actions
02:54:31.949 [JavaFX Application Thread] DEBUG WindowService        - Removing overlay from FXGLLoadingScene and adding to GameScene
02:54:31.957 [JavaFX Application Thread] DEBUG MainWindow           - FXGLLoadingScene -> GameScene
02:54:32.004 [JavaFX Application Thread] DEBUG WindowService        - Starting new game
02:54:32.005 [JavaFX Application Thread] DEBUG Input                - Clearing active input actions
02:54:32.008 [JavaFX Application Thread] DEBUG WindowService        - Removing overlay from GameScene and adding to FXGLLoadingScene
02:54:32.013 [JavaFX Application Thread] DEBUG MainWindow           - GameScene -> FXGLLoadingScene
02:54:32.013 [JavaFX Application Thread] DEBUG WindowService        - Clearing previous game
02:54:32.013 [JavaFX Application Thread] DEBUG GameScene            - Clearing game scene
02:54:32.013 [JavaFX Application Thread] DEBUG GameWorld            - Clearing game world
02:54:32.013 [JavaFX Application Thread] DEBUG PhysicsWorld         - Clearing physics world
02:54:32.013 [FXGL Background Thread 1 ] DEBUG GameApplication      - Initializing game
02:54:32.014 [FXGL Background Thread 1 ] INFO  GameApplication      - Game initialization took: 0,001 sec
02:54:32.023 [JavaFX Application Thread] DEBUG Input                - Clearing active input actions
02:54:32.025 [JavaFX Application Thread] DEBUG WindowService        - Removing overlay from FXGLLoadingScene and adding to GameScene
02:54:32.030 [JavaFX Application Thread] DEBUG MainWindow           - FXGLLoadingScene -> GameScene
02:54:32.089 [JavaFX Application Thread] DEBUG WindowService        - Starting new game
02:54:32.089 [JavaFX Application Thread] DEBUG Input                - Clearing active input actions
02:54:32.093 [JavaFX Application Thread] DEBUG WindowService        - Removing overlay from GameScene and adding to FXGLLoadingScene
02:54:32.098 [JavaFX Application Thread] DEBUG MainWindow           - GameScene -> FXGLLoadingScene
02:54:32.098 [JavaFX Application Thread] DEBUG WindowService        - Clearing previous game
02:54:32.098 [JavaFX Application Thread] DEBUG GameScene            - Clearing game scene
02:54:32.098 [JavaFX Application Thread] DEBUG GameWorld            - Clearing game world
02:54:32.099 [JavaFX Application Thread] DEBUG PhysicsWorld         - Clearing physics world
02:54:32.099 [FXGL Background Thread 1 ] DEBUG GameApplication      - Initializing game
02:54:32.100 [FXGL Background Thread 1 ] INFO  GameApplication      - Game initialization took: 0,001 sec
02:54:32.103 [JavaFX Application Thread] DEBUG Input                - Clearing active input actions
02:54:32.106 [JavaFX Application Thread] DEBUG WindowService        - Removing overlay from FXGLLoadingScene and adding to GameScene
02:54:32.107 [JavaFX Application Thread] DEBUG MainWindow           - FXGLLoadingScene -> GameScene
02:54:32.172 [JavaFX Application Thread] DEBUG WindowService        - Starting new game
02:54:32.174 [JavaFX Application Thread] DEBUG Input                - Clearing active input actions
02:54:32.179 [JavaFX Application Thread] DEBUG WindowService        - Removing overlay from GameScene and adding to FXGLLoadingScene
02:54:32.187 [JavaFX Application Thread] DEBUG MainWindow           - GameScene -> FXGLLoadingScene
02:54:32.187 [JavaFX Application Thread] DEBUG WindowService        - Clearing previous game
02:54:32.187 [JavaFX Application Thread] DEBUG GameScene            - Clearing game scene
02:54:32.187 [JavaFX Application Thread] DEBUG GameWorld            - Clearing game world
02:54:32.187 [JavaFX Application Thread] DEBUG PhysicsWorld         - Clearing physics world
02:54:32.188 [FXGL Background Thread 1 ] DEBUG GameApplication      - Initializing game
02:54:32.189 [FXGL Background Thread 1 ] INFO  GameApplication      - Game initialization took: 0,001 sec
02:54:32.200 [JavaFX Application Thread] DEBUG Input                - Clearing active input actions
02:54:32.203 [JavaFX Application Thread] DEBUG WindowService        - Removing overlay from FXGLLoadingScene and adding to GameScene
02:54:32.208 [JavaFX Application Thread] DEBUG MainWindow           - FXGLLoadingScene -> GameScene
02:54:32.257 [JavaFX Application Thread] DEBUG WindowService        - Starting new game
02:54:32.257 [JavaFX Application Thread] DEBUG Input                - Clearing active input actions
02:54:32.261 [JavaFX Application Thread] DEBUG WindowService        - Removing overlay from GameScene and adding to FXGLLoadingScene
02:54:32.269 [JavaFX Application Thread] DEBUG MainWindow           - GameScene -> FXGLLoadingScene
02:54:32.269 [JavaFX Application Thread] DEBUG WindowService        - Clearing previous game
02:54:32.269 [JavaFX Application Thread] DEBUG GameScene            - Clearing game scene
02:54:32.269 [JavaFX Application Thread] DEBUG GameWorld            - Clearing game world
02:54:32.269 [JavaFX Application Thread] DEBUG PhysicsWorld         - Clearing physics world
02:54:32.270 [FXGL Background Thread 1 ] DEBUG GameApplication      - Initializing game
02:54:32.270 [FXGL Background Thread 1 ] INFO  GameApplication      - Game initialization took: 0,001 sec
02:54:32.281 [JavaFX Application Thread] DEBUG Input                - Clearing active input actions
02:54:32.284 [JavaFX Application Thread] DEBUG WindowService        - Removing overlay from FXGLLoadingScene and adding to GameScene
02:54:32.289 [JavaFX Application Thread] DEBUG MainWindow           - FXGLLoadingScene -> GameScene
02:54:32.339 [JavaFX Application Thread] DEBUG WindowService        - Starting new game
02:54:32.339 [JavaFX Application Thread] DEBUG Input                - Clearing active input actions
02:54:32.343 [JavaFX Application Thread] DEBUG WindowService        - Removing overlay from GameScene and adding to FXGLLoadingScene
02:54:32.351 [JavaFX Application Thread] DEBUG MainWindow           - GameScene -> FXGLLoadingScene
02:54:32.351 [JavaFX Application Thread] DEBUG WindowService        - Clearing previous game
02:54:32.352 [JavaFX Application Thread] DEBUG GameScene            - Clearing game scene
02:54:32.352 [JavaFX Application Thread] DEBUG GameWorld            - Clearing game world
02:54:32.352 [JavaFX Application Thread] DEBUG PhysicsWorld         - Clearing physics world
02:54:32.352 [FXGL Background Thread 1 ] DEBUG GameApplication      - Initializing game
02:54:32.358 [FXGL Background Thread 1 ] INFO  GameApplication      - Game initialization took: 0,006 sec
02:54:32.367 [JavaFX Application Thread] DEBUG Input                - Clearing active input actions
02:54:32.369 [JavaFX Application Thread] DEBUG WindowService        - Removing overlay from FXGLLoadingScene and adding to GameScene
02:54:32.374 [JavaFX Application Thread] DEBUG MainWindow           - FXGLLoadingScene -> GameScene
02:54:32.423 [JavaFX Application Thread] DEBUG WindowService        - Starting new game
02:54:32.423 [JavaFX Application Thread] DEBUG Input                - Clearing active input actions
02:54:32.425 [JavaFX Application Thread] DEBUG WindowService        - Removing overlay from GameScene and adding to FXGLLoadingScene
02:54:32.431 [JavaFX Application Thread] DEBUG MainWindow           - GameScene -> FXGLLoadingScene
02:54:32.432 [JavaFX Application Thread] DEBUG WindowService        - Clearing previous game
02:54:32.432 [JavaFX Application Thread] DEBUG GameScene            - Clearing game scene
02:54:32.432 [JavaFX Application Thread] DEBUG GameWorld            - Clearing game world
02:54:32.432 [JavaFX Application Thread] DEBUG PhysicsWorld         - Clearing physics world
02:54:32.432 [FXGL Background Thread 1 ] DEBUG GameApplication      - Initializing game
02:54:32.433 [FXGL Background Thread 1 ] INFO  GameApplication      - Game initialization took: 0,001 sec
02:54:32.438 [JavaFX Application Thread] DEBUG Input                - Clearing active input actions
02:54:32.440 [JavaFX Application Thread] DEBUG WindowService        - Removing overlay from FXGLLoadingScene and adding to GameScene
02:54:32.442 [JavaFX Application Thread] DEBUG MainWindow           - FXGLLoadingScene -> GameScene
02:54:32.505 [JavaFX Application Thread] DEBUG WindowService        - Starting new game
02:54:32.505 [JavaFX Application Thread] DEBUG Input                - Clearing active input actions
02:54:32.508 [JavaFX Application Thread] DEBUG WindowService        - Removing overlay from GameScene and adding to FXGLLoadingScene
02:54:32.514 [JavaFX Application Thread] DEBUG MainWindow           - GameScene -> FXGLLoadingScene
02:54:32.515 [JavaFX Application Thread] DEBUG WindowService        - Clearing previous game
02:54:32.515 [JavaFX Application Thread] DEBUG GameScene            - Clearing game scene
02:54:32.515 [JavaFX Application Thread] DEBUG GameWorld            - Clearing game world
02:54:32.515 [JavaFX Application Thread] DEBUG PhysicsWorld         - Clearing physics world
02:54:32.515 [FXGL Background Thread 1 ] DEBUG GameApplication      - Initializing game
02:54:32.517 [FXGL Background Thread 1 ] INFO  GameApplication      - Game initialization took: 0,002 sec
02:54:32.532 [JavaFX Application Thread] DEBUG Input                - Clearing active input actions
02:54:32.536 [JavaFX Application Thread] DEBUG WindowService        - Removing overlay from FXGLLoadingScene and adding to GameScene
02:54:32.541 [JavaFX Application Thread] DEBUG MainWindow           - FXGLLoadingScene -> GameScene
02:54:32.590 [JavaFX Application Thread] DEBUG WindowService        - Starting new game
02:54:32.590 [JavaFX Application Thread] DEBUG Input                - Clearing active input actions
02:54:32.592 [JavaFX Application Thread] DEBUG WindowService        - Removing overlay from GameScene and adding to FXGLLoadingScene
02:54:32.595 [JavaFX Application Thread] DEBUG MainWindow           - GameScene -> FXGLLoadingScene
02:54:32.596 [JavaFX Application Thread] DEBUG WindowService        - Clearing previous game
02:54:32.596 [JavaFX Application Thread] DEBUG GameScene            - Clearing game scene
02:54:32.596 [JavaFX Application Thread] DEBUG GameWorld            - Clearing game world
02:54:32.596 [JavaFX Application Thread] DEBUG PhysicsWorld         - Clearing physics world
02:54:32.596 [FXGL Background Thread 1 ] DEBUG GameApplication      - Initializing game
02:54:32.596 [FXGL Background Thread 1 ] INFO  GameApplication      - Game initialization took: 0,001 sec
02:54:32.605 [JavaFX Application Thread] DEBUG Input                - Clearing active input actions
02:54:32.607 [JavaFX Application Thread] DEBUG WindowService        - Removing overlay from FXGLLoadingScene and adding to GameScene
02:54:32.611 [JavaFX Application Thread] DEBUG MainWindow           - FXGLLoadingScene -> GameScene
02:54:32.674 [JavaFX Application Thread] DEBUG WindowService        - Starting new game
02:54:32.674 [JavaFX Application Thread] DEBUG Input                - Clearing active input actions
02:54:32.678 [JavaFX Application Thread] DEBUG WindowService        - Removing overlay from GameScene and adding to FXGLLoadingScene
02:54:32.683 [JavaFX Application Thread] DEBUG MainWindow           - GameScene -> FXGLLoadingScene
02:54:32.683 [JavaFX Application Thread] DEBUG WindowService        - Clearing previous game
02:54:32.683 [JavaFX Application Thread] DEBUG GameScene            - Clearing game scene
02:54:32.683 [JavaFX Application Thread] DEBUG GameWorld            - Clearing game world
02:54:32.683 [JavaFX Application Thread] DEBUG PhysicsWorld         - Clearing physics world
02:54:32.684 [FXGL Background Thread 1 ] DEBUG GameApplication      - Initializing game
02:54:32.684 [FXGL Background Thread 1 ] INFO  GameApplication      - Game initialization took: 0,001 sec
02:54:32.696 [JavaFX Application Thread] DEBUG Input                - Clearing active input actions
02:54:32.698 [JavaFX Application Thread] DEBUG WindowService        - Removing overlay from FXGLLoadingScene and adding to GameScene
02:54:32.703 [JavaFX Application Thread] DEBUG MainWindow           - FXGLLoadingScene -> GameScene
02:54:32.757 [JavaFX Application Thread] DEBUG WindowService        - Starting new game
02:54:32.757 [JavaFX Application Thread] DEBUG Input                - Clearing active input actions
02:54:32.760 [JavaFX Application Thread] DEBUG WindowService        - Removing overlay from GameScene and adding to FXGLLoadingScene
02:54:32.766 [JavaFX Application Thread] DEBUG MainWindow           - GameScene -> FXGLLoadingScene
02:54:32.766 [JavaFX Application Thread] DEBUG WindowService        - Clearing previous game
02:54:32.766 [JavaFX Application Thread] DEBUG GameScene            - Clearing game scene
02:54:32.766 [JavaFX Application Thread] DEBUG GameWorld            - Clearing game world
02:54:32.766 [JavaFX Application Thread] DEBUG PhysicsWorld         - Clearing physics world
02:54:32.766 [FXGL Background Thread 1 ] DEBUG GameApplication      - Initializing game
02:54:32.767 [FXGL Background Thread 1 ] INFO  GameApplication      - Game initialization took: 0,001 sec
02:54:32.776 [JavaFX Application Thread] DEBUG Input                - Clearing active input actions
02:54:32.780 [JavaFX Application Thread] DEBUG WindowService        - Removing overlay from FXGLLoadingScene and adding to GameScene
02:54:32.786 [JavaFX Application Thread] DEBUG MainWindow           - FXGLLoadingScene -> GameScene
02:54:32.841 [JavaFX Application Thread] DEBUG WindowService        - Starting new game
02:54:32.841 [JavaFX Application Thread] DEBUG Input                - Clearing active input actions
02:54:32.845 [JavaFX Application Thread] DEBUG WindowService        - Removing overlay from GameScene and adding to FXGLLoadingScene
02:54:32.861 [JavaFX Application Thread] DEBUG MainWindow           - GameScene -> FXGLLoadingScene
02:54:32.862 [JavaFX Application Thread] DEBUG WindowService        - Clearing previous game
02:54:32.862 [JavaFX Application Thread] DEBUG GameScene            - Clearing game scene
02:54:32.862 [JavaFX Application Thread] DEBUG GameWorld            - Clearing game world
02:54:32.862 [JavaFX Application Thread] DEBUG PhysicsWorld         - Clearing physics world
02:54:32.862 [FXGL Background Thread 1 ] DEBUG GameApplication      - Initializing game
02:54:32.863 [FXGL Background Thread 1 ] INFO  GameApplication      - Game initialization took: 0,001 sec
02:54:32.876 [JavaFX Application Thread] DEBUG Input                - Clearing active input actions
02:54:32.879 [JavaFX Application Thread] DEBUG WindowService        - Removing overlay from FXGLLoadingScene and adding to GameScene
02:54:32.884 [JavaFX Application Thread] DEBUG MainWindow           - FXGLLoadingScene -> GameScene
02:54:32.925 [JavaFX Application Thread] DEBUG WindowService        - Starting new game
02:54:32.925 [JavaFX Application Thread] DEBUG Input                - Clearing active input actions
02:54:32.928 [JavaFX Application Thread] DEBUG WindowService        - Removing overlay from GameScene and adding to FXGLLoadingScene
02:54:32.933 [JavaFX Application Thread] DEBUG MainWindow           - GameScene -> FXGLLoadingScene
02:54:32.933 [JavaFX Application Thread] DEBUG WindowService        - Clearing previous game
02:54:32.933 [JavaFX Application Thread] DEBUG GameScene            - Clearing game scene
02:54:32.933 [JavaFX Application Thread] DEBUG GameWorld            - Clearing game world
02:54:32.933 [JavaFX Application Thread] DEBUG PhysicsWorld         - Clearing physics world
02:54:32.933 [FXGL Background Thread 1 ] DEBUG GameApplication      - Initializing game
02:54:32.934 [FXGL Background Thread 1 ] INFO  GameApplication      - Game initialization took: 0,001 sec
02:54:32.944 [JavaFX Application Thread] DEBUG Input                - Clearing active input actions
02:54:32.946 [JavaFX Application Thread] DEBUG WindowService        - Removing overlay from FXGLLoadingScene and adding to GameScene
02:54:32.951 [JavaFX Application Thread] DEBUG MainWindow           - FXGLLoadingScene -> GameScene
02:54:33.008 [JavaFX Application Thread] DEBUG WindowService        - Starting new game
02:54:33.008 [JavaFX Application Thread] DEBUG Input                - Clearing active input actions
02:54:33.012 [JavaFX Application Thread] DEBUG WindowService        - Removing overlay from GameScene and adding to FXGLLoadingScene
02:54:33.020 [JavaFX Application Thread] DEBUG MainWindow           - GameScene -> FXGLLoadingScene
02:54:33.020 [JavaFX Application Thread] DEBUG WindowService        - Clearing previous game
02:54:33.020 [JavaFX Application Thread] DEBUG GameScene            - Clearing game scene
02:54:33.021 [JavaFX Application Thread] DEBUG GameWorld            - Clearing game world
02:54:33.021 [JavaFX Application Thread] DEBUG PhysicsWorld         - Clearing physics world
02:54:33.023 [FXGL Background Thread 1 ] DEBUG GameApplication      - Initializing game
02:54:33.024 [FXGL Background Thread 1 ] INFO  GameApplication      - Game initialization took: 0,001 sec
02:54:33.040 [JavaFX Application Thread] DEBUG Input                - Clearing active input actions
02:54:33.043 [JavaFX Application Thread] DEBUG WindowService        - Removing overlay from FXGLLoadingScene and adding to GameScene
02:54:33.048 [JavaFX Application Thread] DEBUG MainWindow           - FXGLLoadingScene -> GameScene
02:54:33.097 [JavaFX Application Thread] DEBUG WindowService        - Starting new game
02:54:33.097 [JavaFX Application Thread] DEBUG Input                - Clearing active input actions
02:54:33.100 [JavaFX Application Thread] DEBUG WindowService        - Removing overlay from GameScene and adding to FXGLLoadingScene
02:54:33.107 [JavaFX Application Thread] DEBUG MainWindow           - GameScene -> FXGLLoadingScene
02:54:33.107 [JavaFX Application Thread] DEBUG WindowService        - Clearing previous game
02:54:33.107 [JavaFX Application Thread] DEBUG GameScene            - Clearing game scene
02:54:33.107 [JavaFX Application Thread] DEBUG GameWorld            - Clearing game world
02:54:33.107 [JavaFX Application Thread] DEBUG PhysicsWorld         - Clearing physics world
02:54:33.107 [FXGL Background Thread 1 ] DEBUG GameApplication      - Initializing game
02:54:33.108 [FXGL Background Thread 1 ] INFO  GameApplication      - Game initialization took: 0,001 sec
02:54:33.119 [JavaFX Application Thread] DEBUG Input                - Clearing active input actions
02:54:33.123 [JavaFX Application Thread] DEBUG WindowService        - Removing overlay from FXGLLoadingScene and adding to GameScene
02:54:33.128 [JavaFX Application Thread] DEBUG MainWindow           - FXGLLoadingScene -> GameScene
02:54:33.176 [JavaFX Application Thread] DEBUG WindowService        - Starting new game
02:54:33.176 [JavaFX Application Thread] DEBUG Input                - Clearing active input actions
02:54:33.179 [JavaFX Application Thread] DEBUG WindowService        - Removing overlay from GameScene and adding to FXGLLoadingScene
02:54:33.184 [JavaFX Application Thread] DEBUG MainWindow           - GameScene -> FXGLLoadingScene
02:54:33.184 [JavaFX Application Thread] DEBUG WindowService        - Clearing previous game
02:54:33.184 [JavaFX Application Thread] DEBUG GameScene            - Clearing game scene
02:54:33.184 [JavaFX Application Thread] DEBUG GameWorld            - Clearing game world
02:54:33.184 [JavaFX Application Thread] DEBUG PhysicsWorld         - Clearing physics world
02:54:33.184 [FXGL Background Thread 1 ] DEBUG GameApplication      - Initializing game
02:54:33.185 [FXGL Background Thread 1 ] INFO  GameApplication      - Game initialization took: 0,001 sec
02:54:33.193 [JavaFX Application Thread] DEBUG Input                - Clearing active input actions
02:54:33.196 [JavaFX Application Thread] DEBUG WindowService        - Removing overlay from FXGLLoadingScene and adding to GameScene
02:54:33.199 [JavaFX Application Thread] DEBUG MainWindow           - FXGLLoadingScene -> GameScene
02:54:33.259 [JavaFX Application Thread] DEBUG WindowService        - Starting new game
02:54:33.259 [JavaFX Application Thread] DEBUG Input                - Clearing active input actions
02:54:33.261 [JavaFX Application Thread] DEBUG WindowService        - Removing overlay from GameScene and adding to FXGLLoadingScene
02:54:33.266 [JavaFX Application Thread] DEBUG MainWindow           - GameScene -> FXGLLoadingScene
02:54:33.266 [JavaFX Application Thread] DEBUG WindowService        - Clearing previous game
02:54:33.266 [JavaFX Application Thread] DEBUG GameScene            - Clearing game scene
02:54:33.266 [JavaFX Application Thread] DEBUG GameWorld            - Clearing game world
02:54:33.266 [JavaFX Application Thread] DEBUG PhysicsWorld         - Clearing physics world
02:54:33.266 [FXGL Background Thread 1 ] DEBUG GameApplication      - Initializing game
02:54:33.267 [FXGL Background Thread 1 ] INFO  GameApplication      - Game initialization took: 0,001 sec
02:54:33.277 [JavaFX Application Thread] DEBUG Input                - Clearing active input actions
02:54:33.279 [JavaFX Application Thread] DEBUG WindowService        - Removing overlay from FXGLLoadingScene and adding to GameScene
02:54:33.288 [JavaFX Application Thread] DEBUG MainWindow           - FXGLLoadingScene -> GameScene
02:54:33.344 [JavaFX Application Thread] DEBUG WindowService        - Starting new game
02:54:33.344 [JavaFX Application Thread] DEBUG Input                - Clearing active input actions
02:54:33.349 [JavaFX Application Thread] DEBUG WindowService        - Removing overlay from GameScene and adding to FXGLLoadingScene
02:54:33.358 [JavaFX Application Thread] DEBUG MainWindow           - GameScene -> FXGLLoadingScene
02:54:33.358 [JavaFX Application Thread] DEBUG WindowService        - Clearing previous game
02:54:33.358 [JavaFX Application Thread] DEBUG GameScene            - Clearing game scene
02:54:33.358 [JavaFX Application Thread] DEBUG GameWorld            - Clearing game world
02:54:33.358 [JavaFX Application Thread] DEBUG PhysicsWorld         - Clearing physics world
02:54:33.358 [FXGL Background Thread 1 ] DEBUG GameApplication      - Initializing game
02:54:33.359 [FXGL Background Thread 1 ] INFO  GameApplication      - Game initialization took: 0,001 sec
02:54:33.373 [JavaFX Application Thread] DEBUG Input                - Clearing active input actions
02:54:33.377 [JavaFX Application Thread] DEBUG WindowService        - Removing overlay from FXGLLoadingScene and adding to GameScene
02:54:33.382 [JavaFX Application Thread] DEBUG MainWindow           - FXGLLoadingScene -> GameScene
02:54:33.432 [JavaFX Application Thread] DEBUG WindowService        - Starting new game
02:54:33.432 [JavaFX Application Thread] DEBUG Input                - Clearing active input actions
02:54:33.436 [JavaFX Application Thread] DEBUG WindowService        - Removing overlay from GameScene and adding to FXGLLoadingScene
02:54:33.442 [JavaFX Application Thread] DEBUG MainWindow           - GameScene -> FXGLLoadingScene
02:54:33.442 [JavaFX Application Thread] DEBUG WindowService        - Clearing previous game
02:54:33.442 [JavaFX Application Thread] DEBUG GameScene            - Clearing game scene
02:54:33.442 [JavaFX Application Thread] DEBUG GameWorld            - Clearing game world
02:54:33.443 [JavaFX Application Thread] DEBUG PhysicsWorld         - Clearing physics world
02:54:33.443 [FXGL Background Thread 1 ] DEBUG GameApplication      - Initializing game
02:54:33.444 [FXGL Background Thread 1 ] INFO  GameApplication      - Game initialization took: 0,001 sec
02:54:33.455 [JavaFX Application Thread] DEBUG Input                - Clearing active input actions
02:54:33.458 [JavaFX Application Thread] DEBUG WindowService        - Removing overlay from FXGLLoadingScene and adding to GameScene
02:54:33.464 [JavaFX Application Thread] DEBUG MainWindow           - FXGLLoadingScene -> GameScene
02:54:33.510 [JavaFX Application Thread] DEBUG WindowService        - Starting new game
02:54:33.511 [JavaFX Application Thread] DEBUG Input                - Clearing active input actions
02:54:33.513 [JavaFX Application Thread] DEBUG WindowService        - Removing overlay from GameScene and adding to FXGLLoadingScene
02:54:33.518 [JavaFX Application Thread] DEBUG MainWindow           - GameScene -> FXGLLoadingScene
02:54:33.518 [JavaFX Application Thread] DEBUG WindowService        - Clearing previous game
02:54:33.518 [JavaFX Application Thread] DEBUG GameScene            - Clearing game scene
02:54:33.518 [JavaFX Application Thread] DEBUG GameWorld            - Clearing game world
02:54:33.518 [JavaFX Application Thread] DEBUG PhysicsWorld         - Clearing physics world
02:54:33.518 [FXGL Background Thread 1 ] DEBUG GameApplication      - Initializing game
02:54:33.519 [FXGL Background Thread 1 ] INFO  GameApplication      - Game initialization took: 0,001 sec
02:54:33.530 [JavaFX Application Thread] DEBUG Input                - Clearing active input actions
02:54:33.533 [JavaFX Application Thread] DEBUG WindowService        - Removing overlay from FXGLLoadingScene and adding to GameScene
02:54:33.539 [JavaFX Application Thread] DEBUG MainWindow           - FXGLLoadingScene -> GameScene
02:54:33.593 [JavaFX Application Thread] DEBUG WindowService        - Starting new game
02:54:33.593 [JavaFX Application Thread] DEBUG Input                - Clearing active input actions
02:54:33.596 [JavaFX Application Thread] DEBUG WindowService        - Removing overlay from GameScene and adding to FXGLLoadingScene
02:54:33.600 [JavaFX Application Thread] DEBUG MainWindow           - GameScene -> FXGLLoadingScene
02:54:33.600 [JavaFX Application Thread] DEBUG WindowService        - Clearing previous game
02:54:33.600 [JavaFX Application Thread] DEBUG GameScene            - Clearing game scene
02:54:33.600 [JavaFX Application Thread] DEBUG GameWorld            - Clearing game world
02:54:33.600 [JavaFX Application Thread] DEBUG PhysicsWorld         - Clearing physics world
02:54:33.600 [FXGL Background Thread 1 ] DEBUG GameApplication      - Initializing game
02:54:33.601 [FXGL Background Thread 1 ] INFO  GameApplication      - Game initialization took: 0,001 sec
02:54:33.611 [JavaFX Application Thread] DEBUG Input                - Clearing active input actions
02:54:33.615 [JavaFX Application Thread] DEBUG WindowService        - Removing overlay from FXGLLoadingScene and adding to GameScene
02:54:33.621 [JavaFX Application Thread] DEBUG MainWindow           - FXGLLoadingScene -> GameScene
02:54:33.678 [JavaFX Application Thread] DEBUG WindowService        - Starting new game
02:54:33.678 [JavaFX Application Thread] DEBUG Input                - Clearing active input actions
02:54:33.682 [JavaFX Application Thread] DEBUG WindowService        - Removing overlay from GameScene and adding to FXGLLoadingScene
02:54:33.688 [JavaFX Application Thread] DEBUG MainWindow           - GameScene -> FXGLLoadingScene
02:54:33.688 [JavaFX Application Thread] DEBUG WindowService        - Clearing previous game
02:54:33.688 [JavaFX Application Thread] DEBUG GameScene            - Clearing game scene
02:54:33.688 [JavaFX Application Thread] DEBUG GameWorld            - Clearing game world
02:54:33.688 [JavaFX Application Thread] DEBUG PhysicsWorld         - Clearing physics world
02:54:33.688 [FXGL Background Thread 1 ] DEBUG GameApplication      - Initializing game
02:54:33.689 [FXGL Background Thread 1 ] INFO  GameApplication      - Game initialization took: 0,001 sec
02:54:33.704 [JavaFX Application Thread] DEBUG Input                - Clearing active input actions
02:54:33.707 [JavaFX Application Thread] DEBUG WindowService        - Removing overlay from FXGLLoadingScene and adding to GameScene
02:54:33.713 [JavaFX Application Thread] DEBUG MainWindow           - FXGLLoadingScene -> GameScene
02:54:33.759 [JavaFX Application Thread] DEBUG WindowService        - Starting new game
02:54:33.759 [JavaFX Application Thread] DEBUG Input                - Clearing active input actions
02:54:33.765 [JavaFX Application Thread] DEBUG WindowService        - Removing overlay from GameScene and adding to FXGLLoadingScene
02:54:33.769 [JavaFX Application Thread] DEBUG MainWindow           - GameScene -> FXGLLoadingScene
02:54:33.769 [JavaFX Application Thread] DEBUG WindowService        - Clearing previous game
02:54:33.769 [JavaFX Application Thread] DEBUG GameScene            - Clearing game scene
02:54:33.769 [JavaFX Application Thread] DEBUG GameWorld            - Clearing game world
02:54:33.770 [JavaFX Application Thread] DEBUG PhysicsWorld         - Clearing physics world
02:54:33.770 [FXGL Background Thread 1 ] DEBUG GameApplication      - Initializing game
02:54:33.771 [FXGL Background Thread 1 ] INFO  GameApplication      - Game initialization took: 0,001 sec
02:54:33.782 [JavaFX Application Thread] DEBUG Input                - Clearing active input actions
02:54:33.785 [JavaFX Application Thread] DEBUG WindowService        - Removing overlay from FXGLLoadingScene and adding to GameScene
02:54:33.790 [JavaFX Application Thread] DEBUG MainWindow           - FXGLLoadingScene -> GameScene
02:54:33.843 [JavaFX Application Thread] DEBUG WindowService        - Starting new game
02:54:33.843 [JavaFX Application Thread] DEBUG Input                - Clearing active input actions
02:54:33.847 [JavaFX Application Thread] DEBUG WindowService        - Removing overlay from GameScene and adding to FXGLLoadingScene
02:54:33.854 [JavaFX Application Thread] DEBUG MainWindow           - GameScene -> FXGLLoadingScene
02:54:33.854 [JavaFX Application Thread] DEBUG WindowService        - Clearing previous game
02:54:33.854 [JavaFX Application Thread] DEBUG GameScene            - Clearing game scene
02:54:33.854 [JavaFX Application Thread] DEBUG GameWorld            - Clearing game world
02:54:33.854 [JavaFX Application Thread] DEBUG PhysicsWorld         - Clearing physics world
02:54:33.856 [FXGL Background Thread 1 ] DEBUG GameApplication      - Initializing game
02:54:33.857 [FXGL Background Thread 1 ] INFO  GameApplication      - Game initialization took: 0,001 sec
02:54:33.869 [JavaFX Application Thread] DEBUG Input                - Clearing active input actions
02:54:33.871 [JavaFX Application Thread] DEBUG WindowService        - Removing overlay from FXGLLoadingScene and adding to GameScene
02:54:33.875 [JavaFX Application Thread] DEBUG MainWindow           - FXGLLoadingScene -> GameScene
02:54:33.927 [JavaFX Application Thread] DEBUG WindowService        - Starting new game
02:54:33.927 [JavaFX Application Thread] DEBUG Input                - Clearing active input actions
02:54:33.930 [JavaFX Application Thread] DEBUG WindowService        - Removing overlay from GameScene and adding to FXGLLoadingScene
02:54:33.934 [JavaFX Application Thread] DEBUG MainWindow           - GameScene -> FXGLLoadingScene
02:54:33.934 [JavaFX Application Thread] DEBUG WindowService        - Clearing previous game
02:54:33.935 [JavaFX Application Thread] DEBUG GameScene            - Clearing game scene
02:54:33.935 [JavaFX Application Thread] DEBUG GameWorld            - Clearing game world
02:54:33.935 [JavaFX Application Thread] DEBUG PhysicsWorld         - Clearing physics world
02:54:33.935 [FXGL Background Thread 1 ] DEBUG GameApplication      - Initializing game
02:54:33.936 [FXGL Background Thread 1 ] INFO  GameApplication      - Game initialization took: 0,001 sec
02:54:33.946 [JavaFX Application Thread] DEBUG Input                - Clearing active input actions
02:54:33.948 [JavaFX Application Thread] DEBUG WindowService        - Removing overlay from FXGLLoadingScene and adding to GameScene
02:54:33.954 [JavaFX Application Thread] DEBUG MainWindow           - FXGLLoadingScene -> GameScene
02:54:36.775 [JavaFX Application Thread] DEBUG MainWindow           - Push state: FXGLDefaultMenu
02:54:36.775 [JavaFX Application Thread] DEBUG Input                - Clearing active input actions
02:54:36.779 [JavaFX Application Thread] DEBUG WindowService        - Removing overlay from GameScene and adding to FXGLDefaultMenu
02:54:36.784 [JavaFX Application Thread] DEBUG MainWindow           - GameScene -> FXGLDefaultMenu
02:54:42.221 [JavaFX Application Thread] DEBUG Menu                 - createContentGameplay()
02:54:53.635 [JavaFX Application Thread] DEBUG MainWindow           - Pop state: FXGLDefaultMenu
02:54:53.635 [JavaFX Application Thread] DEBUG Input                - Clearing active input actions
02:54:53.636 [JavaFX Application Thread] DEBUG WindowService        - Removing overlay from FXGLDefaultMenu and adding to GameScene
02:54:53.640 [JavaFX Application Thread] DEBUG MainWindow           - GameScene <- FXGLDefaultMenu
03:17:14.282 [JavaFX Application Thread] DEBUG MainWindow           - Push state: FXGLDefaultMenu
03:17:14.282 [JavaFX Application Thread] DEBUG Input                - Clearing active input actions
03:17:14.286 [JavaFX Application Thread] DEBUG WindowService        - Removing overlay from GameScene and adding to FXGLDefaultMenu
03:17:14.291 [JavaFX Application Thread] DEBUG MainWindow           - GameScene -> FXGLDefaultMenu
03:17:15.264 [JavaFX Application Thread] DEBUG Menu                 - fireExit()
03:17:15.269 [JavaFX Application Thread] DEBUG MainWindow           - Push state: DialogSubScene
03:17:15.270 [JavaFX Application Thread] DEBUG Input                - Clearing active input actions
03:17:15.271 [JavaFX Application Thread] DEBUG WindowService        - Removing overlay from FXGLDefaultMenu and adding to DialogSubScene
03:17:15.275 [JavaFX Application Thread] DEBUG MainWindow           - FXGLDefaultMenu -> DialogSubScene
03:17:15.898 [JavaFX Application Thread] DEBUG MainWindow           - Pop state: DialogSubScene
03:17:15.898 [JavaFX Application Thread] DEBUG Input                - Clearing active input actions
03:17:15.899 [JavaFX Application Thread] DEBUG WindowService        - Removing overlay from DialogSubScene and adding to FXGLDefaultMenu
03:17:15.905 [JavaFX Application Thread] DEBUG MainWindow           - FXGLDefaultMenu <- DialogSubScene
03:17:15.905 [JavaFX Application Thread] DEBUG GameApplication      - Exiting FXGL
03:17:15.905 [JavaFX Application Thread] DEBUG LoopRunner           - Stopping loop
03:17:15.905 [JavaFX Application Thread] DEBUG SystemBundleService  - Saving FXGL system data
03:17:15.910 [JavaFX Application Thread] DEBUG FileSystemAccess     - Writing to: /Users/universita/Desktop/ProgettoJava/traffic-scut-sac/JavaTraffic/system/fxgl.bundle
03:17:15.912 [JavaFX Application Thread] INFO  ProfilerService      - Processed Frames: 105592
03:17:15.912 [JavaFX Application Thread] INFO  ProfilerService      - Average FPS: 59
03:17:15.912 [JavaFX Application Thread] INFO  ProfilerService      - Avg Frame Took: 13,36 ms
03:17:15.912 [JavaFX Application Thread] INFO  ProfilerService      - Avg Memory Usage: 33 MB
03:17:15.912 [JavaFX Application Thread] INFO  ProfilerService      - Min Memory Usage: 13 MB
03:17:15.912 [JavaFX Application Thread] INFO  ProfilerService      - Max Memory Usage: 52 MB
03:17:15.912 [JavaFX Application Thread] INFO  ProfilerService      - Estimated GC runs: 66
03:17:15.912 [JavaFX Application Thread] DEBUG GameApplication      - Shutting down background threads
03:17:15.913 [JavaFX Application Thread] DEBUG GameApplication      - Closing logger and exiting JavaFX
