18:38:41.630 [main                     ] DEBUG GameApplication      - Logger initialized
18:38:41.649 [main                     ] DEBUG GameApplication      - Logging settings
Title:   Basic Game App  
Version: 0.1
Width: 3750
Height: 2500
Fullscreen: false
Intro: false
Profiling: true
Single step:false
App Mode: DEVELOPER
Menu Key: ESCAPE
Stage Style: DECORATED
Scene Factory: class com.almasb.fxgl.app.scene.SceneFactory

18:38:42.446 [JavaFX Application Thread] DEBUG GameApplication      - Initializing FXGL
18:38:42.460 [JavaFX Application Thread] INFO  Engine               - FXGL-11.9 (27.05.2020 17.31) on MAC (J:14.0.1 FX:13.0.2)
18:38:42.461 [JavaFX Application Thread] DEBUG Engine               - JRE Vendor Name: Oracle Corporation
18:38:42.462 [JavaFX Application Thread] DEBUG Engine               - Running on OS: Mac OS X version 10.15.5
18:38:42.462 [JavaFX Application Thread] DEBUG Engine               - Architecture: x86_64
18:38:42.462 [JavaFX Application Thread] INFO  Engine               - Source code and latest versions at: https://github.com/AlmasB/FXGL
18:38:42.463 [JavaFX Application Thread] INFO  Engine               -              Join the FXGL chat at: https://gitter.im/AlmasB/FXGL
18:38:42.654 [JavaFX Application Thread] DEBUG MainWindow           - Creating a JavaFX scene
18:38:42.655 [JavaFX Application Thread] DEBUG MainWindow           - Target size > screen size
18:38:42.719 [JavaFX Application Thread] DEBUG MainWindow           - Target settings size: 3750.0 x 2500.0
18:38:42.720 [JavaFX Application Thread] DEBUG MainWindow           - Scaled scene size:    1440.0 x 976.0
18:38:42.720 [JavaFX Application Thread] DEBUG MainWindow           - Scaled ratio: (0.384, 0.3904)
18:38:42.722 [JavaFX Application Thread] DEBUG MainWindow           - Set initial scene to FXGLStartupScene
18:38:42.731 [JavaFX Application Thread] DEBUG MainWindow           - Opening main window
18:38:42.908 [JavaFX Application Thread] DEBUG MainWindow           - Window border size: (0.0, 22.0)
18:38:42.908 [JavaFX Application Thread] DEBUG MainWindow           - Scaled size: 1440.0 x 976.0
18:38:42.909 [JavaFX Application Thread] DEBUG MainWindow           - Scaled ratio: (0.384, 0.3904)
18:38:42.909 [JavaFX Application Thread] DEBUG MainWindow           - Scene size: 1440.0 x 976.0
18:38:42.909 [JavaFX Application Thread] DEBUG MainWindow           - Stage size: 1440.0 x 998.0
18:38:42.917 [FXGL Background Thread 1 ] DEBUG Engine               - Initializing environment variables
18:38:42.947 [FXGL Background Thread 1 ] DEBUG WindowService        - Applying CSS: fxgl_dark.css
18:38:42.948 [FXGL Background Thread 1 ] DEBUG AssetLoaderService   - Loading from file system: /assets/ui/css/fxgl_dark.css
18:38:43.014 [FXGL Background Thread 1 ] DEBUG WindowService        - Initializing application scenes
18:38:43.282 [FXGL Background Thread 1 ] DEBUG GameWorld            - Game world initialized
18:38:43.330 [FXGL Background Thread 1 ] DEBUG PhysicsWorld         - Physics world initialized: appHeight=2500, physics.ppm=50,0
18:38:43.332 [FXGL Background Thread 1 ] DEBUG GameScene            - Game scene initialized: 3750x2500
18:38:43.371 [FXGL Background Thread 1 ] DEBUG AssetLoaderService   - Loading from file system: /assets/textures/particles/trace_horizontal.png
18:38:43.444 [FXGL Background Thread 1 ] DEBUG FXGL.DefaultMenu     - createMenuBodyGameMenu()
18:38:43.468 [FXGL Background Thread 1 ] DEBUG FXGL.DefaultMenu     - createOptionsMenu()
18:38:43.475 [FXGL Background Thread 1 ] DEBUG AssetLoaderService   - Loading from file system: /assets/textures/particles/smoke.png
18:38:43.546 [FXGL Background Thread 1 ] DEBUG WindowService        - Application scenes initialized
18:38:43.557 [FXGL Background Thread 1 ] DEBUG SystemBundleService  - Loading FXGL system data
18:38:43.561 [FXGL Background Thread 1 ] DEBUG FileSystemAccess     - Reading from: /Users/universita/Desktop/ProgettoJava/traffic-scut-sac/JavaTraffic/system/fxgl.bundle
18:38:43.568 [FXGL Background Thread 1 ] DEBUG SystemBundleService  - Bundle FXGL: {}
18:38:43.600 [FXGL Background Thread 1 ] INFO  Engine               - FXGL initialization took: 0,680 sec
18:38:43.602 [FXGL Background Thread 1 ] DEBUG GameApplication      - Loading localizations
18:38:43.603 [FXGL Background Thread 1 ] DEBUG AssetLoaderService   - Loading from file system: /assets/languages/english.lang
18:38:43.621 [FXGL Background Thread 1 ] DEBUG AssetLoaderService   - Loading from file system: /assets/languages/french.lang
18:38:43.624 [FXGL Background Thread 1 ] DEBUG AssetLoaderService   - Loading from file system: /assets/languages/german.lang
18:38:43.626 [FXGL Background Thread 1 ] DEBUG AssetLoaderService   - Loading from file system: /assets/languages/hungarian.lang
18:38:43.630 [FXGL Background Thread 1 ] DEBUG AssetLoaderService   - Loading from file system: /assets/languages/russian.lang
18:38:43.633 [FXGL Background Thread 1 ] DEBUG GameApplication      - Registering font factories with UI factory
18:38:43.633 [FXGL Background Thread 1 ] DEBUG AssetLoaderService   - Loading from file system: /assets/ui/fonts/VarelaRound-Regular.ttf
18:38:43.664 [FXGL Background Thread 1 ] DEBUG AssetLoaderService   - Loading from file system: /assets/ui/fonts/Abel-Regular.ttf
18:38:43.668 [FXGL Background Thread 1 ] DEBUG AssetLoaderService   - Loading from file system: /assets/ui/fonts/lucida_console.ttf
18:38:43.682 [FXGL Background Thread 1 ] DEBUG AssetLoaderService   - Loading from file system: /assets/ui/fonts/Courier-Prime.ttf
18:38:43.704 [JavaFX Application Thread] DEBUG Input                - Registered new binding: Move Right - D
18:38:43.704 [JavaFX Application Thread] DEBUG Input                - Registered new binding: Move Left - A
18:38:43.704 [JavaFX Application Thread] DEBUG Input                - Registered new binding: Move Up - W
18:38:43.705 [JavaFX Application Thread] DEBUG Input                - Registered new binding: Move Down - S
18:38:43.705 [JavaFX Application Thread] DEBUG AssetLoaderService   - Loading from file system: /assets/textures/fxgl_icon.png
18:38:43.742 [JavaFX Application Thread] DEBUG AssetLoaderService   - Loading from file system: /assets/ui/cursors/fxgl_default.png
18:38:43.751 [JavaFX Application Thread] DEBUG Input                - Registered new binding: Screenshot - P
18:38:43.752 [JavaFX Application Thread] DEBUG Input                - Registered new binding: Dev Options - 1
18:38:43.752 [JavaFX Application Thread] DEBUG Input                - Registered new binding: Dev Console - 2
18:38:43.753 [JavaFX Application Thread] DEBUG Input                - Registered new binding: System info dump - CTRL+9
18:38:43.753 [JavaFX Application Thread] DEBUG Input                - Registered new binding: Restart - CTRL+R
18:38:43.755 [JavaFX Application Thread] DEBUG LoopRunner           - Starting loop
18:38:43.812 [JavaFX Application Thread] DEBUG FXGLStartupScene     - STARTUP
18:38:43.812 [JavaFX Application Thread] DEBUG WindowService        - Starting new game
18:38:43.813 [JavaFX Application Thread] DEBUG Input                - Clearing active input actions
18:38:43.837 [JavaFX Application Thread] DEBUG WindowService        - Removing overlay from FXGLStartupScene and adding to FXGLLoadingScene
18:38:43.855 [JavaFX Application Thread] DEBUG MainWindow           - FXGLStartupScene -> FXGLLoadingScene
18:38:43.856 [JavaFX Application Thread] DEBUG WindowService        - Clearing previous game
18:38:43.856 [JavaFX Application Thread] DEBUG GameScene            - Clearing game scene
18:38:43.856 [JavaFX Application Thread] DEBUG GameWorld            - Clearing game world
18:38:43.857 [JavaFX Application Thread] DEBUG PhysicsWorld         - Clearing physics world
18:38:43.858 [FXGL Background Thread 1 ] DEBUG GameApplication      - Initializing game
18:38:43.882 [FXGL Background Thread 1 ] DEBUG AssetLoaderService   - Loading from file system: /assets/levels/level0.tmx
18:38:44.135 [JavaFX Application Thread] DEBUG LoopRunner           - Stopping loop
18:38:44.136 [JavaFX Application Thread] FATAL GameApplication      - Uncaught Exception:

Fatal exception occurred: java.lang.RuntimeException : Initialization failed
E: com.almasb.fxgl.app.GameApplication$InitAppTask.failed(GameApplication.java:423)
E: javafx.concurrent.Task.setState(Task.java:710)
E: javafx.concurrent.Task$TaskCallable.lambda$call$2(Task.java:1455)
E: com.sun.javafx.application.PlatformImpl.lambda$runLater$10(PlatformImpl.java:428)
E: java.base/java.security.AccessController.doPrivileged(AccessController.java:391)
E: com.sun.javafx.application.PlatformImpl.lambda$runLater$11(PlatformImpl.java:427)
E: com.sun.glass.ui.InvokeLaterDispatcher$Future.run(InvokeLaterDispatcher.java:96)

18:38:44.136 [JavaFX Application Thread] FATAL GameApplication      - Application will now exit
18:38:44.142 [JavaFX Application Thread] DEBUG MainWindow           - Push state: ErrorSubScene
18:38:44.142 [JavaFX Application Thread] DEBUG Input                - Clearing active input actions
18:38:44.147 [JavaFX Application Thread] DEBUG WindowService        - Removing overlay from FXGLLoadingScene and adding to ErrorSubScene
18:38:44.169 [JavaFX Application Thread] DEBUG MainWindow           - FXGLLoadingScene -> ErrorSubScene
18:38:46.602 [FXGL Background Thread 2 ] DEBUG Engine               - Logging environment variables
18:38:46.603 [FXGL Background Thread 2 ] DEBUG Engine               - achievements: []
18:38:46.603 [FXGL Background Thread 2 ] DEBUG Engine               - appIcon: fxgl_icon.png
18:38:46.604 [FXGL Background Thread 2 ] DEBUG Engine               - applicationMode: DEVELOPER
18:38:46.604 [FXGL Background Thread 2 ] DEBUG Engine               - cSSList: [fxgl_dark.css]
18:38:46.604 [FXGL Background Thread 2 ] DEBUG Engine               - configClass: Optional.empty
18:38:46.605 [FXGL Background Thread 2 ] DEBUG Engine               - credits: []
18:38:46.606 [FXGL Background Thread 2 ] DEBUG Engine               - devBBoxColorProperty: ObjectProperty [value: 0xff0000ff]
18:38:46.606 [FXGL Background Thread 2 ] DEBUG Engine               - devSensorColorProperty: ObjectProperty [value: 0xffff00ff]
18:38:46.606 [FXGL Background Thread 2 ] DEBUG Engine               - devShowBBoxProperty: BooleanProperty [value: false]
18:38:46.606 [FXGL Background Thread 2 ] DEBUG Engine               - devShowPositionProperty: BooleanProperty [value: false]
18:38:46.607 [FXGL Background Thread 2 ] DEBUG Engine               - enabledMenuItems: []
18:38:46.607 [FXGL Background Thread 2 ] DEBUG Engine               - engineServices: [class com.almasb.fxgl.app.GameApplication$GameApplicationService, class com.almasb.fxgl.app.services.WindowService, class com.almasb.fxgl.app.services.FXGLDialogService, class com.almasb.fxgl.app.services.IOTaskExecutorService, class com.almasb.fxgl.event.EventBusService, class com.almasb.fxgl.io.FileSystemService, class com.almasb.fxgl.localization.LocalizationService, class com.almasb.fxgl.app.services.AssetLoaderService, class com.almasb.fxgl.app.services.SystemBundleService, class com.almasb.fxgl.profile.SaveLoadService, class com.almasb.fxgl.ui.FXGLUIFactoryServiceProvider, class com.almasb.fxgl.ui.FXGLDialogFactoryServiceProvider, class com.almasb.fxgl.audio.AudioPlayer, class com.almasb.fxgl.notification.impl.NotificationServiceProvider, class com.almasb.fxgl.achievement.AchievementService, class com.almasb.fxgl.cutscene.CutsceneService, class com.almasb.fxgl.minigames.MiniGameService, class com.almasb.fxgl.net.NetService, class com.almasb.fxgl.app.services.UpdaterService, class com.almasb.fxgl.dev.DevService, class com.almasb.fxgl.dev.profiling.ProfilerService]
18:38:46.607 [FXGL Background Thread 2 ] DEBUG Engine               - fontGame: Abel-Regular.ttf
18:38:46.607 [FXGL Background Thread 2 ] DEBUG Engine               - fontMono: lucida_console.ttf
18:38:46.608 [FXGL Background Thread 2 ] DEBUG Engine               - fontText: Courier-Prime.ttf
18:38:46.608 [FXGL Background Thread 2 ] DEBUG Engine               - fontUI: VarelaRound-Regular.ttf
18:38:46.608 [FXGL Background Thread 2 ] DEBUG Engine               - fullScreen: BooleanProperty [value: false]
18:38:46.608 [FXGL Background Thread 2 ] DEBUG Engine               - gameDifficulty: MEDIUM
18:38:46.609 [FXGL Background Thread 2 ] DEBUG Engine               - gameDifficultyProperty: ObjectProperty [value: MEDIUM]
18:38:46.609 [FXGL Background Thread 2 ] DEBUG Engine               - globalMusicVolume: 0.5
18:38:46.610 [FXGL Background Thread 2 ] DEBUG Engine               - globalMusicVolumeProperty: DoubleProperty [value: 0.5]
18:38:46.610 [FXGL Background Thread 2 ] DEBUG Engine               - globalSoundVolume: 0.5
18:38:46.610 [FXGL Background Thread 2 ] DEBUG Engine               - globalSoundVolumeProperty: DoubleProperty [value: 0.5]
18:38:46.610 [FXGL Background Thread 2 ] DEBUG Engine               - height: 2500
18:38:46.611 [FXGL Background Thread 2 ] DEBUG Engine               - isAndroid: false
18:38:46.611 [FXGL Background Thread 2 ] DEBUG Engine               - isBrowser: false
18:38:46.611 [FXGL Background Thread 2 ] DEBUG Engine               - isClickFeedbackEnabled: false
18:38:46.612 [FXGL Background Thread 2 ] DEBUG Engine               - isCloseConfirmation: false
18:38:46.612 [FXGL Background Thread 2 ] DEBUG Engine               - isDesktop: true
18:38:46.612 [FXGL Background Thread 2 ] DEBUG Engine               - isDeveloperMenuEnabled: true
18:38:46.613 [FXGL Background Thread 2 ] DEBUG Engine               - isExperimentalNative: false
18:38:46.613 [FXGL Background Thread 2 ] DEBUG Engine               - isExperimentalTiledLargeMap: false
18:38:46.614 [FXGL Background Thread 2 ] DEBUG Engine               - isFullScreenAllowed: false
18:38:46.614 [FXGL Background Thread 2 ] DEBUG Engine               - isFullScreenFromStart: false
18:38:46.614 [FXGL Background Thread 2 ] DEBUG Engine               - isGameMenuEnabled: true
18:38:46.614 [FXGL Background Thread 2 ] DEBUG Engine               - isIOS: false
18:38:46.615 [FXGL Background Thread 2 ] DEBUG Engine               - isIntroEnabled: false
18:38:46.615 [FXGL Background Thread 2 ] DEBUG Engine               - isLinux: false
18:38:46.615 [FXGL Background Thread 2 ] DEBUG Engine               - isMac: true
18:38:46.615 [FXGL Background Thread 2 ] DEBUG Engine               - isMainMenuEnabled: false
18:38:46.616 [FXGL Background Thread 2 ] DEBUG Engine               - isManualResizeEnabled: false
18:38:46.616 [FXGL Background Thread 2 ] DEBUG Engine               - isMobile: false
18:38:46.616 [FXGL Background Thread 2 ] DEBUG Engine               - isPreserveResizeRatio: false
18:38:46.616 [FXGL Background Thread 2 ] DEBUG Engine               - isProfilingEnabled: true
18:38:46.616 [FXGL Background Thread 2 ] DEBUG Engine               - isSingleStep: false
18:38:46.617 [FXGL Background Thread 2 ] DEBUG Engine               - isUserProfileEnabled: false
18:38:46.617 [FXGL Background Thread 2 ] DEBUG Engine               - isWindows: false
18:38:46.617 [FXGL Background Thread 2 ] DEBUG Engine               - language: ObjectProperty [value: ENGLISH]
18:38:46.617 [FXGL Background Thread 2 ] DEBUG Engine               - mainWindow: com.almasb.fxgl.app.MainWindow@36c0642b
18:38:46.618 [FXGL Background Thread 2 ] DEBUG Engine               - menuKey: ESCAPE
18:38:46.618 [FXGL Background Thread 2 ] DEBUG Engine               - notificationViewClass: class com.almasb.fxgl.notification.view.XboxNotificationView
18:38:46.618 [FXGL Background Thread 2 ] DEBUG Engine               - pixelsPerMeter: 50.0
18:38:46.619 [FXGL Background Thread 2 ] DEBUG Engine               - platform: MAC
18:38:46.619 [FXGL Background Thread 2 ] DEBUG Engine               - profileDir: profiles/
18:38:46.619 [FXGL Background Thread 2 ] DEBUG Engine               - profileName: StringProperty [value: DEFAULT]
18:38:46.619 [FXGL Background Thread 2 ] DEBUG Engine               - randomSeed: -1
18:38:46.619 [FXGL Background Thread 2 ] DEBUG Engine               - runtimeInfo: RuntimeInfo(platform=MAC, version=11.9, build=27.05.2020 17.31)
18:38:46.620 [FXGL Background Thread 2 ] DEBUG Engine               - saveFileExt: sav
18:38:46.620 [FXGL Background Thread 2 ] DEBUG Engine               - sceneFactory: com.almasb.fxgl.app.scene.SceneFactory@32ffe62b
18:38:46.620 [FXGL Background Thread 2 ] DEBUG Engine               - secondsIn24h: 60
18:38:46.620 [FXGL Background Thread 2 ] DEBUG Engine               - settings: Title:   Basic Game App  
Version: 0.1
Width: 3750
Height: 2500
Fullscreen: false
Intro: false
Profiling: true
Single step:false
App Mode: DEVELOPER
Menu Key: ESCAPE
Stage Style: DECORATED
Scene Factory: class com.almasb.fxgl.app.scene.SceneFactory

18:38:46.621 [FXGL Background Thread 2 ] DEBUG Engine               - soundMenuBack: menu/back.wav
18:38:46.621 [FXGL Background Thread 2 ] DEBUG Engine               - soundMenuPress: menu/press.wav
18:38:46.622 [FXGL Background Thread 2 ] DEBUG Engine               - soundMenuSelect: menu/select.wav
18:38:46.622 [FXGL Background Thread 2 ] DEBUG Engine               - soundNotification: core/notification.wav
18:38:46.622 [FXGL Background Thread 2 ] DEBUG Engine               - stageStyle: DECORATED
18:38:46.622 [FXGL Background Thread 2 ] DEBUG Engine               - supportedLanguages: [ENGLISH, FRENCH, GERMAN, HUNGARIAN, RUSSIAN]
18:38:46.622 [FXGL Background Thread 2 ] DEBUG Engine               - title:   Basic Game App  
18:38:46.623 [FXGL Background Thread 2 ] DEBUG Engine               - urlGithub: https://github.com/AlmasB/FXGL
18:38:46.623 [FXGL Background Thread 2 ] DEBUG Engine               - urlLeaderboard: http://fxgl-top.herokuapp.com/
18:38:46.623 [FXGL Background Thread 2 ] DEBUG Engine               - urlPOM: https://raw.githubusercontent.com/AlmasB/FXGL/master/pom.xml
18:38:46.623 [FXGL Background Thread 2 ] DEBUG Engine               - version: 0.1
18:38:46.623 [FXGL Background Thread 2 ] DEBUG Engine               - versionCheckDays: 7
18:38:46.624 [FXGL Background Thread 2 ] DEBUG Engine               - width: 3750
18:38:46.624 [FXGL Background Thread 2 ] DEBUG Engine               - Logging services
18:38:46.624 [FXGL Background Thread 2 ] DEBUG Engine               - class com.almasb.fxgl.app.GameApplication$GameApplicationService
18:38:46.624 [FXGL Background Thread 2 ] DEBUG Engine               - class com.almasb.fxgl.app.services.WindowService
18:38:46.624 [FXGL Background Thread 2 ] DEBUG Engine               - class com.almasb.fxgl.app.services.FXGLDialogService
18:38:46.624 [FXGL Background Thread 2 ] DEBUG Engine               - class com.almasb.fxgl.app.services.IOTaskExecutorService
18:38:46.625 [FXGL Background Thread 2 ] DEBUG Engine               - class com.almasb.fxgl.event.EventBusService
18:38:46.625 [FXGL Background Thread 2 ] DEBUG Engine               - class com.almasb.fxgl.io.FileSystemService
18:38:46.625 [FXGL Background Thread 2 ] DEBUG Engine               - class com.almasb.fxgl.localization.LocalizationService
18:38:46.625 [FXGL Background Thread 2 ] DEBUG Engine               - class com.almasb.fxgl.app.services.AssetLoaderService
18:38:46.626 [FXGL Background Thread 2 ] DEBUG Engine               - class com.almasb.fxgl.app.services.SystemBundleService
18:38:46.626 [FXGL Background Thread 2 ] DEBUG Engine               - class com.almasb.fxgl.profile.SaveLoadService
18:38:46.626 [FXGL Background Thread 2 ] DEBUG Engine               - class com.almasb.fxgl.ui.FXGLUIFactoryServiceProvider
18:38:46.627 [FXGL Background Thread 2 ] DEBUG Engine               - class com.almasb.fxgl.ui.FXGLDialogFactoryServiceProvider
18:38:46.627 [FXGL Background Thread 2 ] DEBUG Engine               - class com.almasb.fxgl.audio.AudioPlayer
18:38:46.627 [FXGL Background Thread 2 ] DEBUG Engine               - class com.almasb.fxgl.notification.impl.NotificationServiceProvider
18:38:46.627 [FXGL Background Thread 2 ] DEBUG Engine               - class com.almasb.fxgl.achievement.AchievementService
18:38:46.627 [FXGL Background Thread 2 ] DEBUG Engine               - class com.almasb.fxgl.cutscene.CutsceneService
18:38:46.627 [FXGL Background Thread 2 ] DEBUG Engine               - class com.almasb.fxgl.minigames.MiniGameService
18:38:46.628 [FXGL Background Thread 2 ] DEBUG Engine               - class com.almasb.fxgl.net.NetService
18:38:46.628 [FXGL Background Thread 2 ] DEBUG Engine               - class com.almasb.fxgl.app.services.UpdaterService
18:38:46.628 [FXGL Background Thread 2 ] DEBUG Engine               - class com.almasb.fxgl.dev.DevService
18:38:46.628 [FXGL Background Thread 2 ] DEBUG Engine               - class com.almasb.fxgl.dev.profiling.ProfilerService
18:39:05.183 [JavaFX Application Thread] DEBUG GameApplication      - Exiting FXGL
18:39:05.184 [JavaFX Application Thread] DEBUG GameApplication      - Shutting down background threads
18:39:05.185 [JavaFX Application Thread] DEBUG GameApplication      - Closing logger and exiting JavaFX
