18:56:30.166 [main                     ] DEBUG GameApplication      - Logger initialized
18:56:30.185 [main                     ] DEBUG GameApplication      - Logging settings
Title:   Basic Game App  
Version: 0.1
Width: 2500
Height: 1250
Fullscreen: false
Intro: false
Profiling: true
Single step:false
App Mode: DEVELOPER
Menu Key: ESCAPE
Stage Style: DECORATED
Scene Factory: class com.almasb.fxgl.app.scene.SceneFactory

18:56:30.838 [JavaFX Application Thread] DEBUG GameApplication      - Initializing FXGL
18:56:30.857 [JavaFX Application Thread] INFO  Engine               - FXGL-11.9 (27.05.2020 17.31) on MAC (J:14.0.1 FX:13.0.2)
18:56:30.858 [JavaFX Application Thread] DEBUG Engine               - JRE Vendor Name: Oracle Corporation
18:56:30.858 [JavaFX Application Thread] DEBUG Engine               - Running on OS: Mac OS X version 10.15.5
18:56:30.858 [JavaFX Application Thread] DEBUG Engine               - Architecture: x86_64
18:56:30.859 [JavaFX Application Thread] INFO  Engine               - Source code and latest versions at: https://github.com/AlmasB/FXGL
18:56:30.859 [JavaFX Application Thread] INFO  Engine               -              Join the FXGL chat at: https://gitter.im/AlmasB/FXGL
18:56:31.058 [JavaFX Application Thread] DEBUG MainWindow           - Creating a JavaFX scene
18:56:31.058 [JavaFX Application Thread] DEBUG MainWindow           - Target size > screen size
18:56:31.123 [JavaFX Application Thread] DEBUG MainWindow           - Target settings size: 2500.0 x 1250.0
18:56:31.124 [JavaFX Application Thread] DEBUG MainWindow           - Scaled scene size:    1895.0 x 960.0
18:56:31.124 [JavaFX Application Thread] DEBUG MainWindow           - Scaled ratio: (0.758, 0.768)
18:56:31.126 [JavaFX Application Thread] DEBUG MainWindow           - Set initial scene to FXGLStartupScene
18:56:31.135 [JavaFX Application Thread] DEBUG MainWindow           - Opening main window
18:56:31.321 [JavaFX Application Thread] DEBUG MainWindow           - Window border size: (0.0, 22.0)
18:56:31.321 [JavaFX Application Thread] DEBUG MainWindow           - Scaled size: 1895.0 x 960.0
18:56:31.321 [JavaFX Application Thread] DEBUG MainWindow           - Scaled ratio: (0.758, 0.768)
18:56:31.322 [JavaFX Application Thread] DEBUG MainWindow           - Scene size: 1895.0 x 960.0
18:56:31.322 [JavaFX Application Thread] DEBUG MainWindow           - Stage size: 1895.0 x 982.0
18:56:31.332 [FXGL Background Thread 1 ] DEBUG Engine               - Initializing environment variables
18:56:31.399 [FXGL Background Thread 1 ] DEBUG WindowService        - Applying CSS: fxgl_dark.css
18:56:31.400 [FXGL Background Thread 1 ] DEBUG AssetLoaderService   - Loading from file system: /assets/ui/css/fxgl_dark.css
18:56:31.496 [FXGL Background Thread 1 ] DEBUG WindowService        - Initializing application scenes
18:56:31.778 [FXGL Background Thread 1 ] DEBUG GameWorld            - Game world initialized
18:56:31.828 [FXGL Background Thread 1 ] DEBUG PhysicsWorld         - Physics world initialized: appHeight=1250, physics.ppm=50,0
18:56:31.831 [FXGL Background Thread 1 ] DEBUG GameScene            - Game scene initialized: 2500x1250
18:56:31.870 [FXGL Background Thread 1 ] DEBUG AssetLoaderService   - Loading from file system: /assets/textures/particles/trace_horizontal.png
18:56:31.941 [FXGL Background Thread 1 ] DEBUG FXGL.DefaultMenu     - createMenuBodyGameMenu()
18:56:31.963 [FXGL Background Thread 1 ] DEBUG FXGL.DefaultMenu     - createOptionsMenu()
18:56:31.971 [FXGL Background Thread 1 ] DEBUG AssetLoaderService   - Loading from file system: /assets/textures/particles/smoke.png
18:56:32.042 [FXGL Background Thread 1 ] DEBUG WindowService        - Application scenes initialized
18:56:32.054 [FXGL Background Thread 1 ] DEBUG SystemBundleService  - Loading FXGL system data
18:56:32.059 [FXGL Background Thread 1 ] DEBUG FileSystemAccess     - Reading from: /Users/universita/Desktop/ProgettoJava/traffic-scut-sac/JavaTraffic/system/fxgl.bundle
18:56:32.068 [FXGL Background Thread 1 ] DEBUG SystemBundleService  - Bundle FXGL: {}
18:56:32.101 [FXGL Background Thread 1 ] INFO  Engine               - FXGL initialization took: 0,765 sec
18:56:32.103 [FXGL Background Thread 1 ] DEBUG GameApplication      - Loading localizations
18:56:32.103 [FXGL Background Thread 1 ] DEBUG AssetLoaderService   - Loading from file system: /assets/languages/english.lang
18:56:32.134 [FXGL Background Thread 1 ] DEBUG AssetLoaderService   - Loading from file system: /assets/languages/french.lang
18:56:32.137 [FXGL Background Thread 1 ] DEBUG AssetLoaderService   - Loading from file system: /assets/languages/german.lang
18:56:32.139 [FXGL Background Thread 1 ] DEBUG AssetLoaderService   - Loading from file system: /assets/languages/hungarian.lang
18:56:32.142 [FXGL Background Thread 1 ] DEBUG AssetLoaderService   - Loading from file system: /assets/languages/russian.lang
18:56:32.145 [FXGL Background Thread 1 ] DEBUG GameApplication      - Registering font factories with UI factory
18:56:32.145 [FXGL Background Thread 1 ] DEBUG AssetLoaderService   - Loading from file system: /assets/ui/fonts/VarelaRound-Regular.ttf
18:56:32.165 [FXGL Background Thread 1 ] DEBUG AssetLoaderService   - Loading from file system: /assets/ui/fonts/Abel-Regular.ttf
18:56:32.168 [FXGL Background Thread 1 ] DEBUG AssetLoaderService   - Loading from file system: /assets/ui/fonts/lucida_console.ttf
18:56:32.184 [FXGL Background Thread 1 ] DEBUG AssetLoaderService   - Loading from file system: /assets/ui/fonts/Courier-Prime.ttf
18:56:32.226 [JavaFX Application Thread] DEBUG Input                - Registered new binding: Move Right - D
18:56:32.226 [JavaFX Application Thread] DEBUG Input                - Registered new binding: Move Left - A
18:56:32.226 [JavaFX Application Thread] DEBUG Input                - Registered new binding: Move Up - W
18:56:32.227 [JavaFX Application Thread] DEBUG Input                - Registered new binding: Move Down - S
18:56:32.227 [JavaFX Application Thread] DEBUG AssetLoaderService   - Loading from file system: /assets/textures/fxgl_icon.png
18:56:32.272 [JavaFX Application Thread] DEBUG AssetLoaderService   - Loading from file system: /assets/ui/cursors/fxgl_default.png
18:56:32.275 [JavaFX Application Thread] DEBUG Input                - Registered new binding: Screenshot - P
18:56:32.275 [JavaFX Application Thread] DEBUG Input                - Registered new binding: Dev Options - 1
18:56:32.276 [JavaFX Application Thread] DEBUG Input                - Registered new binding: Dev Console - 2
18:56:32.277 [JavaFX Application Thread] DEBUG Input                - Registered new binding: System info dump - CTRL+9
18:56:32.277 [JavaFX Application Thread] DEBUG Input                - Registered new binding: Restart - CTRL+R
18:56:32.279 [JavaFX Application Thread] DEBUG LoopRunner           - Starting loop
18:56:32.315 [JavaFX Application Thread] DEBUG FXGLStartupScene     - STARTUP
18:56:32.316 [JavaFX Application Thread] DEBUG WindowService        - Starting new game
18:56:32.316 [JavaFX Application Thread] DEBUG Input                - Clearing active input actions
18:56:32.333 [JavaFX Application Thread] DEBUG WindowService        - Removing overlay from FXGLStartupScene and adding to FXGLLoadingScene
18:56:32.339 [JavaFX Application Thread] DEBUG MainWindow           - FXGLStartupScene -> FXGLLoadingScene
18:56:32.339 [JavaFX Application Thread] DEBUG WindowService        - Clearing previous game
18:56:32.364 [JavaFX Application Thread] DEBUG GameScene            - Clearing game scene
18:56:32.365 [JavaFX Application Thread] DEBUG GameWorld            - Clearing game world
18:56:32.365 [JavaFX Application Thread] DEBUG PhysicsWorld         - Clearing physics world
18:56:32.369 [FXGL Background Thread 1 ] DEBUG GameApplication      - Initializing game
18:56:32.381 [FXGL Background Thread 1 ] DEBUG AssetLoaderService   - Loading from file system: /assets/levels/level0.tmx
18:56:32.435 [FXGL Background Thread 1 ] WARN  TMXLevelLoader       - TiledMap generated from 1.4.1. Supported version: 1.2.3. Some features may not be parsed fully.
18:56:32.442 [FXGL Background Thread 1 ] DEBUG TMXLevelLoader       - Parsed raw map: TiledMap(width=10, height=5, tilewidth=250, tileheight=250, orientation=orthogonal, layers=[Layer(width=10, height=5, name=Tile Layer 1, type=tilelayer, visible=false, x=0, y=0, data=[24, 5, 42, 37, 37, 37, 37, 42, 5, 24, 24, 2, 6, 6, 6, 6, 6, 6, 4, 24, 40, 5, 10, 10, 10, 39, 10, 10, 5, 24, 24, 2, 6, 6, 6, 6, 6, 6, 1, 6, 24, 5, 24, 24, 24, 24, 24, 24, 24, 24], objects=[], opacity=0.0, draworder=)], tilesets=[Tileset(firstgid=1, image=../textures/tiles_sheet.png, name=traffic_tiles, tilewidth=250, tileheight=250, imagewidth=1750, imageheight=1500, margin=0, spacing=0, columns=7, tilecount=42, transparentcolor=41ffef, tiles=[])], backgroundcolor=, renderorder=right-down, nextobjectid=1, version=1, tiledversion=1.4.1, type=map, infinite=false, properties={}, propertytypes={})
18:56:32.443 [FXGL Background Thread 1 ] DEBUG TMXLevelLoader       - Creating tile layer entities
18:56:32.444 [FXGL Background Thread 1 ] DEBUG TilesetLoader        - Loading view for layer Tile Layer 1
18:56:32.454 [FXGL Background Thread 1 ] DEBUG TilesetLoader        - Created buffer with size 2500.0x1250.0
18:56:33.614 [FXGL Background Thread 1 ] DEBUG TilesetLoader        - Writing to buffer: dst=0,0, w=250,h=250, src=500,750
18:56:33.615 [FXGL Background Thread 1 ] DEBUG TilesetLoader        - Writing to buffer: dst=250,0, w=250,h=250, src=1000,0
18:56:33.616 [FXGL Background Thread 1 ] DEBUG TilesetLoader        - Writing to buffer: dst=500,0, w=250,h=250, src=1500,1250
18:56:33.616 [FXGL Background Thread 1 ] DEBUG TilesetLoader        - Writing to buffer: dst=750,0, w=250,h=250, src=250,1250
18:56:33.617 [FXGL Background Thread 1 ] DEBUG TilesetLoader        - Writing to buffer: dst=1000,0, w=250,h=250, src=250,1250
18:56:33.617 [FXGL Background Thread 1 ] DEBUG TilesetLoader        - Writing to buffer: dst=1250,0, w=250,h=250, src=250,1250
18:56:33.617 [FXGL Background Thread 1 ] DEBUG TilesetLoader        - Writing to buffer: dst=1500,0, w=250,h=250, src=250,1250
18:56:33.617 [FXGL Background Thread 1 ] DEBUG TilesetLoader        - Writing to buffer: dst=1750,0, w=250,h=250, src=1500,1250
18:56:33.618 [FXGL Background Thread 1 ] DEBUG TilesetLoader        - Writing to buffer: dst=2000,0, w=250,h=250, src=1000,0
18:56:33.618 [FXGL Background Thread 1 ] DEBUG TilesetLoader        - Writing to buffer: dst=2250,0, w=250,h=250, src=500,750
18:56:33.619 [FXGL Background Thread 1 ] DEBUG TilesetLoader        - Writing to buffer: dst=0,250, w=250,h=250, src=500,750
18:56:33.619 [FXGL Background Thread 1 ] DEBUG TilesetLoader        - Writing to buffer: dst=250,250, w=250,h=250, src=250,0
18:56:33.619 [FXGL Background Thread 1 ] DEBUG TilesetLoader        - Writing to buffer: dst=500,250, w=250,h=250, src=1250,0
18:56:33.620 [FXGL Background Thread 1 ] DEBUG TilesetLoader        - Writing to buffer: dst=750,250, w=250,h=250, src=1250,0
18:56:33.620 [FXGL Background Thread 1 ] DEBUG TilesetLoader        - Writing to buffer: dst=1000,250, w=250,h=250, src=1250,0
18:56:33.621 [FXGL Background Thread 1 ] DEBUG TilesetLoader        - Writing to buffer: dst=1250,250, w=250,h=250, src=1250,0
18:56:33.621 [FXGL Background Thread 1 ] DEBUG TilesetLoader        - Writing to buffer: dst=1500,250, w=250,h=250, src=1250,0
18:56:33.621 [FXGL Background Thread 1 ] DEBUG TilesetLoader        - Writing to buffer: dst=1750,250, w=250,h=250, src=1250,0
18:56:33.625 [FXGL Background Thread 1 ] DEBUG TilesetLoader        - Writing to buffer: dst=2000,250, w=250,h=250, src=750,0
18:56:33.627 [FXGL Background Thread 1 ] DEBUG TilesetLoader        - Writing to buffer: dst=2250,250, w=250,h=250, src=500,750
18:56:33.627 [FXGL Background Thread 1 ] DEBUG TilesetLoader        - Writing to buffer: dst=0,500, w=250,h=250, src=1000,1250
18:56:33.628 [FXGL Background Thread 1 ] DEBUG TilesetLoader        - Writing to buffer: dst=250,500, w=250,h=250, src=1000,0
18:56:33.629 [FXGL Background Thread 1 ] DEBUG TilesetLoader        - Writing to buffer: dst=500,500, w=250,h=250, src=500,250
18:56:33.630 [FXGL Background Thread 1 ] DEBUG TilesetLoader        - Writing to buffer: dst=750,500, w=250,h=250, src=500,250
18:56:33.630 [FXGL Background Thread 1 ] DEBUG TilesetLoader        - Writing to buffer: dst=1000,500, w=250,h=250, src=500,250
18:56:33.630 [FXGL Background Thread 1 ] DEBUG TilesetLoader        - Writing to buffer: dst=1250,500, w=250,h=250, src=750,1250
18:56:33.631 [FXGL Background Thread 1 ] DEBUG TilesetLoader        - Writing to buffer: dst=1500,500, w=250,h=250, src=500,250
18:56:33.631 [FXGL Background Thread 1 ] DEBUG TilesetLoader        - Writing to buffer: dst=1750,500, w=250,h=250, src=500,250
18:56:33.631 [FXGL Background Thread 1 ] DEBUG TilesetLoader        - Writing to buffer: dst=2000,500, w=250,h=250, src=1000,0
18:56:33.632 [FXGL Background Thread 1 ] DEBUG TilesetLoader        - Writing to buffer: dst=2250,500, w=250,h=250, src=500,750
18:56:33.632 [FXGL Background Thread 1 ] DEBUG TilesetLoader        - Writing to buffer: dst=0,750, w=250,h=250, src=500,750
18:56:33.632 [FXGL Background Thread 1 ] DEBUG TilesetLoader        - Writing to buffer: dst=250,750, w=250,h=250, src=250,0
18:56:33.633 [FXGL Background Thread 1 ] DEBUG TilesetLoader        - Writing to buffer: dst=500,750, w=250,h=250, src=1250,0
18:56:33.633 [FXGL Background Thread 1 ] DEBUG TilesetLoader        - Writing to buffer: dst=750,750, w=250,h=250, src=1250,0
18:56:33.634 [FXGL Background Thread 1 ] DEBUG TilesetLoader        - Writing to buffer: dst=1000,750, w=250,h=250, src=1250,0
18:56:33.634 [FXGL Background Thread 1 ] DEBUG TilesetLoader        - Writing to buffer: dst=1250,750, w=250,h=250, src=1250,0
18:56:33.634 [FXGL Background Thread 1 ] DEBUG TilesetLoader        - Writing to buffer: dst=1500,750, w=250,h=250, src=1250,0
18:56:33.634 [FXGL Background Thread 1 ] DEBUG TilesetLoader        - Writing to buffer: dst=1750,750, w=250,h=250, src=1250,0
18:56:33.635 [FXGL Background Thread 1 ] DEBUG TilesetLoader        - Writing to buffer: dst=2000,750, w=250,h=250, src=0,0
18:56:33.638 [FXGL Background Thread 1 ] DEBUG TilesetLoader        - Writing to buffer: dst=2250,750, w=250,h=250, src=1250,0
18:56:33.638 [FXGL Background Thread 1 ] DEBUG TilesetLoader        - Writing to buffer: dst=0,1000, w=250,h=250, src=500,750
18:56:33.638 [FXGL Background Thread 1 ] DEBUG TilesetLoader        - Writing to buffer: dst=250,1000, w=250,h=250, src=1000,0
18:56:33.639 [FXGL Background Thread 1 ] DEBUG TilesetLoader        - Writing to buffer: dst=500,1000, w=250,h=250, src=500,750
18:56:33.639 [FXGL Background Thread 1 ] DEBUG TilesetLoader        - Writing to buffer: dst=750,1000, w=250,h=250, src=500,750
18:56:33.639 [FXGL Background Thread 1 ] DEBUG TilesetLoader        - Writing to buffer: dst=1000,1000, w=250,h=250, src=500,750
18:56:33.640 [FXGL Background Thread 1 ] DEBUG TilesetLoader        - Writing to buffer: dst=1250,1000, w=250,h=250, src=500,750
18:56:33.640 [FXGL Background Thread 1 ] DEBUG TilesetLoader        - Writing to buffer: dst=1500,1000, w=250,h=250, src=500,750
18:56:33.640 [FXGL Background Thread 1 ] DEBUG TilesetLoader        - Writing to buffer: dst=1750,1000, w=250,h=250, src=500,750
18:56:33.641 [FXGL Background Thread 1 ] DEBUG TilesetLoader        - Writing to buffer: dst=2000,1000, w=250,h=250, src=500,750
18:56:33.642 [FXGL Background Thread 1 ] DEBUG TilesetLoader        - Writing to buffer: dst=2250,1000, w=250,h=250, src=500,750
18:56:33.643 [FXGL Background Thread 1 ] DEBUG TMXLevelLoader       - Creating object layer entities
18:56:33.644 [FXGL Background Thread 1 ] DEBUG GameWorld            - Clearing removable entities
18:56:33.645 [FXGL Background Thread 1 ] DEBUG GameWorld            - Setting level: com.almasb.fxgl.entity.level.Level@6ae2f16a
18:56:33.654 [FXGL Background Thread 1 ] INFO  GameApplication      - Game initialization took: 1,285 sec
18:56:33.661 [JavaFX Application Thread] DEBUG Input                - Clearing active input actions
18:56:33.674 [JavaFX Application Thread] DEBUG WindowService        - Removing overlay from FXGLLoadingScene and adding to GameScene
18:56:33.696 [JavaFX Application Thread] DEBUG MainWindow           - FXGLLoadingScene -> GameScene
18:56:35.104 [FXGL Background Thread 2 ] DEBUG Engine               - Logging environment variables
18:56:35.105 [FXGL Background Thread 2 ] DEBUG Engine               - achievements: []
18:56:35.105 [FXGL Background Thread 2 ] DEBUG Engine               - appIcon: fxgl_icon.png
18:56:35.105 [FXGL Background Thread 2 ] DEBUG Engine               - applicationMode: DEVELOPER
18:56:35.105 [FXGL Background Thread 2 ] DEBUG Engine               - cSSList: [fxgl_dark.css]
18:56:35.106 [FXGL Background Thread 2 ] DEBUG Engine               - configClass: Optional.empty
18:56:35.106 [FXGL Background Thread 2 ] DEBUG Engine               - credits: []
18:56:35.106 [FXGL Background Thread 2 ] DEBUG Engine               - devBBoxColorProperty: ObjectProperty [value: 0xff0000ff]
18:56:35.106 [FXGL Background Thread 2 ] DEBUG Engine               - devSensorColorProperty: ObjectProperty [value: 0xffff00ff]
18:56:35.106 [FXGL Background Thread 2 ] DEBUG Engine               - devShowBBoxProperty: BooleanProperty [value: false]
18:56:35.107 [FXGL Background Thread 2 ] DEBUG Engine               - devShowPositionProperty: BooleanProperty [value: false]
18:56:35.107 [FXGL Background Thread 2 ] DEBUG Engine               - enabledMenuItems: []
18:56:35.107 [FXGL Background Thread 2 ] DEBUG Engine               - engineServices: [class com.almasb.fxgl.app.GameApplication$GameApplicationService, class com.almasb.fxgl.app.services.WindowService, class com.almasb.fxgl.app.services.FXGLDialogService, class com.almasb.fxgl.app.services.IOTaskExecutorService, class com.almasb.fxgl.event.EventBusService, class com.almasb.fxgl.io.FileSystemService, class com.almasb.fxgl.localization.LocalizationService, class com.almasb.fxgl.app.services.AssetLoaderService, class com.almasb.fxgl.app.services.SystemBundleService, class com.almasb.fxgl.profile.SaveLoadService, class com.almasb.fxgl.ui.FXGLUIFactoryServiceProvider, class com.almasb.fxgl.ui.FXGLDialogFactoryServiceProvider, class com.almasb.fxgl.audio.AudioPlayer, class com.almasb.fxgl.notification.impl.NotificationServiceProvider, class com.almasb.fxgl.achievement.AchievementService, class com.almasb.fxgl.cutscene.CutsceneService, class com.almasb.fxgl.minigames.MiniGameService, class com.almasb.fxgl.net.NetService, class com.almasb.fxgl.app.services.UpdaterService, class com.almasb.fxgl.dev.DevService, class com.almasb.fxgl.dev.profiling.ProfilerService]
18:56:35.107 [FXGL Background Thread 2 ] DEBUG Engine               - fontGame: Abel-Regular.ttf
18:56:35.107 [FXGL Background Thread 2 ] DEBUG Engine               - fontMono: lucida_console.ttf
18:56:35.107 [FXGL Background Thread 2 ] DEBUG Engine               - fontText: Courier-Prime.ttf
18:56:35.108 [FXGL Background Thread 2 ] DEBUG Engine               - fontUI: VarelaRound-Regular.ttf
18:56:35.108 [FXGL Background Thread 2 ] DEBUG Engine               - fullScreen: BooleanProperty [value: false]
18:56:35.108 [FXGL Background Thread 2 ] DEBUG Engine               - gameDifficulty: MEDIUM
18:56:35.108 [FXGL Background Thread 2 ] DEBUG Engine               - gameDifficultyProperty: ObjectProperty [value: MEDIUM]
18:56:35.108 [FXGL Background Thread 2 ] DEBUG Engine               - globalMusicVolume: 0.5
18:56:35.108 [FXGL Background Thread 2 ] DEBUG Engine               - globalMusicVolumeProperty: DoubleProperty [value: 0.5]
18:56:35.109 [FXGL Background Thread 2 ] DEBUG Engine               - globalSoundVolume: 0.5
18:56:35.109 [FXGL Background Thread 2 ] DEBUG Engine               - globalSoundVolumeProperty: DoubleProperty [value: 0.5]
18:56:35.109 [FXGL Background Thread 2 ] DEBUG Engine               - height: 1250
18:56:35.109 [FXGL Background Thread 2 ] DEBUG Engine               - isAndroid: false
18:56:35.109 [FXGL Background Thread 2 ] DEBUG Engine               - isBrowser: false
18:56:35.109 [FXGL Background Thread 2 ] DEBUG Engine               - isClickFeedbackEnabled: false
18:56:35.109 [FXGL Background Thread 2 ] DEBUG Engine               - isCloseConfirmation: false
18:56:35.110 [FXGL Background Thread 2 ] DEBUG Engine               - isDesktop: true
18:56:35.110 [FXGL Background Thread 2 ] DEBUG Engine               - isDeveloperMenuEnabled: true
18:56:35.110 [FXGL Background Thread 2 ] DEBUG Engine               - isExperimentalNative: false
18:56:35.110 [FXGL Background Thread 2 ] DEBUG Engine               - isExperimentalTiledLargeMap: false
18:56:35.110 [FXGL Background Thread 2 ] DEBUG Engine               - isFullScreenAllowed: false
18:56:35.110 [FXGL Background Thread 2 ] DEBUG Engine               - isFullScreenFromStart: false
18:56:35.111 [FXGL Background Thread 2 ] DEBUG Engine               - isGameMenuEnabled: true
18:56:35.111 [FXGL Background Thread 2 ] DEBUG Engine               - isIOS: false
18:56:35.111 [FXGL Background Thread 2 ] DEBUG Engine               - isIntroEnabled: false
18:56:35.111 [FXGL Background Thread 2 ] DEBUG Engine               - isLinux: false
18:56:35.111 [FXGL Background Thread 2 ] DEBUG Engine               - isMac: true
18:56:35.112 [FXGL Background Thread 2 ] DEBUG Engine               - isMainMenuEnabled: false
18:56:35.112 [FXGL Background Thread 2 ] DEBUG Engine               - isManualResizeEnabled: false
18:56:35.112 [FXGL Background Thread 2 ] DEBUG Engine               - isMobile: false
18:56:35.112 [FXGL Background Thread 2 ] DEBUG Engine               - isPreserveResizeRatio: false
18:56:35.112 [FXGL Background Thread 2 ] DEBUG Engine               - isProfilingEnabled: true
18:56:35.112 [FXGL Background Thread 2 ] DEBUG Engine               - isSingleStep: false
18:56:35.112 [FXGL Background Thread 2 ] DEBUG Engine               - isUserProfileEnabled: false
18:56:35.112 [FXGL Background Thread 2 ] DEBUG Engine               - isWindows: false
18:56:35.113 [FXGL Background Thread 2 ] DEBUG Engine               - language: ObjectProperty [value: ENGLISH]
18:56:35.113 [FXGL Background Thread 2 ] DEBUG Engine               - mainWindow: com.almasb.fxgl.app.MainWindow@1077c67b
18:56:35.113 [FXGL Background Thread 2 ] DEBUG Engine               - menuKey: ESCAPE
18:56:35.113 [FXGL Background Thread 2 ] DEBUG Engine               - notificationViewClass: class com.almasb.fxgl.notification.view.XboxNotificationView
18:56:35.113 [FXGL Background Thread 2 ] DEBUG Engine               - pixelsPerMeter: 50.0
18:56:35.113 [FXGL Background Thread 2 ] DEBUG Engine               - platform: MAC
18:56:35.113 [FXGL Background Thread 2 ] DEBUG Engine               - profileDir: profiles/
18:56:35.113 [FXGL Background Thread 2 ] DEBUG Engine               - profileName: StringProperty [value: DEFAULT]
18:56:35.114 [FXGL Background Thread 2 ] DEBUG Engine               - randomSeed: -1
18:56:35.114 [FXGL Background Thread 2 ] DEBUG Engine               - runtimeInfo: RuntimeInfo(platform=MAC, version=11.9, build=27.05.2020 17.31)
18:56:35.114 [FXGL Background Thread 2 ] DEBUG Engine               - saveFileExt: sav
18:56:35.114 [FXGL Background Thread 2 ] DEBUG Engine               - sceneFactory: com.almasb.fxgl.app.scene.SceneFactory@144840ad
18:56:35.114 [FXGL Background Thread 2 ] DEBUG Engine               - secondsIn24h: 60
18:56:35.114 [FXGL Background Thread 2 ] DEBUG Engine               - settings: Title:   Basic Game App  
Version: 0.1
Width: 2500
Height: 1250
Fullscreen: false
Intro: false
Profiling: true
Single step:false
App Mode: DEVELOPER
Menu Key: ESCAPE
Stage Style: DECORATED
Scene Factory: class com.almasb.fxgl.app.scene.SceneFactory

18:56:35.115 [FXGL Background Thread 2 ] DEBUG Engine               - soundMenuBack: menu/back.wav
18:56:35.115 [FXGL Background Thread 2 ] DEBUG Engine               - soundMenuPress: menu/press.wav
18:56:35.115 [FXGL Background Thread 2 ] DEBUG Engine               - soundMenuSelect: menu/select.wav
18:56:35.115 [FXGL Background Thread 2 ] DEBUG Engine               - soundNotification: core/notification.wav
18:56:35.116 [FXGL Background Thread 2 ] DEBUG Engine               - stageStyle: DECORATED
18:56:35.116 [FXGL Background Thread 2 ] DEBUG Engine               - supportedLanguages: [ENGLISH, FRENCH, GERMAN, HUNGARIAN, RUSSIAN]
18:56:35.116 [FXGL Background Thread 2 ] DEBUG Engine               - title:   Basic Game App  
18:56:35.116 [FXGL Background Thread 2 ] DEBUG Engine               - urlGithub: https://github.com/AlmasB/FXGL
18:56:35.116 [FXGL Background Thread 2 ] DEBUG Engine               - urlLeaderboard: http://fxgl-top.herokuapp.com/
18:56:35.116 [FXGL Background Thread 2 ] DEBUG Engine               - urlPOM: https://raw.githubusercontent.com/AlmasB/FXGL/master/pom.xml
18:56:35.116 [FXGL Background Thread 2 ] DEBUG Engine               - version: 0.1
18:56:35.117 [FXGL Background Thread 2 ] DEBUG Engine               - versionCheckDays: 7
18:56:35.117 [FXGL Background Thread 2 ] DEBUG Engine               - width: 2500
18:56:35.117 [FXGL Background Thread 2 ] DEBUG Engine               - Logging services
18:56:35.117 [FXGL Background Thread 2 ] DEBUG Engine               - class com.almasb.fxgl.app.GameApplication$GameApplicationService
18:56:35.117 [FXGL Background Thread 2 ] DEBUG Engine               - class com.almasb.fxgl.app.services.WindowService
18:56:35.117 [FXGL Background Thread 2 ] DEBUG Engine               - class com.almasb.fxgl.app.services.FXGLDialogService
18:56:35.118 [FXGL Background Thread 2 ] DEBUG Engine               - class com.almasb.fxgl.app.services.IOTaskExecutorService
18:56:35.118 [FXGL Background Thread 2 ] DEBUG Engine               - class com.almasb.fxgl.event.EventBusService
18:56:35.118 [FXGL Background Thread 2 ] DEBUG Engine               - class com.almasb.fxgl.io.FileSystemService
18:56:35.118 [FXGL Background Thread 2 ] DEBUG Engine               - class com.almasb.fxgl.localization.LocalizationService
18:56:35.119 [FXGL Background Thread 2 ] DEBUG Engine               - class com.almasb.fxgl.app.services.AssetLoaderService
18:56:35.119 [FXGL Background Thread 2 ] DEBUG Engine               - class com.almasb.fxgl.app.services.SystemBundleService
18:56:35.119 [FXGL Background Thread 2 ] DEBUG Engine               - class com.almasb.fxgl.profile.SaveLoadService
18:56:35.119 [FXGL Background Thread 2 ] DEBUG Engine               - class com.almasb.fxgl.ui.FXGLUIFactoryServiceProvider
18:56:35.119 [FXGL Background Thread 2 ] DEBUG Engine               - class com.almasb.fxgl.ui.FXGLDialogFactoryServiceProvider
18:56:35.119 [FXGL Background Thread 2 ] DEBUG Engine               - class com.almasb.fxgl.audio.AudioPlayer
18:56:35.119 [FXGL Background Thread 2 ] DEBUG Engine               - class com.almasb.fxgl.notification.impl.NotificationServiceProvider
18:56:35.119 [FXGL Background Thread 2 ] DEBUG Engine               - class com.almasb.fxgl.achievement.AchievementService
18:56:35.119 [FXGL Background Thread 2 ] DEBUG Engine               - class com.almasb.fxgl.cutscene.CutsceneService
18:56:35.119 [FXGL Background Thread 2 ] DEBUG Engine               - class com.almasb.fxgl.minigames.MiniGameService
18:56:35.120 [FXGL Background Thread 2 ] DEBUG Engine               - class com.almasb.fxgl.net.NetService
18:56:35.120 [FXGL Background Thread 2 ] DEBUG Engine               - class com.almasb.fxgl.app.services.UpdaterService
18:56:35.120 [FXGL Background Thread 2 ] DEBUG Engine               - class com.almasb.fxgl.dev.DevService
18:56:35.120 [FXGL Background Thread 2 ] DEBUG Engine               - class com.almasb.fxgl.dev.profiling.ProfilerService
18:57:28.694 [JavaFX Application Thread] DEBUG GameApplication      - Exiting FXGL
18:57:28.695 [JavaFX Application Thread] DEBUG LoopRunner           - Stopping loop
18:57:28.695 [JavaFX Application Thread] DEBUG SystemBundleService  - Saving FXGL system data
18:57:28.697 [JavaFX Application Thread] DEBUG FileSystemAccess     - Writing to: /Users/universita/Desktop/ProgettoJava/traffic-scut-sac/JavaTraffic/system/fxgl.bundle
18:57:28.699 [JavaFX Application Thread] INFO  ProfilerService      - Processed Frames: 4148
18:57:28.699 [JavaFX Application Thread] INFO  ProfilerService      - Average FPS: 59
18:57:28.699 [JavaFX Application Thread] INFO  ProfilerService      - Avg Frame Took: 13,58 ms
18:57:28.699 [JavaFX Application Thread] INFO  ProfilerService      - Avg Memory Usage: 63 MB
18:57:28.700 [JavaFX Application Thread] INFO  ProfilerService      - Min Memory Usage: 25 MB
18:57:28.700 [JavaFX Application Thread] INFO  ProfilerService      - Max Memory Usage: 105 MB
18:57:28.700 [JavaFX Application Thread] INFO  ProfilerService      - Estimated GC runs: 3
18:57:28.700 [JavaFX Application Thread] DEBUG GameApplication      - Shutting down background threads
18:57:28.700 [JavaFX Application Thread] DEBUG GameApplication      - Closing logger and exiting JavaFX
