18:46:10.969 [main                     ] DEBUG GameApplication      - Logger initialized
18:46:10.991 [main                     ] DEBUG GameApplication      - Logging settings
Title:   Basic Game App  
Version: 0.1
Width: 3750
Height: 2500
Fullscreen: false
Intro: false
Profiling: true
Single step:false
App Mode: DEVELOPER
Menu Key: ESCAPE
Stage Style: DECORATED
Scene Factory: class com.almasb.fxgl.app.scene.SceneFactory

18:46:11.528 [JavaFX Application Thread] DEBUG GameApplication      - Initializing FXGL
18:46:11.542 [JavaFX Application Thread] INFO  Engine               - FXGL-11.9 (27.05.2020 17.31) on MAC (J:14.0.1 FX:13.0.2)
18:46:11.542 [JavaFX Application Thread] DEBUG Engine               - JRE Vendor Name: Oracle Corporation
18:46:11.542 [JavaFX Application Thread] DEBUG Engine               - Running on OS: Mac OS X version 10.15.5
18:46:11.543 [JavaFX Application Thread] DEBUG Engine               - Architecture: x86_64
18:46:11.543 [JavaFX Application Thread] INFO  Engine               - Source code and latest versions at: https://github.com/AlmasB/FXGL
18:46:11.543 [JavaFX Application Thread] INFO  Engine               -              Join the FXGL chat at: https://gitter.im/AlmasB/FXGL
18:46:11.729 [JavaFX Application Thread] DEBUG MainWindow           - Creating a JavaFX scene
18:46:11.730 [JavaFX Application Thread] DEBUG MainWindow           - Target size > screen size
18:46:11.797 [JavaFX Application Thread] DEBUG MainWindow           - Target settings size: 3750.0 x 2500.0
18:46:11.798 [JavaFX Application Thread] DEBUG MainWindow           - Scaled scene size:    1440.0 x 976.0
18:46:11.798 [JavaFX Application Thread] DEBUG MainWindow           - Scaled ratio: (0.384, 0.3904)
18:46:11.801 [JavaFX Application Thread] DEBUG MainWindow           - Set initial scene to FXGLStartupScene
18:46:11.809 [JavaFX Application Thread] DEBUG MainWindow           - Opening main window
18:46:11.998 [JavaFX Application Thread] DEBUG MainWindow           - Window border size: (0.0, 22.0)
18:46:11.998 [JavaFX Application Thread] DEBUG MainWindow           - Scaled size: 1440.0 x 976.0
18:46:11.999 [JavaFX Application Thread] DEBUG MainWindow           - Scaled ratio: (0.384, 0.3904)
18:46:11.999 [JavaFX Application Thread] DEBUG MainWindow           - Scene size: 1440.0 x 976.0
18:46:11.999 [JavaFX Application Thread] DEBUG MainWindow           - Stage size: 1440.0 x 998.0
18:46:12.008 [FXGL Background Thread 1 ] DEBUG Engine               - Initializing environment variables
18:46:12.064 [FXGL Background Thread 1 ] DEBUG WindowService        - Applying CSS: fxgl_dark.css
18:46:12.065 [FXGL Background Thread 1 ] DEBUG AssetLoaderService   - Loading from file system: /assets/ui/css/fxgl_dark.css
18:46:12.197 [FXGL Background Thread 1 ] DEBUG WindowService        - Initializing application scenes
18:46:12.513 [FXGL Background Thread 1 ] DEBUG GameWorld            - Game world initialized
18:46:12.553 [FXGL Background Thread 1 ] DEBUG PhysicsWorld         - Physics world initialized: appHeight=2500, physics.ppm=50,0
18:46:12.556 [FXGL Background Thread 1 ] DEBUG GameScene            - Game scene initialized: 3750x2500
18:46:12.599 [FXGL Background Thread 1 ] DEBUG AssetLoaderService   - Loading from file system: /assets/textures/particles/trace_horizontal.png
18:46:12.677 [FXGL Background Thread 1 ] DEBUG FXGL.DefaultMenu     - createMenuBodyGameMenu()
18:46:12.706 [FXGL Background Thread 1 ] DEBUG FXGL.DefaultMenu     - createOptionsMenu()
18:46:12.716 [FXGL Background Thread 1 ] DEBUG AssetLoaderService   - Loading from file system: /assets/textures/particles/smoke.png
18:46:12.797 [FXGL Background Thread 1 ] DEBUG WindowService        - Application scenes initialized
18:46:12.813 [FXGL Background Thread 1 ] DEBUG SystemBundleService  - Loading FXGL system data
18:46:12.818 [FXGL Background Thread 1 ] DEBUG FileSystemAccess     - Reading from: /Users/universita/Desktop/ProgettoJava/traffic-scut-sac/JavaTraffic/system/fxgl.bundle
18:46:12.829 [FXGL Background Thread 1 ] DEBUG SystemBundleService  - Bundle FXGL: {}
18:46:12.862 [FXGL Background Thread 1 ] INFO  Engine               - FXGL initialization took: 0,851 sec
18:46:12.864 [FXGL Background Thread 1 ] DEBUG GameApplication      - Loading localizations
18:46:12.866 [FXGL Background Thread 1 ] DEBUG AssetLoaderService   - Loading from file system: /assets/languages/english.lang
18:46:12.886 [FXGL Background Thread 1 ] DEBUG AssetLoaderService   - Loading from file system: /assets/languages/french.lang
18:46:12.893 [FXGL Background Thread 1 ] DEBUG AssetLoaderService   - Loading from file system: /assets/languages/german.lang
18:46:12.899 [FXGL Background Thread 1 ] DEBUG AssetLoaderService   - Loading from file system: /assets/languages/hungarian.lang
18:46:12.906 [FXGL Background Thread 1 ] DEBUG AssetLoaderService   - Loading from file system: /assets/languages/russian.lang
18:46:12.910 [FXGL Background Thread 1 ] DEBUG GameApplication      - Registering font factories with UI factory
18:46:12.910 [FXGL Background Thread 1 ] DEBUG AssetLoaderService   - Loading from file system: /assets/ui/fonts/VarelaRound-Regular.ttf
18:46:12.943 [FXGL Background Thread 1 ] DEBUG AssetLoaderService   - Loading from file system: /assets/ui/fonts/Abel-Regular.ttf
18:46:12.948 [FXGL Background Thread 1 ] DEBUG AssetLoaderService   - Loading from file system: /assets/ui/fonts/lucida_console.ttf
18:46:12.956 [FXGL Background Thread 1 ] DEBUG AssetLoaderService   - Loading from file system: /assets/ui/fonts/Courier-Prime.ttf
18:46:12.975 [JavaFX Application Thread] DEBUG Input                - Registered new binding: Move Right - D
18:46:12.975 [JavaFX Application Thread] DEBUG Input                - Registered new binding: Move Left - A
18:46:12.976 [JavaFX Application Thread] DEBUG Input                - Registered new binding: Move Up - W
18:46:12.976 [JavaFX Application Thread] DEBUG Input                - Registered new binding: Move Down - S
18:46:12.976 [JavaFX Application Thread] DEBUG AssetLoaderService   - Loading from file system: /assets/textures/fxgl_icon.png
18:46:13.015 [JavaFX Application Thread] DEBUG AssetLoaderService   - Loading from file system: /assets/ui/cursors/fxgl_default.png
18:46:13.018 [JavaFX Application Thread] DEBUG Input                - Registered new binding: Screenshot - P
18:46:13.019 [JavaFX Application Thread] DEBUG Input                - Registered new binding: Dev Options - 1
18:46:13.020 [JavaFX Application Thread] DEBUG Input                - Registered new binding: Dev Console - 2
18:46:13.021 [JavaFX Application Thread] DEBUG Input                - Registered new binding: System info dump - CTRL+9
18:46:13.022 [JavaFX Application Thread] DEBUG Input                - Registered new binding: Restart - CTRL+R
18:46:13.023 [JavaFX Application Thread] DEBUG LoopRunner           - Starting loop
18:46:13.074 [JavaFX Application Thread] DEBUG FXGLStartupScene     - STARTUP
18:46:13.075 [JavaFX Application Thread] DEBUG WindowService        - Starting new game
18:46:13.076 [JavaFX Application Thread] DEBUG Input                - Clearing active input actions
18:46:13.109 [JavaFX Application Thread] DEBUG WindowService        - Removing overlay from FXGLStartupScene and adding to FXGLLoadingScene
18:46:13.133 [JavaFX Application Thread] DEBUG MainWindow           - FXGLStartupScene -> FXGLLoadingScene
18:46:13.133 [JavaFX Application Thread] DEBUG WindowService        - Clearing previous game
18:46:13.134 [JavaFX Application Thread] DEBUG GameScene            - Clearing game scene
18:46:13.134 [JavaFX Application Thread] DEBUG GameWorld            - Clearing game world
18:46:13.134 [JavaFX Application Thread] DEBUG PhysicsWorld         - Clearing physics world
18:46:13.138 [FXGL Background Thread 1 ] DEBUG GameApplication      - Initializing game
18:46:13.183 [FXGL Background Thread 1 ] DEBUG AssetLoaderService   - Loading from file system: /assets/levels/level0.tmx
18:46:13.215 [FXGL Background Thread 1 ] WARN  TMXLevelLoader       - TiledMap generated from 1.4.1. Supported version: 1.2.3. Some features may not be parsed fully.
18:46:13.224 [FXGL Background Thread 1 ] DEBUG TMXLevelLoader       - Parsed raw map: TiledMap(width=10, height=5, tilewidth=250, tileheight=250, orientation=orthogonal, layers=[Layer(width=10, height=5, name=Tile Layer 1, type=tilelayer, visible=false, x=0, y=0, data=[24, 5, 42, 37, 37, 37, 37, 42, 5, 24, 24, 2, 6, 6, 6, 6, 6, 6, 4, 24, 40, 5, 10, 10, 10, 39, 10, 10, 5, 24, 24, 2, 6, 6, 6, 6, 6, 6, 1, 6, 24, 5, 24, 24, 24, 24, 24, 24, 24, 24], objects=[], opacity=0.0, draworder=)], tilesets=[Tileset(firstgid=1, image=tiles_sheet.png, name=traffic_tiles, tilewidth=250, tileheight=250, imagewidth=1750, imageheight=1500, margin=0, spacing=0, columns=7, tilecount=42, transparentcolor=41ffef, tiles=[])], backgroundcolor=, renderorder=right-down, nextobjectid=1, version=1, tiledversion=1.4.1, type=map, infinite=false, properties={}, propertytypes={})
18:46:13.226 [FXGL Background Thread 1 ] DEBUG TMXLevelLoader       - Creating tile layer entities
18:46:13.227 [FXGL Background Thread 1 ] DEBUG TilesetLoader        - Loading view for layer Tile Layer 1
18:46:13.238 [FXGL Background Thread 1 ] DEBUG TilesetLoader        - Created buffer with size 2500.0x1250.0
18:46:13.239 [FXGL Background Thread 1 ] WARN  TilesetLoader        - tiles_sheet.png cannot be loaded using mapURL=file:/Users/universita/Desktop/ProgettoJava/traffic-scut-sac/JavaTraffic/bin/assets/levels/level0.tmx Error: java.io.FileNotFoundException: /Users/universita/Desktop/ProgettoJava/traffic-scut-sac/JavaTraffic/bin/assets/levels/tiles_sheet.png (No such file or directory)
18:46:13.810 [FXGL Background Thread 1 ] DEBUG TilesetLoader        - Writing to buffer: dst=0,0, w=250,h=250, src=500,750
18:46:13.810 [FXGL Background Thread 1 ] DEBUG TilesetLoader        - Writing to buffer: dst=250,0, w=250,h=250, src=1000,0
18:46:13.811 [FXGL Background Thread 1 ] DEBUG TilesetLoader        - Writing to buffer: dst=500,0, w=250,h=250, src=1500,1250
18:46:13.811 [FXGL Background Thread 1 ] DEBUG TilesetLoader        - Writing to buffer: dst=750,0, w=250,h=250, src=250,1250
18:46:13.812 [FXGL Background Thread 1 ] DEBUG TilesetLoader        - Writing to buffer: dst=1000,0, w=250,h=250, src=250,1250
18:46:13.812 [FXGL Background Thread 1 ] DEBUG TilesetLoader        - Writing to buffer: dst=1250,0, w=250,h=250, src=250,1250
18:46:13.812 [FXGL Background Thread 1 ] DEBUG TilesetLoader        - Writing to buffer: dst=1500,0, w=250,h=250, src=250,1250
18:46:13.812 [FXGL Background Thread 1 ] DEBUG TilesetLoader        - Writing to buffer: dst=1750,0, w=250,h=250, src=1500,1250
18:46:13.813 [FXGL Background Thread 1 ] DEBUG TilesetLoader        - Writing to buffer: dst=2000,0, w=250,h=250, src=1000,0
18:46:13.813 [FXGL Background Thread 1 ] DEBUG TilesetLoader        - Writing to buffer: dst=2250,0, w=250,h=250, src=500,750
18:46:13.813 [FXGL Background Thread 1 ] DEBUG TilesetLoader        - Writing to buffer: dst=0,250, w=250,h=250, src=500,750
18:46:13.814 [FXGL Background Thread 1 ] DEBUG TilesetLoader        - Writing to buffer: dst=250,250, w=250,h=250, src=250,0
18:46:13.814 [FXGL Background Thread 1 ] DEBUG TilesetLoader        - Writing to buffer: dst=500,250, w=250,h=250, src=1250,0
18:46:13.814 [FXGL Background Thread 1 ] DEBUG TilesetLoader        - Writing to buffer: dst=750,250, w=250,h=250, src=1250,0
18:46:13.814 [FXGL Background Thread 1 ] DEBUG TilesetLoader        - Writing to buffer: dst=1000,250, w=250,h=250, src=1250,0
18:46:13.815 [FXGL Background Thread 1 ] DEBUG TilesetLoader        - Writing to buffer: dst=1250,250, w=250,h=250, src=1250,0
18:46:13.817 [FXGL Background Thread 1 ] DEBUG TilesetLoader        - Writing to buffer: dst=1500,250, w=250,h=250, src=1250,0
18:46:13.817 [FXGL Background Thread 1 ] DEBUG TilesetLoader        - Writing to buffer: dst=1750,250, w=250,h=250, src=1250,0
18:46:13.818 [FXGL Background Thread 1 ] DEBUG TilesetLoader        - Writing to buffer: dst=2000,250, w=250,h=250, src=750,0
18:46:13.818 [FXGL Background Thread 1 ] DEBUG TilesetLoader        - Writing to buffer: dst=2250,250, w=250,h=250, src=500,750
18:46:13.819 [FXGL Background Thread 1 ] DEBUG TilesetLoader        - Writing to buffer: dst=0,500, w=250,h=250, src=1000,1250
18:46:13.821 [FXGL Background Thread 1 ] DEBUG TilesetLoader        - Writing to buffer: dst=250,500, w=250,h=250, src=1000,0
18:46:13.822 [FXGL Background Thread 1 ] DEBUG TilesetLoader        - Writing to buffer: dst=500,500, w=250,h=250, src=500,250
18:46:13.822 [FXGL Background Thread 1 ] DEBUG TilesetLoader        - Writing to buffer: dst=750,500, w=250,h=250, src=500,250
18:46:13.823 [FXGL Background Thread 1 ] DEBUG TilesetLoader        - Writing to buffer: dst=1000,500, w=250,h=250, src=500,250
18:46:13.823 [FXGL Background Thread 1 ] DEBUG TilesetLoader        - Writing to buffer: dst=1250,500, w=250,h=250, src=750,1250
18:46:13.823 [FXGL Background Thread 1 ] DEBUG TilesetLoader        - Writing to buffer: dst=1500,500, w=250,h=250, src=500,250
18:46:13.823 [FXGL Background Thread 1 ] DEBUG TilesetLoader        - Writing to buffer: dst=1750,500, w=250,h=250, src=500,250
18:46:13.824 [FXGL Background Thread 1 ] DEBUG TilesetLoader        - Writing to buffer: dst=2000,500, w=250,h=250, src=1000,0
18:46:13.824 [FXGL Background Thread 1 ] DEBUG TilesetLoader        - Writing to buffer: dst=2250,500, w=250,h=250, src=500,750
18:46:13.824 [FXGL Background Thread 1 ] DEBUG TilesetLoader        - Writing to buffer: dst=0,750, w=250,h=250, src=500,750
18:46:13.824 [FXGL Background Thread 1 ] DEBUG TilesetLoader        - Writing to buffer: dst=250,750, w=250,h=250, src=250,0
18:46:13.934 [FXGL Background Thread 1 ] DEBUG TilesetLoader        - Writing to buffer: dst=500,750, w=250,h=250, src=1250,0
18:46:13.937 [FXGL Background Thread 1 ] DEBUG TilesetLoader        - Writing to buffer: dst=750,750, w=250,h=250, src=1250,0
18:46:13.940 [FXGL Background Thread 1 ] DEBUG TilesetLoader        - Writing to buffer: dst=1000,750, w=250,h=250, src=1250,0
18:46:13.941 [FXGL Background Thread 1 ] DEBUG TilesetLoader        - Writing to buffer: dst=1250,750, w=250,h=250, src=1250,0
18:46:13.943 [FXGL Background Thread 1 ] DEBUG TilesetLoader        - Writing to buffer: dst=1500,750, w=250,h=250, src=1250,0
18:46:13.944 [FXGL Background Thread 1 ] DEBUG TilesetLoader        - Writing to buffer: dst=1750,750, w=250,h=250, src=1250,0
18:46:13.945 [FXGL Background Thread 1 ] DEBUG TilesetLoader        - Writing to buffer: dst=2000,750, w=250,h=250, src=0,0
18:46:13.945 [FXGL Background Thread 1 ] DEBUG TilesetLoader        - Writing to buffer: dst=2250,750, w=250,h=250, src=1250,0
18:46:13.946 [FXGL Background Thread 1 ] DEBUG TilesetLoader        - Writing to buffer: dst=0,1000, w=250,h=250, src=500,750
18:46:13.948 [FXGL Background Thread 1 ] DEBUG TilesetLoader        - Writing to buffer: dst=250,1000, w=250,h=250, src=1000,0
18:46:14.009 [FXGL Background Thread 1 ] DEBUG TilesetLoader        - Writing to buffer: dst=500,1000, w=250,h=250, src=500,750
18:46:14.011 [FXGL Background Thread 1 ] DEBUG TilesetLoader        - Writing to buffer: dst=750,1000, w=250,h=250, src=500,750
18:46:14.013 [FXGL Background Thread 1 ] DEBUG TilesetLoader        - Writing to buffer: dst=1000,1000, w=250,h=250, src=500,750
18:46:14.013 [FXGL Background Thread 1 ] DEBUG TilesetLoader        - Writing to buffer: dst=1250,1000, w=250,h=250, src=500,750
18:46:14.013 [FXGL Background Thread 1 ] DEBUG TilesetLoader        - Writing to buffer: dst=1500,1000, w=250,h=250, src=500,750
18:46:14.013 [FXGL Background Thread 1 ] DEBUG TilesetLoader        - Writing to buffer: dst=1750,1000, w=250,h=250, src=500,750
18:46:14.014 [FXGL Background Thread 1 ] DEBUG TilesetLoader        - Writing to buffer: dst=2000,1000, w=250,h=250, src=500,750
18:46:14.014 [FXGL Background Thread 1 ] DEBUG TilesetLoader        - Writing to buffer: dst=2250,1000, w=250,h=250, src=500,750
18:46:14.015 [FXGL Background Thread 1 ] DEBUG TMXLevelLoader       - Creating object layer entities
18:46:14.034 [FXGL Background Thread 1 ] DEBUG GameWorld            - Clearing removable entities
18:46:14.035 [FXGL Background Thread 1 ] DEBUG GameWorld            - Setting level: com.almasb.fxgl.entity.level.Level@3429764f
18:46:14.052 [FXGL Background Thread 1 ] INFO  GameApplication      - Game initialization took: 0,914 sec
18:46:14.054 [JavaFX Application Thread] DEBUG Input                - Clearing active input actions
18:46:14.068 [JavaFX Application Thread] DEBUG WindowService        - Removing overlay from FXGLLoadingScene and adding to GameScene
18:46:14.097 [JavaFX Application Thread] DEBUG MainWindow           - FXGLLoadingScene -> GameScene
18:46:15.866 [FXGL Background Thread 2 ] DEBUG Engine               - Logging environment variables
18:46:15.868 [FXGL Background Thread 2 ] DEBUG Engine               - achievements: []
18:46:15.868 [FXGL Background Thread 2 ] DEBUG Engine               - appIcon: fxgl_icon.png
18:46:15.869 [FXGL Background Thread 2 ] DEBUG Engine               - applicationMode: DEVELOPER
18:46:15.869 [FXGL Background Thread 2 ] DEBUG Engine               - cSSList: [fxgl_dark.css]
18:46:15.869 [FXGL Background Thread 2 ] DEBUG Engine               - configClass: Optional.empty
18:46:15.869 [FXGL Background Thread 2 ] DEBUG Engine               - credits: []
18:46:15.870 [FXGL Background Thread 2 ] DEBUG Engine               - devBBoxColorProperty: ObjectProperty [value: 0xff0000ff]
18:46:15.870 [FXGL Background Thread 2 ] DEBUG Engine               - devSensorColorProperty: ObjectProperty [value: 0xffff00ff]
18:46:15.870 [FXGL Background Thread 2 ] DEBUG Engine               - devShowBBoxProperty: BooleanProperty [value: false]
18:46:15.871 [FXGL Background Thread 2 ] DEBUG Engine               - devShowPositionProperty: BooleanProperty [value: false]
18:46:15.871 [FXGL Background Thread 2 ] DEBUG Engine               - enabledMenuItems: []
18:46:15.871 [FXGL Background Thread 2 ] DEBUG Engine               - engineServices: [class com.almasb.fxgl.app.GameApplication$GameApplicationService, class com.almasb.fxgl.app.services.WindowService, class com.almasb.fxgl.app.services.FXGLDialogService, class com.almasb.fxgl.app.services.IOTaskExecutorService, class com.almasb.fxgl.event.EventBusService, class com.almasb.fxgl.io.FileSystemService, class com.almasb.fxgl.localization.LocalizationService, class com.almasb.fxgl.app.services.AssetLoaderService, class com.almasb.fxgl.app.services.SystemBundleService, class com.almasb.fxgl.profile.SaveLoadService, class com.almasb.fxgl.ui.FXGLUIFactoryServiceProvider, class com.almasb.fxgl.ui.FXGLDialogFactoryServiceProvider, class com.almasb.fxgl.audio.AudioPlayer, class com.almasb.fxgl.notification.impl.NotificationServiceProvider, class com.almasb.fxgl.achievement.AchievementService, class com.almasb.fxgl.cutscene.CutsceneService, class com.almasb.fxgl.minigames.MiniGameService, class com.almasb.fxgl.net.NetService, class com.almasb.fxgl.app.services.UpdaterService, class com.almasb.fxgl.dev.DevService, class com.almasb.fxgl.dev.profiling.ProfilerService]
18:46:15.871 [FXGL Background Thread 2 ] DEBUG Engine               - fontGame: Abel-Regular.ttf
18:46:15.871 [FXGL Background Thread 2 ] DEBUG Engine               - fontMono: lucida_console.ttf
18:46:15.871 [FXGL Background Thread 2 ] DEBUG Engine               - fontText: Courier-Prime.ttf
18:46:15.871 [FXGL Background Thread 2 ] DEBUG Engine               - fontUI: VarelaRound-Regular.ttf
18:46:15.872 [FXGL Background Thread 2 ] DEBUG Engine               - fullScreen: BooleanProperty [value: false]
18:46:15.872 [FXGL Background Thread 2 ] DEBUG Engine               - gameDifficulty: MEDIUM
18:46:15.872 [FXGL Background Thread 2 ] DEBUG Engine               - gameDifficultyProperty: ObjectProperty [value: MEDIUM]
18:46:15.872 [FXGL Background Thread 2 ] DEBUG Engine               - globalMusicVolume: 0.5
18:46:15.872 [FXGL Background Thread 2 ] DEBUG Engine               - globalMusicVolumeProperty: DoubleProperty [value: 0.5]
18:46:15.873 [FXGL Background Thread 2 ] DEBUG Engine               - globalSoundVolume: 0.5
18:46:15.873 [FXGL Background Thread 2 ] DEBUG Engine               - globalSoundVolumeProperty: DoubleProperty [value: 0.5]
18:46:15.873 [FXGL Background Thread 2 ] DEBUG Engine               - height: 2500
18:46:15.873 [FXGL Background Thread 2 ] DEBUG Engine               - isAndroid: false
18:46:15.873 [FXGL Background Thread 2 ] DEBUG Engine               - isBrowser: false
18:46:15.873 [FXGL Background Thread 2 ] DEBUG Engine               - isClickFeedbackEnabled: false
18:46:15.873 [FXGL Background Thread 2 ] DEBUG Engine               - isCloseConfirmation: false
18:46:15.874 [FXGL Background Thread 2 ] DEBUG Engine               - isDesktop: true
18:46:15.874 [FXGL Background Thread 2 ] DEBUG Engine               - isDeveloperMenuEnabled: true
18:46:15.874 [FXGL Background Thread 2 ] DEBUG Engine               - isExperimentalNative: false
18:46:15.874 [FXGL Background Thread 2 ] DEBUG Engine               - isExperimentalTiledLargeMap: false
18:46:15.874 [FXGL Background Thread 2 ] DEBUG Engine               - isFullScreenAllowed: false
18:46:15.874 [FXGL Background Thread 2 ] DEBUG Engine               - isFullScreenFromStart: false
18:46:15.875 [FXGL Background Thread 2 ] DEBUG Engine               - isGameMenuEnabled: true
18:46:15.875 [FXGL Background Thread 2 ] DEBUG Engine               - isIOS: false
18:46:15.875 [FXGL Background Thread 2 ] DEBUG Engine               - isIntroEnabled: false
18:46:15.876 [FXGL Background Thread 2 ] DEBUG Engine               - isLinux: false
18:46:15.876 [FXGL Background Thread 2 ] DEBUG Engine               - isMac: true
18:46:15.877 [FXGL Background Thread 2 ] DEBUG Engine               - isMainMenuEnabled: false
18:46:15.877 [FXGL Background Thread 2 ] DEBUG Engine               - isManualResizeEnabled: false
18:46:15.877 [FXGL Background Thread 2 ] DEBUG Engine               - isMobile: false
18:46:15.877 [FXGL Background Thread 2 ] DEBUG Engine               - isPreserveResizeRatio: false
18:46:15.877 [FXGL Background Thread 2 ] DEBUG Engine               - isProfilingEnabled: true
18:46:15.878 [FXGL Background Thread 2 ] DEBUG Engine               - isSingleStep: false
18:46:15.878 [FXGL Background Thread 2 ] DEBUG Engine               - isUserProfileEnabled: false
18:46:15.878 [FXGL Background Thread 2 ] DEBUG Engine               - isWindows: false
18:46:15.878 [FXGL Background Thread 2 ] DEBUG Engine               - language: ObjectProperty [value: ENGLISH]
18:46:15.878 [FXGL Background Thread 2 ] DEBUG Engine               - mainWindow: com.almasb.fxgl.app.MainWindow@5b1a390b
18:46:15.878 [FXGL Background Thread 2 ] DEBUG Engine               - menuKey: ESCAPE
18:46:15.878 [FXGL Background Thread 2 ] DEBUG Engine               - notificationViewClass: class com.almasb.fxgl.notification.view.XboxNotificationView
18:46:15.879 [FXGL Background Thread 2 ] DEBUG Engine               - pixelsPerMeter: 50.0
18:46:15.879 [FXGL Background Thread 2 ] DEBUG Engine               - platform: MAC
18:46:15.879 [FXGL Background Thread 2 ] DEBUG Engine               - profileDir: profiles/
18:46:15.879 [FXGL Background Thread 2 ] DEBUG Engine               - profileName: StringProperty [value: DEFAULT]
18:46:15.879 [FXGL Background Thread 2 ] DEBUG Engine               - randomSeed: -1
18:46:15.880 [FXGL Background Thread 2 ] DEBUG Engine               - runtimeInfo: RuntimeInfo(platform=MAC, version=11.9, build=27.05.2020 17.31)
18:46:15.880 [FXGL Background Thread 2 ] DEBUG Engine               - saveFileExt: sav
18:46:15.880 [FXGL Background Thread 2 ] DEBUG Engine               - sceneFactory: com.almasb.fxgl.app.scene.SceneFactory@5f25b6b0
18:46:15.880 [FXGL Background Thread 2 ] DEBUG Engine               - secondsIn24h: 60
18:46:15.881 [FXGL Background Thread 2 ] DEBUG Engine               - settings: Title:   Basic Game App  
Version: 0.1
Width: 3750
Height: 2500
Fullscreen: false
Intro: false
Profiling: true
Single step:false
App Mode: DEVELOPER
Menu Key: ESCAPE
Stage Style: DECORATED
Scene Factory: class com.almasb.fxgl.app.scene.SceneFactory

18:46:15.881 [FXGL Background Thread 2 ] DEBUG Engine               - soundMenuBack: menu/back.wav
18:46:15.881 [FXGL Background Thread 2 ] DEBUG Engine               - soundMenuPress: menu/press.wav
18:46:15.881 [FXGL Background Thread 2 ] DEBUG Engine               - soundMenuSelect: menu/select.wav
18:46:15.881 [FXGL Background Thread 2 ] DEBUG Engine               - soundNotification: core/notification.wav
18:46:15.881 [FXGL Background Thread 2 ] DEBUG Engine               - stageStyle: DECORATED
18:46:15.881 [FXGL Background Thread 2 ] DEBUG Engine               - supportedLanguages: [ENGLISH, FRENCH, GERMAN, HUNGARIAN, RUSSIAN]
18:46:15.882 [FXGL Background Thread 2 ] DEBUG Engine               - title:   Basic Game App  
18:46:15.882 [FXGL Background Thread 2 ] DEBUG Engine               - urlGithub: https://github.com/AlmasB/FXGL
18:46:15.882 [FXGL Background Thread 2 ] DEBUG Engine               - urlLeaderboard: http://fxgl-top.herokuapp.com/
18:46:15.882 [FXGL Background Thread 2 ] DEBUG Engine               - urlPOM: https://raw.githubusercontent.com/AlmasB/FXGL/master/pom.xml
18:46:15.882 [FXGL Background Thread 2 ] DEBUG Engine               - version: 0.1
18:46:15.882 [FXGL Background Thread 2 ] DEBUG Engine               - versionCheckDays: 7
18:46:15.882 [FXGL Background Thread 2 ] DEBUG Engine               - width: 3750
18:46:15.883 [FXGL Background Thread 2 ] DEBUG Engine               - Logging services
18:46:15.883 [FXGL Background Thread 2 ] DEBUG Engine               - class com.almasb.fxgl.app.GameApplication$GameApplicationService
18:46:15.883 [FXGL Background Thread 2 ] DEBUG Engine               - class com.almasb.fxgl.app.services.WindowService
18:46:15.883 [FXGL Background Thread 2 ] DEBUG Engine               - class com.almasb.fxgl.app.services.FXGLDialogService
18:46:15.884 [FXGL Background Thread 2 ] DEBUG Engine               - class com.almasb.fxgl.app.services.IOTaskExecutorService
18:46:15.884 [FXGL Background Thread 2 ] DEBUG Engine               - class com.almasb.fxgl.event.EventBusService
18:46:15.884 [FXGL Background Thread 2 ] DEBUG Engine               - class com.almasb.fxgl.io.FileSystemService
18:46:15.884 [FXGL Background Thread 2 ] DEBUG Engine               - class com.almasb.fxgl.localization.LocalizationService
18:46:15.884 [FXGL Background Thread 2 ] DEBUG Engine               - class com.almasb.fxgl.app.services.AssetLoaderService
18:46:15.884 [FXGL Background Thread 2 ] DEBUG Engine               - class com.almasb.fxgl.app.services.SystemBundleService
18:46:15.885 [FXGL Background Thread 2 ] DEBUG Engine               - class com.almasb.fxgl.profile.SaveLoadService
18:46:15.885 [FXGL Background Thread 2 ] DEBUG Engine               - class com.almasb.fxgl.ui.FXGLUIFactoryServiceProvider
18:46:15.885 [FXGL Background Thread 2 ] DEBUG Engine               - class com.almasb.fxgl.ui.FXGLDialogFactoryServiceProvider
18:46:15.885 [FXGL Background Thread 2 ] DEBUG Engine               - class com.almasb.fxgl.audio.AudioPlayer
18:46:15.885 [FXGL Background Thread 2 ] DEBUG Engine               - class com.almasb.fxgl.notification.impl.NotificationServiceProvider
18:46:15.885 [FXGL Background Thread 2 ] DEBUG Engine               - class com.almasb.fxgl.achievement.AchievementService
18:46:15.885 [FXGL Background Thread 2 ] DEBUG Engine               - class com.almasb.fxgl.cutscene.CutsceneService
18:46:15.885 [FXGL Background Thread 2 ] DEBUG Engine               - class com.almasb.fxgl.minigames.MiniGameService
18:46:15.886 [FXGL Background Thread 2 ] DEBUG Engine               - class com.almasb.fxgl.net.NetService
18:46:15.886 [FXGL Background Thread 2 ] DEBUG Engine               - class com.almasb.fxgl.app.services.UpdaterService
18:46:15.886 [FXGL Background Thread 2 ] DEBUG Engine               - class com.almasb.fxgl.dev.DevService
18:46:15.886 [FXGL Background Thread 2 ] DEBUG Engine               - class com.almasb.fxgl.dev.profiling.ProfilerService
18:46:16.984 [JavaFX Application Thread] DEBUG GameApplication      - Exiting FXGL
18:46:16.984 [JavaFX Application Thread] DEBUG LoopRunner           - Stopping loop
18:46:16.984 [JavaFX Application Thread] DEBUG SystemBundleService  - Saving FXGL system data
18:46:16.986 [JavaFX Application Thread] DEBUG FileSystemAccess     - Writing to: /Users/universita/Desktop/ProgettoJava/traffic-scut-sac/JavaTraffic/system/fxgl.bundle
18:46:16.990 [JavaFX Application Thread] INFO  ProfilerService      - Processed Frames: 248
18:46:16.990 [JavaFX Application Thread] INFO  ProfilerService      - Average FPS: 59
18:46:16.990 [JavaFX Application Thread] INFO  ProfilerService      - Avg Frame Took: 15,48 ms
18:46:16.991 [JavaFX Application Thread] INFO  ProfilerService      - Avg Memory Usage: 43 MB
18:46:16.991 [JavaFX Application Thread] INFO  ProfilerService      - Min Memory Usage: 36 MB
18:46:16.991 [JavaFX Application Thread] INFO  ProfilerService      - Max Memory Usage: 48 MB
18:46:16.991 [JavaFX Application Thread] INFO  ProfilerService      - Estimated GC runs: 1
18:46:16.991 [JavaFX Application Thread] DEBUG GameApplication      - Shutting down background threads
18:46:16.991 [JavaFX Application Thread] DEBUG GameApplication      - Closing logger and exiting JavaFX
