13:05:31.707 [main                     ] DEBUG GameApplication      - Logger initialized
13:05:31.718 [main                     ] DEBUG GameApplication      - Logging settings
Title: AndreaGameApp
Version: 0.1
Width: 600
Height: 600
Fullscreen: false
Intro: false
Profiling: false
Single step:false
App Mode: DEVELOPER
Menu Key: ESCAPE
Stage Style: DECORATED
Scene Factory: class com.almasb.fxgl.app.scene.SceneFactory

13:05:32.089 [JavaFX Application Thread] DEBUG GameApplication      - Initializing FXGL
13:05:32.097 [JavaFX Application Thread] INFO  Engine               - FXGL-11.9 (27.05.2020 17.31) on WINDOWS (J:14.0.1 FX:13.0.2)
13:05:32.097 [JavaFX Application Thread] DEBUG Engine               - JRE Vendor Name: Oracle Corporation
13:05:32.097 [JavaFX Application Thread] DEBUG Engine               - Running on OS: Windows 10 version 10.0
13:05:32.098 [JavaFX Application Thread] DEBUG Engine               - Architecture: amd64
13:05:32.098 [JavaFX Application Thread] INFO  Engine               - Source code and latest versions at: https://github.com/AlmasB/FXGL
13:05:32.098 [JavaFX Application Thread] INFO  Engine               -              Join the FXGL chat at: https://gitter.im/AlmasB/FXGL
13:05:32.191 [JavaFX Application Thread] DEBUG MainWindow           - Creating a JavaFX scene
13:05:32.232 [JavaFX Application Thread] DEBUG MainWindow           - Target settings size: 600.0 x 600.0
13:05:32.232 [JavaFX Application Thread] DEBUG MainWindow           - Scaled scene size:    600.0 x 600.0
13:05:32.232 [JavaFX Application Thread] DEBUG MainWindow           - Scaled ratio: (1.0, 1.0)
13:05:32.233 [JavaFX Application Thread] DEBUG MainWindow           - Set initial scene to FXGLStartupScene
13:05:32.239 [JavaFX Application Thread] DEBUG MainWindow           - Opening main window
13:05:32.313 [JavaFX Application Thread] DEBUG MainWindow           - Window border size: (14.4000244140625, 37.5999755859375)
13:05:32.314 [JavaFX Application Thread] DEBUG MainWindow           - Scaled size: 600.0 x 600.0
13:05:32.314 [JavaFX Application Thread] DEBUG MainWindow           - Scaled ratio: (1.0, 1.0)
13:05:32.314 [JavaFX Application Thread] DEBUG MainWindow           - Scene size: 600.0 x 600.0
13:05:32.315 [JavaFX Application Thread] DEBUG MainWindow           - Stage size: 614.4000244140625 x 637.5999755859375
13:05:32.323 [FXGL Background Thread 1 ] DEBUG Engine               - Initializing environment variables
13:05:32.351 [FXGL Background Thread 1 ] DEBUG WindowService        - Applying CSS: fxgl_dark.css
13:05:32.352 [FXGL Background Thread 1 ] DEBUG AssetLoaderService   - Loading from file system: /assets/ui/css/fxgl_dark.css
13:05:32.401 [FXGL Background Thread 1 ] DEBUG WindowService        - Initializing application scenes
13:05:32.438 [FXGL Background Thread 1 ] DEBUG GameWorld            - Game world initialized
13:05:32.480 [FXGL Background Thread 1 ] DEBUG PhysicsWorld         - Physics world initialized: appHeight=600, physics.ppm=50,0
13:05:32.482 [FXGL Background Thread 1 ] DEBUG GameScene            - Game scene initialized: 600x600
13:05:32.511 [FXGL Background Thread 1 ] DEBUG AssetLoaderService   - Loading from file system: /assets/textures/particles/trace_horizontal.png
13:05:32.566 [FXGL Background Thread 1 ] WARN  FXGL.DefaultMenu     - FXGLDefaultMenu is not designed for resolutions < 800x600
13:05:32.567 [FXGL Background Thread 1 ] DEBUG FXGL.DefaultMenu     - createMenuBodyGameMenu()
13:05:32.580 [FXGL Background Thread 1 ] DEBUG FXGL.DefaultMenu     - createOptionsMenu()
13:05:32.584 [FXGL Background Thread 1 ] DEBUG AssetLoaderService   - Loading from file system: /assets/textures/particles/smoke.png
13:05:32.645 [FXGL Background Thread 1 ] DEBUG WindowService        - Application scenes initialized
13:05:32.655 [FXGL Background Thread 1 ] DEBUG SystemBundleService  - Loading FXGL system data
13:05:32.659 [FXGL Background Thread 1 ] DEBUG FileSystemAccess     - Reading from: C:\Users\Andrea\Desktop\informatica\1a-2s-Metodologie di programmazione\Progetto\traffic-scut-sac\JavaTraffic\system\fxgl.bundle
13:05:32.664 [FXGL Background Thread 1 ] DEBUG SystemBundleService  - Bundle FXGL: {}
13:05:32.665 [FXGL Background Thread 1 ] INFO  Engine               - FXGL initialization took: 0,338 sec
13:05:32.666 [FXGL Background Thread 1 ] DEBUG GameApplication      - Loading localizations
13:05:32.667 [FXGL Background Thread 1 ] DEBUG AssetLoaderService   - Loading from file system: /assets/languages/english.lang
13:05:32.678 [FXGL Background Thread 1 ] DEBUG AssetLoaderService   - Loading from file system: /assets/languages/french.lang
13:05:32.680 [FXGL Background Thread 1 ] DEBUG AssetLoaderService   - Loading from file system: /assets/languages/german.lang
13:05:32.683 [FXGL Background Thread 1 ] DEBUG AssetLoaderService   - Loading from file system: /assets/languages/hungarian.lang
13:05:32.686 [FXGL Background Thread 1 ] DEBUG AssetLoaderService   - Loading from file system: /assets/languages/russian.lang
13:05:32.688 [FXGL Background Thread 1 ] DEBUG GameApplication      - Registering font factories with UI factory
13:05:32.689 [FXGL Background Thread 1 ] DEBUG AssetLoaderService   - Loading from file system: /assets/ui/fonts/VarelaRound-Regular.ttf
13:05:32.729 [FXGL Background Thread 1 ] DEBUG AssetLoaderService   - Loading from file system: /assets/ui/fonts/Abel-Regular.ttf
13:05:32.732 [FXGL Background Thread 1 ] DEBUG AssetLoaderService   - Loading from file system: /assets/ui/fonts/lucida_console.ttf
13:05:32.736 [FXGL Background Thread 1 ] DEBUG AssetLoaderService   - Loading from file system: /assets/ui/fonts/Courier-Prime.ttf
13:05:32.741 [JavaFX Application Thread] DEBUG LoopRunner           - Stopping loop
13:05:32.742 [JavaFX Application Thread] FATAL GameApplication      - Uncaught Exception:

Fatal exception occurred: java.lang.Error : Unresolved compilation problem: 
	Syntax error, insert "}" to complete ClassBody

E: tutorial.AndreaGameApp.initInput(AndreaGameApp.java:155)
E: com.almasb.fxgl.app.GameApplication$GameApplicationService.onMainLoopStarting(GameApplication.java:373)
E: com.almasb.fxgl.app.Engine.startLoop(Engine.kt:151)
E: com.almasb.fxgl.app.GameApplication$FXGLApplication.lambda$start$2(GameApplication.java:246)
E: com.almasb.fxgl.core.concurrent.IOTask.succeed(IOTask.java:123)
E: com.almasb.fxgl.core.concurrent.IOTask$1.succeeded(IOTask.java:112)
E: javafx.concurrent.Task.setState(Task.java:726)
E: javafx.concurrent.Task$TaskCallable.lambda$call$1(Task.java:1436)
E: com.sun.javafx.application.PlatformImpl.lambda$runLater$10(PlatformImpl.java:428)
E: java.base/java.security.AccessController.doPrivileged(AccessController.java:391)
E: com.sun.javafx.application.PlatformImpl.lambda$runLater$11(PlatformImpl.java:427)
E: com.sun.glass.ui.InvokeLaterDispatcher$Future.run(InvokeLaterDispatcher.java:96)
E: com.sun.glass.ui.win.WinApplication._runLoop(Native Method)
E: com.sun.glass.ui.win.WinApplication.lambda$runLoop$3(WinApplication.java:174)
E: java.base/java.lang.Thread.run(Thread.java:832)

13:05:32.742 [JavaFX Application Thread] FATAL GameApplication      - Application will now exit
13:05:32.765 [JavaFX Application Thread] DEBUG MainWindow           - Push state: ErrorSubScene
13:05:32.765 [JavaFX Application Thread] DEBUG Input                - Clearing active input actions
13:05:32.780 [JavaFX Application Thread] DEBUG WindowService        - Removing overlay from FXGLStartupScene and adding to ErrorSubScene
13:05:32.780 [JavaFX Application Thread] DEBUG MainWindow           - FXGLStartupScene -> ErrorSubScene
13:05:35.242 [JavaFX Application Thread] DEBUG GameApplication      - Exiting FXGL
13:05:35.242 [JavaFX Application Thread] DEBUG GameApplication      - Shutting down background threads
13:05:35.243 [JavaFX Application Thread] DEBUG GameApplication      - Closing logger and exiting JavaFX
