14:14:26.245 [main                     ] DEBUG GameApplication      - Logger initialized
14:14:26.268 [main                     ] DEBUG GameApplication      - Logging settings
Title:   Basic Game App  
Version: 0.1
Width: 800
Height: 600
Fullscreen: false
Intro: false
Profiling: true
Single step:false
App Mode: DEVELOPER
Menu Key: ESCAPE
Stage Style: DECORATED
Scene Factory: class com.almasb.fxgl.app.scene.SceneFactory

14:14:26.795 [JavaFX Application Thread] DEBUG GameApplication      - Initializing FXGL
14:14:26.809 [JavaFX Application Thread] INFO  Engine               - FXGL-11.9 (27.05.2020 17.31) on MAC (J:14.0.1 FX:13.0.2)
14:14:26.809 [JavaFX Application Thread] DEBUG Engine               - JRE Vendor Name: Oracle Corporation
14:14:26.810 [JavaFX Application Thread] DEBUG Engine               - Running on OS: Mac OS X version 10.15.5
14:14:26.810 [JavaFX Application Thread] DEBUG Engine               - Architecture: x86_64
14:14:26.810 [JavaFX Application Thread] INFO  Engine               - Source code and latest versions at: https://github.com/AlmasB/FXGL
14:14:26.811 [JavaFX Application Thread] INFO  Engine               -              Join the FXGL chat at: https://gitter.im/AlmasB/FXGL
14:14:26.987 [JavaFX Application Thread] DEBUG MainWindow           - Creating a JavaFX scene
14:14:27.049 [JavaFX Application Thread] DEBUG MainWindow           - Target settings size: 800.0 x 600.0
14:14:27.049 [JavaFX Application Thread] DEBUG MainWindow           - Scaled scene size:    800.0 x 600.0
14:14:27.050 [JavaFX Application Thread] DEBUG MainWindow           - Scaled ratio: (1.0, 1.0)
14:14:27.052 [JavaFX Application Thread] DEBUG MainWindow           - Set initial scene to FXGLStartupScene
14:14:27.059 [JavaFX Application Thread] DEBUG MainWindow           - Opening main window
14:14:27.168 [JavaFX Application Thread] DEBUG MainWindow           - Window border size: (0.0, 22.0)
14:14:27.168 [JavaFX Application Thread] DEBUG MainWindow           - Scaled size: 800.0 x 600.0
14:14:27.169 [JavaFX Application Thread] DEBUG MainWindow           - Scaled ratio: (1.0, 1.0)
14:14:27.169 [JavaFX Application Thread] DEBUG MainWindow           - Scene size: 800.0 x 600.0
14:14:27.169 [JavaFX Application Thread] DEBUG MainWindow           - Stage size: 800.0 x 622.0
14:14:27.180 [FXGL Background Thread 1 ] DEBUG Engine               - Initializing environment variables
14:14:27.216 [FXGL Background Thread 1 ] DEBUG WindowService        - Applying CSS: fxgl_dark.css
14:14:27.217 [FXGL Background Thread 1 ] DEBUG AssetLoaderService   - Loading from file system: /assets/ui/css/fxgl_dark.css
14:14:27.296 [FXGL Background Thread 1 ] DEBUG WindowService        - Initializing application scenes
14:14:27.632 [FXGL Background Thread 1 ] DEBUG GameWorld            - Game world initialized
14:14:27.675 [FXGL Background Thread 1 ] DEBUG PhysicsWorld         - Physics world initialized: appHeight=600, physics.ppm=50,0
14:14:27.678 [FXGL Background Thread 1 ] DEBUG GameScene            - Game scene initialized: 800x600
14:14:27.716 [FXGL Background Thread 1 ] DEBUG AssetLoaderService   - Loading from file system: /assets/textures/particles/trace_horizontal.png
14:14:27.800 [FXGL Background Thread 1 ] DEBUG FXGL.DefaultMenu     - createMenuBodyGameMenu()
14:14:27.824 [FXGL Background Thread 1 ] DEBUG FXGL.DefaultMenu     - createOptionsMenu()
14:14:27.832 [FXGL Background Thread 1 ] DEBUG AssetLoaderService   - Loading from file system: /assets/textures/particles/smoke.png
14:14:27.901 [FXGL Background Thread 1 ] DEBUG WindowService        - Application scenes initialized
14:14:27.915 [FXGL Background Thread 1 ] DEBUG SystemBundleService  - Loading FXGL system data
14:14:27.932 [FXGL Background Thread 1 ] DEBUG FileSystemAccess     - Reading from: /Users/universita/Desktop/ProgettoJava/traffic-scut-sac/JavaTraffic/system/fxgl.bundle
14:14:27.939 [FXGL Background Thread 1 ] DEBUG SystemBundleService  - Bundle FXGL: {}
14:14:27.970 [FXGL Background Thread 1 ] INFO  Engine               - FXGL initialization took: 0,787 sec
14:14:27.972 [FXGL Background Thread 1 ] DEBUG GameApplication      - Loading localizations
14:14:27.973 [FXGL Background Thread 1 ] DEBUG AssetLoaderService   - Loading from file system: /assets/languages/english.lang
14:14:27.989 [FXGL Background Thread 1 ] DEBUG AssetLoaderService   - Loading from file system: /assets/languages/french.lang
14:14:27.992 [FXGL Background Thread 1 ] DEBUG AssetLoaderService   - Loading from file system: /assets/languages/german.lang
14:14:27.995 [FXGL Background Thread 1 ] DEBUG AssetLoaderService   - Loading from file system: /assets/languages/hungarian.lang
14:14:27.998 [FXGL Background Thread 1 ] DEBUG AssetLoaderService   - Loading from file system: /assets/languages/russian.lang
14:14:28.002 [FXGL Background Thread 1 ] DEBUG GameApplication      - Registering font factories with UI factory
14:14:28.003 [FXGL Background Thread 1 ] DEBUG AssetLoaderService   - Loading from file system: /assets/ui/fonts/VarelaRound-Regular.ttf
14:14:28.037 [FXGL Background Thread 1 ] DEBUG AssetLoaderService   - Loading from file system: /assets/ui/fonts/Abel-Regular.ttf
14:14:28.041 [FXGL Background Thread 1 ] DEBUG AssetLoaderService   - Loading from file system: /assets/ui/fonts/lucida_console.ttf
14:14:28.050 [FXGL Background Thread 1 ] DEBUG AssetLoaderService   - Loading from file system: /assets/ui/fonts/Courier-Prime.ttf
14:14:28.065 [JavaFX Application Thread] DEBUG Input                - Registered new binding: Move Right - D
14:14:28.066 [JavaFX Application Thread] DEBUG Input                - Registered new binding: Move Left - A
14:14:28.066 [JavaFX Application Thread] DEBUG Input                - Registered new binding: Move Up - W
14:14:28.066 [JavaFX Application Thread] DEBUG Input                - Registered new binding: Move Down - S
14:14:28.067 [JavaFX Application Thread] DEBUG AssetLoaderService   - Loading from file system: /assets/textures/fxgl_icon.png
14:14:28.109 [JavaFX Application Thread] DEBUG AssetLoaderService   - Loading from file system: /assets/ui/cursors/fxgl_default.png
14:14:28.112 [JavaFX Application Thread] DEBUG Input                - Registered new binding: Screenshot - P
14:14:28.112 [JavaFX Application Thread] DEBUG Input                - Registered new binding: Dev Options - 1
14:14:28.113 [JavaFX Application Thread] DEBUG Input                - Registered new binding: Dev Console - 2
14:14:28.113 [JavaFX Application Thread] DEBUG Input                - Registered new binding: System info dump - CTRL+9
14:14:28.114 [JavaFX Application Thread] DEBUG Input                - Registered new binding: Restart - CTRL+R
14:14:28.115 [JavaFX Application Thread] DEBUG LoopRunner           - Starting loop
14:14:28.169 [JavaFX Application Thread] DEBUG FXGLStartupScene     - STARTUP
14:14:28.169 [JavaFX Application Thread] DEBUG WindowService        - Starting new game
14:14:28.170 [JavaFX Application Thread] DEBUG Input                - Clearing active input actions
14:14:28.195 [JavaFX Application Thread] DEBUG WindowService        - Removing overlay from FXGLStartupScene and adding to FXGLLoadingScene
14:14:28.218 [JavaFX Application Thread] DEBUG MainWindow           - FXGLStartupScene -> FXGLLoadingScene
14:14:28.219 [JavaFX Application Thread] DEBUG WindowService        - Clearing previous game
14:14:28.219 [JavaFX Application Thread] DEBUG GameScene            - Clearing game scene
14:14:28.219 [JavaFX Application Thread] DEBUG GameWorld            - Clearing game world
14:14:28.220 [JavaFX Application Thread] DEBUG PhysicsWorld         - Clearing physics world
14:14:28.221 [FXGL Background Thread 1 ] DEBUG GameApplication      - Initializing game
14:14:28.224 [FXGL Background Thread 1 ] DEBUG AssetLoaderService   - Loading from file system: /assets/textures/gioco-02.png
14:14:28.268 [FXGL Background Thread 1 ] DEBUG AssetLoaderService   - Loading from cache: /assets/textures/gioco-02.png
14:14:28.270 [FXGL Background Thread 1 ] DEBUG AssetLoaderService   - Loading from cache: /assets/textures/gioco-02.png
14:14:28.284 [FXGL Background Thread 1 ] INFO  GameApplication      - Game initialization took: 0,063 sec
14:14:28.524 [JavaFX Application Thread] DEBUG Input                - Clearing active input actions
14:14:28.538 [JavaFX Application Thread] DEBUG WindowService        - Removing overlay from FXGLLoadingScene and adding to GameScene
14:14:28.576 [JavaFX Application Thread] DEBUG MainWindow           - FXGLLoadingScene -> GameScene
14:14:30.974 [FXGL Background Thread 2 ] DEBUG Engine               - Logging environment variables
14:14:30.975 [FXGL Background Thread 2 ] DEBUG Engine               - achievements: []
14:14:30.975 [FXGL Background Thread 2 ] DEBUG Engine               - appIcon: fxgl_icon.png
14:14:30.975 [FXGL Background Thread 2 ] DEBUG Engine               - applicationMode: DEVELOPER
14:14:30.975 [FXGL Background Thread 2 ] DEBUG Engine               - cSSList: [fxgl_dark.css]
14:14:30.976 [FXGL Background Thread 2 ] DEBUG Engine               - configClass: Optional.empty
14:14:30.976 [FXGL Background Thread 2 ] DEBUG Engine               - credits: []
14:14:30.976 [FXGL Background Thread 2 ] DEBUG Engine               - devBBoxColorProperty: ObjectProperty [value: 0xff0000ff]
14:14:30.976 [FXGL Background Thread 2 ] DEBUG Engine               - devSensorColorProperty: ObjectProperty [value: 0xffff00ff]
14:14:30.977 [FXGL Background Thread 2 ] DEBUG Engine               - devShowBBoxProperty: BooleanProperty [value: false]
14:14:30.977 [FXGL Background Thread 2 ] DEBUG Engine               - devShowPositionProperty: BooleanProperty [value: false]
14:14:30.977 [FXGL Background Thread 2 ] DEBUG Engine               - enabledMenuItems: []
14:14:30.977 [FXGL Background Thread 2 ] DEBUG Engine               - engineServices: [class com.almasb.fxgl.app.GameApplication$GameApplicationService, class com.almasb.fxgl.app.services.WindowService, class com.almasb.fxgl.app.services.FXGLDialogService, class com.almasb.fxgl.app.services.IOTaskExecutorService, class com.almasb.fxgl.event.EventBusService, class com.almasb.fxgl.io.FileSystemService, class com.almasb.fxgl.localization.LocalizationService, class com.almasb.fxgl.app.services.AssetLoaderService, class com.almasb.fxgl.app.services.SystemBundleService, class com.almasb.fxgl.profile.SaveLoadService, class com.almasb.fxgl.ui.FXGLUIFactoryServiceProvider, class com.almasb.fxgl.ui.FXGLDialogFactoryServiceProvider, class com.almasb.fxgl.audio.AudioPlayer, class com.almasb.fxgl.notification.impl.NotificationServiceProvider, class com.almasb.fxgl.achievement.AchievementService, class com.almasb.fxgl.cutscene.CutsceneService, class com.almasb.fxgl.minigames.MiniGameService, class com.almasb.fxgl.net.NetService, class com.almasb.fxgl.app.services.UpdaterService, class com.almasb.fxgl.dev.DevService, class com.almasb.fxgl.dev.profiling.ProfilerService]
14:14:30.978 [FXGL Background Thread 2 ] DEBUG Engine               - fontGame: Abel-Regular.ttf
14:14:30.978 [FXGL Background Thread 2 ] DEBUG Engine               - fontMono: lucida_console.ttf
14:14:30.978 [FXGL Background Thread 2 ] DEBUG Engine               - fontText: Courier-Prime.ttf
14:14:30.978 [FXGL Background Thread 2 ] DEBUG Engine               - fontUI: VarelaRound-Regular.ttf
14:14:30.979 [FXGL Background Thread 2 ] DEBUG Engine               - fullScreen: BooleanProperty [value: false]
14:14:30.979 [FXGL Background Thread 2 ] DEBUG Engine               - gameDifficulty: MEDIUM
14:14:30.979 [FXGL Background Thread 2 ] DEBUG Engine               - gameDifficultyProperty: ObjectProperty [value: MEDIUM]
14:14:30.979 [FXGL Background Thread 2 ] DEBUG Engine               - globalMusicVolume: 0.5
14:14:30.979 [FXGL Background Thread 2 ] DEBUG Engine               - globalMusicVolumeProperty: DoubleProperty [value: 0.5]
14:14:30.980 [FXGL Background Thread 2 ] DEBUG Engine               - globalSoundVolume: 0.5
14:14:30.980 [FXGL Background Thread 2 ] DEBUG Engine               - globalSoundVolumeProperty: DoubleProperty [value: 0.5]
14:14:30.980 [FXGL Background Thread 2 ] DEBUG Engine               - height: 600
14:14:30.980 [FXGL Background Thread 2 ] DEBUG Engine               - isAndroid: false
14:14:30.980 [FXGL Background Thread 2 ] DEBUG Engine               - isBrowser: false
14:14:30.981 [FXGL Background Thread 2 ] DEBUG Engine               - isClickFeedbackEnabled: false
14:14:30.981 [FXGL Background Thread 2 ] DEBUG Engine               - isCloseConfirmation: false
14:14:30.981 [FXGL Background Thread 2 ] DEBUG Engine               - isDesktop: true
14:14:30.981 [FXGL Background Thread 2 ] DEBUG Engine               - isDeveloperMenuEnabled: true
14:14:30.981 [FXGL Background Thread 2 ] DEBUG Engine               - isExperimentalNative: false
14:14:30.982 [FXGL Background Thread 2 ] DEBUG Engine               - isExperimentalTiledLargeMap: false
14:14:30.982 [FXGL Background Thread 2 ] DEBUG Engine               - isFullScreenAllowed: false
14:14:30.982 [FXGL Background Thread 2 ] DEBUG Engine               - isFullScreenFromStart: false
14:14:30.982 [FXGL Background Thread 2 ] DEBUG Engine               - isGameMenuEnabled: true
14:14:30.982 [FXGL Background Thread 2 ] DEBUG Engine               - isIOS: false
14:14:30.982 [FXGL Background Thread 2 ] DEBUG Engine               - isIntroEnabled: false
14:14:30.982 [FXGL Background Thread 2 ] DEBUG Engine               - isLinux: false
14:14:30.983 [FXGL Background Thread 2 ] DEBUG Engine               - isMac: true
14:14:30.983 [FXGL Background Thread 2 ] DEBUG Engine               - isMainMenuEnabled: false
14:14:30.983 [FXGL Background Thread 2 ] DEBUG Engine               - isManualResizeEnabled: false
14:14:30.983 [FXGL Background Thread 2 ] DEBUG Engine               - isMobile: false
14:14:30.984 [FXGL Background Thread 2 ] DEBUG Engine               - isPreserveResizeRatio: false
14:14:30.984 [FXGL Background Thread 2 ] DEBUG Engine               - isProfilingEnabled: true
14:14:30.984 [FXGL Background Thread 2 ] DEBUG Engine               - isSingleStep: false
14:14:30.984 [FXGL Background Thread 2 ] DEBUG Engine               - isUserProfileEnabled: false
14:14:30.984 [FXGL Background Thread 2 ] DEBUG Engine               - isWindows: false
14:14:30.984 [FXGL Background Thread 2 ] DEBUG Engine               - language: ObjectProperty [value: ENGLISH]
14:14:30.985 [FXGL Background Thread 2 ] DEBUG Engine               - mainWindow: com.almasb.fxgl.app.MainWindow@50321d6c
14:14:30.985 [FXGL Background Thread 2 ] DEBUG Engine               - menuKey: ESCAPE
14:14:30.985 [FXGL Background Thread 2 ] DEBUG Engine               - notificationViewClass: class com.almasb.fxgl.notification.view.XboxNotificationView
14:14:30.985 [FXGL Background Thread 2 ] DEBUG Engine               - pixelsPerMeter: 50.0
14:14:30.985 [FXGL Background Thread 2 ] DEBUG Engine               - platform: MAC
14:14:30.985 [FXGL Background Thread 2 ] DEBUG Engine               - profileDir: profiles/
14:14:30.986 [FXGL Background Thread 2 ] DEBUG Engine               - profileName: StringProperty [value: DEFAULT]
14:14:30.986 [FXGL Background Thread 2 ] DEBUG Engine               - randomSeed: -1
14:14:30.986 [FXGL Background Thread 2 ] DEBUG Engine               - runtimeInfo: RuntimeInfo(platform=MAC, version=11.9, build=27.05.2020 17.31)
14:14:30.986 [FXGL Background Thread 2 ] DEBUG Engine               - saveFileExt: sav
14:14:30.986 [FXGL Background Thread 2 ] DEBUG Engine               - sceneFactory: com.almasb.fxgl.app.scene.SceneFactory@540d83b2
14:14:30.986 [FXGL Background Thread 2 ] DEBUG Engine               - secondsIn24h: 60
14:14:30.986 [FXGL Background Thread 2 ] DEBUG Engine               - settings: Title:   Basic Game App  
Version: 0.1
Width: 800
Height: 600
Fullscreen: false
Intro: false
Profiling: true
Single step:false
App Mode: DEVELOPER
Menu Key: ESCAPE
Stage Style: DECORATED
Scene Factory: class com.almasb.fxgl.app.scene.SceneFactory

14:14:30.987 [FXGL Background Thread 2 ] DEBUG Engine               - soundMenuBack: menu/back.wav
14:14:30.987 [FXGL Background Thread 2 ] DEBUG Engine               - soundMenuPress: menu/press.wav
14:14:30.987 [FXGL Background Thread 2 ] DEBUG Engine               - soundMenuSelect: menu/select.wav
14:14:30.987 [FXGL Background Thread 2 ] DEBUG Engine               - soundNotification: core/notification.wav
14:14:30.987 [FXGL Background Thread 2 ] DEBUG Engine               - stageStyle: DECORATED
14:14:30.987 [FXGL Background Thread 2 ] DEBUG Engine               - supportedLanguages: [ENGLISH, FRENCH, GERMAN, HUNGARIAN, RUSSIAN]
14:14:30.988 [FXGL Background Thread 2 ] DEBUG Engine               - title:   Basic Game App  
14:14:30.988 [FXGL Background Thread 2 ] DEBUG Engine               - urlGithub: https://github.com/AlmasB/FXGL
14:14:30.988 [FXGL Background Thread 2 ] DEBUG Engine               - urlLeaderboard: http://fxgl-top.herokuapp.com/
14:14:30.988 [FXGL Background Thread 2 ] DEBUG Engine               - urlPOM: https://raw.githubusercontent.com/AlmasB/FXGL/master/pom.xml
14:14:30.989 [FXGL Background Thread 2 ] DEBUG Engine               - version: 0.1
14:14:30.989 [FXGL Background Thread 2 ] DEBUG Engine               - versionCheckDays: 7
14:14:30.989 [FXGL Background Thread 2 ] DEBUG Engine               - width: 800
14:14:30.989 [FXGL Background Thread 2 ] DEBUG Engine               - Logging services
14:14:30.989 [FXGL Background Thread 2 ] DEBUG Engine               - class com.almasb.fxgl.app.GameApplication$GameApplicationService
14:14:30.989 [FXGL Background Thread 2 ] DEBUG Engine               - class com.almasb.fxgl.app.services.WindowService
14:14:30.989 [FXGL Background Thread 2 ] DEBUG Engine               - class com.almasb.fxgl.app.services.FXGLDialogService
14:14:30.990 [FXGL Background Thread 2 ] DEBUG Engine               - class com.almasb.fxgl.app.services.IOTaskExecutorService
14:14:30.990 [FXGL Background Thread 2 ] DEBUG Engine               - class com.almasb.fxgl.event.EventBusService
14:14:30.990 [FXGL Background Thread 2 ] DEBUG Engine               - class com.almasb.fxgl.io.FileSystemService
14:14:30.990 [FXGL Background Thread 2 ] DEBUG Engine               - class com.almasb.fxgl.localization.LocalizationService
14:14:30.990 [FXGL Background Thread 2 ] DEBUG Engine               - class com.almasb.fxgl.app.services.AssetLoaderService
14:14:30.991 [FXGL Background Thread 2 ] DEBUG Engine               - class com.almasb.fxgl.app.services.SystemBundleService
14:14:30.991 [FXGL Background Thread 2 ] DEBUG Engine               - class com.almasb.fxgl.profile.SaveLoadService
14:14:30.991 [FXGL Background Thread 2 ] DEBUG Engine               - class com.almasb.fxgl.ui.FXGLUIFactoryServiceProvider
14:14:30.991 [FXGL Background Thread 2 ] DEBUG Engine               - class com.almasb.fxgl.ui.FXGLDialogFactoryServiceProvider
14:14:30.991 [FXGL Background Thread 2 ] DEBUG Engine               - class com.almasb.fxgl.audio.AudioPlayer
14:14:30.991 [FXGL Background Thread 2 ] DEBUG Engine               - class com.almasb.fxgl.notification.impl.NotificationServiceProvider
14:14:30.991 [FXGL Background Thread 2 ] DEBUG Engine               - class com.almasb.fxgl.achievement.AchievementService
14:14:30.992 [FXGL Background Thread 2 ] DEBUG Engine               - class com.almasb.fxgl.cutscene.CutsceneService
14:14:30.992 [FXGL Background Thread 2 ] DEBUG Engine               - class com.almasb.fxgl.minigames.MiniGameService
14:14:30.992 [FXGL Background Thread 2 ] DEBUG Engine               - class com.almasb.fxgl.net.NetService
14:14:30.992 [FXGL Background Thread 2 ] DEBUG Engine               - class com.almasb.fxgl.app.services.UpdaterService
14:14:30.992 [FXGL Background Thread 2 ] DEBUG Engine               - class com.almasb.fxgl.dev.DevService
14:14:30.992 [FXGL Background Thread 2 ] DEBUG Engine               - class com.almasb.fxgl.dev.profiling.ProfilerService
14:15:01.225 [JavaFX Application Thread] DEBUG MainWindow           - Push state: FXGLDefaultMenu
14:15:01.243 [JavaFX Application Thread] DEBUG Input                - Clearing active input actions
14:15:01.247 [JavaFX Application Thread] DEBUG WindowService        - Removing overlay from GameScene and adding to FXGLDefaultMenu
14:15:01.261 [JavaFX Application Thread] DEBUG MainWindow           - GameScene -> FXGLDefaultMenu
14:15:02.064 [JavaFX Application Thread] DEBUG Menu                 - fireExit()
14:15:02.068 [JavaFX Application Thread] DEBUG MainWindow           - Push state: DialogSubScene
14:15:02.068 [JavaFX Application Thread] DEBUG Input                - Clearing active input actions
14:15:02.070 [JavaFX Application Thread] DEBUG WindowService        - Removing overlay from FXGLDefaultMenu and adding to DialogSubScene
14:15:02.079 [JavaFX Application Thread] DEBUG MainWindow           - FXGLDefaultMenu -> DialogSubScene
14:15:02.656 [JavaFX Application Thread] DEBUG MainWindow           - Pop state: DialogSubScene
14:15:02.656 [JavaFX Application Thread] DEBUG Input                - Clearing active input actions
14:15:02.657 [JavaFX Application Thread] DEBUG WindowService        - Removing overlay from DialogSubScene and adding to FXGLDefaultMenu
14:15:02.667 [JavaFX Application Thread] DEBUG MainWindow           - FXGLDefaultMenu <- DialogSubScene
14:15:02.667 [JavaFX Application Thread] DEBUG GameApplication      - Exiting FXGL
14:15:02.667 [JavaFX Application Thread] DEBUG LoopRunner           - Stopping loop
14:15:02.667 [JavaFX Application Thread] DEBUG SystemBundleService  - Saving FXGL system data
14:15:02.669 [JavaFX Application Thread] DEBUG FileSystemAccess     - Writing to: /Users/universita/Desktop/ProgettoJava/traffic-scut-sac/JavaTraffic/system/fxgl.bundle
14:15:02.671 [JavaFX Application Thread] INFO  ProfilerService      - Processed Frames: 2526
14:15:02.672 [JavaFX Application Thread] INFO  ProfilerService      - Average FPS: 59
14:15:02.672 [JavaFX Application Thread] INFO  ProfilerService      - Avg Frame Took: 13,63 ms
14:15:02.672 [JavaFX Application Thread] INFO  ProfilerService      - Avg Memory Usage: 28 MB
14:15:02.672 [JavaFX Application Thread] INFO  ProfilerService      - Min Memory Usage: 14 MB
14:15:02.673 [JavaFX Application Thread] INFO  ProfilerService      - Max Memory Usage: 40 MB
14:15:02.673 [JavaFX Application Thread] INFO  ProfilerService      - Estimated GC runs: 2
14:15:02.673 [JavaFX Application Thread] DEBUG GameApplication      - Shutting down background threads
14:15:02.673 [JavaFX Application Thread] DEBUG GameApplication      - Closing logger and exiting JavaFX
