14:13:55.974 [main                     ] DEBUG GameApplication      - Logger initialized
14:13:55.996 [main                     ] DEBUG GameApplication      - Logging settings
Title:   Basic Game App  
Version: 0.1
Width: 800
Height: 600
Fullscreen: false
Intro: false
Profiling: true
Single step:false
App Mode: DEVELOPER
Menu Key: ESCAPE
Stage Style: DECORATED
Scene Factory: class com.almasb.fxgl.app.scene.SceneFactory

14:13:56.424 [JavaFX Application Thread] DEBUG GameApplication      - Initializing FXGL
14:13:56.437 [JavaFX Application Thread] INFO  Engine               - FXGL-11.9 (27.05.2020 17.31) on MAC (J:14.0.1 FX:13.0.2)
14:13:56.438 [JavaFX Application Thread] DEBUG Engine               - JRE Vendor Name: Oracle Corporation
14:13:56.438 [JavaFX Application Thread] DEBUG Engine               - Running on OS: Mac OS X version 10.15.5
14:13:56.438 [JavaFX Application Thread] DEBUG Engine               - Architecture: x86_64
14:13:56.439 [JavaFX Application Thread] INFO  Engine               - Source code and latest versions at: https://github.com/AlmasB/FXGL
14:13:56.439 [JavaFX Application Thread] INFO  Engine               -              Join the FXGL chat at: https://gitter.im/AlmasB/FXGL
14:13:56.600 [JavaFX Application Thread] DEBUG MainWindow           - Creating a JavaFX scene
14:13:56.664 [JavaFX Application Thread] DEBUG MainWindow           - Target settings size: 800.0 x 600.0
14:13:56.664 [JavaFX Application Thread] DEBUG MainWindow           - Scaled scene size:    800.0 x 600.0
14:13:56.665 [JavaFX Application Thread] DEBUG MainWindow           - Scaled ratio: (1.0, 1.0)
14:13:56.666 [JavaFX Application Thread] DEBUG MainWindow           - Set initial scene to FXGLStartupScene
14:13:56.676 [JavaFX Application Thread] DEBUG MainWindow           - Opening main window
14:13:56.767 [JavaFX Application Thread] DEBUG MainWindow           - Window border size: (0.0, 22.0)
14:13:56.767 [JavaFX Application Thread] DEBUG MainWindow           - Scaled size: 800.0 x 600.0
14:13:56.767 [JavaFX Application Thread] DEBUG MainWindow           - Scaled ratio: (1.0, 1.0)
14:13:56.768 [JavaFX Application Thread] DEBUG MainWindow           - Scene size: 800.0 x 600.0
14:13:56.768 [JavaFX Application Thread] DEBUG MainWindow           - Stage size: 800.0 x 622.0
14:13:56.777 [FXGL Background Thread 1 ] DEBUG Engine               - Initializing environment variables
14:13:56.810 [FXGL Background Thread 1 ] DEBUG WindowService        - Applying CSS: fxgl_dark.css
14:13:56.811 [FXGL Background Thread 1 ] DEBUG AssetLoaderService   - Loading from file system: /assets/ui/css/fxgl_dark.css
14:13:56.893 [FXGL Background Thread 1 ] DEBUG WindowService        - Initializing application scenes
14:13:57.205 [FXGL Background Thread 1 ] DEBUG GameWorld            - Game world initialized
14:13:57.247 [FXGL Background Thread 1 ] DEBUG PhysicsWorld         - Physics world initialized: appHeight=600, physics.ppm=50,0
14:13:57.249 [FXGL Background Thread 1 ] DEBUG GameScene            - Game scene initialized: 800x600
14:13:57.340 [FXGL Background Thread 1 ] DEBUG AssetLoaderService   - Loading from file system: /assets/textures/particles/trace_horizontal.png
14:13:57.527 [FXGL Background Thread 1 ] DEBUG FXGL.DefaultMenu     - createMenuBodyGameMenu()
14:13:57.568 [FXGL Background Thread 1 ] DEBUG FXGL.DefaultMenu     - createOptionsMenu()
14:13:57.588 [FXGL Background Thread 1 ] DEBUG AssetLoaderService   - Loading from file system: /assets/textures/particles/smoke.png
14:13:57.692 [FXGL Background Thread 1 ] DEBUG WindowService        - Application scenes initialized
14:13:57.712 [FXGL Background Thread 1 ] DEBUG SystemBundleService  - Loading FXGL system data
14:13:57.720 [FXGL Background Thread 1 ] DEBUG FileSystemAccess     - Reading from: /Users/universita/Desktop/ProgettoJava/traffic-scut-sac/JavaTraffic/system/fxgl.bundle
14:13:57.730 [FXGL Background Thread 1 ] DEBUG SystemBundleService  - Bundle FXGL: {}
14:13:57.758 [FXGL Background Thread 1 ] INFO  Engine               - FXGL initialization took: 0,978 sec
14:13:57.760 [FXGL Background Thread 1 ] DEBUG GameApplication      - Loading localizations
14:13:57.761 [FXGL Background Thread 1 ] DEBUG AssetLoaderService   - Loading from file system: /assets/languages/english.lang
14:13:57.777 [FXGL Background Thread 1 ] DEBUG AssetLoaderService   - Loading from file system: /assets/languages/french.lang
14:13:57.780 [FXGL Background Thread 1 ] DEBUG AssetLoaderService   - Loading from file system: /assets/languages/german.lang
14:13:57.782 [FXGL Background Thread 1 ] DEBUG AssetLoaderService   - Loading from file system: /assets/languages/hungarian.lang
14:13:57.786 [FXGL Background Thread 1 ] DEBUG AssetLoaderService   - Loading from file system: /assets/languages/russian.lang
14:13:57.788 [FXGL Background Thread 1 ] DEBUG GameApplication      - Registering font factories with UI factory
14:13:57.789 [FXGL Background Thread 1 ] DEBUG AssetLoaderService   - Loading from file system: /assets/ui/fonts/VarelaRound-Regular.ttf
14:13:57.809 [FXGL Background Thread 1 ] DEBUG AssetLoaderService   - Loading from file system: /assets/ui/fonts/Abel-Regular.ttf
14:13:57.815 [FXGL Background Thread 1 ] DEBUG AssetLoaderService   - Loading from file system: /assets/ui/fonts/lucida_console.ttf
14:13:57.823 [FXGL Background Thread 1 ] DEBUG AssetLoaderService   - Loading from file system: /assets/ui/fonts/Courier-Prime.ttf
14:13:57.837 [JavaFX Application Thread] DEBUG Input                - Registered new binding: Move Right - D
14:13:57.838 [JavaFX Application Thread] DEBUG Input                - Registered new binding: Move Left - A
14:13:57.838 [JavaFX Application Thread] DEBUG Input                - Registered new binding: Move Up - W
14:13:57.838 [JavaFX Application Thread] DEBUG Input                - Registered new binding: Move Down - S
14:13:57.839 [JavaFX Application Thread] DEBUG AssetLoaderService   - Loading from file system: /assets/textures/fxgl_icon.png
14:13:57.873 [JavaFX Application Thread] DEBUG AssetLoaderService   - Loading from file system: /assets/ui/cursors/fxgl_default.png
14:13:57.876 [JavaFX Application Thread] DEBUG Input                - Registered new binding: Screenshot - P
14:13:57.876 [JavaFX Application Thread] DEBUG Input                - Registered new binding: Dev Options - 1
14:13:57.877 [JavaFX Application Thread] DEBUG Input                - Registered new binding: Dev Console - 2
14:13:57.878 [JavaFX Application Thread] DEBUG Input                - Registered new binding: System info dump - CTRL+9
14:13:57.878 [JavaFX Application Thread] DEBUG Input                - Registered new binding: Restart - CTRL+R
14:13:57.880 [JavaFX Application Thread] DEBUG LoopRunner           - Starting loop
14:13:57.946 [JavaFX Application Thread] DEBUG FXGLStartupScene     - STARTUP
14:13:57.946 [JavaFX Application Thread] DEBUG WindowService        - Starting new game
14:13:57.947 [JavaFX Application Thread] DEBUG Input                - Clearing active input actions
14:13:58.025 [JavaFX Application Thread] DEBUG WindowService        - Removing overlay from FXGLStartupScene and adding to FXGLLoadingScene
14:13:58.031 [JavaFX Application Thread] DEBUG MainWindow           - FXGLStartupScene -> FXGLLoadingScene
14:13:58.032 [JavaFX Application Thread] DEBUG WindowService        - Clearing previous game
14:13:58.034 [JavaFX Application Thread] DEBUG GameScene            - Clearing game scene
14:13:58.034 [JavaFX Application Thread] DEBUG GameWorld            - Clearing game world
14:13:58.034 [JavaFX Application Thread] DEBUG PhysicsWorld         - Clearing physics world
14:13:58.079 [FXGL Background Thread 1 ] DEBUG GameApplication      - Initializing game
14:13:58.085 [FXGL Background Thread 1 ] DEBUG AssetLoaderService   - Loading from file system: /assets/textures/gioco-02.png
14:13:58.108 [FXGL Background Thread 1 ] INFO  GameApplication      - Game initialization took: 0,029 sec
14:13:58.294 [JavaFX Application Thread] DEBUG Input                - Clearing active input actions
14:13:58.309 [JavaFX Application Thread] DEBUG WindowService        - Removing overlay from FXGLLoadingScene and adding to GameScene
14:13:58.351 [JavaFX Application Thread] DEBUG MainWindow           - FXGLLoadingScene -> GameScene
14:14:00.764 [FXGL Background Thread 2 ] DEBUG Engine               - Logging environment variables
14:14:00.766 [FXGL Background Thread 2 ] DEBUG Engine               - achievements: []
14:14:00.766 [FXGL Background Thread 2 ] DEBUG Engine               - appIcon: fxgl_icon.png
14:14:00.767 [FXGL Background Thread 2 ] DEBUG Engine               - applicationMode: DEVELOPER
14:14:00.767 [FXGL Background Thread 2 ] DEBUG Engine               - cSSList: [fxgl_dark.css]
14:14:00.767 [FXGL Background Thread 2 ] DEBUG Engine               - configClass: Optional.empty
14:14:00.767 [FXGL Background Thread 2 ] DEBUG Engine               - credits: []
14:14:00.768 [FXGL Background Thread 2 ] DEBUG Engine               - devBBoxColorProperty: ObjectProperty [value: 0xff0000ff]
14:14:00.768 [FXGL Background Thread 2 ] DEBUG Engine               - devSensorColorProperty: ObjectProperty [value: 0xffff00ff]
14:14:00.768 [FXGL Background Thread 2 ] DEBUG Engine               - devShowBBoxProperty: BooleanProperty [value: false]
14:14:00.768 [FXGL Background Thread 2 ] DEBUG Engine               - devShowPositionProperty: BooleanProperty [value: false]
14:14:00.769 [FXGL Background Thread 2 ] DEBUG Engine               - enabledMenuItems: []
14:14:00.769 [FXGL Background Thread 2 ] DEBUG Engine               - engineServices: [class com.almasb.fxgl.app.GameApplication$GameApplicationService, class com.almasb.fxgl.app.services.WindowService, class com.almasb.fxgl.app.services.FXGLDialogService, class com.almasb.fxgl.app.services.IOTaskExecutorService, class com.almasb.fxgl.event.EventBusService, class com.almasb.fxgl.io.FileSystemService, class com.almasb.fxgl.localization.LocalizationService, class com.almasb.fxgl.app.services.AssetLoaderService, class com.almasb.fxgl.app.services.SystemBundleService, class com.almasb.fxgl.profile.SaveLoadService, class com.almasb.fxgl.ui.FXGLUIFactoryServiceProvider, class com.almasb.fxgl.ui.FXGLDialogFactoryServiceProvider, class com.almasb.fxgl.audio.AudioPlayer, class com.almasb.fxgl.notification.impl.NotificationServiceProvider, class com.almasb.fxgl.achievement.AchievementService, class com.almasb.fxgl.cutscene.CutsceneService, class com.almasb.fxgl.minigames.MiniGameService, class com.almasb.fxgl.net.NetService, class com.almasb.fxgl.app.services.UpdaterService, class com.almasb.fxgl.dev.DevService, class com.almasb.fxgl.dev.profiling.ProfilerService]
14:14:00.769 [FXGL Background Thread 2 ] DEBUG Engine               - fontGame: Abel-Regular.ttf
14:14:00.769 [FXGL Background Thread 2 ] DEBUG Engine               - fontMono: lucida_console.ttf
14:14:00.769 [FXGL Background Thread 2 ] DEBUG Engine               - fontText: Courier-Prime.ttf
14:14:00.770 [FXGL Background Thread 2 ] DEBUG Engine               - fontUI: VarelaRound-Regular.ttf
14:14:00.770 [FXGL Background Thread 2 ] DEBUG Engine               - fullScreen: BooleanProperty [value: false]
14:14:00.770 [FXGL Background Thread 2 ] DEBUG Engine               - gameDifficulty: MEDIUM
14:14:00.770 [FXGL Background Thread 2 ] DEBUG Engine               - gameDifficultyProperty: ObjectProperty [value: MEDIUM]
14:14:00.770 [FXGL Background Thread 2 ] DEBUG Engine               - globalMusicVolume: 0.5
14:14:00.771 [FXGL Background Thread 2 ] DEBUG Engine               - globalMusicVolumeProperty: DoubleProperty [value: 0.5]
14:14:00.771 [FXGL Background Thread 2 ] DEBUG Engine               - globalSoundVolume: 0.5
14:14:00.771 [FXGL Background Thread 2 ] DEBUG Engine               - globalSoundVolumeProperty: DoubleProperty [value: 0.5]
14:14:00.771 [FXGL Background Thread 2 ] DEBUG Engine               - height: 600
14:14:00.771 [FXGL Background Thread 2 ] DEBUG Engine               - isAndroid: false
14:14:00.772 [FXGL Background Thread 2 ] DEBUG Engine               - isBrowser: false
14:14:00.772 [FXGL Background Thread 2 ] DEBUG Engine               - isClickFeedbackEnabled: false
14:14:00.772 [FXGL Background Thread 2 ] DEBUG Engine               - isCloseConfirmation: false
14:14:00.772 [FXGL Background Thread 2 ] DEBUG Engine               - isDesktop: true
14:14:00.772 [FXGL Background Thread 2 ] DEBUG Engine               - isDeveloperMenuEnabled: true
14:14:00.772 [FXGL Background Thread 2 ] DEBUG Engine               - isExperimentalNative: false
14:14:00.773 [FXGL Background Thread 2 ] DEBUG Engine               - isExperimentalTiledLargeMap: false
14:14:00.773 [FXGL Background Thread 2 ] DEBUG Engine               - isFullScreenAllowed: false
14:14:00.773 [FXGL Background Thread 2 ] DEBUG Engine               - isFullScreenFromStart: false
14:14:00.773 [FXGL Background Thread 2 ] DEBUG Engine               - isGameMenuEnabled: true
14:14:00.774 [FXGL Background Thread 2 ] DEBUG Engine               - isIOS: false
14:14:00.774 [FXGL Background Thread 2 ] DEBUG Engine               - isIntroEnabled: false
14:14:00.774 [FXGL Background Thread 2 ] DEBUG Engine               - isLinux: false
14:14:00.774 [FXGL Background Thread 2 ] DEBUG Engine               - isMac: true
14:14:00.774 [FXGL Background Thread 2 ] DEBUG Engine               - isMainMenuEnabled: false
14:14:00.774 [FXGL Background Thread 2 ] DEBUG Engine               - isManualResizeEnabled: false
14:14:00.775 [FXGL Background Thread 2 ] DEBUG Engine               - isMobile: false
14:14:00.775 [FXGL Background Thread 2 ] DEBUG Engine               - isPreserveResizeRatio: false
14:14:00.775 [FXGL Background Thread 2 ] DEBUG Engine               - isProfilingEnabled: true
14:14:00.775 [FXGL Background Thread 2 ] DEBUG Engine               - isSingleStep: false
14:14:00.775 [FXGL Background Thread 2 ] DEBUG Engine               - isUserProfileEnabled: false
14:14:00.775 [FXGL Background Thread 2 ] DEBUG Engine               - isWindows: false
14:14:00.775 [FXGL Background Thread 2 ] DEBUG Engine               - language: ObjectProperty [value: ENGLISH]
14:14:00.776 [FXGL Background Thread 2 ] DEBUG Engine               - mainWindow: com.almasb.fxgl.app.MainWindow@50321d6c
14:14:00.776 [FXGL Background Thread 2 ] DEBUG Engine               - menuKey: ESCAPE
14:14:00.776 [FXGL Background Thread 2 ] DEBUG Engine               - notificationViewClass: class com.almasb.fxgl.notification.view.XboxNotificationView
14:14:00.776 [FXGL Background Thread 2 ] DEBUG Engine               - pixelsPerMeter: 50.0
14:14:00.776 [FXGL Background Thread 2 ] DEBUG Engine               - platform: MAC
14:14:00.776 [FXGL Background Thread 2 ] DEBUG Engine               - profileDir: profiles/
14:14:00.777 [FXGL Background Thread 2 ] DEBUG Engine               - profileName: StringProperty [value: DEFAULT]
14:14:00.777 [FXGL Background Thread 2 ] DEBUG Engine               - randomSeed: -1
14:14:00.777 [FXGL Background Thread 2 ] DEBUG Engine               - runtimeInfo: RuntimeInfo(platform=MAC, version=11.9, build=27.05.2020 17.31)
14:14:00.777 [FXGL Background Thread 2 ] DEBUG Engine               - saveFileExt: sav
14:14:00.777 [FXGL Background Thread 2 ] DEBUG Engine               - sceneFactory: com.almasb.fxgl.app.scene.SceneFactory@540d83b2
14:14:00.778 [FXGL Background Thread 2 ] DEBUG Engine               - secondsIn24h: 60
14:14:00.778 [FXGL Background Thread 2 ] DEBUG Engine               - settings: Title:   Basic Game App  
Version: 0.1
Width: 800
Height: 600
Fullscreen: false
Intro: false
Profiling: true
Single step:false
App Mode: DEVELOPER
Menu Key: ESCAPE
Stage Style: DECORATED
Scene Factory: class com.almasb.fxgl.app.scene.SceneFactory

14:14:00.778 [FXGL Background Thread 2 ] DEBUG Engine               - soundMenuBack: menu/back.wav
14:14:00.778 [FXGL Background Thread 2 ] DEBUG Engine               - soundMenuPress: menu/press.wav
14:14:00.778 [FXGL Background Thread 2 ] DEBUG Engine               - soundMenuSelect: menu/select.wav
14:14:00.778 [FXGL Background Thread 2 ] DEBUG Engine               - soundNotification: core/notification.wav
14:14:00.778 [FXGL Background Thread 2 ] DEBUG Engine               - stageStyle: DECORATED
14:14:00.778 [FXGL Background Thread 2 ] DEBUG Engine               - supportedLanguages: [ENGLISH, FRENCH, GERMAN, HUNGARIAN, RUSSIAN]
14:14:00.779 [FXGL Background Thread 2 ] DEBUG Engine               - title:   Basic Game App  
14:14:00.779 [FXGL Background Thread 2 ] DEBUG Engine               - urlGithub: https://github.com/AlmasB/FXGL
14:14:00.779 [FXGL Background Thread 2 ] DEBUG Engine               - urlLeaderboard: http://fxgl-top.herokuapp.com/
14:14:00.779 [FXGL Background Thread 2 ] DEBUG Engine               - urlPOM: https://raw.githubusercontent.com/AlmasB/FXGL/master/pom.xml
14:14:00.779 [FXGL Background Thread 2 ] DEBUG Engine               - version: 0.1
14:14:00.780 [FXGL Background Thread 2 ] DEBUG Engine               - versionCheckDays: 7
14:14:00.780 [FXGL Background Thread 2 ] DEBUG Engine               - width: 800
14:14:00.780 [FXGL Background Thread 2 ] DEBUG Engine               - Logging services
14:14:00.780 [FXGL Background Thread 2 ] DEBUG Engine               - class com.almasb.fxgl.app.GameApplication$GameApplicationService
14:14:00.780 [FXGL Background Thread 2 ] DEBUG Engine               - class com.almasb.fxgl.app.services.WindowService
14:14:00.781 [FXGL Background Thread 2 ] DEBUG Engine               - class com.almasb.fxgl.app.services.FXGLDialogService
14:14:00.781 [FXGL Background Thread 2 ] DEBUG Engine               - class com.almasb.fxgl.app.services.IOTaskExecutorService
14:14:00.781 [FXGL Background Thread 2 ] DEBUG Engine               - class com.almasb.fxgl.event.EventBusService
14:14:00.781 [FXGL Background Thread 2 ] DEBUG Engine               - class com.almasb.fxgl.io.FileSystemService
14:14:00.781 [FXGL Background Thread 2 ] DEBUG Engine               - class com.almasb.fxgl.localization.LocalizationService
14:14:00.782 [FXGL Background Thread 2 ] DEBUG Engine               - class com.almasb.fxgl.app.services.AssetLoaderService
14:14:00.782 [FXGL Background Thread 2 ] DEBUG Engine               - class com.almasb.fxgl.app.services.SystemBundleService
14:14:00.782 [FXGL Background Thread 2 ] DEBUG Engine               - class com.almasb.fxgl.profile.SaveLoadService
14:14:00.782 [FXGL Background Thread 2 ] DEBUG Engine               - class com.almasb.fxgl.ui.FXGLUIFactoryServiceProvider
14:14:00.783 [FXGL Background Thread 2 ] DEBUG Engine               - class com.almasb.fxgl.ui.FXGLDialogFactoryServiceProvider
14:14:00.783 [FXGL Background Thread 2 ] DEBUG Engine               - class com.almasb.fxgl.audio.AudioPlayer
14:14:00.783 [FXGL Background Thread 2 ] DEBUG Engine               - class com.almasb.fxgl.notification.impl.NotificationServiceProvider
14:14:00.783 [FXGL Background Thread 2 ] DEBUG Engine               - class com.almasb.fxgl.achievement.AchievementService
14:14:00.783 [FXGL Background Thread 2 ] DEBUG Engine               - class com.almasb.fxgl.cutscene.CutsceneService
14:14:00.784 [FXGL Background Thread 2 ] DEBUG Engine               - class com.almasb.fxgl.minigames.MiniGameService
14:14:00.784 [FXGL Background Thread 2 ] DEBUG Engine               - class com.almasb.fxgl.net.NetService
14:14:00.784 [FXGL Background Thread 2 ] DEBUG Engine               - class com.almasb.fxgl.app.services.UpdaterService
14:14:00.784 [FXGL Background Thread 2 ] DEBUG Engine               - class com.almasb.fxgl.dev.DevService
14:14:00.784 [FXGL Background Thread 2 ] DEBUG Engine               - class com.almasb.fxgl.dev.profiling.ProfilerService
14:14:57.830 [JavaFX Application Thread] DEBUG GameApplication      - Exiting FXGL
14:14:57.832 [JavaFX Application Thread] DEBUG LoopRunner           - Stopping loop
14:14:57.833 [JavaFX Application Thread] DEBUG SystemBundleService  - Saving FXGL system data
14:14:57.835 [JavaFX Application Thread] DEBUG FileSystemAccess     - Writing to: /Users/universita/Desktop/ProgettoJava/traffic-scut-sac/JavaTraffic/system/fxgl.bundle
14:14:57.842 [JavaFX Application Thread] INFO  ProfilerService      - Processed Frames: 4440
14:14:57.843 [JavaFX Application Thread] INFO  ProfilerService      - Average FPS: 59
14:14:57.843 [JavaFX Application Thread] INFO  ProfilerService      - Avg Frame Took: 13,46 ms
14:14:57.843 [JavaFX Application Thread] INFO  ProfilerService      - Avg Memory Usage: 27 MB
14:14:57.843 [JavaFX Application Thread] INFO  ProfilerService      - Min Memory Usage: 14 MB
14:14:57.844 [JavaFX Application Thread] INFO  ProfilerService      - Max Memory Usage: 43 MB
14:14:57.844 [JavaFX Application Thread] INFO  ProfilerService      - Estimated GC runs: 2
14:14:57.844 [JavaFX Application Thread] DEBUG GameApplication      - Shutting down background threads
14:14:57.845 [JavaFX Application Thread] DEBUG GameApplication      - Closing logger and exiting JavaFX
