15:26:58.584 [main                     ] DEBUG GameApplication      - Logger initialized
15:26:58.609 [main                     ] DEBUG GameApplication      - Logging settings
Title: AndreaGameApp
Version: 0.1
Width: 600
Height: 600
Fullscreen: false
Intro: false
Profiling: false
Single step:false
App Mode: DEVELOPER
Menu Key: ESCAPE
Stage Style: DECORATED
Scene Factory: class com.almasb.fxgl.app.scene.SceneFactory

15:26:59.242 [JavaFX Application Thread] DEBUG GameApplication      - Initializing FXGL
15:26:59.272 [JavaFX Application Thread] INFO  Engine               - FXGL-11.9 (27.05.2020 17.31) on WINDOWS (J:14.0.1 FX:13.0.2)
15:26:59.273 [JavaFX Application Thread] DEBUG Engine               - JRE Vendor Name: Oracle Corporation
15:26:59.274 [JavaFX Application Thread] DEBUG Engine               - Running on OS: Windows 10 version 10.0
15:26:59.275 [JavaFX Application Thread] DEBUG Engine               - Architecture: amd64
15:26:59.276 [JavaFX Application Thread] INFO  Engine               - Source code and latest versions at: https://github.com/AlmasB/FXGL
15:26:59.277 [JavaFX Application Thread] INFO  Engine               -              Join the FXGL chat at: https://gitter.im/AlmasB/FXGL
15:26:59.592 [JavaFX Application Thread] DEBUG MainWindow           - Creating a JavaFX scene
15:26:59.659 [JavaFX Application Thread] DEBUG MainWindow           - Target settings size: 600.0 x 600.0
15:26:59.660 [JavaFX Application Thread] DEBUG MainWindow           - Scaled scene size:    600.0 x 600.0
15:26:59.660 [JavaFX Application Thread] DEBUG MainWindow           - Scaled ratio: (1.0, 1.0)
15:26:59.662 [JavaFX Application Thread] DEBUG MainWindow           - Set initial scene to FXGLStartupScene
15:26:59.672 [JavaFX Application Thread] DEBUG MainWindow           - Opening main window
15:26:59.803 [JavaFX Application Thread] DEBUG MainWindow           - Window border size: (14.4000244140625, 37.5999755859375)
15:26:59.803 [JavaFX Application Thread] DEBUG MainWindow           - Scaled size: 600.0 x 600.0
15:26:59.803 [JavaFX Application Thread] DEBUG MainWindow           - Scaled ratio: (1.0, 1.0)
15:26:59.804 [JavaFX Application Thread] DEBUG MainWindow           - Scene size: 600.0 x 600.0
15:26:59.804 [JavaFX Application Thread] DEBUG MainWindow           - Stage size: 614.4000244140625 x 637.5999755859375
15:26:59.818 [FXGL Background Thread 1 ] DEBUG Engine               - Initializing environment variables
15:26:59.863 [FXGL Background Thread 1 ] DEBUG WindowService        - Applying CSS: fxgl_dark.css
15:26:59.863 [FXGL Background Thread 1 ] DEBUG AssetLoaderService   - Loading from file system: /assets/ui/css/fxgl_dark.css
15:26:59.930 [FXGL Background Thread 1 ] DEBUG WindowService        - Initializing application scenes
15:26:59.987 [FXGL Background Thread 1 ] DEBUG GameWorld            - Game world initialized
15:27:00.056 [FXGL Background Thread 1 ] DEBUG PhysicsWorld         - Physics world initialized: appHeight=600, physics.ppm=50,0
15:27:00.059 [FXGL Background Thread 1 ] DEBUG GameScene            - Game scene initialized: 600x600
15:27:00.098 [FXGL Background Thread 1 ] DEBUG AssetLoaderService   - Loading from file system: /assets/textures/particles/trace_horizontal.png
15:27:00.179 [FXGL Background Thread 1 ] WARN  FXGL.DefaultMenu     - FXGLDefaultMenu is not designed for resolutions < 800x600
15:27:00.180 [FXGL Background Thread 1 ] DEBUG FXGL.DefaultMenu     - createMenuBodyGameMenu()
15:27:00.198 [FXGL Background Thread 1 ] DEBUG FXGL.DefaultMenu     - createOptionsMenu()
15:27:00.203 [FXGL Background Thread 1 ] DEBUG AssetLoaderService   - Loading from file system: /assets/textures/particles/smoke.png
15:27:00.293 [FXGL Background Thread 1 ] DEBUG WindowService        - Application scenes initialized
15:27:00.305 [FXGL Background Thread 1 ] DEBUG SystemBundleService  - Loading FXGL system data
15:27:00.309 [FXGL Background Thread 1 ] DEBUG FileSystemAccess     - Reading from: C:\Users\Andrea\Desktop\informatica\1a-2s-Metodologie di programmazione\Progetto\traffic-scut-sac\JavaTraffic\system\fxgl.bundle
15:27:00.316 [FXGL Background Thread 1 ] DEBUG SystemBundleService  - Bundle FXGL: {}
15:27:00.317 [FXGL Background Thread 1 ] INFO  Engine               - FXGL initialization took: 0,494 sec
15:27:00.319 [FXGL Background Thread 1 ] DEBUG GameApplication      - Loading localizations
15:27:00.320 [FXGL Background Thread 1 ] DEBUG AssetLoaderService   - Loading from file system: /assets/languages/english.lang
15:27:00.337 [FXGL Background Thread 1 ] DEBUG AssetLoaderService   - Loading from file system: /assets/languages/french.lang
15:27:00.340 [FXGL Background Thread 1 ] DEBUG AssetLoaderService   - Loading from file system: /assets/languages/german.lang
15:27:00.343 [FXGL Background Thread 1 ] DEBUG AssetLoaderService   - Loading from file system: /assets/languages/hungarian.lang
15:27:00.345 [FXGL Background Thread 1 ] DEBUG AssetLoaderService   - Loading from file system: /assets/languages/russian.lang
15:27:00.348 [FXGL Background Thread 1 ] DEBUG GameApplication      - Registering font factories with UI factory
15:27:00.348 [FXGL Background Thread 1 ] DEBUG AssetLoaderService   - Loading from file system: /assets/ui/fonts/VarelaRound-Regular.ttf
15:27:00.412 [FXGL Background Thread 1 ] DEBUG AssetLoaderService   - Loading from file system: /assets/ui/fonts/Abel-Regular.ttf
15:27:00.416 [FXGL Background Thread 1 ] DEBUG AssetLoaderService   - Loading from file system: /assets/ui/fonts/lucida_console.ttf
15:27:00.426 [FXGL Background Thread 1 ] DEBUG AssetLoaderService   - Loading from file system: /assets/ui/fonts/Courier-Prime.ttf
15:27:00.432 [JavaFX Application Thread] DEBUG AssetLoaderService   - Loading from file system: /assets/textures/gioco-06.png
15:27:00.459 [JavaFX Application Thread] DEBUG AssetLoaderService   - Loading from file system: /assets/ui/cursors/fxgl_default.png
15:27:00.474 [JavaFX Application Thread] DEBUG Input                - Registered new binding: Screenshot - P
15:27:00.475 [JavaFX Application Thread] DEBUG Input                - Registered new binding: System info dump - CTRL+9
15:27:00.476 [JavaFX Application Thread] DEBUG Input                - Registered new binding: Restart - CTRL+R
15:27:00.477 [JavaFX Application Thread] DEBUG LoopRunner           - Starting loop
15:27:00.489 [JavaFX Application Thread] DEBUG FXGLStartupScene     - STARTUP
15:27:00.489 [JavaFX Application Thread] DEBUG WindowService        - Starting new game
15:27:00.490 [JavaFX Application Thread] DEBUG Input                - Clearing active input actions
15:27:00.510 [JavaFX Application Thread] DEBUG WindowService        - Removing overlay from FXGLStartupScene and adding to FXGLLoadingScene
15:27:00.511 [JavaFX Application Thread] DEBUG MainWindow           - FXGLStartupScene -> FXGLLoadingScene
15:27:00.511 [JavaFX Application Thread] DEBUG WindowService        - Clearing previous game
15:27:00.512 [JavaFX Application Thread] DEBUG GameScene            - Clearing game scene
15:27:00.512 [JavaFX Application Thread] DEBUG GameWorld            - Clearing game world
15:27:00.512 [JavaFX Application Thread] DEBUG PhysicsWorld         - Clearing physics world
15:27:00.514 [FXGL Background Thread 1 ] DEBUG GameApplication      - Initializing game
15:27:00.522 [FXGL Background Thread 1 ] INFO  GameApplication      - Game initialization took: 0,008 sec
15:27:00.562 [JavaFX Application Thread] DEBUG Input                - Clearing active input actions
15:27:00.579 [JavaFX Application Thread] DEBUG WindowService        - Removing overlay from FXGLLoadingScene and adding to GameScene
15:27:00.580 [JavaFX Application Thread] DEBUG MainWindow           - FXGLLoadingScene -> GameScene
15:27:03.320 [FXGL Background Thread 2 ] DEBUG Engine               - Logging environment variables
15:27:03.321 [FXGL Background Thread 2 ] DEBUG Engine               - achievements: []
15:27:03.321 [FXGL Background Thread 2 ] DEBUG Engine               - appIcon: gioco-06.png
15:27:03.322 [FXGL Background Thread 2 ] DEBUG Engine               - applicationMode: DEVELOPER
15:27:03.322 [FXGL Background Thread 2 ] DEBUG Engine               - cSSList: [fxgl_dark.css]
15:27:03.322 [FXGL Background Thread 2 ] DEBUG Engine               - configClass: Optional.empty
15:27:03.324 [FXGL Background Thread 2 ] DEBUG Engine               - credits: []
15:27:03.324 [FXGL Background Thread 2 ] DEBUG Engine               - devBBoxColorProperty: ObjectProperty [value: 0xff0000ff]
15:27:03.325 [FXGL Background Thread 2 ] DEBUG Engine               - devSensorColorProperty: ObjectProperty [value: 0xffff00ff]
15:27:03.325 [FXGL Background Thread 2 ] DEBUG Engine               - devShowBBoxProperty: BooleanProperty [value: false]
15:27:03.326 [FXGL Background Thread 2 ] DEBUG Engine               - devShowPositionProperty: BooleanProperty [value: false]
15:27:03.327 [FXGL Background Thread 2 ] DEBUG Engine               - enabledMenuItems: []
15:27:03.327 [FXGL Background Thread 2 ] DEBUG Engine               - engineServices: [class com.almasb.fxgl.app.GameApplication$GameApplicationService, class com.almasb.fxgl.app.services.WindowService, class com.almasb.fxgl.app.services.FXGLDialogService, class com.almasb.fxgl.app.services.IOTaskExecutorService, class com.almasb.fxgl.event.EventBusService, class com.almasb.fxgl.io.FileSystemService, class com.almasb.fxgl.localization.LocalizationService, class com.almasb.fxgl.app.services.AssetLoaderService, class com.almasb.fxgl.app.services.SystemBundleService, class com.almasb.fxgl.profile.SaveLoadService, class com.almasb.fxgl.ui.FXGLUIFactoryServiceProvider, class com.almasb.fxgl.ui.FXGLDialogFactoryServiceProvider, class com.almasb.fxgl.audio.AudioPlayer, class com.almasb.fxgl.notification.impl.NotificationServiceProvider, class com.almasb.fxgl.achievement.AchievementService, class com.almasb.fxgl.cutscene.CutsceneService, class com.almasb.fxgl.minigames.MiniGameService, class com.almasb.fxgl.net.NetService, class com.almasb.fxgl.app.services.UpdaterService, class com.almasb.fxgl.dev.DevService]
15:27:03.329 [FXGL Background Thread 2 ] DEBUG Engine               - fontGame: Abel-Regular.ttf
15:27:03.329 [FXGL Background Thread 2 ] DEBUG Engine               - fontMono: lucida_console.ttf
15:27:03.329 [FXGL Background Thread 2 ] DEBUG Engine               - fontText: Courier-Prime.ttf
15:27:03.329 [FXGL Background Thread 2 ] DEBUG Engine               - fontUI: VarelaRound-Regular.ttf
15:27:03.330 [FXGL Background Thread 2 ] DEBUG Engine               - fullScreen: BooleanProperty [value: false]
15:27:03.331 [FXGL Background Thread 2 ] DEBUG Engine               - gameDifficulty: MEDIUM
15:27:03.331 [FXGL Background Thread 2 ] DEBUG Engine               - gameDifficultyProperty: ObjectProperty [value: MEDIUM]
15:27:03.331 [FXGL Background Thread 2 ] DEBUG Engine               - globalMusicVolume: 0.5
15:27:03.332 [FXGL Background Thread 2 ] DEBUG Engine               - globalMusicVolumeProperty: DoubleProperty [value: 0.5]
15:27:03.332 [FXGL Background Thread 2 ] DEBUG Engine               - globalSoundVolume: 0.5
15:27:03.332 [FXGL Background Thread 2 ] DEBUG Engine               - globalSoundVolumeProperty: DoubleProperty [value: 0.5]
15:27:03.333 [FXGL Background Thread 2 ] DEBUG Engine               - height: 600
15:27:03.333 [FXGL Background Thread 2 ] DEBUG Engine               - isAndroid: false
15:27:03.334 [FXGL Background Thread 2 ] DEBUG Engine               - isBrowser: false
15:27:03.334 [FXGL Background Thread 2 ] DEBUG Engine               - isClickFeedbackEnabled: false
15:27:03.335 [FXGL Background Thread 2 ] DEBUG Engine               - isCloseConfirmation: false
15:27:03.335 [FXGL Background Thread 2 ] DEBUG Engine               - isDesktop: true
15:27:03.335 [FXGL Background Thread 2 ] DEBUG Engine               - isDeveloperMenuEnabled: false
15:27:03.336 [FXGL Background Thread 2 ] DEBUG Engine               - isExperimentalNative: false
15:27:03.337 [FXGL Background Thread 2 ] DEBUG Engine               - isExperimentalTiledLargeMap: false
15:27:03.337 [FXGL Background Thread 2 ] DEBUG Engine               - isFullScreenAllowed: false
15:27:03.337 [FXGL Background Thread 2 ] DEBUG Engine               - isFullScreenFromStart: false
15:27:03.338 [FXGL Background Thread 2 ] DEBUG Engine               - isGameMenuEnabled: true
15:27:03.338 [FXGL Background Thread 2 ] DEBUG Engine               - isIOS: false
15:27:03.339 [FXGL Background Thread 2 ] DEBUG Engine               - isIntroEnabled: false
15:27:03.339 [FXGL Background Thread 2 ] DEBUG Engine               - isLinux: false
15:27:03.340 [FXGL Background Thread 2 ] DEBUG Engine               - isMac: false
15:27:03.340 [FXGL Background Thread 2 ] DEBUG Engine               - isMainMenuEnabled: false
15:27:03.340 [FXGL Background Thread 2 ] DEBUG Engine               - isManualResizeEnabled: false
15:27:03.341 [FXGL Background Thread 2 ] DEBUG Engine               - isMobile: false
15:27:03.341 [FXGL Background Thread 2 ] DEBUG Engine               - isPreserveResizeRatio: false
15:27:03.341 [FXGL Background Thread 2 ] DEBUG Engine               - isProfilingEnabled: false
15:27:03.342 [FXGL Background Thread 2 ] DEBUG Engine               - isSingleStep: false
15:27:03.342 [FXGL Background Thread 2 ] DEBUG Engine               - isUserProfileEnabled: false
15:27:03.343 [FXGL Background Thread 2 ] DEBUG Engine               - isWindows: true
15:27:03.343 [FXGL Background Thread 2 ] DEBUG Engine               - language: ObjectProperty [value: ENGLISH]
15:27:03.344 [FXGL Background Thread 2 ] DEBUG Engine               - mainWindow: com.almasb.fxgl.app.MainWindow@3da20d9d
15:27:03.345 [FXGL Background Thread 2 ] DEBUG Engine               - menuKey: ESCAPE
15:27:03.345 [FXGL Background Thread 2 ] DEBUG Engine               - notificationViewClass: class com.almasb.fxgl.notification.view.XboxNotificationView
15:27:03.345 [FXGL Background Thread 2 ] DEBUG Engine               - pixelsPerMeter: 50.0
15:27:03.346 [FXGL Background Thread 2 ] DEBUG Engine               - platform: WINDOWS
15:27:03.346 [FXGL Background Thread 2 ] DEBUG Engine               - profileDir: profiles/
15:27:03.347 [FXGL Background Thread 2 ] DEBUG Engine               - profileName: StringProperty [value: DEFAULT]
15:27:03.347 [FXGL Background Thread 2 ] DEBUG Engine               - randomSeed: -1
15:27:03.348 [FXGL Background Thread 2 ] DEBUG Engine               - runtimeInfo: RuntimeInfo(platform=WINDOWS, version=11.9, build=27.05.2020 17.31)
15:27:03.348 [FXGL Background Thread 2 ] DEBUG Engine               - saveFileExt: sav
15:27:03.349 [FXGL Background Thread 2 ] DEBUG Engine               - sceneFactory: com.almasb.fxgl.app.scene.SceneFactory@78a0944d
15:27:03.349 [FXGL Background Thread 2 ] DEBUG Engine               - secondsIn24h: 60
15:27:03.350 [FXGL Background Thread 2 ] DEBUG Engine               - settings: Title: AndreaGameApp
Version: 0.1
Width: 600
Height: 600
Fullscreen: false
Intro: false
Profiling: false
Single step:false
App Mode: DEVELOPER
Menu Key: ESCAPE
Stage Style: DECORATED
Scene Factory: class com.almasb.fxgl.app.scene.SceneFactory

15:27:03.350 [FXGL Background Thread 2 ] DEBUG Engine               - soundMenuBack: menu/back.wav
15:27:03.350 [FXGL Background Thread 2 ] DEBUG Engine               - soundMenuPress: menu/press.wav
15:27:03.351 [FXGL Background Thread 2 ] DEBUG Engine               - soundMenuSelect: menu/select.wav
15:27:03.351 [FXGL Background Thread 2 ] DEBUG Engine               - soundNotification: core/notification.wav
15:27:03.352 [FXGL Background Thread 2 ] DEBUG Engine               - stageStyle: DECORATED
15:27:03.352 [FXGL Background Thread 2 ] DEBUG Engine               - supportedLanguages: [ENGLISH, FRENCH, GERMAN, HUNGARIAN, RUSSIAN]
15:27:03.352 [FXGL Background Thread 2 ] DEBUG Engine               - title: AndreaGameApp
15:27:03.353 [FXGL Background Thread 2 ] DEBUG Engine               - urlGithub: https://github.com/AlmasB/FXGL
15:27:03.353 [FXGL Background Thread 2 ] DEBUG Engine               - urlLeaderboard: http://fxgl-top.herokuapp.com/
15:27:03.353 [FXGL Background Thread 2 ] DEBUG Engine               - urlPOM: https://raw.githubusercontent.com/AlmasB/FXGL/master/pom.xml
15:27:03.354 [FXGL Background Thread 2 ] DEBUG Engine               - version: 0.1
15:27:03.354 [FXGL Background Thread 2 ] DEBUG Engine               - versionCheckDays: 7
15:27:03.355 [FXGL Background Thread 2 ] DEBUG Engine               - width: 600
15:27:03.355 [FXGL Background Thread 2 ] DEBUG Engine               - Logging services
15:27:03.355 [FXGL Background Thread 2 ] DEBUG Engine               - class com.almasb.fxgl.app.GameApplication$GameApplicationService
15:27:03.356 [FXGL Background Thread 2 ] DEBUG Engine               - class com.almasb.fxgl.app.services.WindowService
15:27:03.356 [FXGL Background Thread 2 ] DEBUG Engine               - class com.almasb.fxgl.app.services.FXGLDialogService
15:27:03.356 [FXGL Background Thread 2 ] DEBUG Engine               - class com.almasb.fxgl.app.services.IOTaskExecutorService
15:27:03.357 [FXGL Background Thread 2 ] DEBUG Engine               - class com.almasb.fxgl.event.EventBusService
15:27:03.357 [FXGL Background Thread 2 ] DEBUG Engine               - class com.almasb.fxgl.io.FileSystemService
15:27:03.357 [FXGL Background Thread 2 ] DEBUG Engine               - class com.almasb.fxgl.localization.LocalizationService
15:27:03.358 [FXGL Background Thread 2 ] DEBUG Engine               - class com.almasb.fxgl.app.services.AssetLoaderService
15:27:03.358 [FXGL Background Thread 2 ] DEBUG Engine               - class com.almasb.fxgl.app.services.SystemBundleService
15:27:03.359 [FXGL Background Thread 2 ] DEBUG Engine               - class com.almasb.fxgl.profile.SaveLoadService
15:27:03.359 [FXGL Background Thread 2 ] DEBUG Engine               - class com.almasb.fxgl.ui.FXGLUIFactoryServiceProvider
15:27:03.359 [FXGL Background Thread 2 ] DEBUG Engine               - class com.almasb.fxgl.ui.FXGLDialogFactoryServiceProvider
15:27:03.360 [FXGL Background Thread 2 ] DEBUG Engine               - class com.almasb.fxgl.audio.AudioPlayer
15:27:03.361 [FXGL Background Thread 2 ] DEBUG Engine               - class com.almasb.fxgl.notification.impl.NotificationServiceProvider
15:27:03.361 [FXGL Background Thread 2 ] DEBUG Engine               - class com.almasb.fxgl.achievement.AchievementService
15:27:03.361 [FXGL Background Thread 2 ] DEBUG Engine               - class com.almasb.fxgl.cutscene.CutsceneService
15:27:03.362 [FXGL Background Thread 2 ] DEBUG Engine               - class com.almasb.fxgl.minigames.MiniGameService
15:27:03.363 [FXGL Background Thread 2 ] DEBUG Engine               - class com.almasb.fxgl.net.NetService
15:27:03.363 [FXGL Background Thread 2 ] DEBUG Engine               - class com.almasb.fxgl.app.services.UpdaterService
15:27:03.364 [FXGL Background Thread 2 ] DEBUG Engine               - class com.almasb.fxgl.dev.DevService
15:27:03.731 [JavaFX Application Thread] DEBUG GameApplication      - Exiting FXGL
15:27:03.732 [JavaFX Application Thread] DEBUG LoopRunner           - Stopping loop
15:27:03.732 [JavaFX Application Thread] DEBUG SystemBundleService  - Saving FXGL system data
15:27:03.739 [JavaFX Application Thread] DEBUG FileSystemAccess     - Writing to: C:\Users\Andrea\Desktop\informatica\1a-2s-Metodologie di programmazione\Progetto\traffic-scut-sac\JavaTraffic\system\fxgl.bundle
15:27:03.744 [JavaFX Application Thread] DEBUG GameApplication      - Shutting down background threads
15:27:03.745 [JavaFX Application Thread] DEBUG GameApplication      - Closing logger and exiting JavaFX
