13:57:16.592 [main                     ] DEBUG GameApplication      - Logger initialized
13:57:16.609 [main                     ] DEBUG GameApplication      - Logging settings
Title:   Basic Game App  
Version: 0.1
Width: 800
Height: 600
Fullscreen: false
Intro: false
Profiling: true
Single step:false
App Mode: DEVELOPER
Menu Key: ESCAPE
Stage Style: DECORATED
Scene Factory: class com.almasb.fxgl.app.scene.SceneFactory

13:57:17.105 [JavaFX Application Thread] DEBUG GameApplication      - Initializing FXGL
13:57:17.117 [JavaFX Application Thread] INFO  Engine               - FXGL-11.9 (27.05.2020 17.31) on MAC (J:14.0.1 FX:13.0.2)
13:57:17.117 [JavaFX Application Thread] DEBUG Engine               - JRE Vendor Name: Oracle Corporation
13:57:17.118 [JavaFX Application Thread] DEBUG Engine               - Running on OS: Mac OS X version 10.15.5
13:57:17.118 [JavaFX Application Thread] DEBUG Engine               - Architecture: x86_64
13:57:17.118 [JavaFX Application Thread] INFO  Engine               - Source code and latest versions at: https://github.com/AlmasB/FXGL
13:57:17.119 [JavaFX Application Thread] INFO  Engine               -              Join the FXGL chat at: https://gitter.im/AlmasB/FXGL
13:57:17.279 [JavaFX Application Thread] DEBUG MainWindow           - Creating a JavaFX scene
13:57:17.343 [JavaFX Application Thread] DEBUG MainWindow           - Target settings size: 800.0 x 600.0
13:57:17.343 [JavaFX Application Thread] DEBUG MainWindow           - Scaled scene size:    800.0 x 600.0
13:57:17.344 [JavaFX Application Thread] DEBUG MainWindow           - Scaled ratio: (1.0, 1.0)
13:57:17.345 [JavaFX Application Thread] DEBUG MainWindow           - Set initial scene to FXGLStartupScene
13:57:17.353 [JavaFX Application Thread] DEBUG MainWindow           - Opening main window
13:57:17.438 [JavaFX Application Thread] DEBUG MainWindow           - Window border size: (0.0, 22.0)
13:57:17.438 [JavaFX Application Thread] DEBUG MainWindow           - Scaled size: 800.0 x 600.0
13:57:17.439 [JavaFX Application Thread] DEBUG MainWindow           - Scaled ratio: (1.0, 1.0)
13:57:17.439 [JavaFX Application Thread] DEBUG MainWindow           - Scene size: 800.0 x 600.0
13:57:17.439 [JavaFX Application Thread] DEBUG MainWindow           - Stage size: 800.0 x 622.0
13:57:17.447 [FXGL Background Thread 1 ] DEBUG Engine               - Initializing environment variables
13:57:17.476 [FXGL Background Thread 1 ] DEBUG WindowService        - Applying CSS: fxgl_dark.css
13:57:17.477 [FXGL Background Thread 1 ] DEBUG AssetLoaderService   - Loading from file system: /assets/ui/css/fxgl_dark.css
13:57:17.550 [FXGL Background Thread 1 ] DEBUG WindowService        - Initializing application scenes
13:57:17.857 [FXGL Background Thread 1 ] DEBUG GameWorld            - Game world initialized
13:57:17.905 [FXGL Background Thread 1 ] DEBUG PhysicsWorld         - Physics world initialized: appHeight=600, physics.ppm=50,0
13:57:17.908 [FXGL Background Thread 1 ] DEBUG GameScene            - Game scene initialized: 800x600
13:57:17.950 [FXGL Background Thread 1 ] DEBUG AssetLoaderService   - Loading from file system: /assets/textures/particles/trace_horizontal.png
13:57:18.031 [FXGL Background Thread 1 ] DEBUG FXGL.DefaultMenu     - createMenuBodyGameMenu()
13:57:18.051 [FXGL Background Thread 1 ] DEBUG FXGL.DefaultMenu     - createOptionsMenu()
13:57:18.057 [FXGL Background Thread 1 ] DEBUG AssetLoaderService   - Loading from file system: /assets/textures/particles/smoke.png
13:57:18.130 [FXGL Background Thread 1 ] DEBUG WindowService        - Application scenes initialized
13:57:18.142 [FXGL Background Thread 1 ] DEBUG SystemBundleService  - Loading FXGL system data
13:57:18.146 [FXGL Background Thread 1 ] DEBUG FileSystemAccess     - Reading from: /Users/universita/Desktop/ProgettoJava/traffic-scut-sac/JavaTraffic/system/fxgl.bundle
13:57:18.152 [FXGL Background Thread 1 ] DEBUG SystemBundleService  - Bundle FXGL: {}
13:57:18.181 [FXGL Background Thread 1 ] INFO  Engine               - FXGL initialization took: 0,731 sec
13:57:18.183 [FXGL Background Thread 1 ] DEBUG GameApplication      - Loading localizations
13:57:18.184 [FXGL Background Thread 1 ] DEBUG AssetLoaderService   - Loading from file system: /assets/languages/english.lang
13:57:18.202 [FXGL Background Thread 1 ] DEBUG AssetLoaderService   - Loading from file system: /assets/languages/french.lang
13:57:18.205 [FXGL Background Thread 1 ] DEBUG AssetLoaderService   - Loading from file system: /assets/languages/german.lang
13:57:18.208 [FXGL Background Thread 1 ] DEBUG AssetLoaderService   - Loading from file system: /assets/languages/hungarian.lang
13:57:18.211 [FXGL Background Thread 1 ] DEBUG AssetLoaderService   - Loading from file system: /assets/languages/russian.lang
13:57:18.213 [FXGL Background Thread 1 ] DEBUG GameApplication      - Registering font factories with UI factory
13:57:18.214 [FXGL Background Thread 1 ] DEBUG AssetLoaderService   - Loading from file system: /assets/ui/fonts/VarelaRound-Regular.ttf
13:57:18.234 [FXGL Background Thread 1 ] DEBUG AssetLoaderService   - Loading from file system: /assets/ui/fonts/Abel-Regular.ttf
13:57:18.238 [FXGL Background Thread 1 ] DEBUG AssetLoaderService   - Loading from file system: /assets/ui/fonts/lucida_console.ttf
13:57:18.243 [FXGL Background Thread 1 ] DEBUG AssetLoaderService   - Loading from file system: /assets/ui/fonts/Courier-Prime.ttf
13:57:18.256 [JavaFX Application Thread] DEBUG Input                - Registered new binding: Move Right - D
13:57:18.257 [JavaFX Application Thread] DEBUG Input                - Registered new binding: Move Left - A
13:57:18.257 [JavaFX Application Thread] DEBUG Input                - Registered new binding: Move Up - W
13:57:18.257 [JavaFX Application Thread] DEBUG Input                - Registered new binding: Move Down - S
13:57:18.257 [JavaFX Application Thread] DEBUG AssetLoaderService   - Loading from file system: /assets/textures/fxgl_icon.png
13:57:18.284 [JavaFX Application Thread] DEBUG AssetLoaderService   - Loading from file system: /assets/ui/cursors/fxgl_default.png
13:57:18.287 [JavaFX Application Thread] DEBUG Input                - Registered new binding: Screenshot - P
13:57:18.287 [JavaFX Application Thread] DEBUG Input                - Registered new binding: Dev Options - 1
13:57:18.288 [JavaFX Application Thread] DEBUG Input                - Registered new binding: Dev Console - 2
13:57:18.288 [JavaFX Application Thread] DEBUG Input                - Registered new binding: System info dump - CTRL+9
13:57:18.288 [JavaFX Application Thread] DEBUG Input                - Registered new binding: Restart - CTRL+R
13:57:18.289 [JavaFX Application Thread] DEBUG LoopRunner           - Starting loop
13:57:18.328 [JavaFX Application Thread] DEBUG FXGLStartupScene     - STARTUP
13:57:18.329 [JavaFX Application Thread] DEBUG WindowService        - Starting new game
13:57:18.329 [JavaFX Application Thread] DEBUG Input                - Clearing active input actions
13:57:18.345 [JavaFX Application Thread] DEBUG WindowService        - Removing overlay from FXGLStartupScene and adding to FXGLLoadingScene
13:57:18.349 [JavaFX Application Thread] DEBUG MainWindow           - FXGLStartupScene -> FXGLLoadingScene
13:57:18.350 [JavaFX Application Thread] DEBUG WindowService        - Clearing previous game
13:57:18.350 [JavaFX Application Thread] DEBUG GameScene            - Clearing game scene
13:57:18.350 [JavaFX Application Thread] DEBUG GameWorld            - Clearing game world
13:57:18.350 [JavaFX Application Thread] DEBUG PhysicsWorld         - Clearing physics world
13:57:18.351 [FXGL Background Thread 1 ] DEBUG GameApplication      - Initializing game
13:57:18.369 [FXGL Background Thread 1 ] INFO  GameApplication      - Game initialization took: 0,017 sec
13:57:18.658 [JavaFX Application Thread] DEBUG Input                - Clearing active input actions
13:57:18.670 [JavaFX Application Thread] DEBUG WindowService        - Removing overlay from FXGLLoadingScene and adding to GameScene
13:57:18.699 [JavaFX Application Thread] DEBUG MainWindow           - FXGLLoadingScene -> GameScene
13:57:21.188 [FXGL Background Thread 2 ] DEBUG Engine               - Logging environment variables
13:57:21.189 [FXGL Background Thread 2 ] DEBUG Engine               - achievements: []
13:57:21.189 [FXGL Background Thread 2 ] DEBUG Engine               - appIcon: fxgl_icon.png
13:57:21.190 [FXGL Background Thread 2 ] DEBUG Engine               - applicationMode: DEVELOPER
13:57:21.190 [FXGL Background Thread 2 ] DEBUG Engine               - cSSList: [fxgl_dark.css]
13:57:21.190 [FXGL Background Thread 2 ] DEBUG Engine               - configClass: Optional.empty
13:57:21.190 [FXGL Background Thread 2 ] DEBUG Engine               - credits: []
13:57:21.191 [FXGL Background Thread 2 ] DEBUG Engine               - devBBoxColorProperty: ObjectProperty [value: 0xff0000ff]
13:57:21.191 [FXGL Background Thread 2 ] DEBUG Engine               - devSensorColorProperty: ObjectProperty [value: 0xffff00ff]
13:57:21.191 [FXGL Background Thread 2 ] DEBUG Engine               - devShowBBoxProperty: BooleanProperty [value: false]
13:57:21.191 [FXGL Background Thread 2 ] DEBUG Engine               - devShowPositionProperty: BooleanProperty [value: false]
13:57:21.191 [FXGL Background Thread 2 ] DEBUG Engine               - enabledMenuItems: []
13:57:21.192 [FXGL Background Thread 2 ] DEBUG Engine               - engineServices: [class com.almasb.fxgl.app.GameApplication$GameApplicationService, class com.almasb.fxgl.app.services.WindowService, class com.almasb.fxgl.app.services.FXGLDialogService, class com.almasb.fxgl.app.services.IOTaskExecutorService, class com.almasb.fxgl.event.EventBusService, class com.almasb.fxgl.io.FileSystemService, class com.almasb.fxgl.localization.LocalizationService, class com.almasb.fxgl.app.services.AssetLoaderService, class com.almasb.fxgl.app.services.SystemBundleService, class com.almasb.fxgl.profile.SaveLoadService, class com.almasb.fxgl.ui.FXGLUIFactoryServiceProvider, class com.almasb.fxgl.ui.FXGLDialogFactoryServiceProvider, class com.almasb.fxgl.audio.AudioPlayer, class com.almasb.fxgl.notification.impl.NotificationServiceProvider, class com.almasb.fxgl.achievement.AchievementService, class com.almasb.fxgl.cutscene.CutsceneService, class com.almasb.fxgl.minigames.MiniGameService, class com.almasb.fxgl.net.NetService, class com.almasb.fxgl.app.services.UpdaterService, class com.almasb.fxgl.dev.DevService, class com.almasb.fxgl.dev.profiling.ProfilerService]
13:57:21.192 [FXGL Background Thread 2 ] DEBUG Engine               - fontGame: Abel-Regular.ttf
13:57:21.192 [FXGL Background Thread 2 ] DEBUG Engine               - fontMono: lucida_console.ttf
13:57:21.192 [FXGL Background Thread 2 ] DEBUG Engine               - fontText: Courier-Prime.ttf
13:57:21.192 [FXGL Background Thread 2 ] DEBUG Engine               - fontUI: VarelaRound-Regular.ttf
13:57:21.192 [FXGL Background Thread 2 ] DEBUG Engine               - fullScreen: BooleanProperty [value: false]
13:57:21.193 [FXGL Background Thread 2 ] DEBUG Engine               - gameDifficulty: MEDIUM
13:57:21.193 [FXGL Background Thread 2 ] DEBUG Engine               - gameDifficultyProperty: ObjectProperty [value: MEDIUM]
13:57:21.193 [FXGL Background Thread 2 ] DEBUG Engine               - globalMusicVolume: 0.5
13:57:21.193 [FXGL Background Thread 2 ] DEBUG Engine               - globalMusicVolumeProperty: DoubleProperty [value: 0.5]
13:57:21.193 [FXGL Background Thread 2 ] DEBUG Engine               - globalSoundVolume: 0.5
13:57:21.194 [FXGL Background Thread 2 ] DEBUG Engine               - globalSoundVolumeProperty: DoubleProperty [value: 0.5]
13:57:21.194 [FXGL Background Thread 2 ] DEBUG Engine               - height: 600
13:57:21.194 [FXGL Background Thread 2 ] DEBUG Engine               - isAndroid: false
13:57:21.194 [FXGL Background Thread 2 ] DEBUG Engine               - isBrowser: false
13:57:21.194 [FXGL Background Thread 2 ] DEBUG Engine               - isClickFeedbackEnabled: false
13:57:21.194 [FXGL Background Thread 2 ] DEBUG Engine               - isCloseConfirmation: false
13:57:21.194 [FXGL Background Thread 2 ] DEBUG Engine               - isDesktop: true
13:57:21.195 [FXGL Background Thread 2 ] DEBUG Engine               - isDeveloperMenuEnabled: true
13:57:21.195 [FXGL Background Thread 2 ] DEBUG Engine               - isExperimentalNative: false
13:57:21.195 [FXGL Background Thread 2 ] DEBUG Engine               - isExperimentalTiledLargeMap: false
13:57:21.195 [FXGL Background Thread 2 ] DEBUG Engine               - isFullScreenAllowed: false
13:57:21.195 [FXGL Background Thread 2 ] DEBUG Engine               - isFullScreenFromStart: false
13:57:21.195 [FXGL Background Thread 2 ] DEBUG Engine               - isGameMenuEnabled: true
13:57:21.196 [FXGL Background Thread 2 ] DEBUG Engine               - isIOS: false
13:57:21.196 [FXGL Background Thread 2 ] DEBUG Engine               - isIntroEnabled: false
13:57:21.196 [FXGL Background Thread 2 ] DEBUG Engine               - isLinux: false
13:57:21.196 [FXGL Background Thread 2 ] DEBUG Engine               - isMac: true
13:57:21.196 [FXGL Background Thread 2 ] DEBUG Engine               - isMainMenuEnabled: false
13:57:21.196 [FXGL Background Thread 2 ] DEBUG Engine               - isManualResizeEnabled: false
13:57:21.196 [FXGL Background Thread 2 ] DEBUG Engine               - isMobile: false
13:57:21.197 [FXGL Background Thread 2 ] DEBUG Engine               - isPreserveResizeRatio: false
13:57:21.197 [FXGL Background Thread 2 ] DEBUG Engine               - isProfilingEnabled: true
13:57:21.197 [FXGL Background Thread 2 ] DEBUG Engine               - isSingleStep: false
13:57:21.197 [FXGL Background Thread 2 ] DEBUG Engine               - isUserProfileEnabled: false
13:57:21.197 [FXGL Background Thread 2 ] DEBUG Engine               - isWindows: false
13:57:21.198 [FXGL Background Thread 2 ] DEBUG Engine               - language: ObjectProperty [value: ENGLISH]
13:57:21.198 [FXGL Background Thread 2 ] DEBUG Engine               - mainWindow: com.almasb.fxgl.app.MainWindow@62e06aff
13:57:21.199 [FXGL Background Thread 2 ] DEBUG Engine               - menuKey: ESCAPE
13:57:21.199 [FXGL Background Thread 2 ] DEBUG Engine               - notificationViewClass: class com.almasb.fxgl.notification.view.XboxNotificationView
13:57:21.200 [FXGL Background Thread 2 ] DEBUG Engine               - pixelsPerMeter: 50.0
13:57:21.201 [FXGL Background Thread 2 ] DEBUG Engine               - platform: MAC
13:57:21.201 [FXGL Background Thread 2 ] DEBUG Engine               - profileDir: profiles/
13:57:21.201 [FXGL Background Thread 2 ] DEBUG Engine               - profileName: StringProperty [value: DEFAULT]
13:57:21.202 [FXGL Background Thread 2 ] DEBUG Engine               - randomSeed: -1
13:57:21.202 [FXGL Background Thread 2 ] DEBUG Engine               - runtimeInfo: RuntimeInfo(platform=MAC, version=11.9, build=27.05.2020 17.31)
13:57:21.203 [FXGL Background Thread 2 ] DEBUG Engine               - saveFileExt: sav
13:57:21.203 [FXGL Background Thread 2 ] DEBUG Engine               - sceneFactory: com.almasb.fxgl.app.scene.SceneFactory@66dff27b
13:57:21.203 [FXGL Background Thread 2 ] DEBUG Engine               - secondsIn24h: 60
13:57:21.203 [FXGL Background Thread 2 ] DEBUG Engine               - settings: Title:   Basic Game App  
Version: 0.1
Width: 800
Height: 600
Fullscreen: false
Intro: false
Profiling: true
Single step:false
App Mode: DEVELOPER
Menu Key: ESCAPE
Stage Style: DECORATED
Scene Factory: class com.almasb.fxgl.app.scene.SceneFactory

13:57:21.203 [FXGL Background Thread 2 ] DEBUG Engine               - soundMenuBack: menu/back.wav
13:57:21.203 [FXGL Background Thread 2 ] DEBUG Engine               - soundMenuPress: menu/press.wav
13:57:21.204 [FXGL Background Thread 2 ] DEBUG Engine               - soundMenuSelect: menu/select.wav
13:57:21.204 [FXGL Background Thread 2 ] DEBUG Engine               - soundNotification: core/notification.wav
13:57:21.204 [FXGL Background Thread 2 ] DEBUG Engine               - stageStyle: DECORATED
13:57:21.204 [FXGL Background Thread 2 ] DEBUG Engine               - supportedLanguages: [ENGLISH, FRENCH, GERMAN, HUNGARIAN, RUSSIAN]
13:57:21.205 [FXGL Background Thread 2 ] DEBUG Engine               - title:   Basic Game App  
13:57:21.205 [FXGL Background Thread 2 ] DEBUG Engine               - urlGithub: https://github.com/AlmasB/FXGL
13:57:21.205 [FXGL Background Thread 2 ] DEBUG Engine               - urlLeaderboard: http://fxgl-top.herokuapp.com/
13:57:21.205 [FXGL Background Thread 2 ] DEBUG Engine               - urlPOM: https://raw.githubusercontent.com/AlmasB/FXGL/master/pom.xml
13:57:21.205 [FXGL Background Thread 2 ] DEBUG Engine               - version: 0.1
13:57:21.205 [FXGL Background Thread 2 ] DEBUG Engine               - versionCheckDays: 7
13:57:21.205 [FXGL Background Thread 2 ] DEBUG Engine               - width: 800
13:57:21.206 [FXGL Background Thread 2 ] DEBUG Engine               - Logging services
13:57:21.206 [FXGL Background Thread 2 ] DEBUG Engine               - class com.almasb.fxgl.app.GameApplication$GameApplicationService
13:57:21.206 [FXGL Background Thread 2 ] DEBUG Engine               - class com.almasb.fxgl.app.services.WindowService
13:57:21.206 [FXGL Background Thread 2 ] DEBUG Engine               - class com.almasb.fxgl.app.services.FXGLDialogService
13:57:21.206 [FXGL Background Thread 2 ] DEBUG Engine               - class com.almasb.fxgl.app.services.IOTaskExecutorService
13:57:21.206 [FXGL Background Thread 2 ] DEBUG Engine               - class com.almasb.fxgl.event.EventBusService
13:57:21.207 [FXGL Background Thread 2 ] DEBUG Engine               - class com.almasb.fxgl.io.FileSystemService
13:57:21.207 [FXGL Background Thread 2 ] DEBUG Engine               - class com.almasb.fxgl.localization.LocalizationService
13:57:21.207 [FXGL Background Thread 2 ] DEBUG Engine               - class com.almasb.fxgl.app.services.AssetLoaderService
13:57:21.207 [FXGL Background Thread 2 ] DEBUG Engine               - class com.almasb.fxgl.app.services.SystemBundleService
13:57:21.207 [FXGL Background Thread 2 ] DEBUG Engine               - class com.almasb.fxgl.profile.SaveLoadService
13:57:21.207 [FXGL Background Thread 2 ] DEBUG Engine               - class com.almasb.fxgl.ui.FXGLUIFactoryServiceProvider
13:57:21.207 [FXGL Background Thread 2 ] DEBUG Engine               - class com.almasb.fxgl.ui.FXGLDialogFactoryServiceProvider
13:57:21.208 [FXGL Background Thread 2 ] DEBUG Engine               - class com.almasb.fxgl.audio.AudioPlayer
13:57:21.208 [FXGL Background Thread 2 ] DEBUG Engine               - class com.almasb.fxgl.notification.impl.NotificationServiceProvider
13:57:21.208 [FXGL Background Thread 2 ] DEBUG Engine               - class com.almasb.fxgl.achievement.AchievementService
13:57:21.208 [FXGL Background Thread 2 ] DEBUG Engine               - class com.almasb.fxgl.cutscene.CutsceneService
13:57:21.209 [FXGL Background Thread 2 ] DEBUG Engine               - class com.almasb.fxgl.minigames.MiniGameService
13:57:21.209 [FXGL Background Thread 2 ] DEBUG Engine               - class com.almasb.fxgl.net.NetService
13:57:21.209 [FXGL Background Thread 2 ] DEBUG Engine               - class com.almasb.fxgl.app.services.UpdaterService
13:57:21.209 [FXGL Background Thread 2 ] DEBUG Engine               - class com.almasb.fxgl.dev.DevService
13:57:21.209 [FXGL Background Thread 2 ] DEBUG Engine               - class com.almasb.fxgl.dev.profiling.ProfilerService
13:57:22.736 [JavaFX Application Thread] DEBUG GameApplication      - Exiting FXGL
13:57:22.737 [JavaFX Application Thread] DEBUG LoopRunner           - Stopping loop
13:57:22.737 [JavaFX Application Thread] DEBUG SystemBundleService  - Saving FXGL system data
13:57:22.740 [JavaFX Application Thread] DEBUG FileSystemAccess     - Writing to: /Users/universita/Desktop/ProgettoJava/traffic-scut-sac/JavaTraffic/system/fxgl.bundle
13:57:22.744 [JavaFX Application Thread] INFO  ProfilerService      - Processed Frames: 293
13:57:22.744 [JavaFX Application Thread] INFO  ProfilerService      - Average FPS: 59
13:57:22.745 [JavaFX Application Thread] INFO  ProfilerService      - Avg Frame Took: 14,92 ms
13:57:22.745 [JavaFX Application Thread] INFO  ProfilerService      - Avg Memory Usage: 18 MB
13:57:22.745 [JavaFX Application Thread] INFO  ProfilerService      - Min Memory Usage: 13 MB
13:57:22.745 [JavaFX Application Thread] INFO  ProfilerService      - Max Memory Usage: 24 MB
13:57:22.745 [JavaFX Application Thread] INFO  ProfilerService      - Estimated GC runs: 1
13:57:22.745 [JavaFX Application Thread] DEBUG GameApplication      - Shutting down background threads
13:57:22.746 [JavaFX Application Thread] DEBUG GameApplication      - Closing logger and exiting JavaFX
