03:26:14.467 [main                     ] DEBUG GameApplication      - Logger initialized
03:26:14.486 [main                     ] DEBUG GameApplication      - Logging settings
Title:   Basic Game App  
Version: 0.1
Width: 800
Height: 600
Fullscreen: false
Intro: false
Profiling: true
Single step:false
App Mode: DEVELOPER
Menu Key: ESCAPE
Stage Style: DECORATED
Scene Factory: class com.almasb.fxgl.app.scene.SceneFactory

03:26:15.178 [JavaFX Application Thread] DEBUG GameApplication      - Initializing FXGL
03:26:15.190 [JavaFX Application Thread] INFO  Engine               - FXGL-11.9 (27.05.2020 17.31) on MAC (J:14.0.1 FX:13.0.2)
03:26:15.191 [JavaFX Application Thread] DEBUG Engine               - JRE Vendor Name: Oracle Corporation
03:26:15.191 [JavaFX Application Thread] DEBUG Engine               - Running on OS: Mac OS X version 10.15.5
03:26:15.192 [JavaFX Application Thread] DEBUG Engine               - Architecture: x86_64
03:26:15.192 [JavaFX Application Thread] INFO  Engine               - Source code and latest versions at: https://github.com/AlmasB/FXGL
03:26:15.192 [JavaFX Application Thread] INFO  Engine               -              Join the FXGL chat at: https://gitter.im/AlmasB/FXGL
03:26:15.335 [JavaFX Application Thread] DEBUG MainWindow           - Creating a JavaFX scene
03:26:15.400 [JavaFX Application Thread] DEBUG MainWindow           - Target settings size: 800.0 x 600.0
03:26:15.400 [JavaFX Application Thread] DEBUG MainWindow           - Scaled scene size:    800.0 x 600.0
03:26:15.400 [JavaFX Application Thread] DEBUG MainWindow           - Scaled ratio: (1.0, 1.0)
03:26:15.402 [JavaFX Application Thread] DEBUG MainWindow           - Set initial scene to FXGLStartupScene
03:26:15.410 [JavaFX Application Thread] DEBUG MainWindow           - Opening main window
03:26:15.499 [JavaFX Application Thread] DEBUG MainWindow           - Window border size: (0.0, 22.0)
03:26:15.500 [JavaFX Application Thread] DEBUG MainWindow           - Scaled size: 800.0 x 600.0
03:26:15.500 [JavaFX Application Thread] DEBUG MainWindow           - Scaled ratio: (1.0, 1.0)
03:26:15.500 [JavaFX Application Thread] DEBUG MainWindow           - Scene size: 800.0 x 600.0
03:26:15.500 [JavaFX Application Thread] DEBUG MainWindow           - Stage size: 800.0 x 622.0
03:26:15.508 [FXGL Background Thread 1 ] DEBUG Engine               - Initializing environment variables
03:26:15.538 [FXGL Background Thread 1 ] DEBUG WindowService        - Applying CSS: fxgl_dark.css
03:26:15.539 [FXGL Background Thread 1 ] DEBUG AssetLoaderService   - Loading from file system: /assets/ui/css/fxgl_dark.css
03:26:15.610 [FXGL Background Thread 1 ] DEBUG WindowService        - Initializing application scenes
03:26:15.889 [FXGL Background Thread 1 ] DEBUG GameWorld            - Game world initialized
03:26:15.928 [FXGL Background Thread 1 ] DEBUG PhysicsWorld         - Physics world initialized: appHeight=600, physics.ppm=50,0
03:26:15.931 [FXGL Background Thread 1 ] DEBUG GameScene            - Game scene initialized: 800x600
03:26:15.970 [FXGL Background Thread 1 ] DEBUG AssetLoaderService   - Loading from file system: /assets/textures/particles/trace_horizontal.png
03:26:16.045 [FXGL Background Thread 1 ] DEBUG FXGL.DefaultMenu     - createMenuBodyGameMenu()
03:26:16.067 [FXGL Background Thread 1 ] DEBUG FXGL.DefaultMenu     - createOptionsMenu()
03:26:16.073 [FXGL Background Thread 1 ] DEBUG AssetLoaderService   - Loading from file system: /assets/textures/particles/smoke.png
03:26:16.147 [FXGL Background Thread 1 ] DEBUG WindowService        - Application scenes initialized
03:26:16.159 [FXGL Background Thread 1 ] DEBUG SystemBundleService  - Loading FXGL system data
03:26:16.163 [FXGL Background Thread 1 ] DEBUG FileSystemAccess     - Reading from: /Users/universita/Desktop/ProgettoJava/traffic-scut-sac/JavaTraffic/system/fxgl.bundle
03:26:16.171 [FXGL Background Thread 1 ] DEBUG SystemBundleService  - Bundle FXGL: {}
03:26:16.197 [FXGL Background Thread 1 ] INFO  Engine               - FXGL initialization took: 0,686 sec
03:26:16.199 [FXGL Background Thread 1 ] DEBUG GameApplication      - Loading localizations
03:26:16.200 [FXGL Background Thread 1 ] DEBUG AssetLoaderService   - Loading from file system: /assets/languages/english.lang
03:26:16.214 [FXGL Background Thread 1 ] DEBUG AssetLoaderService   - Loading from file system: /assets/languages/french.lang
03:26:16.218 [FXGL Background Thread 1 ] DEBUG AssetLoaderService   - Loading from file system: /assets/languages/german.lang
03:26:16.220 [FXGL Background Thread 1 ] DEBUG AssetLoaderService   - Loading from file system: /assets/languages/hungarian.lang
03:26:16.222 [FXGL Background Thread 1 ] DEBUG AssetLoaderService   - Loading from file system: /assets/languages/russian.lang
03:26:16.226 [FXGL Background Thread 1 ] DEBUG GameApplication      - Registering font factories with UI factory
03:26:16.226 [FXGL Background Thread 1 ] DEBUG AssetLoaderService   - Loading from file system: /assets/ui/fonts/VarelaRound-Regular.ttf
03:26:16.256 [FXGL Background Thread 1 ] DEBUG AssetLoaderService   - Loading from file system: /assets/ui/fonts/Abel-Regular.ttf
03:26:16.259 [FXGL Background Thread 1 ] DEBUG AssetLoaderService   - Loading from file system: /assets/ui/fonts/lucida_console.ttf
03:26:16.262 [FXGL Background Thread 1 ] DEBUG AssetLoaderService   - Loading from file system: /assets/ui/fonts/Courier-Prime.ttf
03:26:16.274 [JavaFX Application Thread] DEBUG Input                - Registered new binding: Move Right - D
03:26:16.274 [JavaFX Application Thread] DEBUG Input                - Registered new binding: Move Left - A
03:26:16.275 [JavaFX Application Thread] DEBUG Input                - Registered new binding: Move Up - W
03:26:16.275 [JavaFX Application Thread] DEBUG Input                - Registered new binding: Move Down - S
03:26:16.275 [JavaFX Application Thread] DEBUG AssetLoaderService   - Loading from file system: /assets/textures/fxgl_icon.png
03:26:16.309 [JavaFX Application Thread] DEBUG AssetLoaderService   - Loading from file system: /assets/ui/cursors/fxgl_default.png
03:26:16.313 [JavaFX Application Thread] DEBUG Input                - Registered new binding: Screenshot - P
03:26:16.314 [JavaFX Application Thread] DEBUG Input                - Registered new binding: Dev Options - 1
03:26:16.314 [JavaFX Application Thread] DEBUG Input                - Registered new binding: Dev Console - 2
03:26:16.314 [JavaFX Application Thread] DEBUG Input                - Registered new binding: System info dump - CTRL+9
03:26:16.315 [JavaFX Application Thread] DEBUG Input                - Registered new binding: Restart - CTRL+R
03:26:16.316 [JavaFX Application Thread] DEBUG LoopRunner           - Starting loop
03:26:16.359 [JavaFX Application Thread] DEBUG FXGLStartupScene     - STARTUP
03:26:16.360 [JavaFX Application Thread] DEBUG WindowService        - Starting new game
03:26:16.360 [JavaFX Application Thread] DEBUG Input                - Clearing active input actions
03:26:16.379 [JavaFX Application Thread] DEBUG WindowService        - Removing overlay from FXGLStartupScene and adding to FXGLLoadingScene
03:26:16.391 [JavaFX Application Thread] DEBUG MainWindow           - FXGLStartupScene -> FXGLLoadingScene
03:26:16.391 [JavaFX Application Thread] DEBUG WindowService        - Clearing previous game
03:26:16.391 [JavaFX Application Thread] DEBUG GameScene            - Clearing game scene
03:26:16.391 [JavaFX Application Thread] DEBUG GameWorld            - Clearing game world
03:26:16.392 [JavaFX Application Thread] DEBUG PhysicsWorld         - Clearing physics world
03:26:16.393 [FXGL Background Thread 1 ] DEBUG GameApplication      - Initializing game
03:26:16.429 [FXGL Background Thread 1 ] INFO  GameApplication      - Game initialization took: 0,036 sec
03:26:16.676 [JavaFX Application Thread] DEBUG Input                - Clearing active input actions
03:26:16.687 [JavaFX Application Thread] DEBUG WindowService        - Removing overlay from FXGLLoadingScene and adding to GameScene
03:26:16.718 [JavaFX Application Thread] DEBUG MainWindow           - FXGLLoadingScene -> GameScene
03:26:19.202 [FXGL Background Thread 2 ] DEBUG Engine               - Logging environment variables
03:26:19.203 [FXGL Background Thread 2 ] DEBUG Engine               - achievements: []
03:26:19.204 [FXGL Background Thread 2 ] DEBUG Engine               - appIcon: fxgl_icon.png
03:26:19.204 [FXGL Background Thread 2 ] DEBUG Engine               - applicationMode: DEVELOPER
03:26:19.204 [FXGL Background Thread 2 ] DEBUG Engine               - cSSList: [fxgl_dark.css]
03:26:19.204 [FXGL Background Thread 2 ] DEBUG Engine               - configClass: Optional.empty
03:26:19.204 [FXGL Background Thread 2 ] DEBUG Engine               - credits: []
03:26:19.204 [FXGL Background Thread 2 ] DEBUG Engine               - devBBoxColorProperty: ObjectProperty [value: 0xff0000ff]
03:26:19.205 [FXGL Background Thread 2 ] DEBUG Engine               - devSensorColorProperty: ObjectProperty [value: 0xffff00ff]
03:26:19.205 [FXGL Background Thread 2 ] DEBUG Engine               - devShowBBoxProperty: BooleanProperty [value: false]
03:26:19.205 [FXGL Background Thread 2 ] DEBUG Engine               - devShowPositionProperty: BooleanProperty [value: false]
03:26:19.205 [FXGL Background Thread 2 ] DEBUG Engine               - enabledMenuItems: []
03:26:19.205 [FXGL Background Thread 2 ] DEBUG Engine               - engineServices: [class com.almasb.fxgl.app.GameApplication$GameApplicationService, class com.almasb.fxgl.app.services.WindowService, class com.almasb.fxgl.app.services.FXGLDialogService, class com.almasb.fxgl.app.services.IOTaskExecutorService, class com.almasb.fxgl.event.EventBusService, class com.almasb.fxgl.io.FileSystemService, class com.almasb.fxgl.localization.LocalizationService, class com.almasb.fxgl.app.services.AssetLoaderService, class com.almasb.fxgl.app.services.SystemBundleService, class com.almasb.fxgl.profile.SaveLoadService, class com.almasb.fxgl.ui.FXGLUIFactoryServiceProvider, class com.almasb.fxgl.ui.FXGLDialogFactoryServiceProvider, class com.almasb.fxgl.audio.AudioPlayer, class com.almasb.fxgl.notification.impl.NotificationServiceProvider, class com.almasb.fxgl.achievement.AchievementService, class com.almasb.fxgl.cutscene.CutsceneService, class com.almasb.fxgl.minigames.MiniGameService, class com.almasb.fxgl.net.NetService, class com.almasb.fxgl.app.services.UpdaterService, class com.almasb.fxgl.dev.DevService, class com.almasb.fxgl.dev.profiling.ProfilerService]
03:26:19.205 [FXGL Background Thread 2 ] DEBUG Engine               - fontGame: Abel-Regular.ttf
03:26:19.206 [FXGL Background Thread 2 ] DEBUG Engine               - fontMono: lucida_console.ttf
03:26:19.206 [FXGL Background Thread 2 ] DEBUG Engine               - fontText: Courier-Prime.ttf
03:26:19.206 [FXGL Background Thread 2 ] DEBUG Engine               - fontUI: VarelaRound-Regular.ttf
03:26:19.206 [FXGL Background Thread 2 ] DEBUG Engine               - fullScreen: BooleanProperty [value: false]
03:26:19.206 [FXGL Background Thread 2 ] DEBUG Engine               - gameDifficulty: MEDIUM
03:26:19.206 [FXGL Background Thread 2 ] DEBUG Engine               - gameDifficultyProperty: ObjectProperty [value: MEDIUM]
03:26:19.206 [FXGL Background Thread 2 ] DEBUG Engine               - globalMusicVolume: 0.5
03:26:19.207 [FXGL Background Thread 2 ] DEBUG Engine               - globalMusicVolumeProperty: DoubleProperty [value: 0.5]
03:26:19.207 [FXGL Background Thread 2 ] DEBUG Engine               - globalSoundVolume: 0.5
03:26:19.207 [FXGL Background Thread 2 ] DEBUG Engine               - globalSoundVolumeProperty: DoubleProperty [value: 0.5]
03:26:19.207 [FXGL Background Thread 2 ] DEBUG Engine               - height: 600
03:26:19.207 [FXGL Background Thread 2 ] DEBUG Engine               - isAndroid: false
03:26:19.207 [FXGL Background Thread 2 ] DEBUG Engine               - isBrowser: false
03:26:19.208 [FXGL Background Thread 2 ] DEBUG Engine               - isClickFeedbackEnabled: false
03:26:19.208 [FXGL Background Thread 2 ] DEBUG Engine               - isCloseConfirmation: false
03:26:19.208 [FXGL Background Thread 2 ] DEBUG Engine               - isDesktop: true
03:26:19.208 [FXGL Background Thread 2 ] DEBUG Engine               - isDeveloperMenuEnabled: true
03:26:19.208 [FXGL Background Thread 2 ] DEBUG Engine               - isExperimentalNative: false
03:26:19.208 [FXGL Background Thread 2 ] DEBUG Engine               - isExperimentalTiledLargeMap: false
03:26:19.209 [FXGL Background Thread 2 ] DEBUG Engine               - isFullScreenAllowed: false
03:26:19.209 [FXGL Background Thread 2 ] DEBUG Engine               - isFullScreenFromStart: false
03:26:19.209 [FXGL Background Thread 2 ] DEBUG Engine               - isGameMenuEnabled: true
03:26:19.209 [FXGL Background Thread 2 ] DEBUG Engine               - isIOS: false
03:26:19.209 [FXGL Background Thread 2 ] DEBUG Engine               - isIntroEnabled: false
03:26:19.209 [FXGL Background Thread 2 ] DEBUG Engine               - isLinux: false
03:26:19.209 [FXGL Background Thread 2 ] DEBUG Engine               - isMac: true
03:26:19.210 [FXGL Background Thread 2 ] DEBUG Engine               - isMainMenuEnabled: false
03:26:19.210 [FXGL Background Thread 2 ] DEBUG Engine               - isManualResizeEnabled: false
03:26:19.210 [FXGL Background Thread 2 ] DEBUG Engine               - isMobile: false
03:26:19.210 [FXGL Background Thread 2 ] DEBUG Engine               - isPreserveResizeRatio: false
03:26:19.210 [FXGL Background Thread 2 ] DEBUG Engine               - isProfilingEnabled: true
03:26:19.210 [FXGL Background Thread 2 ] DEBUG Engine               - isSingleStep: false
03:26:19.211 [FXGL Background Thread 2 ] DEBUG Engine               - isUserProfileEnabled: false
03:26:19.211 [FXGL Background Thread 2 ] DEBUG Engine               - isWindows: false
03:26:19.211 [FXGL Background Thread 2 ] DEBUG Engine               - language: ObjectProperty [value: ENGLISH]
03:26:19.211 [FXGL Background Thread 2 ] DEBUG Engine               - mainWindow: com.almasb.fxgl.app.MainWindow@62e06aff
03:26:19.211 [FXGL Background Thread 2 ] DEBUG Engine               - menuKey: ESCAPE
03:26:19.211 [FXGL Background Thread 2 ] DEBUG Engine               - notificationViewClass: class com.almasb.fxgl.notification.view.XboxNotificationView
03:26:19.212 [FXGL Background Thread 2 ] DEBUG Engine               - pixelsPerMeter: 50.0
03:26:19.212 [FXGL Background Thread 2 ] DEBUG Engine               - platform: MAC
03:26:19.212 [FXGL Background Thread 2 ] DEBUG Engine               - profileDir: profiles/
03:26:19.212 [FXGL Background Thread 2 ] DEBUG Engine               - profileName: StringProperty [value: DEFAULT]
03:26:19.212 [FXGL Background Thread 2 ] DEBUG Engine               - randomSeed: -1
03:26:19.212 [FXGL Background Thread 2 ] DEBUG Engine               - runtimeInfo: RuntimeInfo(platform=MAC, version=11.9, build=27.05.2020 17.31)
03:26:19.212 [FXGL Background Thread 2 ] DEBUG Engine               - saveFileExt: sav
03:26:19.213 [FXGL Background Thread 2 ] DEBUG Engine               - sceneFactory: com.almasb.fxgl.app.scene.SceneFactory@66dff27b
03:26:19.213 [FXGL Background Thread 2 ] DEBUG Engine               - secondsIn24h: 60
03:26:19.213 [FXGL Background Thread 2 ] DEBUG Engine               - settings: Title:   Basic Game App  
Version: 0.1
Width: 800
Height: 600
Fullscreen: false
Intro: false
Profiling: true
Single step:false
App Mode: DEVELOPER
Menu Key: ESCAPE
Stage Style: DECORATED
Scene Factory: class com.almasb.fxgl.app.scene.SceneFactory

03:26:19.213 [FXGL Background Thread 2 ] DEBUG Engine               - soundMenuBack: menu/back.wav
03:26:19.213 [FXGL Background Thread 2 ] DEBUG Engine               - soundMenuPress: menu/press.wav
03:26:19.213 [FXGL Background Thread 2 ] DEBUG Engine               - soundMenuSelect: menu/select.wav
03:26:19.213 [FXGL Background Thread 2 ] DEBUG Engine               - soundNotification: core/notification.wav
03:26:19.213 [FXGL Background Thread 2 ] DEBUG Engine               - stageStyle: DECORATED
03:26:19.213 [FXGL Background Thread 2 ] DEBUG Engine               - supportedLanguages: [ENGLISH, FRENCH, GERMAN, HUNGARIAN, RUSSIAN]
03:26:19.214 [FXGL Background Thread 2 ] DEBUG Engine               - title:   Basic Game App  
03:26:19.214 [FXGL Background Thread 2 ] DEBUG Engine               - urlGithub: https://github.com/AlmasB/FXGL
03:26:19.214 [FXGL Background Thread 2 ] DEBUG Engine               - urlLeaderboard: http://fxgl-top.herokuapp.com/
03:26:19.214 [FXGL Background Thread 2 ] DEBUG Engine               - urlPOM: https://raw.githubusercontent.com/AlmasB/FXGL/master/pom.xml
03:26:19.214 [FXGL Background Thread 2 ] DEBUG Engine               - version: 0.1
03:26:19.214 [FXGL Background Thread 2 ] DEBUG Engine               - versionCheckDays: 7
03:26:19.214 [FXGL Background Thread 2 ] DEBUG Engine               - width: 800
03:26:19.214 [FXGL Background Thread 2 ] DEBUG Engine               - Logging services
03:26:19.215 [FXGL Background Thread 2 ] DEBUG Engine               - class com.almasb.fxgl.app.GameApplication$GameApplicationService
03:26:19.215 [FXGL Background Thread 2 ] DEBUG Engine               - class com.almasb.fxgl.app.services.WindowService
03:26:19.215 [FXGL Background Thread 2 ] DEBUG Engine               - class com.almasb.fxgl.app.services.FXGLDialogService
03:26:19.215 [FXGL Background Thread 2 ] DEBUG Engine               - class com.almasb.fxgl.app.services.IOTaskExecutorService
03:26:19.215 [FXGL Background Thread 2 ] DEBUG Engine               - class com.almasb.fxgl.event.EventBusService
03:26:19.215 [FXGL Background Thread 2 ] DEBUG Engine               - class com.almasb.fxgl.io.FileSystemService
03:26:19.215 [FXGL Background Thread 2 ] DEBUG Engine               - class com.almasb.fxgl.localization.LocalizationService
03:26:19.215 [FXGL Background Thread 2 ] DEBUG Engine               - class com.almasb.fxgl.app.services.AssetLoaderService
03:26:19.215 [FXGL Background Thread 2 ] DEBUG Engine               - class com.almasb.fxgl.app.services.SystemBundleService
03:26:19.215 [FXGL Background Thread 2 ] DEBUG Engine               - class com.almasb.fxgl.profile.SaveLoadService
03:26:19.216 [FXGL Background Thread 2 ] DEBUG Engine               - class com.almasb.fxgl.ui.FXGLUIFactoryServiceProvider
03:26:19.216 [FXGL Background Thread 2 ] DEBUG Engine               - class com.almasb.fxgl.ui.FXGLDialogFactoryServiceProvider
03:26:19.216 [FXGL Background Thread 2 ] DEBUG Engine               - class com.almasb.fxgl.audio.AudioPlayer
03:26:19.216 [FXGL Background Thread 2 ] DEBUG Engine               - class com.almasb.fxgl.notification.impl.NotificationServiceProvider
03:26:19.216 [FXGL Background Thread 2 ] DEBUG Engine               - class com.almasb.fxgl.achievement.AchievementService
03:26:19.216 [FXGL Background Thread 2 ] DEBUG Engine               - class com.almasb.fxgl.cutscene.CutsceneService
03:26:19.216 [FXGL Background Thread 2 ] DEBUG Engine               - class com.almasb.fxgl.minigames.MiniGameService
03:26:19.216 [FXGL Background Thread 2 ] DEBUG Engine               - class com.almasb.fxgl.net.NetService
03:26:19.217 [FXGL Background Thread 2 ] DEBUG Engine               - class com.almasb.fxgl.app.services.UpdaterService
03:26:19.217 [FXGL Background Thread 2 ] DEBUG Engine               - class com.almasb.fxgl.dev.DevService
03:26:19.217 [FXGL Background Thread 2 ] DEBUG Engine               - class com.almasb.fxgl.dev.profiling.ProfilerService
03:27:01.035 [JavaFX Application Thread] DEBUG WindowService        - Starting new game
03:27:01.036 [JavaFX Application Thread] DEBUG Input                - Clearing active input actions
03:27:01.070 [JavaFX Application Thread] DEBUG WindowService        - Removing overlay from GameScene and adding to FXGLLoadingScene
03:27:01.100 [JavaFX Application Thread] DEBUG MainWindow           - GameScene -> FXGLLoadingScene
03:27:01.100 [JavaFX Application Thread] DEBUG WindowService        - Clearing previous game
03:27:01.101 [JavaFX Application Thread] DEBUG GameScene            - Clearing game scene
03:27:01.101 [JavaFX Application Thread] DEBUG GameWorld            - Clearing game world
03:27:01.146 [JavaFX Application Thread] DEBUG PhysicsWorld         - Clearing physics world
03:27:01.147 [FXGL Background Thread 1 ] DEBUG GameApplication      - Initializing game
03:27:01.149 [FXGL Background Thread 1 ] INFO  GameApplication      - Game initialization took: 0,001 sec
03:27:01.169 [JavaFX Application Thread] DEBUG Input                - Clearing active input actions
03:27:01.176 [JavaFX Application Thread] DEBUG WindowService        - Removing overlay from FXGLLoadingScene and adding to GameScene
03:27:01.190 [JavaFX Application Thread] DEBUG MainWindow           - FXGLLoadingScene -> GameScene
03:27:42.256 [JavaFX Application Thread] DEBUG WindowService        - Starting new game
03:27:42.257 [JavaFX Application Thread] DEBUG Input                - Clearing active input actions
03:27:42.286 [JavaFX Application Thread] DEBUG WindowService        - Removing overlay from GameScene and adding to FXGLLoadingScene
03:27:42.297 [JavaFX Application Thread] DEBUG MainWindow           - GameScene -> FXGLLoadingScene
03:27:42.297 [JavaFX Application Thread] DEBUG WindowService        - Clearing previous game
03:27:42.297 [JavaFX Application Thread] DEBUG GameScene            - Clearing game scene
03:27:42.297 [JavaFX Application Thread] DEBUG GameWorld            - Clearing game world
03:27:42.320 [JavaFX Application Thread] DEBUG PhysicsWorld         - Clearing physics world
03:27:42.320 [FXGL Background Thread 1 ] DEBUG GameApplication      - Initializing game
03:27:42.321 [FXGL Background Thread 1 ] INFO  GameApplication      - Game initialization took: 0,001 sec
03:27:42.333 [JavaFX Application Thread] DEBUG Input                - Clearing active input actions
03:27:42.339 [JavaFX Application Thread] DEBUG WindowService        - Removing overlay from FXGLLoadingScene and adding to GameScene
03:27:42.345 [JavaFX Application Thread] DEBUG MainWindow           - FXGLLoadingScene -> GameScene
03:27:49.965 [JavaFX Application Thread] DEBUG MainWindow           - Push state: FXGLDefaultMenu
03:27:49.971 [JavaFX Application Thread] DEBUG Input                - Clearing active input actions
03:27:49.974 [JavaFX Application Thread] DEBUG WindowService        - Removing overlay from GameScene and adding to FXGLDefaultMenu
03:27:49.985 [JavaFX Application Thread] DEBUG MainWindow           - GameScene -> FXGLDefaultMenu
03:27:50.388 [JavaFX Application Thread] DEBUG MainWindow           - Pop state: FXGLDefaultMenu
03:27:50.388 [JavaFX Application Thread] DEBUG Input                - Clearing active input actions
03:27:50.389 [JavaFX Application Thread] DEBUG WindowService        - Removing overlay from FXGLDefaultMenu and adding to GameScene
03:27:50.394 [JavaFX Application Thread] DEBUG MainWindow           - GameScene <- FXGLDefaultMenu
03:27:51.257 [JavaFX Application Thread] DEBUG WindowService        - Starting new game
03:27:51.257 [JavaFX Application Thread] DEBUG Input                - Clearing active input actions
03:27:51.270 [JavaFX Application Thread] DEBUG WindowService        - Removing overlay from GameScene and adding to FXGLLoadingScene
03:27:51.278 [JavaFX Application Thread] DEBUG MainWindow           - GameScene -> FXGLLoadingScene
03:27:51.278 [JavaFX Application Thread] DEBUG WindowService        - Clearing previous game
03:27:51.278 [JavaFX Application Thread] DEBUG GameScene            - Clearing game scene
03:27:51.278 [JavaFX Application Thread] DEBUG GameWorld            - Clearing game world
03:27:51.283 [JavaFX Application Thread] DEBUG PhysicsWorld         - Clearing physics world
03:27:51.283 [FXGL Background Thread 1 ] DEBUG GameApplication      - Initializing game
03:27:51.291 [FXGL Background Thread 1 ] INFO  GameApplication      - Game initialization took: 0,007 sec
03:27:51.301 [JavaFX Application Thread] DEBUG Input                - Clearing active input actions
03:27:51.308 [JavaFX Application Thread] DEBUG WindowService        - Removing overlay from FXGLLoadingScene and adding to GameScene
03:27:51.316 [JavaFX Application Thread] DEBUG MainWindow           - FXGLLoadingScene -> GameScene
03:28:52.221 [JavaFX Application Thread] DEBUG MainWindow           - Push state: FXGLDefaultMenu
03:28:52.221 [JavaFX Application Thread] DEBUG Input                - Clearing active input actions
03:28:52.224 [JavaFX Application Thread] DEBUG WindowService        - Removing overlay from GameScene and adding to FXGLDefaultMenu
03:28:52.229 [JavaFX Application Thread] DEBUG MainWindow           - GameScene -> FXGLDefaultMenu
03:28:54.394 [JavaFX Application Thread] DEBUG MainWindow           - Pop state: FXGLDefaultMenu
03:28:54.394 [JavaFX Application Thread] DEBUG Input                - Clearing active input actions
03:28:54.396 [JavaFX Application Thread] DEBUG WindowService        - Removing overlay from FXGLDefaultMenu and adding to GameScene
03:28:54.399 [JavaFX Application Thread] DEBUG MainWindow           - GameScene <- FXGLDefaultMenu
03:28:54.768 [JavaFX Application Thread] DEBUG MainWindow           - Push state: FXGLDefaultMenu
03:28:54.769 [JavaFX Application Thread] DEBUG Input                - Clearing active input actions
03:28:54.771 [JavaFX Application Thread] DEBUG WindowService        - Removing overlay from GameScene and adding to FXGLDefaultMenu
03:28:54.776 [JavaFX Application Thread] DEBUG MainWindow           - GameScene -> FXGLDefaultMenu
03:28:55.603 [JavaFX Application Thread] DEBUG Menu                 - fireExit()
03:28:55.607 [JavaFX Application Thread] DEBUG MainWindow           - Push state: DialogSubScene
03:28:55.607 [JavaFX Application Thread] DEBUG Input                - Clearing active input actions
03:28:55.608 [JavaFX Application Thread] DEBUG WindowService        - Removing overlay from FXGLDefaultMenu and adding to DialogSubScene
03:28:55.612 [JavaFX Application Thread] DEBUG MainWindow           - FXGLDefaultMenu -> DialogSubScene
03:28:56.163 [JavaFX Application Thread] DEBUG MainWindow           - Pop state: DialogSubScene
03:28:56.163 [JavaFX Application Thread] DEBUG Input                - Clearing active input actions
03:28:56.164 [JavaFX Application Thread] DEBUG WindowService        - Removing overlay from DialogSubScene and adding to FXGLDefaultMenu
03:28:56.170 [JavaFX Application Thread] DEBUG MainWindow           - FXGLDefaultMenu <- DialogSubScene
03:28:56.171 [JavaFX Application Thread] DEBUG GameApplication      - Exiting FXGL
03:28:56.171 [JavaFX Application Thread] DEBUG LoopRunner           - Stopping loop
03:28:56.171 [JavaFX Application Thread] DEBUG SystemBundleService  - Saving FXGL system data
03:28:56.173 [JavaFX Application Thread] DEBUG FileSystemAccess     - Writing to: /Users/universita/Desktop/ProgettoJava/traffic-scut-sac/JavaTraffic/system/fxgl.bundle
03:28:56.175 [JavaFX Application Thread] INFO  ProfilerService      - Processed Frames: 11899
03:28:56.175 [JavaFX Application Thread] INFO  ProfilerService      - Average FPS: 59
03:28:56.175 [JavaFX Application Thread] INFO  ProfilerService      - Avg Frame Took: 13,43 ms
03:28:56.175 [JavaFX Application Thread] INFO  ProfilerService      - Avg Memory Usage: 42 MB
03:28:56.175 [JavaFX Application Thread] INFO  ProfilerService      - Min Memory Usage: 13 MB
03:28:56.175 [JavaFX Application Thread] INFO  ProfilerService      - Max Memory Usage: 61 MB
03:28:56.175 [JavaFX Application Thread] INFO  ProfilerService      - Estimated GC runs: 28
03:28:56.175 [JavaFX Application Thread] DEBUG GameApplication      - Shutting down background threads
03:28:56.176 [JavaFX Application Thread] DEBUG GameApplication      - Closing logger and exiting JavaFX
