13:15:35.308 [main                     ] DEBUG GameApplication      - Logger initialized
13:15:35.319 [main                     ] DEBUG GameApplication      - Logging settings
Title: AndreaGameApp
Version: 0.1
Width: 600
Height: 600
Fullscreen: false
Intro: false
Profiling: false
Single step:false
App Mode: DEVELOPER
Menu Key: ESCAPE
Stage Style: DECORATED
Scene Factory: class com.almasb.fxgl.app.scene.SceneFactory

13:15:35.688 [JavaFX Application Thread] DEBUG GameApplication      - Initializing FXGL
13:15:35.694 [JavaFX Application Thread] INFO  Engine               - FXGL-11.9 (27.05.2020 17.31) on WINDOWS (J:14.0.1 FX:13.0.2)
13:15:35.695 [JavaFX Application Thread] DEBUG Engine               - JRE Vendor Name: Oracle Corporation
13:15:35.695 [JavaFX Application Thread] DEBUG Engine               - Running on OS: Windows 10 version 10.0
13:15:35.695 [JavaFX Application Thread] DEBUG Engine               - Architecture: amd64
13:15:35.695 [JavaFX Application Thread] INFO  Engine               - Source code and latest versions at: https://github.com/AlmasB/FXGL
13:15:35.696 [JavaFX Application Thread] INFO  Engine               -              Join the FXGL chat at: https://gitter.im/AlmasB/FXGL
13:15:35.781 [JavaFX Application Thread] DEBUG MainWindow           - Creating a JavaFX scene
13:15:35.823 [JavaFX Application Thread] DEBUG MainWindow           - Target settings size: 600.0 x 600.0
13:15:35.823 [JavaFX Application Thread] DEBUG MainWindow           - Scaled scene size:    600.0 x 600.0
13:15:35.823 [JavaFX Application Thread] DEBUG MainWindow           - Scaled ratio: (1.0, 1.0)
13:15:35.825 [JavaFX Application Thread] DEBUG MainWindow           - Set initial scene to FXGLStartupScene
13:15:35.831 [JavaFX Application Thread] DEBUG MainWindow           - Opening main window
13:15:35.903 [JavaFX Application Thread] DEBUG MainWindow           - Window border size: (14.4000244140625, 37.5999755859375)
13:15:35.904 [JavaFX Application Thread] DEBUG MainWindow           - Scaled size: 600.0 x 600.0
13:15:35.904 [JavaFX Application Thread] DEBUG MainWindow           - Scaled ratio: (1.0, 1.0)
13:15:35.904 [JavaFX Application Thread] DEBUG MainWindow           - Scene size: 600.0 x 600.0
13:15:35.904 [JavaFX Application Thread] DEBUG MainWindow           - Stage size: 614.4000244140625 x 637.5999755859375
13:15:35.913 [FXGL Background Thread 1 ] DEBUG Engine               - Initializing environment variables
13:15:35.937 [FXGL Background Thread 1 ] DEBUG WindowService        - Applying CSS: fxgl_dark.css
13:15:35.938 [FXGL Background Thread 1 ] DEBUG AssetLoaderService   - Loading from file system: /assets/ui/css/fxgl_dark.css
13:15:35.977 [FXGL Background Thread 1 ] DEBUG WindowService        - Initializing application scenes
13:15:36.012 [FXGL Background Thread 1 ] DEBUG GameWorld            - Game world initialized
13:15:36.050 [FXGL Background Thread 1 ] DEBUG PhysicsWorld         - Physics world initialized: appHeight=600, physics.ppm=50,0
13:15:36.052 [FXGL Background Thread 1 ] DEBUG GameScene            - Game scene initialized: 600x600
13:15:36.075 [FXGL Background Thread 1 ] DEBUG AssetLoaderService   - Loading from file system: /assets/textures/particles/trace_horizontal.png
13:15:36.124 [FXGL Background Thread 1 ] WARN  FXGL.DefaultMenu     - FXGLDefaultMenu is not designed for resolutions < 800x600
13:15:36.124 [FXGL Background Thread 1 ] DEBUG FXGL.DefaultMenu     - createMenuBodyGameMenu()
13:15:36.136 [FXGL Background Thread 1 ] DEBUG FXGL.DefaultMenu     - createOptionsMenu()
13:15:36.141 [FXGL Background Thread 1 ] DEBUG AssetLoaderService   - Loading from file system: /assets/textures/particles/smoke.png
13:15:36.197 [FXGL Background Thread 1 ] DEBUG WindowService        - Application scenes initialized
13:15:36.207 [FXGL Background Thread 1 ] DEBUG SystemBundleService  - Loading FXGL system data
13:15:36.210 [FXGL Background Thread 1 ] DEBUG FileSystemAccess     - Reading from: C:\Users\Andrea\Desktop\informatica\1a-2s-Metodologie di programmazione\Progetto\traffic-scut-sac\JavaTraffic\system\fxgl.bundle
13:15:36.215 [FXGL Background Thread 1 ] DEBUG SystemBundleService  - Bundle FXGL: {}
13:15:36.216 [FXGL Background Thread 1 ] INFO  Engine               - FXGL initialization took: 0,299 sec
13:15:36.217 [FXGL Background Thread 1 ] DEBUG GameApplication      - Loading localizations
13:15:36.217 [FXGL Background Thread 1 ] DEBUG AssetLoaderService   - Loading from file system: /assets/languages/english.lang
13:15:36.226 [FXGL Background Thread 1 ] DEBUG AssetLoaderService   - Loading from file system: /assets/languages/french.lang
13:15:36.227 [FXGL Background Thread 1 ] DEBUG AssetLoaderService   - Loading from file system: /assets/languages/german.lang
13:15:36.229 [FXGL Background Thread 1 ] DEBUG AssetLoaderService   - Loading from file system: /assets/languages/hungarian.lang
13:15:36.230 [FXGL Background Thread 1 ] DEBUG AssetLoaderService   - Loading from file system: /assets/languages/russian.lang
13:15:36.232 [FXGL Background Thread 1 ] DEBUG GameApplication      - Registering font factories with UI factory
13:15:36.232 [FXGL Background Thread 1 ] DEBUG AssetLoaderService   - Loading from file system: /assets/ui/fonts/VarelaRound-Regular.ttf
13:15:36.270 [FXGL Background Thread 1 ] DEBUG AssetLoaderService   - Loading from file system: /assets/ui/fonts/Abel-Regular.ttf
13:15:36.273 [FXGL Background Thread 1 ] DEBUG AssetLoaderService   - Loading from file system: /assets/ui/fonts/lucida_console.ttf
13:15:36.277 [FXGL Background Thread 1 ] DEBUG AssetLoaderService   - Loading from file system: /assets/ui/fonts/Courier-Prime.ttf
13:15:36.287 [JavaFX Application Thread] DEBUG Input                - Registered new binding: Move Right - D
13:15:36.287 [JavaFX Application Thread] DEBUG Input                - Registered new binding: Move Left - A
13:15:36.287 [JavaFX Application Thread] DEBUG Input                - Registered new binding: Move Up - W
13:15:36.287 [JavaFX Application Thread] DEBUG Input                - Registered new binding: Move Down - S
13:15:36.287 [JavaFX Application Thread] DEBUG AssetLoaderService   - Loading from file system: /assets/textures/fxgl_icon.png
13:15:36.306 [JavaFX Application Thread] DEBUG AssetLoaderService   - Loading from file system: /assets/ui/cursors/fxgl_default.png
13:15:36.308 [JavaFX Application Thread] DEBUG Input                - Registered new binding: Screenshot - P
13:15:36.309 [JavaFX Application Thread] DEBUG Input                - Registered new binding: System info dump - CTRL+9
13:15:36.309 [JavaFX Application Thread] DEBUG Input                - Registered new binding: Restart - CTRL+R
13:15:36.310 [JavaFX Application Thread] DEBUG LoopRunner           - Starting loop
13:15:36.320 [JavaFX Application Thread] DEBUG FXGLStartupScene     - STARTUP
13:15:36.320 [JavaFX Application Thread] DEBUG WindowService        - Starting new game
13:15:36.321 [JavaFX Application Thread] DEBUG Input                - Clearing active input actions
13:15:36.331 [JavaFX Application Thread] DEBUG WindowService        - Removing overlay from FXGLStartupScene and adding to FXGLLoadingScene
13:15:36.332 [JavaFX Application Thread] DEBUG MainWindow           - FXGLStartupScene -> FXGLLoadingScene
13:15:36.332 [JavaFX Application Thread] DEBUG WindowService        - Clearing previous game
13:15:36.332 [JavaFX Application Thread] DEBUG GameScene            - Clearing game scene
13:15:36.332 [JavaFX Application Thread] DEBUG GameWorld            - Clearing game world
13:15:36.333 [JavaFX Application Thread] DEBUG PhysicsWorld         - Clearing physics world
13:15:36.334 [FXGL Background Thread 1 ] DEBUG GameApplication      - Initializing game
13:15:36.341 [FXGL Background Thread 1 ] DEBUG AssetLoaderService   - Loading from file system: /assets/textures/gioco-01.png
13:15:36.341 [FXGL Background Thread 1 ] WARN  AssetLoaderService   - Failed to load texture gioco-01.png Error: java.lang.IllegalArgumentException: Asset "/assets/textures/gioco-01.png" was not found!
13:15:36.425 [FXGL Background Thread 1 ] DEBUG AssetLoaderService   - Loading from file system: /assets/textures/aa
13:15:36.426 [FXGL Background Thread 1 ] WARN  AssetLoaderService   - Failed to load texture aa Error: java.lang.IllegalArgumentException: Asset "/assets/textures/aa" was not found!
13:15:36.430 [FXGL Background Thread 1 ] DEBUG AssetLoaderService   - Loading from file system: /assets/textures/gioco-01.png
13:15:36.430 [FXGL Background Thread 1 ] WARN  AssetLoaderService   - Failed to load texture gioco-01.png Error: java.lang.IllegalArgumentException: Asset "/assets/textures/gioco-01.png" was not found!
13:15:36.431 [FXGL Background Thread 1 ] INFO  GameApplication      - Game initialization took: 0,097 sec
13:15:36.446 [JavaFX Application Thread] DEBUG Input                - Clearing active input actions
13:15:36.456 [JavaFX Application Thread] DEBUG WindowService        - Removing overlay from FXGLLoadingScene and adding to GameScene
13:15:36.457 [JavaFX Application Thread] DEBUG MainWindow           - FXGLLoadingScene -> GameScene
13:15:39.217 [FXGL Background Thread 2 ] DEBUG Engine               - Logging environment variables
13:15:39.218 [FXGL Background Thread 2 ] DEBUG Engine               - achievements: []
13:15:39.218 [FXGL Background Thread 2 ] DEBUG Engine               - appIcon: fxgl_icon.png
13:15:39.218 [FXGL Background Thread 2 ] DEBUG Engine               - applicationMode: DEVELOPER
13:15:39.218 [FXGL Background Thread 2 ] DEBUG Engine               - cSSList: [fxgl_dark.css]
13:15:39.218 [FXGL Background Thread 2 ] DEBUG Engine               - configClass: Optional.empty
13:15:39.218 [FXGL Background Thread 2 ] DEBUG Engine               - credits: []
13:15:39.218 [FXGL Background Thread 2 ] DEBUG Engine               - devBBoxColorProperty: ObjectProperty [value: 0xff0000ff]
13:15:39.219 [FXGL Background Thread 2 ] DEBUG Engine               - devSensorColorProperty: ObjectProperty [value: 0xffff00ff]
13:15:39.219 [FXGL Background Thread 2 ] DEBUG Engine               - devShowBBoxProperty: BooleanProperty [value: false]
13:15:39.219 [FXGL Background Thread 2 ] DEBUG Engine               - devShowPositionProperty: BooleanProperty [value: false]
13:15:39.219 [FXGL Background Thread 2 ] DEBUG Engine               - enabledMenuItems: []
13:15:39.219 [FXGL Background Thread 2 ] DEBUG Engine               - engineServices: [class com.almasb.fxgl.app.GameApplication$GameApplicationService, class com.almasb.fxgl.app.services.WindowService, class com.almasb.fxgl.app.services.FXGLDialogService, class com.almasb.fxgl.app.services.IOTaskExecutorService, class com.almasb.fxgl.event.EventBusService, class com.almasb.fxgl.io.FileSystemService, class com.almasb.fxgl.localization.LocalizationService, class com.almasb.fxgl.app.services.AssetLoaderService, class com.almasb.fxgl.app.services.SystemBundleService, class com.almasb.fxgl.profile.SaveLoadService, class com.almasb.fxgl.ui.FXGLUIFactoryServiceProvider, class com.almasb.fxgl.ui.FXGLDialogFactoryServiceProvider, class com.almasb.fxgl.audio.AudioPlayer, class com.almasb.fxgl.notification.impl.NotificationServiceProvider, class com.almasb.fxgl.achievement.AchievementService, class com.almasb.fxgl.cutscene.CutsceneService, class com.almasb.fxgl.minigames.MiniGameService, class com.almasb.fxgl.net.NetService, class com.almasb.fxgl.app.services.UpdaterService, class com.almasb.fxgl.dev.DevService]
13:15:39.219 [FXGL Background Thread 2 ] DEBUG Engine               - fontGame: Abel-Regular.ttf
13:15:39.219 [FXGL Background Thread 2 ] DEBUG Engine               - fontMono: lucida_console.ttf
13:15:39.219 [FXGL Background Thread 2 ] DEBUG Engine               - fontText: Courier-Prime.ttf
13:15:39.220 [FXGL Background Thread 2 ] DEBUG Engine               - fontUI: VarelaRound-Regular.ttf
13:15:39.220 [FXGL Background Thread 2 ] DEBUG Engine               - fullScreen: BooleanProperty [value: false]
13:15:39.220 [FXGL Background Thread 2 ] DEBUG Engine               - gameDifficulty: MEDIUM
13:15:39.220 [FXGL Background Thread 2 ] DEBUG Engine               - gameDifficultyProperty: ObjectProperty [value: MEDIUM]
13:15:39.220 [FXGL Background Thread 2 ] DEBUG Engine               - globalMusicVolume: 0.5
13:15:39.220 [FXGL Background Thread 2 ] DEBUG Engine               - globalMusicVolumeProperty: DoubleProperty [value: 0.5]
13:15:39.220 [FXGL Background Thread 2 ] DEBUG Engine               - globalSoundVolume: 0.5
13:15:39.220 [FXGL Background Thread 2 ] DEBUG Engine               - globalSoundVolumeProperty: DoubleProperty [value: 0.5]
13:15:39.220 [FXGL Background Thread 2 ] DEBUG Engine               - height: 600
13:15:39.220 [FXGL Background Thread 2 ] DEBUG Engine               - isAndroid: false
13:15:39.220 [FXGL Background Thread 2 ] DEBUG Engine               - isBrowser: false
13:15:39.220 [FXGL Background Thread 2 ] DEBUG Engine               - isClickFeedbackEnabled: false
13:15:39.220 [FXGL Background Thread 2 ] DEBUG Engine               - isCloseConfirmation: false
13:15:39.221 [FXGL Background Thread 2 ] DEBUG Engine               - isDesktop: true
13:15:39.221 [FXGL Background Thread 2 ] DEBUG Engine               - isDeveloperMenuEnabled: false
13:15:39.221 [FXGL Background Thread 2 ] DEBUG Engine               - isExperimentalNative: false
13:15:39.221 [FXGL Background Thread 2 ] DEBUG Engine               - isExperimentalTiledLargeMap: false
13:15:39.221 [FXGL Background Thread 2 ] DEBUG Engine               - isFullScreenAllowed: false
13:15:39.221 [FXGL Background Thread 2 ] DEBUG Engine               - isFullScreenFromStart: false
13:15:39.221 [FXGL Background Thread 2 ] DEBUG Engine               - isGameMenuEnabled: true
13:15:39.221 [FXGL Background Thread 2 ] DEBUG Engine               - isIOS: false
13:15:39.221 [FXGL Background Thread 2 ] DEBUG Engine               - isIntroEnabled: false
13:15:39.221 [FXGL Background Thread 2 ] DEBUG Engine               - isLinux: false
13:15:39.221 [FXGL Background Thread 2 ] DEBUG Engine               - isMac: false
13:15:39.221 [FXGL Background Thread 2 ] DEBUG Engine               - isMainMenuEnabled: false
13:15:39.222 [FXGL Background Thread 2 ] DEBUG Engine               - isManualResizeEnabled: false
13:15:39.222 [FXGL Background Thread 2 ] DEBUG Engine               - isMobile: false
13:15:39.222 [FXGL Background Thread 2 ] DEBUG Engine               - isPreserveResizeRatio: false
13:15:39.222 [FXGL Background Thread 2 ] DEBUG Engine               - isProfilingEnabled: false
13:15:39.222 [FXGL Background Thread 2 ] DEBUG Engine               - isSingleStep: false
13:15:39.222 [FXGL Background Thread 2 ] DEBUG Engine               - isUserProfileEnabled: false
13:15:39.222 [FXGL Background Thread 2 ] DEBUG Engine               - isWindows: true
13:15:39.222 [FXGL Background Thread 2 ] DEBUG Engine               - language: ObjectProperty [value: ENGLISH]
13:15:39.222 [FXGL Background Thread 2 ] DEBUG Engine               - mainWindow: com.almasb.fxgl.app.MainWindow@1ea76e4a
13:15:39.222 [FXGL Background Thread 2 ] DEBUG Engine               - menuKey: ESCAPE
13:15:39.222 [FXGL Background Thread 2 ] DEBUG Engine               - notificationViewClass: class com.almasb.fxgl.notification.view.XboxNotificationView
13:15:39.223 [FXGL Background Thread 2 ] DEBUG Engine               - pixelsPerMeter: 50.0
13:15:39.223 [FXGL Background Thread 2 ] DEBUG Engine               - platform: WINDOWS
13:15:39.223 [FXGL Background Thread 2 ] DEBUG Engine               - profileDir: profiles/
13:15:39.223 [FXGL Background Thread 2 ] DEBUG Engine               - profileName: StringProperty [value: DEFAULT]
13:15:39.223 [FXGL Background Thread 2 ] DEBUG Engine               - randomSeed: -1
13:15:39.223 [FXGL Background Thread 2 ] DEBUG Engine               - runtimeInfo: RuntimeInfo(platform=WINDOWS, version=11.9, build=27.05.2020 17.31)
13:15:39.223 [FXGL Background Thread 2 ] DEBUG Engine               - saveFileExt: sav
13:15:39.223 [FXGL Background Thread 2 ] DEBUG Engine               - sceneFactory: com.almasb.fxgl.app.scene.SceneFactory@5ba5f3fa
13:15:39.223 [FXGL Background Thread 2 ] DEBUG Engine               - secondsIn24h: 60
13:15:39.223 [FXGL Background Thread 2 ] DEBUG Engine               - settings: Title: AndreaGameApp
Version: 0.1
Width: 600
Height: 600
Fullscreen: false
Intro: false
Profiling: false
Single step:false
App Mode: DEVELOPER
Menu Key: ESCAPE
Stage Style: DECORATED
Scene Factory: class com.almasb.fxgl.app.scene.SceneFactory

13:15:39.224 [FXGL Background Thread 2 ] DEBUG Engine               - soundMenuBack: menu/back.wav
13:15:39.224 [FXGL Background Thread 2 ] DEBUG Engine               - soundMenuPress: menu/press.wav
13:15:39.224 [FXGL Background Thread 2 ] DEBUG Engine               - soundMenuSelect: menu/select.wav
13:15:39.224 [FXGL Background Thread 2 ] DEBUG Engine               - soundNotification: core/notification.wav
13:15:39.224 [FXGL Background Thread 2 ] DEBUG Engine               - stageStyle: DECORATED
13:15:39.224 [FXGL Background Thread 2 ] DEBUG Engine               - supportedLanguages: [ENGLISH, FRENCH, GERMAN, HUNGARIAN, RUSSIAN]
13:15:39.224 [FXGL Background Thread 2 ] DEBUG Engine               - title: AndreaGameApp
13:15:39.224 [FXGL Background Thread 2 ] DEBUG Engine               - urlGithub: https://github.com/AlmasB/FXGL
13:15:39.224 [FXGL Background Thread 2 ] DEBUG Engine               - urlLeaderboard: http://fxgl-top.herokuapp.com/
13:15:39.224 [FXGL Background Thread 2 ] DEBUG Engine               - urlPOM: https://raw.githubusercontent.com/AlmasB/FXGL/master/pom.xml
13:15:39.224 [FXGL Background Thread 2 ] DEBUG Engine               - version: 0.1
13:15:39.224 [FXGL Background Thread 2 ] DEBUG Engine               - versionCheckDays: 7
13:15:39.224 [FXGL Background Thread 2 ] DEBUG Engine               - width: 600
13:15:39.225 [FXGL Background Thread 2 ] DEBUG Engine               - Logging services
13:15:39.225 [FXGL Background Thread 2 ] DEBUG Engine               - class com.almasb.fxgl.app.GameApplication$GameApplicationService
13:15:39.225 [FXGL Background Thread 2 ] DEBUG Engine               - class com.almasb.fxgl.app.services.WindowService
13:15:39.225 [FXGL Background Thread 2 ] DEBUG Engine               - class com.almasb.fxgl.app.services.FXGLDialogService
13:15:39.225 [FXGL Background Thread 2 ] DEBUG Engine               - class com.almasb.fxgl.app.services.IOTaskExecutorService
13:15:39.225 [FXGL Background Thread 2 ] DEBUG Engine               - class com.almasb.fxgl.event.EventBusService
13:15:39.225 [FXGL Background Thread 2 ] DEBUG Engine               - class com.almasb.fxgl.io.FileSystemService
13:15:39.225 [FXGL Background Thread 2 ] DEBUG Engine               - class com.almasb.fxgl.localization.LocalizationService
13:15:39.225 [FXGL Background Thread 2 ] DEBUG Engine               - class com.almasb.fxgl.app.services.AssetLoaderService
13:15:39.225 [FXGL Background Thread 2 ] DEBUG Engine               - class com.almasb.fxgl.app.services.SystemBundleService
13:15:39.225 [FXGL Background Thread 2 ] DEBUG Engine               - class com.almasb.fxgl.profile.SaveLoadService
13:15:39.226 [FXGL Background Thread 2 ] DEBUG Engine               - class com.almasb.fxgl.ui.FXGLUIFactoryServiceProvider
13:15:39.226 [FXGL Background Thread 2 ] DEBUG Engine               - class com.almasb.fxgl.ui.FXGLDialogFactoryServiceProvider
13:15:39.226 [FXGL Background Thread 2 ] DEBUG Engine               - class com.almasb.fxgl.audio.AudioPlayer
13:15:39.226 [FXGL Background Thread 2 ] DEBUG Engine               - class com.almasb.fxgl.notification.impl.NotificationServiceProvider
13:15:39.226 [FXGL Background Thread 2 ] DEBUG Engine               - class com.almasb.fxgl.achievement.AchievementService
13:15:39.226 [FXGL Background Thread 2 ] DEBUG Engine               - class com.almasb.fxgl.cutscene.CutsceneService
13:15:39.226 [FXGL Background Thread 2 ] DEBUG Engine               - class com.almasb.fxgl.minigames.MiniGameService
13:15:39.226 [FXGL Background Thread 2 ] DEBUG Engine               - class com.almasb.fxgl.net.NetService
13:15:39.226 [FXGL Background Thread 2 ] DEBUG Engine               - class com.almasb.fxgl.app.services.UpdaterService
13:15:39.226 [FXGL Background Thread 2 ] DEBUG Engine               - class com.almasb.fxgl.dev.DevService
13:15:40.688 [JavaFX Application Thread] DEBUG GameApplication      - Exiting FXGL
13:15:40.688 [JavaFX Application Thread] DEBUG LoopRunner           - Stopping loop
13:15:40.688 [JavaFX Application Thread] DEBUG SystemBundleService  - Saving FXGL system data
13:15:40.690 [JavaFX Application Thread] DEBUG FileSystemAccess     - Writing to: C:\Users\Andrea\Desktop\informatica\1a-2s-Metodologie di programmazione\Progetto\traffic-scut-sac\JavaTraffic\system\fxgl.bundle
13:15:40.691 [JavaFX Application Thread] DEBUG GameApplication      - Shutting down background threads
13:15:40.691 [JavaFX Application Thread] DEBUG GameApplication      - Closing logger and exiting JavaFX
