11:35:48.891 [main                     ] DEBUG GameApplication      - Logger initialized
11:35:48.903 [main                     ] DEBUG GameApplication      - Logging settings
Title: AndreaGameApp
Version: 0.1
Width: 600
Height: 600
Fullscreen: false
Intro: false
Profiling: false
Single step:false
App Mode: DEVELOPER
Menu Key: ESCAPE
Stage Style: DECORATED
Scene Factory: class com.almasb.fxgl.app.scene.SceneFactory

11:35:49.301 [JavaFX Application Thread] DEBUG GameApplication      - Initializing FXGL
11:35:49.307 [JavaFX Application Thread] INFO  Engine               - FXGL-11.9 (27.05.2020 17.31) on WINDOWS (J:14.0.1 FX:13.0.2)
11:35:49.307 [JavaFX Application Thread] DEBUG Engine               - JRE Vendor Name: Oracle Corporation
11:35:49.307 [JavaFX Application Thread] DEBUG Engine               - Running on OS: Windows 10 version 10.0
11:35:49.307 [JavaFX Application Thread] DEBUG Engine               - Architecture: amd64
11:35:49.308 [JavaFX Application Thread] INFO  Engine               - Source code and latest versions at: https://github.com/AlmasB/FXGL
11:35:49.308 [JavaFX Application Thread] INFO  Engine               -              Join the FXGL chat at: https://gitter.im/AlmasB/FXGL
11:35:49.397 [JavaFX Application Thread] DEBUG MainWindow           - Creating a JavaFX scene
11:35:49.437 [JavaFX Application Thread] DEBUG MainWindow           - Target settings size: 600.0 x 600.0
11:35:49.437 [JavaFX Application Thread] DEBUG MainWindow           - Scaled scene size:    600.0 x 600.0
11:35:49.437 [JavaFX Application Thread] DEBUG MainWindow           - Scaled ratio: (1.0, 1.0)
11:35:49.439 [JavaFX Application Thread] DEBUG MainWindow           - Set initial scene to FXGLStartupScene
11:35:49.444 [JavaFX Application Thread] DEBUG MainWindow           - Opening main window
11:35:49.510 [JavaFX Application Thread] DEBUG MainWindow           - Window border size: (14.4000244140625, 37.5999755859375)
11:35:49.510 [JavaFX Application Thread] DEBUG MainWindow           - Scaled size: 600.0 x 600.0
11:35:49.511 [JavaFX Application Thread] DEBUG MainWindow           - Scaled ratio: (1.0, 1.0)
11:35:49.511 [JavaFX Application Thread] DEBUG MainWindow           - Scene size: 600.0 x 600.0
11:35:49.512 [JavaFX Application Thread] DEBUG MainWindow           - Stage size: 614.4000244140625 x 637.5999755859375
11:35:49.521 [FXGL Background Thread 1 ] DEBUG Engine               - Initializing environment variables
11:35:49.549 [FXGL Background Thread 1 ] DEBUG WindowService        - Applying CSS: fxgl_dark.css
11:35:49.549 [FXGL Background Thread 1 ] DEBUG AssetLoaderService   - Loading from file system: /assets/ui/css/fxgl_dark.css
11:35:49.593 [FXGL Background Thread 1 ] DEBUG WindowService        - Initializing application scenes
11:35:49.629 [FXGL Background Thread 1 ] DEBUG GameWorld            - Game world initialized
11:35:49.667 [FXGL Background Thread 1 ] DEBUG PhysicsWorld         - Physics world initialized: appHeight=600, physics.ppm=50,0
11:35:49.669 [FXGL Background Thread 1 ] DEBUG GameScene            - Game scene initialized: 600x600
11:35:49.693 [FXGL Background Thread 1 ] DEBUG AssetLoaderService   - Loading from file system: /assets/textures/particles/trace_horizontal.png
11:35:49.741 [FXGL Background Thread 1 ] WARN  FXGL.DefaultMenu     - FXGLDefaultMenu is not designed for resolutions < 800x600
11:35:49.741 [FXGL Background Thread 1 ] DEBUG FXGL.DefaultMenu     - createMenuBodyGameMenu()
11:35:49.753 [FXGL Background Thread 1 ] DEBUG FXGL.DefaultMenu     - createOptionsMenu()
11:35:49.758 [FXGL Background Thread 1 ] DEBUG AssetLoaderService   - Loading from file system: /assets/textures/particles/smoke.png
11:35:49.821 [FXGL Background Thread 1 ] DEBUG WindowService        - Application scenes initialized
11:35:49.833 [FXGL Background Thread 1 ] DEBUG SystemBundleService  - Loading FXGL system data
11:35:49.837 [FXGL Background Thread 1 ] DEBUG FileSystemAccess     - Reading from: C:\Users\Andrea\Desktop\informatica\1a-2s-Metodologie di programmazione\Progetto\traffic-scut-sac\JavaTraffic\system\fxgl.bundle
11:35:49.841 [FXGL Background Thread 1 ] DEBUG SystemBundleService  - Bundle FXGL: {}
11:35:49.842 [FXGL Background Thread 1 ] INFO  Engine               - FXGL initialization took: 0,319 sec
11:35:49.843 [FXGL Background Thread 1 ] DEBUG GameApplication      - Loading localizations
11:35:49.844 [FXGL Background Thread 1 ] DEBUG AssetLoaderService   - Loading from file system: /assets/languages/english.lang
11:35:49.853 [FXGL Background Thread 1 ] DEBUG AssetLoaderService   - Loading from file system: /assets/languages/french.lang
11:35:49.855 [FXGL Background Thread 1 ] DEBUG AssetLoaderService   - Loading from file system: /assets/languages/german.lang
11:35:49.857 [FXGL Background Thread 1 ] DEBUG AssetLoaderService   - Loading from file system: /assets/languages/hungarian.lang
11:35:49.860 [FXGL Background Thread 1 ] DEBUG AssetLoaderService   - Loading from file system: /assets/languages/russian.lang
11:35:49.862 [FXGL Background Thread 1 ] DEBUG GameApplication      - Registering font factories with UI factory
11:35:49.862 [FXGL Background Thread 1 ] DEBUG AssetLoaderService   - Loading from file system: /assets/ui/fonts/VarelaRound-Regular.ttf
11:35:49.904 [FXGL Background Thread 1 ] DEBUG AssetLoaderService   - Loading from file system: /assets/ui/fonts/Abel-Regular.ttf
11:35:49.906 [FXGL Background Thread 1 ] DEBUG AssetLoaderService   - Loading from file system: /assets/ui/fonts/lucida_console.ttf
11:35:49.910 [FXGL Background Thread 1 ] DEBUG AssetLoaderService   - Loading from file system: /assets/ui/fonts/Courier-Prime.ttf
11:35:49.918 [JavaFX Application Thread] DEBUG Input                - Registered new binding: Move Right - D
11:35:49.918 [JavaFX Application Thread] DEBUG Input                - Registered new binding: Move Left - A
11:35:49.918 [JavaFX Application Thread] DEBUG Input                - Registered new binding: Move Up - W
11:35:49.918 [JavaFX Application Thread] DEBUG Input                - Registered new binding: Move Down - S
11:35:49.918 [JavaFX Application Thread] DEBUG AssetLoaderService   - Loading from file system: /assets/textures/fxgl_icon.png
11:35:49.932 [JavaFX Application Thread] DEBUG AssetLoaderService   - Loading from file system: /assets/ui/cursors/fxgl_default.png
11:35:49.934 [JavaFX Application Thread] DEBUG Input                - Registered new binding: Screenshot - P
11:35:49.935 [JavaFX Application Thread] DEBUG Input                - Registered new binding: System info dump - CTRL+9
11:35:49.935 [JavaFX Application Thread] DEBUG Input                - Registered new binding: Restart - CTRL+R
11:35:49.936 [JavaFX Application Thread] DEBUG LoopRunner           - Starting loop
11:35:49.948 [JavaFX Application Thread] DEBUG FXGLStartupScene     - STARTUP
11:35:49.948 [JavaFX Application Thread] DEBUG WindowService        - Starting new game
11:35:49.949 [JavaFX Application Thread] DEBUG Input                - Clearing active input actions
11:35:49.958 [JavaFX Application Thread] DEBUG WindowService        - Removing overlay from FXGLStartupScene and adding to FXGLLoadingScene
11:35:49.958 [JavaFX Application Thread] DEBUG MainWindow           - FXGLStartupScene -> FXGLLoadingScene
11:35:49.958 [JavaFX Application Thread] DEBUG WindowService        - Clearing previous game
11:35:49.958 [JavaFX Application Thread] DEBUG GameScene            - Clearing game scene
11:35:49.958 [JavaFX Application Thread] DEBUG GameWorld            - Clearing game world
11:35:49.958 [JavaFX Application Thread] DEBUG PhysicsWorld         - Clearing physics world
11:35:49.959 [FXGL Background Thread 1 ] DEBUG GameApplication      - Initializing game
11:35:49.961 [FXGL Background Thread 1 ] DEBUG AssetLoaderService   - Loading from file system: /assets/textures/gioco-01.png
11:35:49.961 [FXGL Background Thread 1 ] WARN  AssetLoaderService   - Failed to load texture gioco-01.png Error: java.lang.IllegalArgumentException: Asset "/assets/textures/gioco-01.png" was not found!
11:35:50.040 [FXGL Background Thread 1 ] DEBUG AssetLoaderService   - Loading from file system: /assets/textures/gioco-01.png
11:35:50.040 [FXGL Background Thread 1 ] WARN  AssetLoaderService   - Failed to load texture gioco-01.png Error: java.lang.IllegalArgumentException: Asset "/assets/textures/gioco-01.png" was not found!
11:35:50.041 [FXGL Background Thread 1 ] INFO  GameApplication      - Game initialization took: 0,082 sec
11:35:50.042 [JavaFX Application Thread] DEBUG Input                - Clearing active input actions
11:35:50.055 [JavaFX Application Thread] DEBUG WindowService        - Removing overlay from FXGLLoadingScene and adding to GameScene
11:35:50.055 [JavaFX Application Thread] DEBUG MainWindow           - FXGLLoadingScene -> GameScene
11:35:52.845 [FXGL Background Thread 2 ] DEBUG Engine               - Logging environment variables
11:35:52.845 [FXGL Background Thread 2 ] DEBUG Engine               - achievements: []
11:35:52.845 [FXGL Background Thread 2 ] DEBUG Engine               - appIcon: fxgl_icon.png
11:35:52.845 [FXGL Background Thread 2 ] DEBUG Engine               - applicationMode: DEVELOPER
11:35:52.845 [FXGL Background Thread 2 ] DEBUG Engine               - cSSList: [fxgl_dark.css]
11:35:52.845 [FXGL Background Thread 2 ] DEBUG Engine               - configClass: Optional.empty
11:35:52.845 [FXGL Background Thread 2 ] DEBUG Engine               - credits: []
11:35:52.846 [FXGL Background Thread 2 ] DEBUG Engine               - devBBoxColorProperty: ObjectProperty [value: 0xff0000ff]
11:35:52.846 [FXGL Background Thread 2 ] DEBUG Engine               - devSensorColorProperty: ObjectProperty [value: 0xffff00ff]
11:35:52.846 [FXGL Background Thread 2 ] DEBUG Engine               - devShowBBoxProperty: BooleanProperty [value: false]
11:35:52.846 [FXGL Background Thread 2 ] DEBUG Engine               - devShowPositionProperty: BooleanProperty [value: false]
11:35:52.846 [FXGL Background Thread 2 ] DEBUG Engine               - enabledMenuItems: []
11:35:52.846 [FXGL Background Thread 2 ] DEBUG Engine               - engineServices: [class com.almasb.fxgl.app.GameApplication$GameApplicationService, class com.almasb.fxgl.app.services.WindowService, class com.almasb.fxgl.app.services.FXGLDialogService, class com.almasb.fxgl.app.services.IOTaskExecutorService, class com.almasb.fxgl.event.EventBusService, class com.almasb.fxgl.io.FileSystemService, class com.almasb.fxgl.localization.LocalizationService, class com.almasb.fxgl.app.services.AssetLoaderService, class com.almasb.fxgl.app.services.SystemBundleService, class com.almasb.fxgl.profile.SaveLoadService, class com.almasb.fxgl.ui.FXGLUIFactoryServiceProvider, class com.almasb.fxgl.ui.FXGLDialogFactoryServiceProvider, class com.almasb.fxgl.audio.AudioPlayer, class com.almasb.fxgl.notification.impl.NotificationServiceProvider, class com.almasb.fxgl.achievement.AchievementService, class com.almasb.fxgl.cutscene.CutsceneService, class com.almasb.fxgl.minigames.MiniGameService, class com.almasb.fxgl.net.NetService, class com.almasb.fxgl.app.services.UpdaterService, class com.almasb.fxgl.dev.DevService]
11:35:52.846 [FXGL Background Thread 2 ] DEBUG Engine               - fontGame: Abel-Regular.ttf
11:35:52.846 [FXGL Background Thread 2 ] DEBUG Engine               - fontMono: lucida_console.ttf
11:35:52.846 [FXGL Background Thread 2 ] DEBUG Engine               - fontText: Courier-Prime.ttf
11:35:52.847 [FXGL Background Thread 2 ] DEBUG Engine               - fontUI: VarelaRound-Regular.ttf
11:35:52.847 [FXGL Background Thread 2 ] DEBUG Engine               - fullScreen: BooleanProperty [value: false]
11:35:52.847 [FXGL Background Thread 2 ] DEBUG Engine               - gameDifficulty: MEDIUM
11:35:52.847 [FXGL Background Thread 2 ] DEBUG Engine               - gameDifficultyProperty: ObjectProperty [value: MEDIUM]
11:35:52.847 [FXGL Background Thread 2 ] DEBUG Engine               - globalMusicVolume: 0.5
11:35:52.847 [FXGL Background Thread 2 ] DEBUG Engine               - globalMusicVolumeProperty: DoubleProperty [value: 0.5]
11:35:52.847 [FXGL Background Thread 2 ] DEBUG Engine               - globalSoundVolume: 0.5
11:35:52.847 [FXGL Background Thread 2 ] DEBUG Engine               - globalSoundVolumeProperty: DoubleProperty [value: 0.5]
11:35:52.847 [FXGL Background Thread 2 ] DEBUG Engine               - height: 600
11:35:52.847 [FXGL Background Thread 2 ] DEBUG Engine               - isAndroid: false
11:35:52.847 [FXGL Background Thread 2 ] DEBUG Engine               - isBrowser: false
11:35:52.848 [FXGL Background Thread 2 ] DEBUG Engine               - isClickFeedbackEnabled: false
11:35:52.848 [FXGL Background Thread 2 ] DEBUG Engine               - isCloseConfirmation: false
11:35:52.848 [FXGL Background Thread 2 ] DEBUG Engine               - isDesktop: true
11:35:52.848 [FXGL Background Thread 2 ] DEBUG Engine               - isDeveloperMenuEnabled: false
11:35:52.848 [FXGL Background Thread 2 ] DEBUG Engine               - isExperimentalNative: false
11:35:52.848 [FXGL Background Thread 2 ] DEBUG Engine               - isExperimentalTiledLargeMap: false
11:35:52.848 [FXGL Background Thread 2 ] DEBUG Engine               - isFullScreenAllowed: false
11:35:52.848 [FXGL Background Thread 2 ] DEBUG Engine               - isFullScreenFromStart: false
11:35:52.848 [FXGL Background Thread 2 ] DEBUG Engine               - isGameMenuEnabled: true
11:35:52.848 [FXGL Background Thread 2 ] DEBUG Engine               - isIOS: false
11:35:52.848 [FXGL Background Thread 2 ] DEBUG Engine               - isIntroEnabled: false
11:35:52.848 [FXGL Background Thread 2 ] DEBUG Engine               - isLinux: false
11:35:52.848 [FXGL Background Thread 2 ] DEBUG Engine               - isMac: false
11:35:52.848 [FXGL Background Thread 2 ] DEBUG Engine               - isMainMenuEnabled: false
11:35:52.849 [FXGL Background Thread 2 ] DEBUG Engine               - isManualResizeEnabled: false
11:35:52.849 [FXGL Background Thread 2 ] DEBUG Engine               - isMobile: false
11:35:52.849 [FXGL Background Thread 2 ] DEBUG Engine               - isPreserveResizeRatio: false
11:35:52.849 [FXGL Background Thread 2 ] DEBUG Engine               - isProfilingEnabled: false
11:35:52.849 [FXGL Background Thread 2 ] DEBUG Engine               - isSingleStep: false
11:35:52.849 [FXGL Background Thread 2 ] DEBUG Engine               - isUserProfileEnabled: false
11:35:52.849 [FXGL Background Thread 2 ] DEBUG Engine               - isWindows: true
11:35:52.849 [FXGL Background Thread 2 ] DEBUG Engine               - language: ObjectProperty [value: ENGLISH]
11:35:52.849 [FXGL Background Thread 2 ] DEBUG Engine               - mainWindow: com.almasb.fxgl.app.MainWindow@70612e9d
11:35:52.849 [FXGL Background Thread 2 ] DEBUG Engine               - menuKey: ESCAPE
11:35:52.849 [FXGL Background Thread 2 ] DEBUG Engine               - notificationViewClass: class com.almasb.fxgl.notification.view.XboxNotificationView
11:35:52.850 [FXGL Background Thread 2 ] DEBUG Engine               - pixelsPerMeter: 50.0
11:35:52.850 [FXGL Background Thread 2 ] DEBUG Engine               - platform: WINDOWS
11:35:52.850 [FXGL Background Thread 2 ] DEBUG Engine               - profileDir: profiles/
11:35:52.850 [FXGL Background Thread 2 ] DEBUG Engine               - profileName: StringProperty [value: DEFAULT]
11:35:52.850 [FXGL Background Thread 2 ] DEBUG Engine               - randomSeed: -1
11:35:52.850 [FXGL Background Thread 2 ] DEBUG Engine               - runtimeInfo: RuntimeInfo(platform=WINDOWS, version=11.9, build=27.05.2020 17.31)
11:35:52.850 [FXGL Background Thread 2 ] DEBUG Engine               - saveFileExt: sav
11:35:52.850 [FXGL Background Thread 2 ] DEBUG Engine               - sceneFactory: com.almasb.fxgl.app.scene.SceneFactory@3563bef5
11:35:52.850 [FXGL Background Thread 2 ] DEBUG Engine               - secondsIn24h: 60
11:35:52.850 [FXGL Background Thread 2 ] DEBUG Engine               - settings: Title: AndreaGameApp
Version: 0.1
Width: 600
Height: 600
Fullscreen: false
Intro: false
Profiling: false
Single step:false
App Mode: DEVELOPER
Menu Key: ESCAPE
Stage Style: DECORATED
Scene Factory: class com.almasb.fxgl.app.scene.SceneFactory

11:35:52.850 [FXGL Background Thread 2 ] DEBUG Engine               - soundMenuBack: menu/back.wav
11:35:52.850 [FXGL Background Thread 2 ] DEBUG Engine               - soundMenuPress: menu/press.wav
11:35:52.850 [FXGL Background Thread 2 ] DEBUG Engine               - soundMenuSelect: menu/select.wav
11:35:52.851 [FXGL Background Thread 2 ] DEBUG Engine               - soundNotification: core/notification.wav
11:35:52.851 [FXGL Background Thread 2 ] DEBUG Engine               - stageStyle: DECORATED
11:35:52.851 [FXGL Background Thread 2 ] DEBUG Engine               - supportedLanguages: [ENGLISH, FRENCH, GERMAN, HUNGARIAN, RUSSIAN]
11:35:52.851 [FXGL Background Thread 2 ] DEBUG Engine               - title: AndreaGameApp
11:35:52.851 [FXGL Background Thread 2 ] DEBUG Engine               - urlGithub: https://github.com/AlmasB/FXGL
11:35:52.851 [FXGL Background Thread 2 ] DEBUG Engine               - urlLeaderboard: http://fxgl-top.herokuapp.com/
11:35:52.851 [FXGL Background Thread 2 ] DEBUG Engine               - urlPOM: https://raw.githubusercontent.com/AlmasB/FXGL/master/pom.xml
11:35:52.851 [FXGL Background Thread 2 ] DEBUG Engine               - version: 0.1
11:35:52.851 [FXGL Background Thread 2 ] DEBUG Engine               - versionCheckDays: 7
11:35:52.851 [FXGL Background Thread 2 ] DEBUG Engine               - width: 600
11:35:52.851 [FXGL Background Thread 2 ] DEBUG Engine               - Logging services
11:35:52.851 [FXGL Background Thread 2 ] DEBUG Engine               - class com.almasb.fxgl.app.GameApplication$GameApplicationService
11:35:52.851 [FXGL Background Thread 2 ] DEBUG Engine               - class com.almasb.fxgl.app.services.WindowService
11:35:52.851 [FXGL Background Thread 2 ] DEBUG Engine               - class com.almasb.fxgl.app.services.FXGLDialogService
11:35:52.852 [FXGL Background Thread 2 ] DEBUG Engine               - class com.almasb.fxgl.app.services.IOTaskExecutorService
11:35:52.852 [FXGL Background Thread 2 ] DEBUG Engine               - class com.almasb.fxgl.event.EventBusService
11:35:52.852 [FXGL Background Thread 2 ] DEBUG Engine               - class com.almasb.fxgl.io.FileSystemService
11:35:52.852 [FXGL Background Thread 2 ] DEBUG Engine               - class com.almasb.fxgl.localization.LocalizationService
11:35:52.852 [FXGL Background Thread 2 ] DEBUG Engine               - class com.almasb.fxgl.app.services.AssetLoaderService
11:35:52.852 [FXGL Background Thread 2 ] DEBUG Engine               - class com.almasb.fxgl.app.services.SystemBundleService
11:35:52.852 [FXGL Background Thread 2 ] DEBUG Engine               - class com.almasb.fxgl.profile.SaveLoadService
11:35:52.852 [FXGL Background Thread 2 ] DEBUG Engine               - class com.almasb.fxgl.ui.FXGLUIFactoryServiceProvider
11:35:52.852 [FXGL Background Thread 2 ] DEBUG Engine               - class com.almasb.fxgl.ui.FXGLDialogFactoryServiceProvider
11:35:52.852 [FXGL Background Thread 2 ] DEBUG Engine               - class com.almasb.fxgl.audio.AudioPlayer
11:35:52.852 [FXGL Background Thread 2 ] DEBUG Engine               - class com.almasb.fxgl.notification.impl.NotificationServiceProvider
11:35:52.852 [FXGL Background Thread 2 ] DEBUG Engine               - class com.almasb.fxgl.achievement.AchievementService
11:35:52.852 [FXGL Background Thread 2 ] DEBUG Engine               - class com.almasb.fxgl.cutscene.CutsceneService
11:35:52.853 [FXGL Background Thread 2 ] DEBUG Engine               - class com.almasb.fxgl.minigames.MiniGameService
11:35:52.853 [FXGL Background Thread 2 ] DEBUG Engine               - class com.almasb.fxgl.net.NetService
11:35:52.853 [FXGL Background Thread 2 ] DEBUG Engine               - class com.almasb.fxgl.app.services.UpdaterService
11:35:52.853 [FXGL Background Thread 2 ] DEBUG Engine               - class com.almasb.fxgl.dev.DevService
11:35:53.906 [JavaFX Application Thread] DEBUG GameApplication      - Exiting FXGL
11:35:53.906 [JavaFX Application Thread] DEBUG LoopRunner           - Stopping loop
11:35:53.906 [JavaFX Application Thread] DEBUG SystemBundleService  - Saving FXGL system data
11:35:53.907 [JavaFX Application Thread] DEBUG FileSystemAccess     - Writing to: C:\Users\Andrea\Desktop\informatica\1a-2s-Metodologie di programmazione\Progetto\traffic-scut-sac\JavaTraffic\system\fxgl.bundle
11:35:53.909 [JavaFX Application Thread] DEBUG GameApplication      - Shutting down background threads
11:35:53.909 [JavaFX Application Thread] DEBUG GameApplication      - Closing logger and exiting JavaFX
