18:50:41.002 [main                     ] DEBUG GameApplication      - Logger initialized
18:50:41.027 [main                     ] DEBUG GameApplication      - Logging settings
Title:   Basic Game App  
Version: 0.1
Width: 3750
Height: 2500
Fullscreen: false
Intro: false
Profiling: true
Single step:false
App Mode: DEVELOPER
Menu Key: ESCAPE
Stage Style: DECORATED
Scene Factory: class com.almasb.fxgl.app.scene.SceneFactory

18:50:41.585 [JavaFX Application Thread] DEBUG GameApplication      - Initializing FXGL
18:50:41.598 [JavaFX Application Thread] INFO  Engine               - FXGL-11.9 (27.05.2020 17.31) on MAC (J:14.0.1 FX:13.0.2)
18:50:41.599 [JavaFX Application Thread] DEBUG Engine               - JRE Vendor Name: Oracle Corporation
18:50:41.599 [JavaFX Application Thread] DEBUG Engine               - Running on OS: Mac OS X version 10.15.5
18:50:41.600 [JavaFX Application Thread] DEBUG Engine               - Architecture: x86_64
18:50:41.600 [JavaFX Application Thread] INFO  Engine               - Source code and latest versions at: https://github.com/AlmasB/FXGL
18:50:41.601 [JavaFX Application Thread] INFO  Engine               -              Join the FXGL chat at: https://gitter.im/AlmasB/FXGL
18:50:41.794 [JavaFX Application Thread] DEBUG MainWindow           - Creating a JavaFX scene
18:50:41.795 [JavaFX Application Thread] DEBUG MainWindow           - Target size > screen size
18:50:41.855 [JavaFX Application Thread] DEBUG MainWindow           - Target settings size: 3750.0 x 2500.0
18:50:41.856 [JavaFX Application Thread] DEBUG MainWindow           - Scaled scene size:    1440.0 x 976.0
18:50:41.856 [JavaFX Application Thread] DEBUG MainWindow           - Scaled ratio: (0.384, 0.3904)
18:50:41.858 [JavaFX Application Thread] DEBUG MainWindow           - Set initial scene to FXGLStartupScene
18:50:41.867 [JavaFX Application Thread] DEBUG MainWindow           - Opening main window
18:50:42.055 [JavaFX Application Thread] DEBUG MainWindow           - Window border size: (0.0, 22.0)
18:50:42.055 [JavaFX Application Thread] DEBUG MainWindow           - Scaled size: 1440.0 x 976.0
18:50:42.056 [JavaFX Application Thread] DEBUG MainWindow           - Scaled ratio: (0.384, 0.3904)
18:50:42.056 [JavaFX Application Thread] DEBUG MainWindow           - Scene size: 1440.0 x 976.0
18:50:42.056 [JavaFX Application Thread] DEBUG MainWindow           - Stage size: 1440.0 x 998.0
18:50:42.067 [FXGL Background Thread 1 ] DEBUG Engine               - Initializing environment variables
18:50:42.117 [FXGL Background Thread 1 ] DEBUG WindowService        - Applying CSS: fxgl_dark.css
18:50:42.118 [FXGL Background Thread 1 ] DEBUG AssetLoaderService   - Loading from file system: /assets/ui/css/fxgl_dark.css
18:50:42.235 [FXGL Background Thread 1 ] DEBUG WindowService        - Initializing application scenes
18:50:42.564 [FXGL Background Thread 1 ] DEBUG GameWorld            - Game world initialized
18:50:42.605 [FXGL Background Thread 1 ] DEBUG PhysicsWorld         - Physics world initialized: appHeight=2500, physics.ppm=50,0
18:50:42.608 [FXGL Background Thread 1 ] DEBUG GameScene            - Game scene initialized: 3750x2500
18:50:42.650 [FXGL Background Thread 1 ] DEBUG AssetLoaderService   - Loading from file system: /assets/textures/particles/trace_horizontal.png
18:50:42.740 [FXGL Background Thread 1 ] DEBUG FXGL.DefaultMenu     - createMenuBodyGameMenu()
18:50:42.763 [FXGL Background Thread 1 ] DEBUG FXGL.DefaultMenu     - createOptionsMenu()
18:50:42.771 [FXGL Background Thread 1 ] DEBUG AssetLoaderService   - Loading from file system: /assets/textures/particles/smoke.png
18:50:42.856 [FXGL Background Thread 1 ] DEBUG WindowService        - Application scenes initialized
18:50:42.872 [FXGL Background Thread 1 ] DEBUG SystemBundleService  - Loading FXGL system data
18:50:42.876 [FXGL Background Thread 1 ] DEBUG FileSystemAccess     - Reading from: /Users/universita/Desktop/ProgettoJava/traffic-scut-sac/JavaTraffic/system/fxgl.bundle
18:50:42.882 [FXGL Background Thread 1 ] DEBUG SystemBundleService  - Bundle FXGL: {}
18:50:42.907 [FXGL Background Thread 1 ] INFO  Engine               - FXGL initialization took: 0,838 sec
18:50:42.909 [FXGL Background Thread 1 ] DEBUG GameApplication      - Loading localizations
18:50:42.910 [FXGL Background Thread 1 ] DEBUG AssetLoaderService   - Loading from file system: /assets/languages/english.lang
18:50:42.926 [FXGL Background Thread 1 ] DEBUG AssetLoaderService   - Loading from file system: /assets/languages/french.lang
18:50:42.929 [FXGL Background Thread 1 ] DEBUG AssetLoaderService   - Loading from file system: /assets/languages/german.lang
18:50:42.931 [FXGL Background Thread 1 ] DEBUG AssetLoaderService   - Loading from file system: /assets/languages/hungarian.lang
18:50:42.935 [FXGL Background Thread 1 ] DEBUG AssetLoaderService   - Loading from file system: /assets/languages/russian.lang
18:50:42.937 [FXGL Background Thread 1 ] DEBUG GameApplication      - Registering font factories with UI factory
18:50:42.937 [FXGL Background Thread 1 ] DEBUG AssetLoaderService   - Loading from file system: /assets/ui/fonts/VarelaRound-Regular.ttf
18:50:42.956 [FXGL Background Thread 1 ] DEBUG AssetLoaderService   - Loading from file system: /assets/ui/fonts/Abel-Regular.ttf
18:50:42.960 [FXGL Background Thread 1 ] DEBUG AssetLoaderService   - Loading from file system: /assets/ui/fonts/lucida_console.ttf
18:50:42.965 [FXGL Background Thread 1 ] DEBUG AssetLoaderService   - Loading from file system: /assets/ui/fonts/Courier-Prime.ttf
18:50:42.982 [JavaFX Application Thread] DEBUG Input                - Registered new binding: Move Right - D
18:50:42.983 [JavaFX Application Thread] DEBUG Input                - Registered new binding: Move Left - A
18:50:42.983 [JavaFX Application Thread] DEBUG Input                - Registered new binding: Move Up - W
18:50:42.983 [JavaFX Application Thread] DEBUG Input                - Registered new binding: Move Down - S
18:50:42.983 [JavaFX Application Thread] DEBUG AssetLoaderService   - Loading from file system: /assets/textures/fxgl_icon.png
18:50:43.020 [JavaFX Application Thread] DEBUG AssetLoaderService   - Loading from file system: /assets/ui/cursors/fxgl_default.png
18:50:43.023 [JavaFX Application Thread] DEBUG Input                - Registered new binding: Screenshot - P
18:50:43.024 [JavaFX Application Thread] DEBUG Input                - Registered new binding: Dev Options - 1
18:50:43.024 [JavaFX Application Thread] DEBUG Input                - Registered new binding: Dev Console - 2
18:50:43.025 [JavaFX Application Thread] DEBUG Input                - Registered new binding: System info dump - CTRL+9
18:50:43.026 [JavaFX Application Thread] DEBUG Input                - Registered new binding: Restart - CTRL+R
18:50:43.027 [JavaFX Application Thread] DEBUG LoopRunner           - Starting loop
18:50:43.063 [JavaFX Application Thread] DEBUG FXGLStartupScene     - STARTUP
18:50:43.063 [JavaFX Application Thread] DEBUG WindowService        - Starting new game
18:50:43.064 [JavaFX Application Thread] DEBUG Input                - Clearing active input actions
18:50:43.091 [JavaFX Application Thread] DEBUG WindowService        - Removing overlay from FXGLStartupScene and adding to FXGLLoadingScene
18:50:43.095 [JavaFX Application Thread] DEBUG MainWindow           - FXGLStartupScene -> FXGLLoadingScene
18:50:43.095 [JavaFX Application Thread] DEBUG WindowService        - Clearing previous game
18:50:43.096 [JavaFX Application Thread] DEBUG GameScene            - Clearing game scene
18:50:43.096 [JavaFX Application Thread] DEBUG GameWorld            - Clearing game world
18:50:43.096 [JavaFX Application Thread] DEBUG PhysicsWorld         - Clearing physics world
18:50:43.098 [FXGL Background Thread 1 ] DEBUG GameApplication      - Initializing game
18:50:43.114 [FXGL Background Thread 1 ] DEBUG AssetLoaderService   - Loading from file system: /assets/levels/level0.tmx
18:50:43.167 [FXGL Background Thread 1 ] WARN  TMXLevelLoader       - TiledMap generated from 1.4.1. Supported version: 1.2.3. Some features may not be parsed fully.
18:50:43.174 [FXGL Background Thread 1 ] DEBUG TMXLevelLoader       - Parsed raw map: TiledMap(width=10, height=5, tilewidth=250, tileheight=250, orientation=orthogonal, layers=[Layer(width=10, height=5, name=Tile Layer 1, type=tilelayer, visible=false, x=0, y=0, data=[24, 5, 42, 37, 37, 37, 37, 42, 5, 24, 24, 2, 6, 6, 6, 6, 6, 6, 4, 24, 40, 5, 10, 10, 10, 39, 10, 10, 5, 24, 24, 2, 6, 6, 6, 6, 6, 6, 1, 6, 24, 5, 24, 24, 24, 24, 24, 24, 24, 24], objects=[], opacity=0.0, draworder=)], tilesets=[Tileset(firstgid=1, image=../textures/tiles_sheet.png, name=traffic_tiles, tilewidth=250, tileheight=250, imagewidth=1750, imageheight=1500, margin=0, spacing=0, columns=7, tilecount=42, transparentcolor=41ffef, tiles=[])], backgroundcolor=, renderorder=right-down, nextobjectid=1, version=1, tiledversion=1.4.1, type=map, infinite=false, properties={}, propertytypes={})
18:50:43.175 [FXGL Background Thread 1 ] DEBUG TMXLevelLoader       - Creating tile layer entities
18:50:43.176 [FXGL Background Thread 1 ] DEBUG TilesetLoader        - Loading view for layer Tile Layer 1
18:50:43.192 [FXGL Background Thread 1 ] DEBUG TilesetLoader        - Created buffer with size 2500.0x1250.0
18:50:43.193 [FXGL Background Thread 1 ] WARN  TilesetLoader        - tiles_sheet.png cannot be loaded using mapURL=file:/Users/universita/Desktop/ProgettoJava/traffic-scut-sac/JavaTraffic/bin/assets/levels/level0.tmx Error: java.io.FileNotFoundException: /Users/universita/Desktop/ProgettoJava/traffic-scut-sac/JavaTraffic/bin/assets/levels/tiles_sheet.png (No such file or directory)
18:50:43.810 [FXGL Background Thread 1 ] DEBUG TilesetLoader        - Writing to buffer: dst=0,0, w=250,h=250, src=500,750
18:50:43.811 [FXGL Background Thread 1 ] DEBUG TilesetLoader        - Writing to buffer: dst=250,0, w=250,h=250, src=1000,0
18:50:43.812 [FXGL Background Thread 1 ] DEBUG TilesetLoader        - Writing to buffer: dst=500,0, w=250,h=250, src=1500,1250
18:50:43.812 [FXGL Background Thread 1 ] DEBUG TilesetLoader        - Writing to buffer: dst=750,0, w=250,h=250, src=250,1250
18:50:43.813 [FXGL Background Thread 1 ] DEBUG TilesetLoader        - Writing to buffer: dst=1000,0, w=250,h=250, src=250,1250
18:50:43.814 [FXGL Background Thread 1 ] DEBUG TilesetLoader        - Writing to buffer: dst=1250,0, w=250,h=250, src=250,1250
18:50:43.814 [FXGL Background Thread 1 ] DEBUG TilesetLoader        - Writing to buffer: dst=1500,0, w=250,h=250, src=250,1250
18:50:43.814 [FXGL Background Thread 1 ] DEBUG TilesetLoader        - Writing to buffer: dst=1750,0, w=250,h=250, src=1500,1250
18:50:43.815 [FXGL Background Thread 1 ] DEBUG TilesetLoader        - Writing to buffer: dst=2000,0, w=250,h=250, src=1000,0
18:50:43.815 [FXGL Background Thread 1 ] DEBUG TilesetLoader        - Writing to buffer: dst=2250,0, w=250,h=250, src=500,750
18:50:43.815 [FXGL Background Thread 1 ] DEBUG TilesetLoader        - Writing to buffer: dst=0,250, w=250,h=250, src=500,750
18:50:43.816 [FXGL Background Thread 1 ] DEBUG TilesetLoader        - Writing to buffer: dst=250,250, w=250,h=250, src=250,0
18:50:43.816 [FXGL Background Thread 1 ] DEBUG TilesetLoader        - Writing to buffer: dst=500,250, w=250,h=250, src=1250,0
18:50:43.816 [FXGL Background Thread 1 ] DEBUG TilesetLoader        - Writing to buffer: dst=750,250, w=250,h=250, src=1250,0
18:50:43.816 [FXGL Background Thread 1 ] DEBUG TilesetLoader        - Writing to buffer: dst=1000,250, w=250,h=250, src=1250,0
18:50:43.817 [FXGL Background Thread 1 ] DEBUG TilesetLoader        - Writing to buffer: dst=1250,250, w=250,h=250, src=1250,0
18:50:43.817 [FXGL Background Thread 1 ] DEBUG TilesetLoader        - Writing to buffer: dst=1500,250, w=250,h=250, src=1250,0
18:50:43.817 [FXGL Background Thread 1 ] DEBUG TilesetLoader        - Writing to buffer: dst=1750,250, w=250,h=250, src=1250,0
18:50:43.818 [FXGL Background Thread 1 ] DEBUG TilesetLoader        - Writing to buffer: dst=2000,250, w=250,h=250, src=750,0
18:50:43.818 [FXGL Background Thread 1 ] DEBUG TilesetLoader        - Writing to buffer: dst=2250,250, w=250,h=250, src=500,750
18:50:43.818 [FXGL Background Thread 1 ] DEBUG TilesetLoader        - Writing to buffer: dst=0,500, w=250,h=250, src=1000,1250
18:50:43.819 [FXGL Background Thread 1 ] DEBUG TilesetLoader        - Writing to buffer: dst=250,500, w=250,h=250, src=1000,0
18:50:43.819 [FXGL Background Thread 1 ] DEBUG TilesetLoader        - Writing to buffer: dst=500,500, w=250,h=250, src=500,250
18:50:43.820 [FXGL Background Thread 1 ] DEBUG TilesetLoader        - Writing to buffer: dst=750,500, w=250,h=250, src=500,250
18:50:43.820 [FXGL Background Thread 1 ] DEBUG TilesetLoader        - Writing to buffer: dst=1000,500, w=250,h=250, src=500,250
18:50:43.845 [FXGL Background Thread 1 ] DEBUG TilesetLoader        - Writing to buffer: dst=1250,500, w=250,h=250, src=750,1250
18:50:43.846 [FXGL Background Thread 1 ] DEBUG TilesetLoader        - Writing to buffer: dst=1500,500, w=250,h=250, src=500,250
18:50:43.854 [FXGL Background Thread 1 ] DEBUG TilesetLoader        - Writing to buffer: dst=1750,500, w=250,h=250, src=500,250
18:50:43.856 [FXGL Background Thread 1 ] DEBUG TilesetLoader        - Writing to buffer: dst=2000,500, w=250,h=250, src=1000,0
18:50:43.860 [FXGL Background Thread 1 ] DEBUG TilesetLoader        - Writing to buffer: dst=2250,500, w=250,h=250, src=500,750
18:50:43.862 [FXGL Background Thread 1 ] DEBUG TilesetLoader        - Writing to buffer: dst=0,750, w=250,h=250, src=500,750
18:50:43.865 [FXGL Background Thread 1 ] DEBUG TilesetLoader        - Writing to buffer: dst=250,750, w=250,h=250, src=250,0
18:50:43.866 [FXGL Background Thread 1 ] DEBUG TilesetLoader        - Writing to buffer: dst=500,750, w=250,h=250, src=1250,0
18:50:43.866 [FXGL Background Thread 1 ] DEBUG TilesetLoader        - Writing to buffer: dst=750,750, w=250,h=250, src=1250,0
18:50:43.869 [FXGL Background Thread 1 ] DEBUG TilesetLoader        - Writing to buffer: dst=1000,750, w=250,h=250, src=1250,0
18:50:43.869 [FXGL Background Thread 1 ] DEBUG TilesetLoader        - Writing to buffer: dst=1250,750, w=250,h=250, src=1250,0
18:50:43.869 [FXGL Background Thread 1 ] DEBUG TilesetLoader        - Writing to buffer: dst=1500,750, w=250,h=250, src=1250,0
18:50:43.870 [FXGL Background Thread 1 ] DEBUG TilesetLoader        - Writing to buffer: dst=1750,750, w=250,h=250, src=1250,0
18:50:43.870 [FXGL Background Thread 1 ] DEBUG TilesetLoader        - Writing to buffer: dst=2000,750, w=250,h=250, src=0,0
18:50:43.870 [FXGL Background Thread 1 ] DEBUG TilesetLoader        - Writing to buffer: dst=2250,750, w=250,h=250, src=1250,0
18:50:43.871 [FXGL Background Thread 1 ] DEBUG TilesetLoader        - Writing to buffer: dst=0,1000, w=250,h=250, src=500,750
18:50:43.871 [FXGL Background Thread 1 ] DEBUG TilesetLoader        - Writing to buffer: dst=250,1000, w=250,h=250, src=1000,0
18:50:43.872 [FXGL Background Thread 1 ] DEBUG TilesetLoader        - Writing to buffer: dst=500,1000, w=250,h=250, src=500,750
18:50:43.872 [FXGL Background Thread 1 ] DEBUG TilesetLoader        - Writing to buffer: dst=750,1000, w=250,h=250, src=500,750
18:50:43.873 [FXGL Background Thread 1 ] DEBUG TilesetLoader        - Writing to buffer: dst=1000,1000, w=250,h=250, src=500,750
18:50:43.873 [FXGL Background Thread 1 ] DEBUG TilesetLoader        - Writing to buffer: dst=1250,1000, w=250,h=250, src=500,750
18:50:43.873 [FXGL Background Thread 1 ] DEBUG TilesetLoader        - Writing to buffer: dst=1500,1000, w=250,h=250, src=500,750
18:50:43.874 [FXGL Background Thread 1 ] DEBUG TilesetLoader        - Writing to buffer: dst=1750,1000, w=250,h=250, src=500,750
18:50:43.874 [FXGL Background Thread 1 ] DEBUG TilesetLoader        - Writing to buffer: dst=2000,1000, w=250,h=250, src=500,750
18:50:43.875 [FXGL Background Thread 1 ] DEBUG TilesetLoader        - Writing to buffer: dst=2250,1000, w=250,h=250, src=500,750
18:50:43.875 [FXGL Background Thread 1 ] DEBUG TMXLevelLoader       - Creating object layer entities
18:50:43.882 [FXGL Background Thread 1 ] DEBUG GameWorld            - Clearing removable entities
18:50:43.883 [FXGL Background Thread 1 ] DEBUG GameWorld            - Setting level: com.almasb.fxgl.entity.level.Level@271e3c7f
18:50:43.892 [FXGL Background Thread 1 ] INFO  GameApplication      - Game initialization took: 0,794 sec
18:50:43.898 [JavaFX Application Thread] DEBUG Input                - Clearing active input actions
18:50:43.911 [JavaFX Application Thread] DEBUG WindowService        - Removing overlay from FXGLLoadingScene and adding to GameScene
18:50:43.941 [JavaFX Application Thread] DEBUG MainWindow           - FXGLLoadingScene -> GameScene
18:50:45.574 [JavaFX Application Thread] DEBUG MainWindow           - Push state: FXGLDefaultMenu
18:50:45.579 [JavaFX Application Thread] DEBUG Input                - Clearing active input actions
18:50:45.582 [JavaFX Application Thread] DEBUG WindowService        - Removing overlay from GameScene and adding to FXGLDefaultMenu
18:50:45.595 [JavaFX Application Thread] DEBUG MainWindow           - GameScene -> FXGLDefaultMenu
18:50:45.911 [FXGL Background Thread 2 ] DEBUG Engine               - Logging environment variables
18:50:45.912 [FXGL Background Thread 2 ] DEBUG Engine               - achievements: []
18:50:45.912 [FXGL Background Thread 2 ] DEBUG Engine               - appIcon: fxgl_icon.png
18:50:45.912 [FXGL Background Thread 2 ] DEBUG Engine               - applicationMode: DEVELOPER
18:50:45.912 [FXGL Background Thread 2 ] DEBUG Engine               - cSSList: [fxgl_dark.css]
18:50:45.912 [FXGL Background Thread 2 ] DEBUG Engine               - configClass: Optional.empty
18:50:45.912 [FXGL Background Thread 2 ] DEBUG Engine               - credits: []
18:50:45.913 [FXGL Background Thread 2 ] DEBUG Engine               - devBBoxColorProperty: ObjectProperty [value: 0xff0000ff]
18:50:45.913 [FXGL Background Thread 2 ] DEBUG Engine               - devSensorColorProperty: ObjectProperty [value: 0xffff00ff]
18:50:45.913 [FXGL Background Thread 2 ] DEBUG Engine               - devShowBBoxProperty: BooleanProperty [value: false]
18:50:45.913 [FXGL Background Thread 2 ] DEBUG Engine               - devShowPositionProperty: BooleanProperty [value: false]
18:50:45.914 [FXGL Background Thread 2 ] DEBUG Engine               - enabledMenuItems: []
18:50:45.914 [FXGL Background Thread 2 ] DEBUG Engine               - engineServices: [class com.almasb.fxgl.app.GameApplication$GameApplicationService, class com.almasb.fxgl.app.services.WindowService, class com.almasb.fxgl.app.services.FXGLDialogService, class com.almasb.fxgl.app.services.IOTaskExecutorService, class com.almasb.fxgl.event.EventBusService, class com.almasb.fxgl.io.FileSystemService, class com.almasb.fxgl.localization.LocalizationService, class com.almasb.fxgl.app.services.AssetLoaderService, class com.almasb.fxgl.app.services.SystemBundleService, class com.almasb.fxgl.profile.SaveLoadService, class com.almasb.fxgl.ui.FXGLUIFactoryServiceProvider, class com.almasb.fxgl.ui.FXGLDialogFactoryServiceProvider, class com.almasb.fxgl.audio.AudioPlayer, class com.almasb.fxgl.notification.impl.NotificationServiceProvider, class com.almasb.fxgl.achievement.AchievementService, class com.almasb.fxgl.cutscene.CutsceneService, class com.almasb.fxgl.minigames.MiniGameService, class com.almasb.fxgl.net.NetService, class com.almasb.fxgl.app.services.UpdaterService, class com.almasb.fxgl.dev.DevService, class com.almasb.fxgl.dev.profiling.ProfilerService]
18:50:45.914 [FXGL Background Thread 2 ] DEBUG Engine               - fontGame: Abel-Regular.ttf
18:50:45.914 [FXGL Background Thread 2 ] DEBUG Engine               - fontMono: lucida_console.ttf
18:50:45.914 [FXGL Background Thread 2 ] DEBUG Engine               - fontText: Courier-Prime.ttf
18:50:45.914 [FXGL Background Thread 2 ] DEBUG Engine               - fontUI: VarelaRound-Regular.ttf
18:50:45.914 [FXGL Background Thread 2 ] DEBUG Engine               - fullScreen: BooleanProperty [value: false]
18:50:45.914 [FXGL Background Thread 2 ] DEBUG Engine               - gameDifficulty: MEDIUM
18:50:45.915 [FXGL Background Thread 2 ] DEBUG Engine               - gameDifficultyProperty: ObjectProperty [value: MEDIUM]
18:50:45.915 [FXGL Background Thread 2 ] DEBUG Engine               - globalMusicVolume: 0.5
18:50:45.915 [FXGL Background Thread 2 ] DEBUG Engine               - globalMusicVolumeProperty: DoubleProperty [value: 0.5]
18:50:45.915 [FXGL Background Thread 2 ] DEBUG Engine               - globalSoundVolume: 0.5
18:50:45.915 [FXGL Background Thread 2 ] DEBUG Engine               - globalSoundVolumeProperty: DoubleProperty [value: 0.5]
18:50:45.915 [FXGL Background Thread 2 ] DEBUG Engine               - height: 2500
18:50:45.916 [FXGL Background Thread 2 ] DEBUG Engine               - isAndroid: false
18:50:45.916 [FXGL Background Thread 2 ] DEBUG Engine               - isBrowser: false
18:50:45.916 [FXGL Background Thread 2 ] DEBUG Engine               - isClickFeedbackEnabled: false
18:50:45.916 [FXGL Background Thread 2 ] DEBUG Engine               - isCloseConfirmation: false
18:50:45.916 [FXGL Background Thread 2 ] DEBUG Engine               - isDesktop: true
18:50:45.916 [FXGL Background Thread 2 ] DEBUG Engine               - isDeveloperMenuEnabled: true
18:50:45.916 [FXGL Background Thread 2 ] DEBUG Engine               - isExperimentalNative: false
18:50:45.916 [FXGL Background Thread 2 ] DEBUG Engine               - isExperimentalTiledLargeMap: false
18:50:45.917 [FXGL Background Thread 2 ] DEBUG Engine               - isFullScreenAllowed: false
18:50:45.917 [FXGL Background Thread 2 ] DEBUG Engine               - isFullScreenFromStart: false
18:50:45.917 [FXGL Background Thread 2 ] DEBUG Engine               - isGameMenuEnabled: true
18:50:45.917 [FXGL Background Thread 2 ] DEBUG Engine               - isIOS: false
18:50:45.917 [FXGL Background Thread 2 ] DEBUG Engine               - isIntroEnabled: false
18:50:45.917 [FXGL Background Thread 2 ] DEBUG Engine               - isLinux: false
18:50:45.917 [FXGL Background Thread 2 ] DEBUG Engine               - isMac: true
18:50:45.918 [FXGL Background Thread 2 ] DEBUG Engine               - isMainMenuEnabled: false
18:50:45.918 [FXGL Background Thread 2 ] DEBUG Engine               - isManualResizeEnabled: false
18:50:45.918 [FXGL Background Thread 2 ] DEBUG Engine               - isMobile: false
18:50:45.918 [FXGL Background Thread 2 ] DEBUG Engine               - isPreserveResizeRatio: false
18:50:45.918 [FXGL Background Thread 2 ] DEBUG Engine               - isProfilingEnabled: true
18:50:45.918 [FXGL Background Thread 2 ] DEBUG Engine               - isSingleStep: false
18:50:45.918 [FXGL Background Thread 2 ] DEBUG Engine               - isUserProfileEnabled: false
18:50:45.918 [FXGL Background Thread 2 ] DEBUG Engine               - isWindows: false
18:50:45.918 [FXGL Background Thread 2 ] DEBUG Engine               - language: ObjectProperty [value: ENGLISH]
18:50:45.919 [FXGL Background Thread 2 ] DEBUG Engine               - mainWindow: com.almasb.fxgl.app.MainWindow@4967eebe
18:50:45.919 [FXGL Background Thread 2 ] DEBUG Engine               - menuKey: ESCAPE
18:50:45.919 [FXGL Background Thread 2 ] DEBUG Engine               - notificationViewClass: class com.almasb.fxgl.notification.view.XboxNotificationView
18:50:45.919 [FXGL Background Thread 2 ] DEBUG Engine               - pixelsPerMeter: 50.0
18:50:45.919 [FXGL Background Thread 2 ] DEBUG Engine               - platform: MAC
18:50:45.919 [FXGL Background Thread 2 ] DEBUG Engine               - profileDir: profiles/
18:50:45.920 [FXGL Background Thread 2 ] DEBUG Engine               - profileName: StringProperty [value: DEFAULT]
18:50:45.920 [FXGL Background Thread 2 ] DEBUG Engine               - randomSeed: -1
18:50:45.920 [FXGL Background Thread 2 ] DEBUG Engine               - runtimeInfo: RuntimeInfo(platform=MAC, version=11.9, build=27.05.2020 17.31)
18:50:45.920 [FXGL Background Thread 2 ] DEBUG Engine               - saveFileExt: sav
18:50:45.920 [FXGL Background Thread 2 ] DEBUG Engine               - sceneFactory: com.almasb.fxgl.app.scene.SceneFactory@4d58734a
18:50:45.921 [FXGL Background Thread 2 ] DEBUG Engine               - secondsIn24h: 60
18:50:45.921 [FXGL Background Thread 2 ] DEBUG Engine               - settings: Title:   Basic Game App  
Version: 0.1
Width: 3750
Height: 2500
Fullscreen: false
Intro: false
Profiling: true
Single step:false
App Mode: DEVELOPER
Menu Key: ESCAPE
Stage Style: DECORATED
Scene Factory: class com.almasb.fxgl.app.scene.SceneFactory

18:50:45.921 [FXGL Background Thread 2 ] DEBUG Engine               - soundMenuBack: menu/back.wav
18:50:45.922 [FXGL Background Thread 2 ] DEBUG Engine               - soundMenuPress: menu/press.wav
18:50:45.922 [FXGL Background Thread 2 ] DEBUG Engine               - soundMenuSelect: menu/select.wav
18:50:45.922 [FXGL Background Thread 2 ] DEBUG Engine               - soundNotification: core/notification.wav
18:50:45.922 [FXGL Background Thread 2 ] DEBUG Engine               - stageStyle: DECORATED
18:50:45.922 [FXGL Background Thread 2 ] DEBUG Engine               - supportedLanguages: [ENGLISH, FRENCH, GERMAN, HUNGARIAN, RUSSIAN]
18:50:45.922 [FXGL Background Thread 2 ] DEBUG Engine               - title:   Basic Game App  
18:50:45.923 [FXGL Background Thread 2 ] DEBUG Engine               - urlGithub: https://github.com/AlmasB/FXGL
18:50:45.923 [FXGL Background Thread 2 ] DEBUG Engine               - urlLeaderboard: http://fxgl-top.herokuapp.com/
18:50:45.923 [FXGL Background Thread 2 ] DEBUG Engine               - urlPOM: https://raw.githubusercontent.com/AlmasB/FXGL/master/pom.xml
18:50:45.923 [FXGL Background Thread 2 ] DEBUG Engine               - version: 0.1
18:50:45.923 [FXGL Background Thread 2 ] DEBUG Engine               - versionCheckDays: 7
18:50:45.924 [FXGL Background Thread 2 ] DEBUG Engine               - width: 3750
18:50:45.924 [FXGL Background Thread 2 ] DEBUG Engine               - Logging services
18:50:45.924 [FXGL Background Thread 2 ] DEBUG Engine               - class com.almasb.fxgl.app.GameApplication$GameApplicationService
18:50:45.924 [FXGL Background Thread 2 ] DEBUG Engine               - class com.almasb.fxgl.app.services.WindowService
18:50:45.924 [FXGL Background Thread 2 ] DEBUG Engine               - class com.almasb.fxgl.app.services.FXGLDialogService
18:50:45.924 [FXGL Background Thread 2 ] DEBUG Engine               - class com.almasb.fxgl.app.services.IOTaskExecutorService
18:50:45.924 [FXGL Background Thread 2 ] DEBUG Engine               - class com.almasb.fxgl.event.EventBusService
18:50:45.924 [FXGL Background Thread 2 ] DEBUG Engine               - class com.almasb.fxgl.io.FileSystemService
18:50:45.925 [FXGL Background Thread 2 ] DEBUG Engine               - class com.almasb.fxgl.localization.LocalizationService
18:50:45.925 [FXGL Background Thread 2 ] DEBUG Engine               - class com.almasb.fxgl.app.services.AssetLoaderService
18:50:45.925 [FXGL Background Thread 2 ] DEBUG Engine               - class com.almasb.fxgl.app.services.SystemBundleService
18:50:45.925 [FXGL Background Thread 2 ] DEBUG Engine               - class com.almasb.fxgl.profile.SaveLoadService
18:50:45.925 [FXGL Background Thread 2 ] DEBUG Engine               - class com.almasb.fxgl.ui.FXGLUIFactoryServiceProvider
18:50:45.925 [FXGL Background Thread 2 ] DEBUG Engine               - class com.almasb.fxgl.ui.FXGLDialogFactoryServiceProvider
18:50:45.925 [FXGL Background Thread 2 ] DEBUG Engine               - class com.almasb.fxgl.audio.AudioPlayer
18:50:45.925 [FXGL Background Thread 2 ] DEBUG Engine               - class com.almasb.fxgl.notification.impl.NotificationServiceProvider
18:50:45.925 [FXGL Background Thread 2 ] DEBUG Engine               - class com.almasb.fxgl.achievement.AchievementService
18:50:45.926 [FXGL Background Thread 2 ] DEBUG Engine               - class com.almasb.fxgl.cutscene.CutsceneService
18:50:45.926 [FXGL Background Thread 2 ] DEBUG Engine               - class com.almasb.fxgl.minigames.MiniGameService
18:50:45.926 [FXGL Background Thread 2 ] DEBUG Engine               - class com.almasb.fxgl.net.NetService
18:50:45.926 [FXGL Background Thread 2 ] DEBUG Engine               - class com.almasb.fxgl.app.services.UpdaterService
18:50:45.926 [FXGL Background Thread 2 ] DEBUG Engine               - class com.almasb.fxgl.dev.DevService
18:50:45.926 [FXGL Background Thread 2 ] DEBUG Engine               - class com.almasb.fxgl.dev.profiling.ProfilerService
18:50:48.553 [JavaFX Application Thread] DEBUG Menu                 - createContentVideo()
18:50:49.686 [JavaFX Application Thread] DEBUG MainWindow           - Push state: DialogSubScene
18:50:49.686 [JavaFX Application Thread] DEBUG Input                - Clearing active input actions
18:50:49.688 [JavaFX Application Thread] DEBUG WindowService        - Removing overlay from FXGLDefaultMenu and adding to DialogSubScene
18:50:49.696 [JavaFX Application Thread] DEBUG MainWindow           - FXGLDefaultMenu -> DialogSubScene
18:50:50.969 [JavaFX Application Thread] DEBUG MainWindow           - Pop state: DialogSubScene
18:50:50.969 [JavaFX Application Thread] DEBUG Input                - Clearing active input actions
18:50:50.971 [JavaFX Application Thread] DEBUG WindowService        - Removing overlay from DialogSubScene and adding to FXGLDefaultMenu
18:50:50.979 [JavaFX Application Thread] DEBUG MainWindow           - FXGLDefaultMenu <- DialogSubScene
18:50:51.824 [JavaFX Application Thread] DEBUG Menu                 - createContentGameplay()
18:50:52.976 [JavaFX Application Thread] DEBUG Menu                 - createContentControls()
18:50:57.474 [JavaFX Application Thread] DEBUG MainWindow           - Pop state: FXGLDefaultMenu
18:50:57.474 [JavaFX Application Thread] DEBUG Input                - Clearing active input actions
18:50:57.474 [JavaFX Application Thread] DEBUG WindowService        - Removing overlay from FXGLDefaultMenu and adding to GameScene
18:50:57.485 [JavaFX Application Thread] DEBUG MainWindow           - GameScene <- FXGLDefaultMenu
18:51:10.848 [JavaFX Application Thread] DEBUG MainWindow           - Push state: FXGLDefaultMenu
18:51:10.849 [JavaFX Application Thread] DEBUG Input                - Clearing active input actions
18:51:10.853 [JavaFX Application Thread] DEBUG WindowService        - Removing overlay from GameScene and adding to FXGLDefaultMenu
18:51:10.859 [JavaFX Application Thread] DEBUG MainWindow           - GameScene -> FXGLDefaultMenu
18:51:12.154 [JavaFX Application Thread] DEBUG MainWindow           - Pop state: FXGLDefaultMenu
18:51:12.154 [JavaFX Application Thread] DEBUG Input                - Clearing active input actions
18:51:12.155 [JavaFX Application Thread] DEBUG WindowService        - Removing overlay from FXGLDefaultMenu and adding to GameScene
18:51:12.160 [JavaFX Application Thread] DEBUG MainWindow           - GameScene <- FXGLDefaultMenu
18:51:12.797 [JavaFX Application Thread] DEBUG MainWindow           - Push state: FXGLDefaultMenu
18:51:12.797 [JavaFX Application Thread] DEBUG Input                - Clearing active input actions
18:51:12.799 [JavaFX Application Thread] DEBUG WindowService        - Removing overlay from GameScene and adding to FXGLDefaultMenu
18:51:12.802 [JavaFX Application Thread] DEBUG MainWindow           - GameScene -> FXGLDefaultMenu
18:51:14.176 [JavaFX Application Thread] DEBUG Menu                 - fireExit()
18:51:14.179 [JavaFX Application Thread] DEBUG MainWindow           - Push state: DialogSubScene
18:51:14.179 [JavaFX Application Thread] DEBUG Input                - Clearing active input actions
18:51:14.181 [JavaFX Application Thread] DEBUG WindowService        - Removing overlay from FXGLDefaultMenu and adding to DialogSubScene
18:51:14.185 [JavaFX Application Thread] DEBUG MainWindow           - FXGLDefaultMenu -> DialogSubScene
18:51:15.137 [JavaFX Application Thread] DEBUG MainWindow           - Pop state: DialogSubScene
18:51:15.137 [JavaFX Application Thread] DEBUG Input                - Clearing active input actions
18:51:15.138 [JavaFX Application Thread] DEBUG WindowService        - Removing overlay from DialogSubScene and adding to FXGLDefaultMenu
18:51:15.141 [JavaFX Application Thread] DEBUG MainWindow           - FXGLDefaultMenu <- DialogSubScene
18:51:15.142 [JavaFX Application Thread] DEBUG GameApplication      - Exiting FXGL
18:51:15.142 [JavaFX Application Thread] DEBUG LoopRunner           - Stopping loop
18:51:15.142 [JavaFX Application Thread] DEBUG SystemBundleService  - Saving FXGL system data
18:51:15.144 [JavaFX Application Thread] DEBUG FileSystemAccess     - Writing to: /Users/universita/Desktop/ProgettoJava/traffic-scut-sac/JavaTraffic/system/fxgl.bundle
18:51:15.146 [JavaFX Application Thread] INFO  ProfilerService      - Processed Frames: 2316
18:51:15.146 [JavaFX Application Thread] INFO  ProfilerService      - Average FPS: 59
18:51:15.146 [JavaFX Application Thread] INFO  ProfilerService      - Avg Frame Took: 13,83 ms
18:51:15.146 [JavaFX Application Thread] INFO  ProfilerService      - Avg Memory Usage: 60 MB
18:51:15.146 [JavaFX Application Thread] INFO  ProfilerService      - Min Memory Usage: 26 MB
18:51:15.146 [JavaFX Application Thread] INFO  ProfilerService      - Max Memory Usage: 99 MB
18:51:15.146 [JavaFX Application Thread] INFO  ProfilerService      - Estimated GC runs: 6
18:51:15.146 [JavaFX Application Thread] DEBUG GameApplication      - Shutting down background threads
18:51:15.147 [JavaFX Application Thread] DEBUG GameApplication      - Closing logger and exiting JavaFX
